[2025-08-24T17:35:07.802+0100] {processor.py:161} INFO - Started process (PID=25355) to work on /Users/homeaccount/miniconda3/envs/churn_pipeline/lib/python3.10/site-packages/airflow/example_dags/subdags/subdag.py
[2025-08-24T17:35:07.802+0100] {processor.py:830} INFO - Processing file /Users/homeaccount/miniconda3/envs/churn_pipeline/lib/python3.10/site-packages/airflow/example_dags/subdags/subdag.py for tasks to queue
[2025-08-24T17:35:07.803+0100] {logging_mixin.py:188} INFO - [2025-08-24T17:35:07.803+0100] {dagbag.py:545} INFO - Filling up the DagBag from /Users/homeaccount/miniconda3/envs/churn_pipeline/lib/python3.10/site-packages/airflow/example_dags/subdags/subdag.py
[2025-08-24T17:35:07.803+0100] {processor.py:842} WARNING - No viable dags retrieved from /Users/homeaccount/miniconda3/envs/churn_pipeline/lib/python3.10/site-packages/airflow/example_dags/subdags/subdag.py
[2025-08-24T17:35:07.854+0100] {processor.py:183} INFO - Processing /Users/homeaccount/miniconda3/envs/churn_pipeline/lib/python3.10/site-packages/airflow/example_dags/subdags/subdag.py took 0.054 seconds
[2025-08-24T17:36:36.829+0100] {processor.py:161} INFO - Started process (PID=25440) to work on /Users/homeaccount/miniconda3/envs/churn_pipeline/lib/python3.10/site-packages/airflow/example_dags/subdags/subdag.py
[2025-08-24T17:36:36.830+0100] {processor.py:830} INFO - Processing file /Users/homeaccount/miniconda3/envs/churn_pipeline/lib/python3.10/site-packages/airflow/example_dags/subdags/subdag.py for tasks to queue
[2025-08-24T17:36:36.830+0100] {logging_mixin.py:188} INFO - [2025-08-24T17:36:36.830+0100] {dagbag.py:545} INFO - Filling up the DagBag from /Users/homeaccount/miniconda3/envs/churn_pipeline/lib/python3.10/site-packages/airflow/example_dags/subdags/subdag.py
[2025-08-24T17:36:36.831+0100] {processor.py:842} WARNING - No viable dags retrieved from /Users/homeaccount/miniconda3/envs/churn_pipeline/lib/python3.10/site-packages/airflow/example_dags/subdags/subdag.py
[2025-08-24T17:36:36.876+0100] {processor.py:183} INFO - Processing /Users/homeaccount/miniconda3/envs/churn_pipeline/lib/python3.10/site-packages/airflow/example_dags/subdags/subdag.py took 0.048 seconds
[2025-08-24T17:37:30.156+0100] {processor.py:161} INFO - Started process (PID=25479) to work on /Users/homeaccount/miniconda3/envs/churn_pipeline/lib/python3.10/site-packages/airflow/example_dags/subdags/subdag.py
[2025-08-24T17:37:30.157+0100] {processor.py:830} INFO - Processing file /Users/homeaccount/miniconda3/envs/churn_pipeline/lib/python3.10/site-packages/airflow/example_dags/subdags/subdag.py for tasks to queue
[2025-08-24T17:37:30.157+0100] {logging_mixin.py:188} INFO - [2025-08-24T17:37:30.157+0100] {dagbag.py:545} INFO - Filling up the DagBag from /Users/homeaccount/miniconda3/envs/churn_pipeline/lib/python3.10/site-packages/airflow/example_dags/subdags/subdag.py
[2025-08-24T17:37:30.158+0100] {processor.py:842} WARNING - No viable dags retrieved from /Users/homeaccount/miniconda3/envs/churn_pipeline/lib/python3.10/site-packages/airflow/example_dags/subdags/subdag.py
[2025-08-24T17:37:30.209+0100] {processor.py:183} INFO - Processing /Users/homeaccount/miniconda3/envs/churn_pipeline/lib/python3.10/site-packages/airflow/example_dags/subdags/subdag.py took 0.054 seconds
[2025-08-24T17:38:26.563+0100] {processor.py:161} INFO - Started process (PID=25519) to work on /Users/homeaccount/miniconda3/envs/churn_pipeline/lib/python3.10/site-packages/airflow/example_dags/subdags/subdag.py
[2025-08-24T17:38:26.564+0100] {processor.py:830} INFO - Processing file /Users/homeaccount/miniconda3/envs/churn_pipeline/lib/python3.10/site-packages/airflow/example_dags/subdags/subdag.py for tasks to queue
[2025-08-24T17:38:26.564+0100] {logging_mixin.py:188} INFO - [2025-08-24T17:38:26.564+0100] {dagbag.py:545} INFO - Filling up the DagBag from /Users/homeaccount/miniconda3/envs/churn_pipeline/lib/python3.10/site-packages/airflow/example_dags/subdags/subdag.py
[2025-08-24T17:38:26.565+0100] {processor.py:842} WARNING - No viable dags retrieved from /Users/homeaccount/miniconda3/envs/churn_pipeline/lib/python3.10/site-packages/airflow/example_dags/subdags/subdag.py
[2025-08-24T17:38:26.610+0100] {processor.py:183} INFO - Processing /Users/homeaccount/miniconda3/envs/churn_pipeline/lib/python3.10/site-packages/airflow/example_dags/subdags/subdag.py took 0.049 seconds
[2025-08-24T17:39:23.018+0100] {processor.py:161} INFO - Started process (PID=25577) to work on /Users/homeaccount/miniconda3/envs/churn_pipeline/lib/python3.10/site-packages/airflow/example_dags/subdags/subdag.py
[2025-08-24T17:39:23.019+0100] {processor.py:830} INFO - Processing file /Users/homeaccount/miniconda3/envs/churn_pipeline/lib/python3.10/site-packages/airflow/example_dags/subdags/subdag.py for tasks to queue
[2025-08-24T17:39:23.019+0100] {logging_mixin.py:188} INFO - [2025-08-24T17:39:23.019+0100] {dagbag.py:545} INFO - Filling up the DagBag from /Users/homeaccount/miniconda3/envs/churn_pipeline/lib/python3.10/site-packages/airflow/example_dags/subdags/subdag.py
[2025-08-24T17:39:23.020+0100] {processor.py:842} WARNING - No viable dags retrieved from /Users/homeaccount/miniconda3/envs/churn_pipeline/lib/python3.10/site-packages/airflow/example_dags/subdags/subdag.py
[2025-08-24T17:39:23.065+0100] {processor.py:183} INFO - Processing /Users/homeaccount/miniconda3/envs/churn_pipeline/lib/python3.10/site-packages/airflow/example_dags/subdags/subdag.py took 0.048 seconds
[2025-08-24T17:40:19.212+0100] {processor.py:161} INFO - Started process (PID=25616) to work on /Users/homeaccount/miniconda3/envs/churn_pipeline/lib/python3.10/site-packages/airflow/example_dags/subdags/subdag.py
[2025-08-24T17:40:19.213+0100] {processor.py:830} INFO - Processing file /Users/homeaccount/miniconda3/envs/churn_pipeline/lib/python3.10/site-packages/airflow/example_dags/subdags/subdag.py for tasks to queue
[2025-08-24T17:40:19.214+0100] {logging_mixin.py:188} INFO - [2025-08-24T17:40:19.213+0100] {dagbag.py:545} INFO - Filling up the DagBag from /Users/homeaccount/miniconda3/envs/churn_pipeline/lib/python3.10/site-packages/airflow/example_dags/subdags/subdag.py
[2025-08-24T17:40:19.214+0100] {processor.py:842} WARNING - No viable dags retrieved from /Users/homeaccount/miniconda3/envs/churn_pipeline/lib/python3.10/site-packages/airflow/example_dags/subdags/subdag.py
[2025-08-24T17:40:19.259+0100] {processor.py:183} INFO - Processing /Users/homeaccount/miniconda3/envs/churn_pipeline/lib/python3.10/site-packages/airflow/example_dags/subdags/subdag.py took 0.048 seconds
