[2025-08-24T17:46:25.517+0100] {processor.py:161} INFO - Started process (PID=25780) to work on /Users/homeaccount/PycharmProjects/dmml/churn_prediction_pipeline/airflow_home/dags/.ipynb_checkpoints/airflow_dag-checkpoint.py
[2025-08-24T17:46:25.518+0100] {processor.py:830} INFO - Processing file /Users/homeaccount/PycharmProjects/dmml/churn_prediction_pipeline/airflow_home/dags/.ipynb_checkpoints/airflow_dag-checkpoint.py for tasks to queue
[2025-08-24T17:46:25.518+0100] {logging_mixin.py:188} INFO - [2025-08-24T17:46:25.518+0100] {dagbag.py:545} INFO - Filling up the DagBag from /Users/homeaccount/PycharmProjects/dmml/churn_prediction_pipeline/airflow_home/dags/.ipynb_checkpoints/airflow_dag-checkpoint.py
[2025-08-24T17:46:25.557+0100] {processor.py:840} INFO - DAG(s) 'churn_pipeline_taskflow' retrieved from /Users/homeaccount/PycharmProjects/dmml/churn_prediction_pipeline/airflow_home/dags/.ipynb_checkpoints/airflow_dag-checkpoint.py
[2025-08-24T17:46:25.633+0100] {logging_mixin.py:188} INFO - [2025-08-24T17:46:25.633+0100] {dag.py:3089} INFO - Sync 1 DAGs
[2025-08-24T17:46:25.639+0100] {logging_mixin.py:188} INFO - [2025-08-24T17:46:25.638+0100] {dag.py:3947} INFO - Setting next_dagrun for churn_pipeline_taskflow to 2025-08-23 23:00:00+00:00, run_after=2025-08-24 23:00:00+00:00
[2025-08-24T17:46:25.645+0100] {processor.py:183} INFO - Processing /Users/homeaccount/PycharmProjects/dmml/churn_prediction_pipeline/airflow_home/dags/.ipynb_checkpoints/airflow_dag-checkpoint.py took 0.129 seconds
[2025-08-24T17:46:56.563+0100] {processor.py:161} INFO - Started process (PID=25798) to work on /Users/homeaccount/PycharmProjects/dmml/churn_prediction_pipeline/airflow_home/dags/.ipynb_checkpoints/airflow_dag-checkpoint.py
[2025-08-24T17:46:56.564+0100] {processor.py:830} INFO - Processing file /Users/homeaccount/PycharmProjects/dmml/churn_prediction_pipeline/airflow_home/dags/.ipynb_checkpoints/airflow_dag-checkpoint.py for tasks to queue
[2025-08-24T17:46:56.564+0100] {logging_mixin.py:188} INFO - [2025-08-24T17:46:56.564+0100] {dagbag.py:545} INFO - Filling up the DagBag from /Users/homeaccount/PycharmProjects/dmml/churn_prediction_pipeline/airflow_home/dags/.ipynb_checkpoints/airflow_dag-checkpoint.py
[2025-08-24T17:46:56.602+0100] {processor.py:840} INFO - DAG(s) 'churn_pipeline_taskflow' retrieved from /Users/homeaccount/PycharmProjects/dmml/churn_prediction_pipeline/airflow_home/dags/.ipynb_checkpoints/airflow_dag-checkpoint.py
[2025-08-24T17:46:56.638+0100] {logging_mixin.py:188} INFO - [2025-08-24T17:46:56.638+0100] {dag.py:3089} INFO - Sync 1 DAGs
[2025-08-24T17:46:56.644+0100] {logging_mixin.py:188} INFO - [2025-08-24T17:46:56.644+0100] {dag.py:3947} INFO - Setting next_dagrun for churn_pipeline_taskflow to 2025-08-23 23:00:00+00:00, run_after=2025-08-24 23:00:00+00:00
[2025-08-24T17:46:56.649+0100] {processor.py:183} INFO - Processing /Users/homeaccount/PycharmProjects/dmml/churn_prediction_pipeline/airflow_home/dags/.ipynb_checkpoints/airflow_dag-checkpoint.py took 0.088 seconds
[2025-08-24T17:47:27.357+0100] {processor.py:161} INFO - Started process (PID=25800) to work on /Users/homeaccount/PycharmProjects/dmml/churn_prediction_pipeline/airflow_home/dags/.ipynb_checkpoints/airflow_dag-checkpoint.py
[2025-08-24T17:47:27.357+0100] {processor.py:830} INFO - Processing file /Users/homeaccount/PycharmProjects/dmml/churn_prediction_pipeline/airflow_home/dags/.ipynb_checkpoints/airflow_dag-checkpoint.py for tasks to queue
[2025-08-24T17:47:27.358+0100] {logging_mixin.py:188} INFO - [2025-08-24T17:47:27.358+0100] {dagbag.py:545} INFO - Filling up the DagBag from /Users/homeaccount/PycharmProjects/dmml/churn_prediction_pipeline/airflow_home/dags/.ipynb_checkpoints/airflow_dag-checkpoint.py
[2025-08-24T17:47:27.392+0100] {processor.py:840} INFO - DAG(s) 'churn_pipeline_taskflow' retrieved from /Users/homeaccount/PycharmProjects/dmml/churn_prediction_pipeline/airflow_home/dags/.ipynb_checkpoints/airflow_dag-checkpoint.py
[2025-08-24T17:47:27.396+0100] {logging_mixin.py:188} INFO - [2025-08-24T17:47:27.396+0100] {dag.py:3089} INFO - Sync 1 DAGs
[2025-08-24T17:47:27.425+0100] {logging_mixin.py:188} INFO - [2025-08-24T17:47:27.425+0100] {dag.py:3947} INFO - Setting next_dagrun for churn_pipeline_taskflow to 2025-08-23 23:00:00+00:00, run_after=2025-08-24 23:00:00+00:00
[2025-08-24T17:47:27.431+0100] {processor.py:183} INFO - Processing /Users/homeaccount/PycharmProjects/dmml/churn_prediction_pipeline/airflow_home/dags/.ipynb_checkpoints/airflow_dag-checkpoint.py took 0.075 seconds
[2025-08-24T17:47:58.127+0100] {processor.py:161} INFO - Started process (PID=25803) to work on /Users/homeaccount/PycharmProjects/dmml/churn_prediction_pipeline/airflow_home/dags/.ipynb_checkpoints/airflow_dag-checkpoint.py
[2025-08-24T17:47:58.127+0100] {processor.py:830} INFO - Processing file /Users/homeaccount/PycharmProjects/dmml/churn_prediction_pipeline/airflow_home/dags/.ipynb_checkpoints/airflow_dag-checkpoint.py for tasks to queue
[2025-08-24T17:47:58.127+0100] {logging_mixin.py:188} INFO - [2025-08-24T17:47:58.127+0100] {dagbag.py:545} INFO - Filling up the DagBag from /Users/homeaccount/PycharmProjects/dmml/churn_prediction_pipeline/airflow_home/dags/.ipynb_checkpoints/airflow_dag-checkpoint.py
[2025-08-24T17:47:58.164+0100] {processor.py:840} INFO - DAG(s) 'churn_pipeline_taskflow' retrieved from /Users/homeaccount/PycharmProjects/dmml/churn_prediction_pipeline/airflow_home/dags/.ipynb_checkpoints/airflow_dag-checkpoint.py
[2025-08-24T17:47:58.223+0100] {logging_mixin.py:188} INFO - [2025-08-24T17:47:58.223+0100] {dag.py:3089} INFO - Sync 1 DAGs
[2025-08-24T17:47:58.229+0100] {logging_mixin.py:188} INFO - [2025-08-24T17:47:58.229+0100] {dag.py:3947} INFO - Setting next_dagrun for churn_pipeline_taskflow to 2025-08-23 23:00:00+00:00, run_after=2025-08-24 23:00:00+00:00
[2025-08-24T17:47:58.235+0100] {processor.py:183} INFO - Processing /Users/homeaccount/PycharmProjects/dmml/churn_prediction_pipeline/airflow_home/dags/.ipynb_checkpoints/airflow_dag-checkpoint.py took 0.109 seconds
[2025-08-24T17:48:28.941+0100] {processor.py:161} INFO - Started process (PID=25805) to work on /Users/homeaccount/PycharmProjects/dmml/churn_prediction_pipeline/airflow_home/dags/.ipynb_checkpoints/airflow_dag-checkpoint.py
[2025-08-24T17:48:28.942+0100] {processor.py:830} INFO - Processing file /Users/homeaccount/PycharmProjects/dmml/churn_prediction_pipeline/airflow_home/dags/.ipynb_checkpoints/airflow_dag-checkpoint.py for tasks to queue
[2025-08-24T17:48:28.942+0100] {logging_mixin.py:188} INFO - [2025-08-24T17:48:28.942+0100] {dagbag.py:545} INFO - Filling up the DagBag from /Users/homeaccount/PycharmProjects/dmml/churn_prediction_pipeline/airflow_home/dags/.ipynb_checkpoints/airflow_dag-checkpoint.py
[2025-08-24T17:48:28.975+0100] {processor.py:840} INFO - DAG(s) 'churn_pipeline_taskflow' retrieved from /Users/homeaccount/PycharmProjects/dmml/churn_prediction_pipeline/airflow_home/dags/.ipynb_checkpoints/airflow_dag-checkpoint.py
[2025-08-24T17:48:29.006+0100] {logging_mixin.py:188} INFO - [2025-08-24T17:48:29.006+0100] {dag.py:3089} INFO - Sync 1 DAGs
[2025-08-24T17:48:29.012+0100] {logging_mixin.py:188} INFO - [2025-08-24T17:48:29.012+0100] {dag.py:3947} INFO - Setting next_dagrun for churn_pipeline_taskflow to 2025-08-23 23:00:00+00:00, run_after=2025-08-24 23:00:00+00:00
[2025-08-24T17:48:29.018+0100] {processor.py:183} INFO - Processing /Users/homeaccount/PycharmProjects/dmml/churn_prediction_pipeline/airflow_home/dags/.ipynb_checkpoints/airflow_dag-checkpoint.py took 0.077 seconds
[2025-08-24T17:48:59.874+0100] {processor.py:161} INFO - Started process (PID=25809) to work on /Users/homeaccount/PycharmProjects/dmml/churn_prediction_pipeline/airflow_home/dags/.ipynb_checkpoints/airflow_dag-checkpoint.py
[2025-08-24T17:48:59.875+0100] {processor.py:830} INFO - Processing file /Users/homeaccount/PycharmProjects/dmml/churn_prediction_pipeline/airflow_home/dags/.ipynb_checkpoints/airflow_dag-checkpoint.py for tasks to queue
[2025-08-24T17:48:59.875+0100] {logging_mixin.py:188} INFO - [2025-08-24T17:48:59.875+0100] {dagbag.py:545} INFO - Filling up the DagBag from /Users/homeaccount/PycharmProjects/dmml/churn_prediction_pipeline/airflow_home/dags/.ipynb_checkpoints/airflow_dag-checkpoint.py
[2025-08-24T17:48:59.913+0100] {processor.py:840} INFO - DAG(s) 'churn_pipeline_taskflow' retrieved from /Users/homeaccount/PycharmProjects/dmml/churn_prediction_pipeline/airflow_home/dags/.ipynb_checkpoints/airflow_dag-checkpoint.py
[2025-08-24T17:48:59.919+0100] {logging_mixin.py:188} INFO - [2025-08-24T17:48:59.919+0100] {dag.py:3089} INFO - Sync 1 DAGs
[2025-08-24T17:48:59.948+0100] {logging_mixin.py:188} INFO - [2025-08-24T17:48:59.948+0100] {dag.py:3947} INFO - Setting next_dagrun for churn_pipeline_taskflow to 2025-08-23 23:00:00+00:00, run_after=2025-08-24 23:00:00+00:00
[2025-08-24T17:48:59.954+0100] {processor.py:183} INFO - Processing /Users/homeaccount/PycharmProjects/dmml/churn_prediction_pipeline/airflow_home/dags/.ipynb_checkpoints/airflow_dag-checkpoint.py took 0.080 seconds
[2025-08-24T17:49:30.642+0100] {processor.py:161} INFO - Started process (PID=25811) to work on /Users/homeaccount/PycharmProjects/dmml/churn_prediction_pipeline/airflow_home/dags/.ipynb_checkpoints/airflow_dag-checkpoint.py
[2025-08-24T17:49:30.643+0100] {processor.py:830} INFO - Processing file /Users/homeaccount/PycharmProjects/dmml/churn_prediction_pipeline/airflow_home/dags/.ipynb_checkpoints/airflow_dag-checkpoint.py for tasks to queue
[2025-08-24T17:49:30.643+0100] {logging_mixin.py:188} INFO - [2025-08-24T17:49:30.643+0100] {dagbag.py:545} INFO - Filling up the DagBag from /Users/homeaccount/PycharmProjects/dmml/churn_prediction_pipeline/airflow_home/dags/.ipynb_checkpoints/airflow_dag-checkpoint.py
[2025-08-24T17:49:30.681+0100] {processor.py:840} INFO - DAG(s) 'churn_pipeline_taskflow' retrieved from /Users/homeaccount/PycharmProjects/dmml/churn_prediction_pipeline/airflow_home/dags/.ipynb_checkpoints/airflow_dag-checkpoint.py
[2025-08-24T17:49:30.756+0100] {logging_mixin.py:188} INFO - [2025-08-24T17:49:30.755+0100] {dag.py:3089} INFO - Sync 1 DAGs
[2025-08-24T17:49:30.761+0100] {logging_mixin.py:188} INFO - [2025-08-24T17:49:30.761+0100] {dag.py:3947} INFO - Setting next_dagrun for churn_pipeline_taskflow to 2025-08-23 23:00:00+00:00, run_after=2025-08-24 23:00:00+00:00
[2025-08-24T17:49:30.767+0100] {processor.py:183} INFO - Processing /Users/homeaccount/PycharmProjects/dmml/churn_prediction_pipeline/airflow_home/dags/.ipynb_checkpoints/airflow_dag-checkpoint.py took 0.127 seconds
[2025-08-24T17:50:01.690+0100] {processor.py:161} INFO - Started process (PID=25815) to work on /Users/homeaccount/PycharmProjects/dmml/churn_prediction_pipeline/airflow_home/dags/.ipynb_checkpoints/airflow_dag-checkpoint.py
[2025-08-24T17:50:01.691+0100] {processor.py:830} INFO - Processing file /Users/homeaccount/PycharmProjects/dmml/churn_prediction_pipeline/airflow_home/dags/.ipynb_checkpoints/airflow_dag-checkpoint.py for tasks to queue
[2025-08-24T17:50:01.691+0100] {logging_mixin.py:188} INFO - [2025-08-24T17:50:01.691+0100] {dagbag.py:545} INFO - Filling up the DagBag from /Users/homeaccount/PycharmProjects/dmml/churn_prediction_pipeline/airflow_home/dags/.ipynb_checkpoints/airflow_dag-checkpoint.py
[2025-08-24T17:50:01.729+0100] {processor.py:840} INFO - DAG(s) 'churn_pipeline_taskflow' retrieved from /Users/homeaccount/PycharmProjects/dmml/churn_prediction_pipeline/airflow_home/dags/.ipynb_checkpoints/airflow_dag-checkpoint.py
[2025-08-24T17:50:01.765+0100] {logging_mixin.py:188} INFO - [2025-08-24T17:50:01.765+0100] {dag.py:3089} INFO - Sync 1 DAGs
[2025-08-24T17:50:01.771+0100] {logging_mixin.py:188} INFO - [2025-08-24T17:50:01.770+0100] {dag.py:3947} INFO - Setting next_dagrun for churn_pipeline_taskflow to 2025-08-23 23:00:00+00:00, run_after=2025-08-24 23:00:00+00:00
[2025-08-24T17:50:01.776+0100] {processor.py:183} INFO - Processing /Users/homeaccount/PycharmProjects/dmml/churn_prediction_pipeline/airflow_home/dags/.ipynb_checkpoints/airflow_dag-checkpoint.py took 0.087 seconds
[2025-08-24T17:50:32.453+0100] {processor.py:161} INFO - Started process (PID=25820) to work on /Users/homeaccount/PycharmProjects/dmml/churn_prediction_pipeline/airflow_home/dags/.ipynb_checkpoints/airflow_dag-checkpoint.py
[2025-08-24T17:50:32.454+0100] {processor.py:830} INFO - Processing file /Users/homeaccount/PycharmProjects/dmml/churn_prediction_pipeline/airflow_home/dags/.ipynb_checkpoints/airflow_dag-checkpoint.py for tasks to queue
[2025-08-24T17:50:32.454+0100] {logging_mixin.py:188} INFO - [2025-08-24T17:50:32.454+0100] {dagbag.py:545} INFO - Filling up the DagBag from /Users/homeaccount/PycharmProjects/dmml/churn_prediction_pipeline/airflow_home/dags/.ipynb_checkpoints/airflow_dag-checkpoint.py
[2025-08-24T17:50:32.492+0100] {processor.py:840} INFO - DAG(s) 'churn_pipeline_taskflow' retrieved from /Users/homeaccount/PycharmProjects/dmml/churn_prediction_pipeline/airflow_home/dags/.ipynb_checkpoints/airflow_dag-checkpoint.py
[2025-08-24T17:50:32.498+0100] {logging_mixin.py:188} INFO - [2025-08-24T17:50:32.498+0100] {dag.py:3089} INFO - Sync 1 DAGs
[2025-08-24T17:50:32.528+0100] {logging_mixin.py:188} INFO - [2025-08-24T17:50:32.528+0100] {dag.py:3947} INFO - Setting next_dagrun for churn_pipeline_taskflow to 2025-08-23 23:00:00+00:00, run_after=2025-08-24 23:00:00+00:00
[2025-08-24T17:50:32.533+0100] {processor.py:183} INFO - Processing /Users/homeaccount/PycharmProjects/dmml/churn_prediction_pipeline/airflow_home/dags/.ipynb_checkpoints/airflow_dag-checkpoint.py took 0.082 seconds
[2025-08-24T17:51:03.206+0100] {processor.py:161} INFO - Started process (PID=25823) to work on /Users/homeaccount/PycharmProjects/dmml/churn_prediction_pipeline/airflow_home/dags/.ipynb_checkpoints/airflow_dag-checkpoint.py
[2025-08-24T17:51:03.207+0100] {processor.py:830} INFO - Processing file /Users/homeaccount/PycharmProjects/dmml/churn_prediction_pipeline/airflow_home/dags/.ipynb_checkpoints/airflow_dag-checkpoint.py for tasks to queue
[2025-08-24T17:51:03.208+0100] {logging_mixin.py:188} INFO - [2025-08-24T17:51:03.208+0100] {dagbag.py:545} INFO - Filling up the DagBag from /Users/homeaccount/PycharmProjects/dmml/churn_prediction_pipeline/airflow_home/dags/.ipynb_checkpoints/airflow_dag-checkpoint.py
[2025-08-24T17:51:03.245+0100] {processor.py:840} INFO - DAG(s) 'churn_pipeline_taskflow' retrieved from /Users/homeaccount/PycharmProjects/dmml/churn_prediction_pipeline/airflow_home/dags/.ipynb_checkpoints/airflow_dag-checkpoint.py
[2025-08-24T17:51:03.319+0100] {logging_mixin.py:188} INFO - [2025-08-24T17:51:03.319+0100] {dag.py:3089} INFO - Sync 1 DAGs
[2025-08-24T17:51:03.325+0100] {logging_mixin.py:188} INFO - [2025-08-24T17:51:03.325+0100] {dag.py:3947} INFO - Setting next_dagrun for churn_pipeline_taskflow to 2025-08-23 23:00:00+00:00, run_after=2025-08-24 23:00:00+00:00
[2025-08-24T17:51:03.331+0100] {processor.py:183} INFO - Processing /Users/homeaccount/PycharmProjects/dmml/churn_prediction_pipeline/airflow_home/dags/.ipynb_checkpoints/airflow_dag-checkpoint.py took 0.126 seconds
[2025-08-24T17:51:34.184+0100] {processor.py:161} INFO - Started process (PID=25832) to work on /Users/homeaccount/PycharmProjects/dmml/churn_prediction_pipeline/airflow_home/dags/.ipynb_checkpoints/airflow_dag-checkpoint.py
[2025-08-24T17:51:34.185+0100] {processor.py:830} INFO - Processing file /Users/homeaccount/PycharmProjects/dmml/churn_prediction_pipeline/airflow_home/dags/.ipynb_checkpoints/airflow_dag-checkpoint.py for tasks to queue
[2025-08-24T17:51:34.185+0100] {logging_mixin.py:188} INFO - [2025-08-24T17:51:34.185+0100] {dagbag.py:545} INFO - Filling up the DagBag from /Users/homeaccount/PycharmProjects/dmml/churn_prediction_pipeline/airflow_home/dags/.ipynb_checkpoints/airflow_dag-checkpoint.py
[2025-08-24T17:51:34.223+0100] {processor.py:840} INFO - DAG(s) 'churn_pipeline_taskflow' retrieved from /Users/homeaccount/PycharmProjects/dmml/churn_prediction_pipeline/airflow_home/dags/.ipynb_checkpoints/airflow_dag-checkpoint.py
[2025-08-24T17:51:34.259+0100] {logging_mixin.py:188} INFO - [2025-08-24T17:51:34.259+0100] {dag.py:3089} INFO - Sync 1 DAGs
[2025-08-24T17:51:34.265+0100] {logging_mixin.py:188} INFO - [2025-08-24T17:51:34.265+0100] {dag.py:3947} INFO - Setting next_dagrun for churn_pipeline_taskflow to 2025-08-23 23:00:00+00:00, run_after=2025-08-24 23:00:00+00:00
[2025-08-24T17:51:34.270+0100] {processor.py:183} INFO - Processing /Users/homeaccount/PycharmProjects/dmml/churn_prediction_pipeline/airflow_home/dags/.ipynb_checkpoints/airflow_dag-checkpoint.py took 0.087 seconds
[2025-08-24T17:52:05.083+0100] {processor.py:161} INFO - Started process (PID=25836) to work on /Users/homeaccount/PycharmProjects/dmml/churn_prediction_pipeline/airflow_home/dags/.ipynb_checkpoints/airflow_dag-checkpoint.py
[2025-08-24T17:52:05.084+0100] {processor.py:830} INFO - Processing file /Users/homeaccount/PycharmProjects/dmml/churn_prediction_pipeline/airflow_home/dags/.ipynb_checkpoints/airflow_dag-checkpoint.py for tasks to queue
[2025-08-24T17:52:05.085+0100] {logging_mixin.py:188} INFO - [2025-08-24T17:52:05.084+0100] {dagbag.py:545} INFO - Filling up the DagBag from /Users/homeaccount/PycharmProjects/dmml/churn_prediction_pipeline/airflow_home/dags/.ipynb_checkpoints/airflow_dag-checkpoint.py
[2025-08-24T17:52:05.123+0100] {processor.py:840} INFO - DAG(s) 'churn_pipeline_taskflow' retrieved from /Users/homeaccount/PycharmProjects/dmml/churn_prediction_pipeline/airflow_home/dags/.ipynb_checkpoints/airflow_dag-checkpoint.py
[2025-08-24T17:52:05.128+0100] {logging_mixin.py:188} INFO - [2025-08-24T17:52:05.128+0100] {dag.py:3089} INFO - Sync 1 DAGs
[2025-08-24T17:52:05.159+0100] {logging_mixin.py:188} INFO - [2025-08-24T17:52:05.159+0100] {dag.py:3947} INFO - Setting next_dagrun for churn_pipeline_taskflow to 2025-08-23 23:00:00+00:00, run_after=2025-08-24 23:00:00+00:00
[2025-08-24T17:52:05.164+0100] {processor.py:183} INFO - Processing /Users/homeaccount/PycharmProjects/dmml/churn_prediction_pipeline/airflow_home/dags/.ipynb_checkpoints/airflow_dag-checkpoint.py took 0.082 seconds
[2025-08-24T17:52:36.037+0100] {processor.py:161} INFO - Started process (PID=25842) to work on /Users/homeaccount/PycharmProjects/dmml/churn_prediction_pipeline/airflow_home/dags/.ipynb_checkpoints/airflow_dag-checkpoint.py
[2025-08-24T17:52:36.038+0100] {processor.py:830} INFO - Processing file /Users/homeaccount/PycharmProjects/dmml/churn_prediction_pipeline/airflow_home/dags/.ipynb_checkpoints/airflow_dag-checkpoint.py for tasks to queue
[2025-08-24T17:52:36.039+0100] {logging_mixin.py:188} INFO - [2025-08-24T17:52:36.039+0100] {dagbag.py:545} INFO - Filling up the DagBag from /Users/homeaccount/PycharmProjects/dmml/churn_prediction_pipeline/airflow_home/dags/.ipynb_checkpoints/airflow_dag-checkpoint.py
[2025-08-24T17:52:36.078+0100] {processor.py:840} INFO - DAG(s) 'churn_pipeline_taskflow' retrieved from /Users/homeaccount/PycharmProjects/dmml/churn_prediction_pipeline/airflow_home/dags/.ipynb_checkpoints/airflow_dag-checkpoint.py
[2025-08-24T17:52:36.156+0100] {logging_mixin.py:188} INFO - [2025-08-24T17:52:36.156+0100] {dag.py:3089} INFO - Sync 1 DAGs
[2025-08-24T17:52:36.162+0100] {logging_mixin.py:188} INFO - [2025-08-24T17:52:36.162+0100] {dag.py:3947} INFO - Setting next_dagrun for churn_pipeline_taskflow to 2025-08-23 23:00:00+00:00, run_after=2025-08-24 23:00:00+00:00
[2025-08-24T17:52:36.169+0100] {processor.py:183} INFO - Processing /Users/homeaccount/PycharmProjects/dmml/churn_prediction_pipeline/airflow_home/dags/.ipynb_checkpoints/airflow_dag-checkpoint.py took 0.132 seconds
[2025-08-24T17:53:07.122+0100] {processor.py:161} INFO - Started process (PID=25849) to work on /Users/homeaccount/PycharmProjects/dmml/churn_prediction_pipeline/airflow_home/dags/.ipynb_checkpoints/airflow_dag-checkpoint.py
[2025-08-24T17:53:07.123+0100] {processor.py:830} INFO - Processing file /Users/homeaccount/PycharmProjects/dmml/churn_prediction_pipeline/airflow_home/dags/.ipynb_checkpoints/airflow_dag-checkpoint.py for tasks to queue
[2025-08-24T17:53:07.124+0100] {logging_mixin.py:188} INFO - [2025-08-24T17:53:07.124+0100] {dagbag.py:545} INFO - Filling up the DagBag from /Users/homeaccount/PycharmProjects/dmml/churn_prediction_pipeline/airflow_home/dags/.ipynb_checkpoints/airflow_dag-checkpoint.py
[2025-08-24T17:53:07.162+0100] {processor.py:840} INFO - DAG(s) 'churn_pipeline_taskflow' retrieved from /Users/homeaccount/PycharmProjects/dmml/churn_prediction_pipeline/airflow_home/dags/.ipynb_checkpoints/airflow_dag-checkpoint.py
[2025-08-24T17:53:07.197+0100] {logging_mixin.py:188} INFO - [2025-08-24T17:53:07.197+0100] {dag.py:3089} INFO - Sync 1 DAGs
[2025-08-24T17:53:07.202+0100] {logging_mixin.py:188} INFO - [2025-08-24T17:53:07.202+0100] {dag.py:3947} INFO - Setting next_dagrun for churn_pipeline_taskflow to 2025-08-23 23:00:00+00:00, run_after=2025-08-24 23:00:00+00:00
[2025-08-24T17:53:07.208+0100] {processor.py:183} INFO - Processing /Users/homeaccount/PycharmProjects/dmml/churn_prediction_pipeline/airflow_home/dags/.ipynb_checkpoints/airflow_dag-checkpoint.py took 0.087 seconds
[2025-08-24T17:53:37.964+0100] {processor.py:161} INFO - Started process (PID=25859) to work on /Users/homeaccount/PycharmProjects/dmml/churn_prediction_pipeline/airflow_home/dags/.ipynb_checkpoints/airflow_dag-checkpoint.py
[2025-08-24T17:53:37.965+0100] {processor.py:830} INFO - Processing file /Users/homeaccount/PycharmProjects/dmml/churn_prediction_pipeline/airflow_home/dags/.ipynb_checkpoints/airflow_dag-checkpoint.py for tasks to queue
[2025-08-24T17:53:37.965+0100] {logging_mixin.py:188} INFO - [2025-08-24T17:53:37.965+0100] {dagbag.py:545} INFO - Filling up the DagBag from /Users/homeaccount/PycharmProjects/dmml/churn_prediction_pipeline/airflow_home/dags/.ipynb_checkpoints/airflow_dag-checkpoint.py
[2025-08-24T17:53:38.011+0100] {processor.py:840} INFO - DAG(s) 'churn_pipeline_taskflow' retrieved from /Users/homeaccount/PycharmProjects/dmml/churn_prediction_pipeline/airflow_home/dags/.ipynb_checkpoints/airflow_dag-checkpoint.py
[2025-08-24T17:53:38.017+0100] {logging_mixin.py:188} INFO - [2025-08-24T17:53:38.017+0100] {dag.py:3089} INFO - Sync 1 DAGs
[2025-08-24T17:53:38.048+0100] {logging_mixin.py:188} INFO - [2025-08-24T17:53:38.048+0100] {dag.py:3947} INFO - Setting next_dagrun for churn_pipeline_taskflow to 2025-08-23 23:00:00+00:00, run_after=2025-08-24 23:00:00+00:00
[2025-08-24T17:53:38.054+0100] {processor.py:183} INFO - Processing /Users/homeaccount/PycharmProjects/dmml/churn_prediction_pipeline/airflow_home/dags/.ipynb_checkpoints/airflow_dag-checkpoint.py took 0.092 seconds
[2025-08-24T17:54:08.961+0100] {processor.py:161} INFO - Started process (PID=25882) to work on /Users/homeaccount/PycharmProjects/dmml/churn_prediction_pipeline/airflow_home/dags/.ipynb_checkpoints/airflow_dag-checkpoint.py
[2025-08-24T17:54:08.962+0100] {processor.py:830} INFO - Processing file /Users/homeaccount/PycharmProjects/dmml/churn_prediction_pipeline/airflow_home/dags/.ipynb_checkpoints/airflow_dag-checkpoint.py for tasks to queue
[2025-08-24T17:54:08.962+0100] {logging_mixin.py:188} INFO - [2025-08-24T17:54:08.962+0100] {dagbag.py:545} INFO - Filling up the DagBag from /Users/homeaccount/PycharmProjects/dmml/churn_prediction_pipeline/airflow_home/dags/.ipynb_checkpoints/airflow_dag-checkpoint.py
[2025-08-24T17:54:09.000+0100] {processor.py:840} INFO - DAG(s) 'churn_pipeline_taskflow' retrieved from /Users/homeaccount/PycharmProjects/dmml/churn_prediction_pipeline/airflow_home/dags/.ipynb_checkpoints/airflow_dag-checkpoint.py
[2025-08-24T17:54:09.077+0100] {logging_mixin.py:188} INFO - [2025-08-24T17:54:09.077+0100] {dag.py:3089} INFO - Sync 1 DAGs
[2025-08-24T17:54:09.083+0100] {logging_mixin.py:188} INFO - [2025-08-24T17:54:09.083+0100] {dag.py:3947} INFO - Setting next_dagrun for churn_pipeline_taskflow to 2025-08-23 23:00:00+00:00, run_after=2025-08-24 23:00:00+00:00
[2025-08-24T17:54:09.089+0100] {processor.py:183} INFO - Processing /Users/homeaccount/PycharmProjects/dmml/churn_prediction_pipeline/airflow_home/dags/.ipynb_checkpoints/airflow_dag-checkpoint.py took 0.129 seconds
[2025-08-24T17:54:39.767+0100] {processor.py:161} INFO - Started process (PID=25884) to work on /Users/homeaccount/PycharmProjects/dmml/churn_prediction_pipeline/airflow_home/dags/.ipynb_checkpoints/airflow_dag-checkpoint.py
[2025-08-24T17:54:39.767+0100] {processor.py:830} INFO - Processing file /Users/homeaccount/PycharmProjects/dmml/churn_prediction_pipeline/airflow_home/dags/.ipynb_checkpoints/airflow_dag-checkpoint.py for tasks to queue
[2025-08-24T17:54:39.768+0100] {logging_mixin.py:188} INFO - [2025-08-24T17:54:39.768+0100] {dagbag.py:545} INFO - Filling up the DagBag from /Users/homeaccount/PycharmProjects/dmml/churn_prediction_pipeline/airflow_home/dags/.ipynb_checkpoints/airflow_dag-checkpoint.py
[2025-08-24T17:54:39.800+0100] {processor.py:840} INFO - DAG(s) 'churn_pipeline_taskflow' retrieved from /Users/homeaccount/PycharmProjects/dmml/churn_prediction_pipeline/airflow_home/dags/.ipynb_checkpoints/airflow_dag-checkpoint.py
[2025-08-24T17:54:39.832+0100] {logging_mixin.py:188} INFO - [2025-08-24T17:54:39.832+0100] {dag.py:3089} INFO - Sync 1 DAGs
[2025-08-24T17:54:39.839+0100] {logging_mixin.py:188} INFO - [2025-08-24T17:54:39.838+0100] {dag.py:3947} INFO - Setting next_dagrun for churn_pipeline_taskflow to 2025-08-23 23:00:00+00:00, run_after=2025-08-24 23:00:00+00:00
[2025-08-24T17:54:39.844+0100] {processor.py:183} INFO - Processing /Users/homeaccount/PycharmProjects/dmml/churn_prediction_pipeline/airflow_home/dags/.ipynb_checkpoints/airflow_dag-checkpoint.py took 0.079 seconds
[2025-08-24T17:55:10.506+0100] {processor.py:161} INFO - Started process (PID=25888) to work on /Users/homeaccount/PycharmProjects/dmml/churn_prediction_pipeline/airflow_home/dags/.ipynb_checkpoints/airflow_dag-checkpoint.py
[2025-08-24T17:55:10.507+0100] {processor.py:830} INFO - Processing file /Users/homeaccount/PycharmProjects/dmml/churn_prediction_pipeline/airflow_home/dags/.ipynb_checkpoints/airflow_dag-checkpoint.py for tasks to queue
[2025-08-24T17:55:10.507+0100] {logging_mixin.py:188} INFO - [2025-08-24T17:55:10.507+0100] {dagbag.py:545} INFO - Filling up the DagBag from /Users/homeaccount/PycharmProjects/dmml/churn_prediction_pipeline/airflow_home/dags/.ipynb_checkpoints/airflow_dag-checkpoint.py
[2025-08-24T17:55:10.540+0100] {processor.py:840} INFO - DAG(s) 'churn_pipeline_taskflow' retrieved from /Users/homeaccount/PycharmProjects/dmml/churn_prediction_pipeline/airflow_home/dags/.ipynb_checkpoints/airflow_dag-checkpoint.py
[2025-08-24T17:55:10.544+0100] {logging_mixin.py:188} INFO - [2025-08-24T17:55:10.544+0100] {dag.py:3089} INFO - Sync 1 DAGs
[2025-08-24T17:55:10.573+0100] {logging_mixin.py:188} INFO - [2025-08-24T17:55:10.573+0100] {dag.py:3947} INFO - Setting next_dagrun for churn_pipeline_taskflow to 2025-08-23 23:00:00+00:00, run_after=2025-08-24 23:00:00+00:00
[2025-08-24T17:55:10.578+0100] {processor.py:183} INFO - Processing /Users/homeaccount/PycharmProjects/dmml/churn_prediction_pipeline/airflow_home/dags/.ipynb_checkpoints/airflow_dag-checkpoint.py took 0.073 seconds
[2025-08-24T17:55:41.885+0100] {processor.py:161} INFO - Started process (PID=25906) to work on /Users/homeaccount/PycharmProjects/dmml/churn_prediction_pipeline/airflow_home/dags/.ipynb_checkpoints/airflow_dag-checkpoint.py
[2025-08-24T17:55:41.886+0100] {processor.py:830} INFO - Processing file /Users/homeaccount/PycharmProjects/dmml/churn_prediction_pipeline/airflow_home/dags/.ipynb_checkpoints/airflow_dag-checkpoint.py for tasks to queue
[2025-08-24T17:55:41.887+0100] {logging_mixin.py:188} INFO - [2025-08-24T17:55:41.887+0100] {dagbag.py:545} INFO - Filling up the DagBag from /Users/homeaccount/PycharmProjects/dmml/churn_prediction_pipeline/airflow_home/dags/.ipynb_checkpoints/airflow_dag-checkpoint.py
[2025-08-24T17:55:41.926+0100] {processor.py:840} INFO - DAG(s) 'churn_pipeline_taskflow' retrieved from /Users/homeaccount/PycharmProjects/dmml/churn_prediction_pipeline/airflow_home/dags/.ipynb_checkpoints/airflow_dag-checkpoint.py
[2025-08-24T17:55:42.003+0100] {logging_mixin.py:188} INFO - [2025-08-24T17:55:42.003+0100] {dag.py:3089} INFO - Sync 1 DAGs
[2025-08-24T17:55:42.009+0100] {logging_mixin.py:188} INFO - [2025-08-24T17:55:42.009+0100] {dag.py:3947} INFO - Setting next_dagrun for churn_pipeline_taskflow to 2025-08-23 23:00:00+00:00, run_after=2025-08-24 23:00:00+00:00
[2025-08-24T17:55:42.015+0100] {processor.py:183} INFO - Processing /Users/homeaccount/PycharmProjects/dmml/churn_prediction_pipeline/airflow_home/dags/.ipynb_checkpoints/airflow_dag-checkpoint.py took 0.131 seconds
[2025-08-24T17:56:12.889+0100] {processor.py:161} INFO - Started process (PID=25915) to work on /Users/homeaccount/PycharmProjects/dmml/churn_prediction_pipeline/airflow_home/dags/.ipynb_checkpoints/airflow_dag-checkpoint.py
[2025-08-24T17:56:12.890+0100] {processor.py:830} INFO - Processing file /Users/homeaccount/PycharmProjects/dmml/churn_prediction_pipeline/airflow_home/dags/.ipynb_checkpoints/airflow_dag-checkpoint.py for tasks to queue
[2025-08-24T17:56:12.890+0100] {logging_mixin.py:188} INFO - [2025-08-24T17:56:12.890+0100] {dagbag.py:545} INFO - Filling up the DagBag from /Users/homeaccount/PycharmProjects/dmml/churn_prediction_pipeline/airflow_home/dags/.ipynb_checkpoints/airflow_dag-checkpoint.py
[2025-08-24T17:56:12.928+0100] {processor.py:840} INFO - DAG(s) 'churn_pipeline_taskflow' retrieved from /Users/homeaccount/PycharmProjects/dmml/churn_prediction_pipeline/airflow_home/dags/.ipynb_checkpoints/airflow_dag-checkpoint.py
[2025-08-24T17:56:12.965+0100] {logging_mixin.py:188} INFO - [2025-08-24T17:56:12.965+0100] {dag.py:3089} INFO - Sync 1 DAGs
[2025-08-24T17:56:12.970+0100] {logging_mixin.py:188} INFO - [2025-08-24T17:56:12.970+0100] {dag.py:3947} INFO - Setting next_dagrun for churn_pipeline_taskflow to 2025-08-23 23:00:00+00:00, run_after=2025-08-24 23:00:00+00:00
[2025-08-24T17:56:12.976+0100] {processor.py:183} INFO - Processing /Users/homeaccount/PycharmProjects/dmml/churn_prediction_pipeline/airflow_home/dags/.ipynb_checkpoints/airflow_dag-checkpoint.py took 0.088 seconds
[2025-08-24T17:56:44.106+0100] {processor.py:161} INFO - Started process (PID=25946) to work on /Users/homeaccount/PycharmProjects/dmml/churn_prediction_pipeline/airflow_home/dags/.ipynb_checkpoints/airflow_dag-checkpoint.py
[2025-08-24T17:56:44.107+0100] {processor.py:830} INFO - Processing file /Users/homeaccount/PycharmProjects/dmml/churn_prediction_pipeline/airflow_home/dags/.ipynb_checkpoints/airflow_dag-checkpoint.py for tasks to queue
[2025-08-24T17:56:44.108+0100] {logging_mixin.py:188} INFO - [2025-08-24T17:56:44.108+0100] {dagbag.py:545} INFO - Filling up the DagBag from /Users/homeaccount/PycharmProjects/dmml/churn_prediction_pipeline/airflow_home/dags/.ipynb_checkpoints/airflow_dag-checkpoint.py
[2025-08-24T17:56:44.149+0100] {processor.py:840} INFO - DAG(s) 'churn_pipeline_taskflow' retrieved from /Users/homeaccount/PycharmProjects/dmml/churn_prediction_pipeline/airflow_home/dags/.ipynb_checkpoints/airflow_dag-checkpoint.py
[2025-08-24T17:56:44.155+0100] {logging_mixin.py:188} INFO - [2025-08-24T17:56:44.155+0100] {dag.py:3089} INFO - Sync 1 DAGs
[2025-08-24T17:56:44.184+0100] {logging_mixin.py:188} INFO - [2025-08-24T17:56:44.184+0100] {dag.py:3947} INFO - Setting next_dagrun for churn_pipeline_taskflow to 2025-08-23 23:00:00+00:00, run_after=2025-08-24 23:00:00+00:00
[2025-08-24T17:56:44.190+0100] {processor.py:183} INFO - Processing /Users/homeaccount/PycharmProjects/dmml/churn_prediction_pipeline/airflow_home/dags/.ipynb_checkpoints/airflow_dag-checkpoint.py took 0.084 seconds
[2025-08-24T17:57:15.087+0100] {processor.py:161} INFO - Started process (PID=25964) to work on /Users/homeaccount/PycharmProjects/dmml/churn_prediction_pipeline/airflow_home/dags/.ipynb_checkpoints/airflow_dag-checkpoint.py
[2025-08-24T17:57:15.088+0100] {processor.py:830} INFO - Processing file /Users/homeaccount/PycharmProjects/dmml/churn_prediction_pipeline/airflow_home/dags/.ipynb_checkpoints/airflow_dag-checkpoint.py for tasks to queue
[2025-08-24T17:57:15.089+0100] {logging_mixin.py:188} INFO - [2025-08-24T17:57:15.088+0100] {dagbag.py:545} INFO - Filling up the DagBag from /Users/homeaccount/PycharmProjects/dmml/churn_prediction_pipeline/airflow_home/dags/.ipynb_checkpoints/airflow_dag-checkpoint.py
[2025-08-24T17:57:15.128+0100] {processor.py:840} INFO - DAG(s) 'churn_pipeline_taskflow' retrieved from /Users/homeaccount/PycharmProjects/dmml/churn_prediction_pipeline/airflow_home/dags/.ipynb_checkpoints/airflow_dag-checkpoint.py
[2025-08-24T17:57:15.207+0100] {logging_mixin.py:188} INFO - [2025-08-24T17:57:15.207+0100] {dag.py:3089} INFO - Sync 1 DAGs
[2025-08-24T17:57:15.213+0100] {logging_mixin.py:188} INFO - [2025-08-24T17:57:15.213+0100] {dag.py:3947} INFO - Setting next_dagrun for churn_pipeline_taskflow to 2025-08-23 23:00:00+00:00, run_after=2025-08-24 23:00:00+00:00
[2025-08-24T17:57:15.219+0100] {processor.py:183} INFO - Processing /Users/homeaccount/PycharmProjects/dmml/churn_prediction_pipeline/airflow_home/dags/.ipynb_checkpoints/airflow_dag-checkpoint.py took 0.133 seconds
[2025-08-24T17:57:46.089+0100] {processor.py:161} INFO - Started process (PID=25969) to work on /Users/homeaccount/PycharmProjects/dmml/churn_prediction_pipeline/airflow_home/dags/.ipynb_checkpoints/airflow_dag-checkpoint.py
[2025-08-24T17:57:46.090+0100] {processor.py:830} INFO - Processing file /Users/homeaccount/PycharmProjects/dmml/churn_prediction_pipeline/airflow_home/dags/.ipynb_checkpoints/airflow_dag-checkpoint.py for tasks to queue
[2025-08-24T17:57:46.091+0100] {logging_mixin.py:188} INFO - [2025-08-24T17:57:46.091+0100] {dagbag.py:545} INFO - Filling up the DagBag from /Users/homeaccount/PycharmProjects/dmml/churn_prediction_pipeline/airflow_home/dags/.ipynb_checkpoints/airflow_dag-checkpoint.py
[2025-08-24T17:57:46.134+0100] {processor.py:840} INFO - DAG(s) 'churn_pipeline_taskflow' retrieved from /Users/homeaccount/PycharmProjects/dmml/churn_prediction_pipeline/airflow_home/dags/.ipynb_checkpoints/airflow_dag-checkpoint.py
[2025-08-24T17:57:46.170+0100] {logging_mixin.py:188} INFO - [2025-08-24T17:57:46.170+0100] {dag.py:3089} INFO - Sync 1 DAGs
[2025-08-24T17:57:46.176+0100] {logging_mixin.py:188} INFO - [2025-08-24T17:57:46.175+0100] {dag.py:3947} INFO - Setting next_dagrun for churn_pipeline_taskflow to 2025-08-23 23:00:00+00:00, run_after=2025-08-24 23:00:00+00:00
[2025-08-24T17:57:46.181+0100] {processor.py:183} INFO - Processing /Users/homeaccount/PycharmProjects/dmml/churn_prediction_pipeline/airflow_home/dags/.ipynb_checkpoints/airflow_dag-checkpoint.py took 0.093 seconds
[2025-08-24T17:58:16.888+0100] {processor.py:161} INFO - Started process (PID=25971) to work on /Users/homeaccount/PycharmProjects/dmml/churn_prediction_pipeline/airflow_home/dags/.ipynb_checkpoints/airflow_dag-checkpoint.py
[2025-08-24T17:58:16.889+0100] {processor.py:830} INFO - Processing file /Users/homeaccount/PycharmProjects/dmml/churn_prediction_pipeline/airflow_home/dags/.ipynb_checkpoints/airflow_dag-checkpoint.py for tasks to queue
[2025-08-24T17:58:16.889+0100] {logging_mixin.py:188} INFO - [2025-08-24T17:58:16.889+0100] {dagbag.py:545} INFO - Filling up the DagBag from /Users/homeaccount/PycharmProjects/dmml/churn_prediction_pipeline/airflow_home/dags/.ipynb_checkpoints/airflow_dag-checkpoint.py
[2025-08-24T17:58:16.923+0100] {processor.py:840} INFO - DAG(s) 'churn_pipeline_taskflow' retrieved from /Users/homeaccount/PycharmProjects/dmml/churn_prediction_pipeline/airflow_home/dags/.ipynb_checkpoints/airflow_dag-checkpoint.py
[2025-08-24T17:58:16.927+0100] {logging_mixin.py:188} INFO - [2025-08-24T17:58:16.927+0100] {dag.py:3089} INFO - Sync 1 DAGs
[2025-08-24T17:58:16.956+0100] {logging_mixin.py:188} INFO - [2025-08-24T17:58:16.956+0100] {dag.py:3947} INFO - Setting next_dagrun for churn_pipeline_taskflow to 2025-08-23 23:00:00+00:00, run_after=2025-08-24 23:00:00+00:00
[2025-08-24T17:58:16.962+0100] {processor.py:183} INFO - Processing /Users/homeaccount/PycharmProjects/dmml/churn_prediction_pipeline/airflow_home/dags/.ipynb_checkpoints/airflow_dag-checkpoint.py took 0.075 seconds
[2025-08-24T17:58:47.646+0100] {processor.py:161} INFO - Started process (PID=25980) to work on /Users/homeaccount/PycharmProjects/dmml/churn_prediction_pipeline/airflow_home/dags/.ipynb_checkpoints/airflow_dag-checkpoint.py
[2025-08-24T17:58:47.647+0100] {processor.py:830} INFO - Processing file /Users/homeaccount/PycharmProjects/dmml/churn_prediction_pipeline/airflow_home/dags/.ipynb_checkpoints/airflow_dag-checkpoint.py for tasks to queue
[2025-08-24T17:58:47.648+0100] {logging_mixin.py:188} INFO - [2025-08-24T17:58:47.647+0100] {dagbag.py:545} INFO - Filling up the DagBag from /Users/homeaccount/PycharmProjects/dmml/churn_prediction_pipeline/airflow_home/dags/.ipynb_checkpoints/airflow_dag-checkpoint.py
[2025-08-24T17:58:47.680+0100] {processor.py:840} INFO - DAG(s) 'churn_pipeline_taskflow' retrieved from /Users/homeaccount/PycharmProjects/dmml/churn_prediction_pipeline/airflow_home/dags/.ipynb_checkpoints/airflow_dag-checkpoint.py
[2025-08-24T17:58:47.751+0100] {logging_mixin.py:188} INFO - [2025-08-24T17:58:47.751+0100] {dag.py:3089} INFO - Sync 1 DAGs
[2025-08-24T17:58:47.757+0100] {logging_mixin.py:188} INFO - [2025-08-24T17:58:47.757+0100] {dag.py:3947} INFO - Setting next_dagrun for churn_pipeline_taskflow to 2025-08-23 23:00:00+00:00, run_after=2025-08-24 23:00:00+00:00
[2025-08-24T17:58:47.762+0100] {processor.py:183} INFO - Processing /Users/homeaccount/PycharmProjects/dmml/churn_prediction_pipeline/airflow_home/dags/.ipynb_checkpoints/airflow_dag-checkpoint.py took 0.117 seconds
[2025-08-24T17:59:18.435+0100] {processor.py:161} INFO - Started process (PID=25983) to work on /Users/homeaccount/PycharmProjects/dmml/churn_prediction_pipeline/airflow_home/dags/.ipynb_checkpoints/airflow_dag-checkpoint.py
[2025-08-24T17:59:18.435+0100] {processor.py:830} INFO - Processing file /Users/homeaccount/PycharmProjects/dmml/churn_prediction_pipeline/airflow_home/dags/.ipynb_checkpoints/airflow_dag-checkpoint.py for tasks to queue
[2025-08-24T17:59:18.435+0100] {logging_mixin.py:188} INFO - [2025-08-24T17:59:18.435+0100] {dagbag.py:545} INFO - Filling up the DagBag from /Users/homeaccount/PycharmProjects/dmml/churn_prediction_pipeline/airflow_home/dags/.ipynb_checkpoints/airflow_dag-checkpoint.py
[2025-08-24T17:59:18.468+0100] {processor.py:840} INFO - DAG(s) 'churn_pipeline_taskflow' retrieved from /Users/homeaccount/PycharmProjects/dmml/churn_prediction_pipeline/airflow_home/dags/.ipynb_checkpoints/airflow_dag-checkpoint.py
[2025-08-24T17:59:18.500+0100] {logging_mixin.py:188} INFO - [2025-08-24T17:59:18.499+0100] {dag.py:3089} INFO - Sync 1 DAGs
[2025-08-24T17:59:18.505+0100] {logging_mixin.py:188} INFO - [2025-08-24T17:59:18.505+0100] {dag.py:3947} INFO - Setting next_dagrun for churn_pipeline_taskflow to 2025-08-23 23:00:00+00:00, run_after=2025-08-24 23:00:00+00:00
[2025-08-24T17:59:18.511+0100] {processor.py:183} INFO - Processing /Users/homeaccount/PycharmProjects/dmml/churn_prediction_pipeline/airflow_home/dags/.ipynb_checkpoints/airflow_dag-checkpoint.py took 0.078 seconds
[2025-08-24T17:59:49.187+0100] {processor.py:161} INFO - Started process (PID=25987) to work on /Users/homeaccount/PycharmProjects/dmml/churn_prediction_pipeline/airflow_home/dags/.ipynb_checkpoints/airflow_dag-checkpoint.py
[2025-08-24T17:59:49.188+0100] {processor.py:830} INFO - Processing file /Users/homeaccount/PycharmProjects/dmml/churn_prediction_pipeline/airflow_home/dags/.ipynb_checkpoints/airflow_dag-checkpoint.py for tasks to queue
[2025-08-24T17:59:49.188+0100] {logging_mixin.py:188} INFO - [2025-08-24T17:59:49.188+0100] {dagbag.py:545} INFO - Filling up the DagBag from /Users/homeaccount/PycharmProjects/dmml/churn_prediction_pipeline/airflow_home/dags/.ipynb_checkpoints/airflow_dag-checkpoint.py
[2025-08-24T17:59:49.221+0100] {processor.py:840} INFO - DAG(s) 'churn_pipeline_taskflow' retrieved from /Users/homeaccount/PycharmProjects/dmml/churn_prediction_pipeline/airflow_home/dags/.ipynb_checkpoints/airflow_dag-checkpoint.py
[2025-08-24T17:59:49.225+0100] {logging_mixin.py:188} INFO - [2025-08-24T17:59:49.225+0100] {dag.py:3089} INFO - Sync 1 DAGs
[2025-08-24T17:59:49.256+0100] {logging_mixin.py:188} INFO - [2025-08-24T17:59:49.256+0100] {dag.py:3947} INFO - Setting next_dagrun for churn_pipeline_taskflow to 2025-08-23 23:00:00+00:00, run_after=2025-08-24 23:00:00+00:00
[2025-08-24T17:59:49.262+0100] {processor.py:183} INFO - Processing /Users/homeaccount/PycharmProjects/dmml/churn_prediction_pipeline/airflow_home/dags/.ipynb_checkpoints/airflow_dag-checkpoint.py took 0.076 seconds
[2025-08-24T18:00:20.336+0100] {processor.py:161} INFO - Started process (PID=25990) to work on /Users/homeaccount/PycharmProjects/dmml/churn_prediction_pipeline/airflow_home/dags/.ipynb_checkpoints/airflow_dag-checkpoint.py
[2025-08-24T18:00:20.337+0100] {processor.py:830} INFO - Processing file /Users/homeaccount/PycharmProjects/dmml/churn_prediction_pipeline/airflow_home/dags/.ipynb_checkpoints/airflow_dag-checkpoint.py for tasks to queue
[2025-08-24T18:00:20.337+0100] {logging_mixin.py:188} INFO - [2025-08-24T18:00:20.337+0100] {dagbag.py:545} INFO - Filling up the DagBag from /Users/homeaccount/PycharmProjects/dmml/churn_prediction_pipeline/airflow_home/dags/.ipynb_checkpoints/airflow_dag-checkpoint.py
[2025-08-24T18:00:20.376+0100] {processor.py:840} INFO - DAG(s) 'churn_pipeline_taskflow' retrieved from /Users/homeaccount/PycharmProjects/dmml/churn_prediction_pipeline/airflow_home/dags/.ipynb_checkpoints/airflow_dag-checkpoint.py
[2025-08-24T18:00:20.450+0100] {logging_mixin.py:188} INFO - [2025-08-24T18:00:20.450+0100] {dag.py:3089} INFO - Sync 1 DAGs
[2025-08-24T18:00:20.456+0100] {logging_mixin.py:188} INFO - [2025-08-24T18:00:20.456+0100] {dag.py:3947} INFO - Setting next_dagrun for churn_pipeline_taskflow to 2025-08-23 23:00:00+00:00, run_after=2025-08-24 23:00:00+00:00
[2025-08-24T18:00:20.462+0100] {processor.py:183} INFO - Processing /Users/homeaccount/PycharmProjects/dmml/churn_prediction_pipeline/airflow_home/dags/.ipynb_checkpoints/airflow_dag-checkpoint.py took 0.127 seconds
[2025-08-24T18:00:51.365+0100] {processor.py:161} INFO - Started process (PID=25994) to work on /Users/homeaccount/PycharmProjects/dmml/churn_prediction_pipeline/airflow_home/dags/.ipynb_checkpoints/airflow_dag-checkpoint.py
[2025-08-24T18:00:51.366+0100] {processor.py:830} INFO - Processing file /Users/homeaccount/PycharmProjects/dmml/churn_prediction_pipeline/airflow_home/dags/.ipynb_checkpoints/airflow_dag-checkpoint.py for tasks to queue
[2025-08-24T18:00:51.366+0100] {logging_mixin.py:188} INFO - [2025-08-24T18:00:51.366+0100] {dagbag.py:545} INFO - Filling up the DagBag from /Users/homeaccount/PycharmProjects/dmml/churn_prediction_pipeline/airflow_home/dags/.ipynb_checkpoints/airflow_dag-checkpoint.py
[2025-08-24T18:00:51.408+0100] {processor.py:840} INFO - DAG(s) 'churn_pipeline_taskflow' retrieved from /Users/homeaccount/PycharmProjects/dmml/churn_prediction_pipeline/airflow_home/dags/.ipynb_checkpoints/airflow_dag-checkpoint.py
[2025-08-24T18:00:51.444+0100] {logging_mixin.py:188} INFO - [2025-08-24T18:00:51.443+0100] {dag.py:3089} INFO - Sync 1 DAGs
[2025-08-24T18:00:51.449+0100] {logging_mixin.py:188} INFO - [2025-08-24T18:00:51.449+0100] {dag.py:3947} INFO - Setting next_dagrun for churn_pipeline_taskflow to 2025-08-23 23:00:00+00:00, run_after=2025-08-24 23:00:00+00:00
[2025-08-24T18:00:51.454+0100] {processor.py:183} INFO - Processing /Users/homeaccount/PycharmProjects/dmml/churn_prediction_pipeline/airflow_home/dags/.ipynb_checkpoints/airflow_dag-checkpoint.py took 0.091 seconds
[2025-08-24T18:01:22.352+0100] {processor.py:161} INFO - Started process (PID=25997) to work on /Users/homeaccount/PycharmProjects/dmml/churn_prediction_pipeline/airflow_home/dags/.ipynb_checkpoints/airflow_dag-checkpoint.py
[2025-08-24T18:01:22.353+0100] {processor.py:830} INFO - Processing file /Users/homeaccount/PycharmProjects/dmml/churn_prediction_pipeline/airflow_home/dags/.ipynb_checkpoints/airflow_dag-checkpoint.py for tasks to queue
[2025-08-24T18:01:22.353+0100] {logging_mixin.py:188} INFO - [2025-08-24T18:01:22.353+0100] {dagbag.py:545} INFO - Filling up the DagBag from /Users/homeaccount/PycharmProjects/dmml/churn_prediction_pipeline/airflow_home/dags/.ipynb_checkpoints/airflow_dag-checkpoint.py
[2025-08-24T18:01:22.392+0100] {processor.py:840} INFO - DAG(s) 'churn_pipeline_taskflow' retrieved from /Users/homeaccount/PycharmProjects/dmml/churn_prediction_pipeline/airflow_home/dags/.ipynb_checkpoints/airflow_dag-checkpoint.py
[2025-08-24T18:01:22.398+0100] {logging_mixin.py:188} INFO - [2025-08-24T18:01:22.398+0100] {dag.py:3089} INFO - Sync 1 DAGs
[2025-08-24T18:01:22.427+0100] {logging_mixin.py:188} INFO - [2025-08-24T18:01:22.427+0100] {dag.py:3947} INFO - Setting next_dagrun for churn_pipeline_taskflow to 2025-08-23 23:00:00+00:00, run_after=2025-08-24 23:00:00+00:00
[2025-08-24T18:01:22.433+0100] {processor.py:183} INFO - Processing /Users/homeaccount/PycharmProjects/dmml/churn_prediction_pipeline/airflow_home/dags/.ipynb_checkpoints/airflow_dag-checkpoint.py took 0.083 seconds
[2025-08-24T18:01:53.492+0100] {processor.py:161} INFO - Started process (PID=26010) to work on /Users/homeaccount/PycharmProjects/dmml/churn_prediction_pipeline/airflow_home/dags/.ipynb_checkpoints/airflow_dag-checkpoint.py
[2025-08-24T18:01:53.493+0100] {processor.py:830} INFO - Processing file /Users/homeaccount/PycharmProjects/dmml/churn_prediction_pipeline/airflow_home/dags/.ipynb_checkpoints/airflow_dag-checkpoint.py for tasks to queue
[2025-08-24T18:01:53.493+0100] {logging_mixin.py:188} INFO - [2025-08-24T18:01:53.493+0100] {dagbag.py:545} INFO - Filling up the DagBag from /Users/homeaccount/PycharmProjects/dmml/churn_prediction_pipeline/airflow_home/dags/.ipynb_checkpoints/airflow_dag-checkpoint.py
[2025-08-24T18:01:53.538+0100] {processor.py:840} INFO - DAG(s) 'churn_pipeline_taskflow' retrieved from /Users/homeaccount/PycharmProjects/dmml/churn_prediction_pipeline/airflow_home/dags/.ipynb_checkpoints/airflow_dag-checkpoint.py
[2025-08-24T18:01:53.627+0100] {logging_mixin.py:188} INFO - [2025-08-24T18:01:53.627+0100] {dag.py:3089} INFO - Sync 1 DAGs
[2025-08-24T18:01:53.633+0100] {logging_mixin.py:188} INFO - [2025-08-24T18:01:53.633+0100] {dag.py:3947} INFO - Setting next_dagrun for churn_pipeline_taskflow to 2025-08-23 23:00:00+00:00, run_after=2025-08-24 23:00:00+00:00
[2025-08-24T18:01:53.639+0100] {processor.py:183} INFO - Processing /Users/homeaccount/PycharmProjects/dmml/churn_prediction_pipeline/airflow_home/dags/.ipynb_checkpoints/airflow_dag-checkpoint.py took 0.148 seconds
[2025-08-24T18:02:24.385+0100] {processor.py:161} INFO - Started process (PID=26019) to work on /Users/homeaccount/PycharmProjects/dmml/churn_prediction_pipeline/airflow_home/dags/.ipynb_checkpoints/airflow_dag-checkpoint.py
[2025-08-24T18:02:24.386+0100] {processor.py:830} INFO - Processing file /Users/homeaccount/PycharmProjects/dmml/churn_prediction_pipeline/airflow_home/dags/.ipynb_checkpoints/airflow_dag-checkpoint.py for tasks to queue
[2025-08-24T18:02:24.386+0100] {logging_mixin.py:188} INFO - [2025-08-24T18:02:24.386+0100] {dagbag.py:545} INFO - Filling up the DagBag from /Users/homeaccount/PycharmProjects/dmml/churn_prediction_pipeline/airflow_home/dags/.ipynb_checkpoints/airflow_dag-checkpoint.py
[2025-08-24T18:02:24.420+0100] {processor.py:840} INFO - DAG(s) 'churn_pipeline_taskflow' retrieved from /Users/homeaccount/PycharmProjects/dmml/churn_prediction_pipeline/airflow_home/dags/.ipynb_checkpoints/airflow_dag-checkpoint.py
[2025-08-24T18:02:24.454+0100] {logging_mixin.py:188} INFO - [2025-08-24T18:02:24.454+0100] {dag.py:3089} INFO - Sync 1 DAGs
[2025-08-24T18:02:24.460+0100] {logging_mixin.py:188} INFO - [2025-08-24T18:02:24.460+0100] {dag.py:3947} INFO - Setting next_dagrun for churn_pipeline_taskflow to 2025-08-23 23:00:00+00:00, run_after=2025-08-24 23:00:00+00:00
[2025-08-24T18:02:24.466+0100] {processor.py:183} INFO - Processing /Users/homeaccount/PycharmProjects/dmml/churn_prediction_pipeline/airflow_home/dags/.ipynb_checkpoints/airflow_dag-checkpoint.py took 0.081 seconds
[2025-08-24T18:02:57.073+0100] {processor.py:161} INFO - Started process (PID=26025) to work on /Users/homeaccount/PycharmProjects/dmml/churn_prediction_pipeline/airflow_home/dags/.ipynb_checkpoints/airflow_dag-checkpoint.py
[2025-08-24T18:02:57.074+0100] {processor.py:830} INFO - Processing file /Users/homeaccount/PycharmProjects/dmml/churn_prediction_pipeline/airflow_home/dags/.ipynb_checkpoints/airflow_dag-checkpoint.py for tasks to queue
[2025-08-24T18:02:57.075+0100] {logging_mixin.py:188} INFO - [2025-08-24T18:02:57.075+0100] {dagbag.py:545} INFO - Filling up the DagBag from /Users/homeaccount/PycharmProjects/dmml/churn_prediction_pipeline/airflow_home/dags/.ipynb_checkpoints/airflow_dag-checkpoint.py
[2025-08-24T18:02:57.110+0100] {processor.py:840} INFO - DAG(s) 'churn_pipeline_taskflow' retrieved from /Users/homeaccount/PycharmProjects/dmml/churn_prediction_pipeline/airflow_home/dags/.ipynb_checkpoints/airflow_dag-checkpoint.py
[2025-08-24T18:02:57.114+0100] {logging_mixin.py:188} INFO - [2025-08-24T18:02:57.114+0100] {dag.py:3089} INFO - Sync 1 DAGs
[2025-08-24T18:02:57.144+0100] {logging_mixin.py:188} INFO - [2025-08-24T18:02:57.144+0100] {dag.py:3947} INFO - Setting next_dagrun for churn_pipeline_taskflow to 2025-08-23 23:00:00+00:00, run_after=2025-08-24 23:00:00+00:00
[2025-08-24T18:02:57.150+0100] {processor.py:183} INFO - Processing /Users/homeaccount/PycharmProjects/dmml/churn_prediction_pipeline/airflow_home/dags/.ipynb_checkpoints/airflow_dag-checkpoint.py took 0.078 seconds
[2025-08-24T18:03:27.999+0100] {processor.py:161} INFO - Started process (PID=26036) to work on /Users/homeaccount/PycharmProjects/dmml/churn_prediction_pipeline/airflow_home/dags/.ipynb_checkpoints/airflow_dag-checkpoint.py
[2025-08-24T18:03:28.000+0100] {processor.py:830} INFO - Processing file /Users/homeaccount/PycharmProjects/dmml/churn_prediction_pipeline/airflow_home/dags/.ipynb_checkpoints/airflow_dag-checkpoint.py for tasks to queue
[2025-08-24T18:03:28.000+0100] {logging_mixin.py:188} INFO - [2025-08-24T18:03:28.000+0100] {dagbag.py:545} INFO - Filling up the DagBag from /Users/homeaccount/PycharmProjects/dmml/churn_prediction_pipeline/airflow_home/dags/.ipynb_checkpoints/airflow_dag-checkpoint.py
[2025-08-24T18:03:28.034+0100] {processor.py:840} INFO - DAG(s) 'churn_pipeline_taskflow' retrieved from /Users/homeaccount/PycharmProjects/dmml/churn_prediction_pipeline/airflow_home/dags/.ipynb_checkpoints/airflow_dag-checkpoint.py
[2025-08-24T18:03:28.107+0100] {logging_mixin.py:188} INFO - [2025-08-24T18:03:28.107+0100] {dag.py:3089} INFO - Sync 1 DAGs
[2025-08-24T18:03:28.113+0100] {logging_mixin.py:188} INFO - [2025-08-24T18:03:28.113+0100] {dag.py:3947} INFO - Setting next_dagrun for churn_pipeline_taskflow to 2025-08-23 23:00:00+00:00, run_after=2025-08-24 23:00:00+00:00
[2025-08-24T18:03:28.118+0100] {processor.py:183} INFO - Processing /Users/homeaccount/PycharmProjects/dmml/churn_prediction_pipeline/airflow_home/dags/.ipynb_checkpoints/airflow_dag-checkpoint.py took 0.121 seconds
[2025-08-24T18:03:59.835+0100] {processor.py:161} INFO - Started process (PID=26049) to work on /Users/homeaccount/PycharmProjects/dmml/churn_prediction_pipeline/airflow_home/dags/.ipynb_checkpoints/airflow_dag-checkpoint.py
[2025-08-24T18:03:59.836+0100] {processor.py:830} INFO - Processing file /Users/homeaccount/PycharmProjects/dmml/churn_prediction_pipeline/airflow_home/dags/.ipynb_checkpoints/airflow_dag-checkpoint.py for tasks to queue
[2025-08-24T18:03:59.836+0100] {logging_mixin.py:188} INFO - [2025-08-24T18:03:59.836+0100] {dagbag.py:545} INFO - Filling up the DagBag from /Users/homeaccount/PycharmProjects/dmml/churn_prediction_pipeline/airflow_home/dags/.ipynb_checkpoints/airflow_dag-checkpoint.py
[2025-08-24T18:03:59.870+0100] {processor.py:840} INFO - DAG(s) 'churn_pipeline_taskflow' retrieved from /Users/homeaccount/PycharmProjects/dmml/churn_prediction_pipeline/airflow_home/dags/.ipynb_checkpoints/airflow_dag-checkpoint.py
[2025-08-24T18:03:59.904+0100] {logging_mixin.py:188} INFO - [2025-08-24T18:03:59.904+0100] {dag.py:3089} INFO - Sync 1 DAGs
[2025-08-24T18:03:59.909+0100] {logging_mixin.py:188} INFO - [2025-08-24T18:03:59.909+0100] {dag.py:3947} INFO - Setting next_dagrun for churn_pipeline_taskflow to 2025-08-23 23:00:00+00:00, run_after=2025-08-24 23:00:00+00:00
[2025-08-24T18:03:59.915+0100] {processor.py:183} INFO - Processing /Users/homeaccount/PycharmProjects/dmml/churn_prediction_pipeline/airflow_home/dags/.ipynb_checkpoints/airflow_dag-checkpoint.py took 0.081 seconds
[2025-08-24T18:04:30.643+0100] {processor.py:161} INFO - Started process (PID=26057) to work on /Users/homeaccount/PycharmProjects/dmml/churn_prediction_pipeline/airflow_home/dags/.ipynb_checkpoints/airflow_dag-checkpoint.py
[2025-08-24T18:04:30.643+0100] {processor.py:830} INFO - Processing file /Users/homeaccount/PycharmProjects/dmml/churn_prediction_pipeline/airflow_home/dags/.ipynb_checkpoints/airflow_dag-checkpoint.py for tasks to queue
[2025-08-24T18:04:30.643+0100] {logging_mixin.py:188} INFO - [2025-08-24T18:04:30.643+0100] {dagbag.py:545} INFO - Filling up the DagBag from /Users/homeaccount/PycharmProjects/dmml/churn_prediction_pipeline/airflow_home/dags/.ipynb_checkpoints/airflow_dag-checkpoint.py
[2025-08-24T18:04:30.676+0100] {processor.py:840} INFO - DAG(s) 'churn_pipeline_taskflow' retrieved from /Users/homeaccount/PycharmProjects/dmml/churn_prediction_pipeline/airflow_home/dags/.ipynb_checkpoints/airflow_dag-checkpoint.py
[2025-08-24T18:04:30.680+0100] {logging_mixin.py:188} INFO - [2025-08-24T18:04:30.680+0100] {dag.py:3089} INFO - Sync 1 DAGs
[2025-08-24T18:04:30.709+0100] {logging_mixin.py:188} INFO - [2025-08-24T18:04:30.709+0100] {dag.py:3947} INFO - Setting next_dagrun for churn_pipeline_taskflow to 2025-08-23 23:00:00+00:00, run_after=2025-08-24 23:00:00+00:00
[2025-08-24T18:04:30.715+0100] {processor.py:183} INFO - Processing /Users/homeaccount/PycharmProjects/dmml/churn_prediction_pipeline/airflow_home/dags/.ipynb_checkpoints/airflow_dag-checkpoint.py took 0.074 seconds
[2025-08-24T18:05:14.910+0100] {processor.py:161} INFO - Started process (PID=26068) to work on /Users/homeaccount/PycharmProjects/dmml/churn_prediction_pipeline/airflow_home/dags/.ipynb_checkpoints/airflow_dag-checkpoint.py
[2025-08-24T18:05:14.911+0100] {processor.py:830} INFO - Processing file /Users/homeaccount/PycharmProjects/dmml/churn_prediction_pipeline/airflow_home/dags/.ipynb_checkpoints/airflow_dag-checkpoint.py for tasks to queue
[2025-08-24T18:05:14.912+0100] {logging_mixin.py:188} INFO - [2025-08-24T18:05:14.912+0100] {dagbag.py:545} INFO - Filling up the DagBag from /Users/homeaccount/PycharmProjects/dmml/churn_prediction_pipeline/airflow_home/dags/.ipynb_checkpoints/airflow_dag-checkpoint.py
[2025-08-24T18:05:14.945+0100] {processor.py:840} INFO - DAG(s) 'churn_pipeline_taskflow' retrieved from /Users/homeaccount/PycharmProjects/dmml/churn_prediction_pipeline/airflow_home/dags/.ipynb_checkpoints/airflow_dag-checkpoint.py
[2025-08-24T18:05:15.013+0100] {logging_mixin.py:188} INFO - [2025-08-24T18:05:15.013+0100] {dag.py:3089} INFO - Sync 1 DAGs
[2025-08-24T18:05:15.019+0100] {logging_mixin.py:188} INFO - [2025-08-24T18:05:15.019+0100] {dag.py:3947} INFO - Setting next_dagrun for churn_pipeline_taskflow to 2025-08-23 23:00:00+00:00, run_after=2025-08-24 23:00:00+00:00
[2025-08-24T18:05:15.025+0100] {processor.py:183} INFO - Processing /Users/homeaccount/PycharmProjects/dmml/churn_prediction_pipeline/airflow_home/dags/.ipynb_checkpoints/airflow_dag-checkpoint.py took 0.115 seconds
[2025-08-24T18:05:47.022+0100] {processor.py:161} INFO - Started process (PID=26095) to work on /Users/homeaccount/PycharmProjects/dmml/churn_prediction_pipeline/airflow_home/dags/.ipynb_checkpoints/airflow_dag-checkpoint.py
[2025-08-24T18:05:47.022+0100] {processor.py:830} INFO - Processing file /Users/homeaccount/PycharmProjects/dmml/churn_prediction_pipeline/airflow_home/dags/.ipynb_checkpoints/airflow_dag-checkpoint.py for tasks to queue
[2025-08-24T18:05:47.022+0100] {logging_mixin.py:188} INFO - [2025-08-24T18:05:47.022+0100] {dagbag.py:545} INFO - Filling up the DagBag from /Users/homeaccount/PycharmProjects/dmml/churn_prediction_pipeline/airflow_home/dags/.ipynb_checkpoints/airflow_dag-checkpoint.py
[2025-08-24T18:05:47.059+0100] {processor.py:840} INFO - DAG(s) 'churn_pipeline_taskflow' retrieved from /Users/homeaccount/PycharmProjects/dmml/churn_prediction_pipeline/airflow_home/dags/.ipynb_checkpoints/airflow_dag-checkpoint.py
[2025-08-24T18:05:47.101+0100] {logging_mixin.py:188} INFO - [2025-08-24T18:05:47.100+0100] {dag.py:3089} INFO - Sync 1 DAGs
[2025-08-24T18:05:47.107+0100] {logging_mixin.py:188} INFO - [2025-08-24T18:05:47.106+0100] {dag.py:3947} INFO - Setting next_dagrun for churn_pipeline_taskflow to 2025-08-23 23:00:00+00:00, run_after=2025-08-24 23:00:00+00:00
[2025-08-24T18:05:47.112+0100] {processor.py:183} INFO - Processing /Users/homeaccount/PycharmProjects/dmml/churn_prediction_pipeline/airflow_home/dags/.ipynb_checkpoints/airflow_dag-checkpoint.py took 0.092 seconds
[2025-08-24T18:06:18.158+0100] {processor.py:161} INFO - Started process (PID=26102) to work on /Users/homeaccount/PycharmProjects/dmml/churn_prediction_pipeline/airflow_home/dags/.ipynb_checkpoints/airflow_dag-checkpoint.py
[2025-08-24T18:06:18.159+0100] {processor.py:830} INFO - Processing file /Users/homeaccount/PycharmProjects/dmml/churn_prediction_pipeline/airflow_home/dags/.ipynb_checkpoints/airflow_dag-checkpoint.py for tasks to queue
[2025-08-24T18:06:18.160+0100] {logging_mixin.py:188} INFO - [2025-08-24T18:06:18.159+0100] {dagbag.py:545} INFO - Filling up the DagBag from /Users/homeaccount/PycharmProjects/dmml/churn_prediction_pipeline/airflow_home/dags/.ipynb_checkpoints/airflow_dag-checkpoint.py
[2025-08-24T18:06:18.194+0100] {processor.py:840} INFO - DAG(s) 'churn_pipeline_taskflow' retrieved from /Users/homeaccount/PycharmProjects/dmml/churn_prediction_pipeline/airflow_home/dags/.ipynb_checkpoints/airflow_dag-checkpoint.py
[2025-08-24T18:06:18.230+0100] {logging_mixin.py:188} INFO - [2025-08-24T18:06:18.230+0100] {dag.py:3089} INFO - Sync 1 DAGs
[2025-08-24T18:06:18.235+0100] {logging_mixin.py:188} INFO - [2025-08-24T18:06:18.235+0100] {dag.py:3947} INFO - Setting next_dagrun for churn_pipeline_taskflow to 2025-08-23 23:00:00+00:00, run_after=2025-08-24 23:00:00+00:00
[2025-08-24T18:06:18.241+0100] {processor.py:183} INFO - Processing /Users/homeaccount/PycharmProjects/dmml/churn_prediction_pipeline/airflow_home/dags/.ipynb_checkpoints/airflow_dag-checkpoint.py took 0.083 seconds
