[2025-08-24T17:35:25.568+0100] {processor.py:161} INFO - Started process (PID=25389) to work on /Users/homeaccount/miniconda3/envs/churn_pipeline/lib/python3.10/site-packages/airflow/example_dags/example_xcomargs.py
[2025-08-24T17:35:25.568+0100] {processor.py:830} INFO - Processing file /Users/homeaccount/miniconda3/envs/churn_pipeline/lib/python3.10/site-packages/airflow/example_dags/example_xcomargs.py for tasks to queue
[2025-08-24T17:35:25.568+0100] {logging_mixin.py:188} INFO - [2025-08-24T17:35:25.568+0100] {dagbag.py:545} INFO - Filling up the DagBag from /Users/homeaccount/miniconda3/envs/churn_pipeline/lib/python3.10/site-packages/airflow/example_dags/example_xcomargs.py
[2025-08-24T17:35:25.601+0100] {processor.py:840} INFO - DAG(s) 'example_xcom_args', 'example_xcom_args_with_operators' retrieved from /Users/homeaccount/miniconda3/envs/churn_pipeline/lib/python3.10/site-packages/airflow/example_dags/example_xcomargs.py
[2025-08-24T17:35:25.661+0100] {logging_mixin.py:188} INFO - [2025-08-24T17:35:25.661+0100] {dag.py:3089} INFO - Sync 2 DAGs
[2025-08-24T17:35:25.664+0100] {logging_mixin.py:188} INFO - [2025-08-24T17:35:25.664+0100] {dag.py:3947} INFO - Setting next_dagrun for example_xcom_args to None, run_after=None
[2025-08-24T17:35:25.664+0100] {logging_mixin.py:188} INFO - [2025-08-24T17:35:25.664+0100] {dag.py:3947} INFO - Setting next_dagrun for example_xcom_args_with_operators to None, run_after=None
[2025-08-24T17:35:25.671+0100] {processor.py:183} INFO - Processing /Users/homeaccount/miniconda3/envs/churn_pipeline/lib/python3.10/site-packages/airflow/example_dags/example_xcomargs.py took 0.104 seconds
[2025-08-24T17:36:52.323+0100] {processor.py:161} INFO - Started process (PID=25455) to work on /Users/homeaccount/miniconda3/envs/churn_pipeline/lib/python3.10/site-packages/airflow/example_dags/example_xcomargs.py
[2025-08-24T17:36:52.324+0100] {processor.py:830} INFO - Processing file /Users/homeaccount/miniconda3/envs/churn_pipeline/lib/python3.10/site-packages/airflow/example_dags/example_xcomargs.py for tasks to queue
[2025-08-24T17:36:52.324+0100] {logging_mixin.py:188} INFO - [2025-08-24T17:36:52.324+0100] {dagbag.py:545} INFO - Filling up the DagBag from /Users/homeaccount/miniconda3/envs/churn_pipeline/lib/python3.10/site-packages/airflow/example_dags/example_xcomargs.py
[2025-08-24T17:36:52.358+0100] {processor.py:840} INFO - DAG(s) 'example_xcom_args_with_operators', 'example_xcom_args' retrieved from /Users/homeaccount/miniconda3/envs/churn_pipeline/lib/python3.10/site-packages/airflow/example_dags/example_xcomargs.py
[2025-08-24T17:36:52.394+0100] {logging_mixin.py:188} INFO - [2025-08-24T17:36:52.393+0100] {dag.py:3089} INFO - Sync 2 DAGs
[2025-08-24T17:36:52.397+0100] {logging_mixin.py:188} INFO - [2025-08-24T17:36:52.397+0100] {dag.py:3947} INFO - Setting next_dagrun for example_xcom_args to None, run_after=None
[2025-08-24T17:36:52.398+0100] {logging_mixin.py:188} INFO - [2025-08-24T17:36:52.398+0100] {dag.py:3947} INFO - Setting next_dagrun for example_xcom_args_with_operators to None, run_after=None
[2025-08-24T17:36:52.403+0100] {processor.py:183} INFO - Processing /Users/homeaccount/miniconda3/envs/churn_pipeline/lib/python3.10/site-packages/airflow/example_dags/example_xcomargs.py took 0.082 seconds
[2025-08-24T17:37:46.575+0100] {processor.py:161} INFO - Started process (PID=25494) to work on /Users/homeaccount/miniconda3/envs/churn_pipeline/lib/python3.10/site-packages/airflow/example_dags/example_xcomargs.py
[2025-08-24T17:37:46.575+0100] {processor.py:830} INFO - Processing file /Users/homeaccount/miniconda3/envs/churn_pipeline/lib/python3.10/site-packages/airflow/example_dags/example_xcomargs.py for tasks to queue
[2025-08-24T17:37:46.575+0100] {logging_mixin.py:188} INFO - [2025-08-24T17:37:46.575+0100] {dagbag.py:545} INFO - Filling up the DagBag from /Users/homeaccount/miniconda3/envs/churn_pipeline/lib/python3.10/site-packages/airflow/example_dags/example_xcomargs.py
[2025-08-24T17:37:46.609+0100] {processor.py:840} INFO - DAG(s) 'example_xcom_args_with_operators', 'example_xcom_args' retrieved from /Users/homeaccount/miniconda3/envs/churn_pipeline/lib/python3.10/site-packages/airflow/example_dags/example_xcomargs.py
[2025-08-24T17:37:46.642+0100] {logging_mixin.py:188} INFO - [2025-08-24T17:37:46.641+0100] {dag.py:3089} INFO - Sync 2 DAGs
[2025-08-24T17:37:46.645+0100] {logging_mixin.py:188} INFO - [2025-08-24T17:37:46.645+0100] {dag.py:3947} INFO - Setting next_dagrun for example_xcom_args to None, run_after=None
[2025-08-24T17:37:46.646+0100] {logging_mixin.py:188} INFO - [2025-08-24T17:37:46.646+0100] {dag.py:3947} INFO - Setting next_dagrun for example_xcom_args_with_operators to None, run_after=None
[2025-08-24T17:37:46.651+0100] {processor.py:183} INFO - Processing /Users/homeaccount/miniconda3/envs/churn_pipeline/lib/python3.10/site-packages/airflow/example_dags/example_xcomargs.py took 0.077 seconds
[2025-08-24T17:38:44.084+0100] {processor.py:161} INFO - Started process (PID=25537) to work on /Users/homeaccount/miniconda3/envs/churn_pipeline/lib/python3.10/site-packages/airflow/example_dags/example_xcomargs.py
[2025-08-24T17:38:44.085+0100] {processor.py:830} INFO - Processing file /Users/homeaccount/miniconda3/envs/churn_pipeline/lib/python3.10/site-packages/airflow/example_dags/example_xcomargs.py for tasks to queue
[2025-08-24T17:38:44.085+0100] {logging_mixin.py:188} INFO - [2025-08-24T17:38:44.085+0100] {dagbag.py:545} INFO - Filling up the DagBag from /Users/homeaccount/miniconda3/envs/churn_pipeline/lib/python3.10/site-packages/airflow/example_dags/example_xcomargs.py
[2025-08-24T17:38:44.117+0100] {processor.py:840} INFO - DAG(s) 'example_xcom_args_with_operators', 'example_xcom_args' retrieved from /Users/homeaccount/miniconda3/envs/churn_pipeline/lib/python3.10/site-packages/airflow/example_dags/example_xcomargs.py
[2025-08-24T17:38:44.149+0100] {logging_mixin.py:188} INFO - [2025-08-24T17:38:44.149+0100] {dag.py:3089} INFO - Sync 2 DAGs
[2025-08-24T17:38:44.152+0100] {logging_mixin.py:188} INFO - [2025-08-24T17:38:44.152+0100] {dag.py:3947} INFO - Setting next_dagrun for example_xcom_args to None, run_after=None
[2025-08-24T17:38:44.153+0100] {logging_mixin.py:188} INFO - [2025-08-24T17:38:44.153+0100] {dag.py:3947} INFO - Setting next_dagrun for example_xcom_args_with_operators to None, run_after=None
[2025-08-24T17:38:44.158+0100] {processor.py:183} INFO - Processing /Users/homeaccount/miniconda3/envs/churn_pipeline/lib/python3.10/site-packages/airflow/example_dags/example_xcomargs.py took 0.076 seconds
[2025-08-24T17:39:39.463+0100] {processor.py:161} INFO - Started process (PID=25589) to work on /Users/homeaccount/miniconda3/envs/churn_pipeline/lib/python3.10/site-packages/airflow/example_dags/example_xcomargs.py
[2025-08-24T17:39:39.464+0100] {processor.py:830} INFO - Processing file /Users/homeaccount/miniconda3/envs/churn_pipeline/lib/python3.10/site-packages/airflow/example_dags/example_xcomargs.py for tasks to queue
[2025-08-24T17:39:39.464+0100] {logging_mixin.py:188} INFO - [2025-08-24T17:39:39.464+0100] {dagbag.py:545} INFO - Filling up the DagBag from /Users/homeaccount/miniconda3/envs/churn_pipeline/lib/python3.10/site-packages/airflow/example_dags/example_xcomargs.py
[2025-08-24T17:39:39.497+0100] {processor.py:840} INFO - DAG(s) 'example_xcom_args_with_operators', 'example_xcom_args' retrieved from /Users/homeaccount/miniconda3/envs/churn_pipeline/lib/python3.10/site-packages/airflow/example_dags/example_xcomargs.py
[2025-08-24T17:39:39.530+0100] {logging_mixin.py:188} INFO - [2025-08-24T17:39:39.530+0100] {dag.py:3089} INFO - Sync 2 DAGs
[2025-08-24T17:39:39.533+0100] {logging_mixin.py:188} INFO - [2025-08-24T17:39:39.533+0100] {dag.py:3947} INFO - Setting next_dagrun for example_xcom_args to None, run_after=None
[2025-08-24T17:39:39.534+0100] {logging_mixin.py:188} INFO - [2025-08-24T17:39:39.534+0100] {dag.py:3947} INFO - Setting next_dagrun for example_xcom_args_with_operators to None, run_after=None
[2025-08-24T17:39:39.540+0100] {processor.py:183} INFO - Processing /Users/homeaccount/miniconda3/envs/churn_pipeline/lib/python3.10/site-packages/airflow/example_dags/example_xcomargs.py took 0.078 seconds
[2025-08-24T17:40:36.607+0100] {processor.py:161} INFO - Started process (PID=25626) to work on /Users/homeaccount/miniconda3/envs/churn_pipeline/lib/python3.10/site-packages/airflow/example_dags/example_xcomargs.py
[2025-08-24T17:40:36.608+0100] {processor.py:830} INFO - Processing file /Users/homeaccount/miniconda3/envs/churn_pipeline/lib/python3.10/site-packages/airflow/example_dags/example_xcomargs.py for tasks to queue
[2025-08-24T17:40:36.608+0100] {logging_mixin.py:188} INFO - [2025-08-24T17:40:36.608+0100] {dagbag.py:545} INFO - Filling up the DagBag from /Users/homeaccount/miniconda3/envs/churn_pipeline/lib/python3.10/site-packages/airflow/example_dags/example_xcomargs.py
[2025-08-24T17:40:36.640+0100] {processor.py:840} INFO - DAG(s) 'example_xcom_args', 'example_xcom_args_with_operators' retrieved from /Users/homeaccount/miniconda3/envs/churn_pipeline/lib/python3.10/site-packages/airflow/example_dags/example_xcomargs.py
[2025-08-24T17:40:36.672+0100] {logging_mixin.py:188} INFO - [2025-08-24T17:40:36.672+0100] {dag.py:3089} INFO - Sync 2 DAGs
[2025-08-24T17:40:36.675+0100] {logging_mixin.py:188} INFO - [2025-08-24T17:40:36.675+0100] {dag.py:3947} INFO - Setting next_dagrun for example_xcom_args to None, run_after=None
[2025-08-24T17:40:36.676+0100] {logging_mixin.py:188} INFO - [2025-08-24T17:40:36.676+0100] {dag.py:3947} INFO - Setting next_dagrun for example_xcom_args_with_operators to None, run_after=None
[2025-08-24T17:40:36.682+0100] {processor.py:183} INFO - Processing /Users/homeaccount/miniconda3/envs/churn_pipeline/lib/python3.10/site-packages/airflow/example_dags/example_xcomargs.py took 0.076 seconds
