[2025-08-24T17:36:31.582+0100] {processor.py:161} INFO - Started process (PID=25437) to work on /Users/homeaccount/miniconda3/envs/churn_pipeline/lib/python3.10/site-packages/airflow/example_dags/example_bash_decorator.py
[2025-08-24T17:36:31.582+0100] {processor.py:830} INFO - Processing file /Users/homeaccount/miniconda3/envs/churn_pipeline/lib/python3.10/site-packages/airflow/example_dags/example_bash_decorator.py for tasks to queue
[2025-08-24T17:36:31.583+0100] {logging_mixin.py:188} INFO - [2025-08-24T17:36:31.583+0100] {dagbag.py:545} INFO - Filling up the DagBag from /Users/homeaccount/miniconda3/envs/churn_pipeline/lib/python3.10/site-packages/airflow/example_dags/example_bash_decorator.py
[2025-08-24T17:36:31.620+0100] {processor.py:840} INFO - DAG(s) 'example_bash_decorator' retrieved from /Users/homeaccount/miniconda3/envs/churn_pipeline/lib/python3.10/site-packages/airflow/example_dags/example_bash_decorator.py
[2025-08-24T17:36:31.679+0100] {logging_mixin.py:188} INFO - [2025-08-24T17:36:31.679+0100] {dag.py:3089} INFO - Sync 1 DAGs
[2025-08-24T17:36:31.682+0100] {logging_mixin.py:188} INFO - [2025-08-24T17:36:31.682+0100] {dag.py:3947} INFO - Setting next_dagrun for example_bash_decorator to None, run_after=None
[2025-08-24T17:36:31.688+0100] {processor.py:183} INFO - Processing /Users/homeaccount/miniconda3/envs/churn_pipeline/lib/python3.10/site-packages/airflow/example_dags/example_bash_decorator.py took 0.108 seconds
[2025-08-24T17:38:21.287+0100] {processor.py:161} INFO - Started process (PID=25516) to work on /Users/homeaccount/miniconda3/envs/churn_pipeline/lib/python3.10/site-packages/airflow/example_dags/example_bash_decorator.py
[2025-08-24T17:38:21.288+0100] {processor.py:830} INFO - Processing file /Users/homeaccount/miniconda3/envs/churn_pipeline/lib/python3.10/site-packages/airflow/example_dags/example_bash_decorator.py for tasks to queue
[2025-08-24T17:38:21.288+0100] {logging_mixin.py:188} INFO - [2025-08-24T17:38:21.288+0100] {dagbag.py:545} INFO - Filling up the DagBag from /Users/homeaccount/miniconda3/envs/churn_pipeline/lib/python3.10/site-packages/airflow/example_dags/example_bash_decorator.py
[2025-08-24T17:38:21.325+0100] {processor.py:840} INFO - DAG(s) 'example_bash_decorator' retrieved from /Users/homeaccount/miniconda3/envs/churn_pipeline/lib/python3.10/site-packages/airflow/example_dags/example_bash_decorator.py
[2025-08-24T17:38:21.410+0100] {logging_mixin.py:188} INFO - [2025-08-24T17:38:21.410+0100] {dag.py:3089} INFO - Sync 1 DAGs
[2025-08-24T17:38:21.414+0100] {logging_mixin.py:188} INFO - [2025-08-24T17:38:21.414+0100] {dag.py:3947} INFO - Setting next_dagrun for example_bash_decorator to None, run_after=None
[2025-08-24T17:38:21.423+0100] {processor.py:183} INFO - Processing /Users/homeaccount/miniconda3/envs/churn_pipeline/lib/python3.10/site-packages/airflow/example_dags/example_bash_decorator.py took 0.137 seconds
[2025-08-24T17:40:14.218+0100] {processor.py:161} INFO - Started process (PID=25613) to work on /Users/homeaccount/miniconda3/envs/churn_pipeline/lib/python3.10/site-packages/airflow/example_dags/example_bash_decorator.py
[2025-08-24T17:40:14.219+0100] {processor.py:830} INFO - Processing file /Users/homeaccount/miniconda3/envs/churn_pipeline/lib/python3.10/site-packages/airflow/example_dags/example_bash_decorator.py for tasks to queue
[2025-08-24T17:40:14.219+0100] {logging_mixin.py:188} INFO - [2025-08-24T17:40:14.219+0100] {dagbag.py:545} INFO - Filling up the DagBag from /Users/homeaccount/miniconda3/envs/churn_pipeline/lib/python3.10/site-packages/airflow/example_dags/example_bash_decorator.py
[2025-08-24T17:40:14.257+0100] {processor.py:840} INFO - DAG(s) 'example_bash_decorator' retrieved from /Users/homeaccount/miniconda3/envs/churn_pipeline/lib/python3.10/site-packages/airflow/example_dags/example_bash_decorator.py
[2025-08-24T17:40:14.331+0100] {logging_mixin.py:188} INFO - [2025-08-24T17:40:14.331+0100] {dag.py:3089} INFO - Sync 1 DAGs
[2025-08-24T17:40:14.334+0100] {logging_mixin.py:188} INFO - [2025-08-24T17:40:14.334+0100] {dag.py:3947} INFO - Setting next_dagrun for example_bash_decorator to None, run_after=None
[2025-08-24T17:40:14.340+0100] {processor.py:183} INFO - Processing /Users/homeaccount/miniconda3/envs/churn_pipeline/lib/python3.10/site-packages/airflow/example_dags/example_bash_decorator.py took 0.123 seconds
