[2025-08-24T17:36:29.392+0100] {processor.py:161} INFO - Started process (PID=25434) to work on /Users/homeaccount/miniconda3/envs/churn_pipeline/lib/python3.10/site-packages/airflow/example_dags/example_branch_datetime_operator.py
[2025-08-24T17:36:29.392+0100] {processor.py:830} INFO - Processing file /Users/homeaccount/miniconda3/envs/churn_pipeline/lib/python3.10/site-packages/airflow/example_dags/example_branch_datetime_operator.py for tasks to queue
[2025-08-24T17:36:29.392+0100] {logging_mixin.py:188} INFO - [2025-08-24T17:36:29.392+0100] {dagbag.py:545} INFO - Filling up the DagBag from /Users/homeaccount/miniconda3/envs/churn_pipeline/lib/python3.10/site-packages/airflow/example_dags/example_branch_datetime_operator.py
[2025-08-24T17:36:29.397+0100] {processor.py:840} INFO - DAG(s) 'example_branch_datetime_operator', 'example_branch_datetime_operator_2', 'example_branch_datetime_operator_3' retrieved from /Users/homeaccount/miniconda3/envs/churn_pipeline/lib/python3.10/site-packages/airflow/example_dags/example_branch_datetime_operator.py
[2025-08-24T17:36:29.479+0100] {logging_mixin.py:188} INFO - [2025-08-24T17:36:29.479+0100] {dag.py:3089} INFO - Sync 3 DAGs
[2025-08-24T17:36:29.485+0100] {logging_mixin.py:188} INFO - [2025-08-24T17:36:29.484+0100] {dag.py:3947} INFO - Setting next_dagrun for example_branch_datetime_operator to 2025-08-23 00:00:00+00:00, run_after=2025-08-24 00:00:00+00:00
[2025-08-24T17:36:29.486+0100] {logging_mixin.py:188} INFO - [2025-08-24T17:36:29.486+0100] {dag.py:3947} INFO - Setting next_dagrun for example_branch_datetime_operator_2 to 2025-08-23 00:00:00+00:00, run_after=2025-08-24 00:00:00+00:00
[2025-08-24T17:36:29.486+0100] {logging_mixin.py:188} INFO - [2025-08-24T17:36:29.486+0100] {dag.py:3947} INFO - Setting next_dagrun for example_branch_datetime_operator_3 to 2025-08-23 00:00:00+00:00, run_after=2025-08-24 00:00:00+00:00
[2025-08-24T17:36:29.493+0100] {processor.py:183} INFO - Processing /Users/homeaccount/miniconda3/envs/churn_pipeline/lib/python3.10/site-packages/airflow/example_dags/example_branch_datetime_operator.py took 0.103 seconds
[2025-08-24T17:38:17.758+0100] {processor.py:161} INFO - Started process (PID=25514) to work on /Users/homeaccount/miniconda3/envs/churn_pipeline/lib/python3.10/site-packages/airflow/example_dags/example_branch_datetime_operator.py
[2025-08-24T17:38:17.758+0100] {processor.py:830} INFO - Processing file /Users/homeaccount/miniconda3/envs/churn_pipeline/lib/python3.10/site-packages/airflow/example_dags/example_branch_datetime_operator.py for tasks to queue
[2025-08-24T17:38:17.758+0100] {logging_mixin.py:188} INFO - [2025-08-24T17:38:17.758+0100] {dagbag.py:545} INFO - Filling up the DagBag from /Users/homeaccount/miniconda3/envs/churn_pipeline/lib/python3.10/site-packages/airflow/example_dags/example_branch_datetime_operator.py
[2025-08-24T17:38:17.763+0100] {processor.py:840} INFO - DAG(s) 'example_branch_datetime_operator_2', 'example_branch_datetime_operator_3', 'example_branch_datetime_operator' retrieved from /Users/homeaccount/miniconda3/envs/churn_pipeline/lib/python3.10/site-packages/airflow/example_dags/example_branch_datetime_operator.py
[2025-08-24T17:38:17.819+0100] {logging_mixin.py:188} INFO - [2025-08-24T17:38:17.819+0100] {dag.py:3089} INFO - Sync 3 DAGs
[2025-08-24T17:38:17.825+0100] {logging_mixin.py:188} INFO - [2025-08-24T17:38:17.825+0100] {dag.py:3947} INFO - Setting next_dagrun for example_branch_datetime_operator to 2025-08-23 00:00:00+00:00, run_after=2025-08-24 00:00:00+00:00
[2025-08-24T17:38:17.826+0100] {logging_mixin.py:188} INFO - [2025-08-24T17:38:17.826+0100] {dag.py:3947} INFO - Setting next_dagrun for example_branch_datetime_operator_2 to 2025-08-23 00:00:00+00:00, run_after=2025-08-24 00:00:00+00:00
[2025-08-24T17:38:17.827+0100] {logging_mixin.py:188} INFO - [2025-08-24T17:38:17.827+0100] {dag.py:3947} INFO - Setting next_dagrun for example_branch_datetime_operator_3 to 2025-08-23 00:00:00+00:00, run_after=2025-08-24 00:00:00+00:00
[2025-08-24T17:38:17.833+0100] {processor.py:183} INFO - Processing /Users/homeaccount/miniconda3/envs/churn_pipeline/lib/python3.10/site-packages/airflow/example_dags/example_branch_datetime_operator.py took 0.076 seconds
[2025-08-24T17:40:10.903+0100] {processor.py:161} INFO - Started process (PID=25611) to work on /Users/homeaccount/miniconda3/envs/churn_pipeline/lib/python3.10/site-packages/airflow/example_dags/example_branch_datetime_operator.py
[2025-08-24T17:40:10.903+0100] {processor.py:830} INFO - Processing file /Users/homeaccount/miniconda3/envs/churn_pipeline/lib/python3.10/site-packages/airflow/example_dags/example_branch_datetime_operator.py for tasks to queue
[2025-08-24T17:40:10.904+0100] {logging_mixin.py:188} INFO - [2025-08-24T17:40:10.904+0100] {dagbag.py:545} INFO - Filling up the DagBag from /Users/homeaccount/miniconda3/envs/churn_pipeline/lib/python3.10/site-packages/airflow/example_dags/example_branch_datetime_operator.py
[2025-08-24T17:40:10.908+0100] {processor.py:840} INFO - DAG(s) 'example_branch_datetime_operator_3', 'example_branch_datetime_operator', 'example_branch_datetime_operator_2' retrieved from /Users/homeaccount/miniconda3/envs/churn_pipeline/lib/python3.10/site-packages/airflow/example_dags/example_branch_datetime_operator.py
[2025-08-24T17:40:10.959+0100] {logging_mixin.py:188} INFO - [2025-08-24T17:40:10.959+0100] {dag.py:3089} INFO - Sync 3 DAGs
[2025-08-24T17:40:10.965+0100] {logging_mixin.py:188} INFO - [2025-08-24T17:40:10.965+0100] {dag.py:3947} INFO - Setting next_dagrun for example_branch_datetime_operator to 2025-08-23 00:00:00+00:00, run_after=2025-08-24 00:00:00+00:00
[2025-08-24T17:40:10.967+0100] {logging_mixin.py:188} INFO - [2025-08-24T17:40:10.967+0100] {dag.py:3947} INFO - Setting next_dagrun for example_branch_datetime_operator_2 to 2025-08-23 00:00:00+00:00, run_after=2025-08-24 00:00:00+00:00
[2025-08-24T17:40:10.967+0100] {logging_mixin.py:188} INFO - [2025-08-24T17:40:10.967+0100] {dag.py:3947} INFO - Setting next_dagrun for example_branch_datetime_operator_3 to 2025-08-23 00:00:00+00:00, run_after=2025-08-24 00:00:00+00:00
[2025-08-24T17:40:10.973+0100] {processor.py:183} INFO - Processing /Users/homeaccount/miniconda3/envs/churn_pipeline/lib/python3.10/site-packages/airflow/example_dags/example_branch_datetime_operator.py took 0.071 seconds
