[2025-08-24T17:35:55.346+0100] {processor.py:161} INFO - Started process (PID=25408) to work on /Users/homeaccount/miniconda3/envs/churn_pipeline/lib/python3.10/site-packages/airflow/example_dags/example_python_decorator.py
[2025-08-24T17:35:55.347+0100] {processor.py:830} INFO - Processing file /Users/homeaccount/miniconda3/envs/churn_pipeline/lib/python3.10/site-packages/airflow/example_dags/example_python_decorator.py for tasks to queue
[2025-08-24T17:35:55.347+0100] {logging_mixin.py:188} INFO - [2025-08-24T17:35:55.347+0100] {dagbag.py:545} INFO - Filling up the DagBag from /Users/homeaccount/miniconda3/envs/churn_pipeline/lib/python3.10/site-packages/airflow/example_dags/example_python_decorator.py
[2025-08-24T17:35:55.379+0100] {logging_mixin.py:188} INFO - [2025-08-24T17:35:55.379+0100] {example_python_decorator.py:80} WARNING - The virtalenv_python example task requires virtualenv, please install it.
[2025-08-24T17:35:55.380+0100] {processor.py:840} INFO - DAG(s) 'example_python_decorator' retrieved from /Users/homeaccount/miniconda3/envs/churn_pipeline/lib/python3.10/site-packages/airflow/example_dags/example_python_decorator.py
[2025-08-24T17:35:55.437+0100] {logging_mixin.py:188} INFO - [2025-08-24T17:35:55.437+0100] {dag.py:3089} INFO - Sync 1 DAGs
[2025-08-24T17:35:55.440+0100] {logging_mixin.py:188} INFO - [2025-08-24T17:35:55.440+0100] {dag.py:3947} INFO - Setting next_dagrun for example_python_decorator to None, run_after=None
[2025-08-24T17:35:55.447+0100] {processor.py:183} INFO - Processing /Users/homeaccount/miniconda3/envs/churn_pipeline/lib/python3.10/site-packages/airflow/example_dags/example_python_decorator.py took 0.101 seconds
[2025-08-24T17:37:18.059+0100] {processor.py:161} INFO - Started process (PID=25472) to work on /Users/homeaccount/miniconda3/envs/churn_pipeline/lib/python3.10/site-packages/airflow/example_dags/example_python_decorator.py
[2025-08-24T17:37:18.059+0100] {processor.py:830} INFO - Processing file /Users/homeaccount/miniconda3/envs/churn_pipeline/lib/python3.10/site-packages/airflow/example_dags/example_python_decorator.py for tasks to queue
[2025-08-24T17:37:18.059+0100] {logging_mixin.py:188} INFO - [2025-08-24T17:37:18.059+0100] {dagbag.py:545} INFO - Filling up the DagBag from /Users/homeaccount/miniconda3/envs/churn_pipeline/lib/python3.10/site-packages/airflow/example_dags/example_python_decorator.py
[2025-08-24T17:37:18.091+0100] {logging_mixin.py:188} INFO - [2025-08-24T17:37:18.091+0100] {example_python_decorator.py:80} WARNING - The virtalenv_python example task requires virtualenv, please install it.
[2025-08-24T17:37:18.091+0100] {processor.py:840} INFO - DAG(s) 'example_python_decorator' retrieved from /Users/homeaccount/miniconda3/envs/churn_pipeline/lib/python3.10/site-packages/airflow/example_dags/example_python_decorator.py
[2025-08-24T17:37:18.123+0100] {logging_mixin.py:188} INFO - [2025-08-24T17:37:18.123+0100] {dag.py:3089} INFO - Sync 1 DAGs
[2025-08-24T17:37:18.126+0100] {logging_mixin.py:188} INFO - [2025-08-24T17:37:18.126+0100] {dag.py:3947} INFO - Setting next_dagrun for example_python_decorator to None, run_after=None
[2025-08-24T17:37:18.132+0100] {processor.py:183} INFO - Processing /Users/homeaccount/miniconda3/envs/churn_pipeline/lib/python3.10/site-packages/airflow/example_dags/example_python_decorator.py took 0.074 seconds
[2025-08-24T17:39:12.259+0100] {processor.py:161} INFO - Started process (PID=25568) to work on /Users/homeaccount/miniconda3/envs/churn_pipeline/lib/python3.10/site-packages/airflow/example_dags/example_python_decorator.py
[2025-08-24T17:39:12.259+0100] {processor.py:830} INFO - Processing file /Users/homeaccount/miniconda3/envs/churn_pipeline/lib/python3.10/site-packages/airflow/example_dags/example_python_decorator.py for tasks to queue
[2025-08-24T17:39:12.260+0100] {logging_mixin.py:188} INFO - [2025-08-24T17:39:12.260+0100] {dagbag.py:545} INFO - Filling up the DagBag from /Users/homeaccount/miniconda3/envs/churn_pipeline/lib/python3.10/site-packages/airflow/example_dags/example_python_decorator.py
[2025-08-24T17:39:12.292+0100] {logging_mixin.py:188} INFO - [2025-08-24T17:39:12.292+0100] {example_python_decorator.py:80} WARNING - The virtalenv_python example task requires virtualenv, please install it.
[2025-08-24T17:39:12.293+0100] {processor.py:840} INFO - DAG(s) 'example_python_decorator' retrieved from /Users/homeaccount/miniconda3/envs/churn_pipeline/lib/python3.10/site-packages/airflow/example_dags/example_python_decorator.py
[2025-08-24T17:39:12.327+0100] {logging_mixin.py:188} INFO - [2025-08-24T17:39:12.327+0100] {dag.py:3089} INFO - Sync 1 DAGs
[2025-08-24T17:39:12.330+0100] {logging_mixin.py:188} INFO - [2025-08-24T17:39:12.330+0100] {dag.py:3947} INFO - Setting next_dagrun for example_python_decorator to None, run_after=None
[2025-08-24T17:39:12.337+0100] {processor.py:183} INFO - Processing /Users/homeaccount/miniconda3/envs/churn_pipeline/lib/python3.10/site-packages/airflow/example_dags/example_python_decorator.py took 0.079 seconds
