[2025-08-24T17:35:34.405+0100] {processor.py:161} INFO - Started process (PID=25394) to work on /Users/homeaccount/miniconda3/envs/churn_pipeline/lib/python3.10/site-packages/airflow/example_dags/example_task_group_decorator.py
[2025-08-24T17:35:34.405+0100] {processor.py:830} INFO - Processing file /Users/homeaccount/miniconda3/envs/churn_pipeline/lib/python3.10/site-packages/airflow/example_dags/example_task_group_decorator.py for tasks to queue
[2025-08-24T17:35:34.406+0100] {logging_mixin.py:188} INFO - [2025-08-24T17:35:34.406+0100] {dagbag.py:545} INFO - Filling up the DagBag from /Users/homeaccount/miniconda3/envs/churn_pipeline/lib/python3.10/site-packages/airflow/example_dags/example_task_group_decorator.py
[2025-08-24T17:35:34.445+0100] {processor.py:840} INFO - DAG(s) 'example_task_group_decorator' retrieved from /Users/homeaccount/miniconda3/envs/churn_pipeline/lib/python3.10/site-packages/airflow/example_dags/example_task_group_decorator.py
[2025-08-24T17:35:34.518+0100] {logging_mixin.py:188} INFO - [2025-08-24T17:35:34.518+0100] {dag.py:3089} INFO - Sync 1 DAGs
[2025-08-24T17:35:34.523+0100] {logging_mixin.py:188} INFO - [2025-08-24T17:35:34.523+0100] {dag.py:3947} INFO - Setting next_dagrun for example_task_group_decorator to 2025-08-23 00:00:00+00:00, run_after=2025-08-24 00:00:00+00:00
[2025-08-24T17:35:34.530+0100] {processor.py:183} INFO - Processing /Users/homeaccount/miniconda3/envs/churn_pipeline/lib/python3.10/site-packages/airflow/example_dags/example_task_group_decorator.py took 0.127 seconds
[2025-08-24T17:36:59.119+0100] {processor.py:161} INFO - Started process (PID=25460) to work on /Users/homeaccount/miniconda3/envs/churn_pipeline/lib/python3.10/site-packages/airflow/example_dags/example_task_group_decorator.py
[2025-08-24T17:36:59.120+0100] {processor.py:830} INFO - Processing file /Users/homeaccount/miniconda3/envs/churn_pipeline/lib/python3.10/site-packages/airflow/example_dags/example_task_group_decorator.py for tasks to queue
[2025-08-24T17:36:59.120+0100] {logging_mixin.py:188} INFO - [2025-08-24T17:36:59.120+0100] {dagbag.py:545} INFO - Filling up the DagBag from /Users/homeaccount/miniconda3/envs/churn_pipeline/lib/python3.10/site-packages/airflow/example_dags/example_task_group_decorator.py
[2025-08-24T17:36:59.153+0100] {processor.py:840} INFO - DAG(s) 'example_task_group_decorator' retrieved from /Users/homeaccount/miniconda3/envs/churn_pipeline/lib/python3.10/site-packages/airflow/example_dags/example_task_group_decorator.py
[2025-08-24T17:36:59.188+0100] {logging_mixin.py:188} INFO - [2025-08-24T17:36:59.188+0100] {dag.py:3089} INFO - Sync 1 DAGs
[2025-08-24T17:36:59.193+0100] {logging_mixin.py:188} INFO - [2025-08-24T17:36:59.193+0100] {dag.py:3947} INFO - Setting next_dagrun for example_task_group_decorator to 2025-08-23 00:00:00+00:00, run_after=2025-08-24 00:00:00+00:00
[2025-08-24T17:36:59.199+0100] {processor.py:183} INFO - Processing /Users/homeaccount/miniconda3/envs/churn_pipeline/lib/python3.10/site-packages/airflow/example_dags/example_task_group_decorator.py took 0.081 seconds
[2025-08-24T17:37:54.900+0100] {processor.py:161} INFO - Started process (PID=25499) to work on /Users/homeaccount/miniconda3/envs/churn_pipeline/lib/python3.10/site-packages/airflow/example_dags/example_task_group_decorator.py
[2025-08-24T17:37:54.901+0100] {processor.py:830} INFO - Processing file /Users/homeaccount/miniconda3/envs/churn_pipeline/lib/python3.10/site-packages/airflow/example_dags/example_task_group_decorator.py for tasks to queue
[2025-08-24T17:37:54.901+0100] {logging_mixin.py:188} INFO - [2025-08-24T17:37:54.901+0100] {dagbag.py:545} INFO - Filling up the DagBag from /Users/homeaccount/miniconda3/envs/churn_pipeline/lib/python3.10/site-packages/airflow/example_dags/example_task_group_decorator.py
[2025-08-24T17:37:54.935+0100] {processor.py:840} INFO - DAG(s) 'example_task_group_decorator' retrieved from /Users/homeaccount/miniconda3/envs/churn_pipeline/lib/python3.10/site-packages/airflow/example_dags/example_task_group_decorator.py
[2025-08-24T17:37:54.968+0100] {logging_mixin.py:188} INFO - [2025-08-24T17:37:54.968+0100] {dag.py:3089} INFO - Sync 1 DAGs
[2025-08-24T17:37:54.974+0100] {logging_mixin.py:188} INFO - [2025-08-24T17:37:54.974+0100] {dag.py:3947} INFO - Setting next_dagrun for example_task_group_decorator to 2025-08-23 00:00:00+00:00, run_after=2025-08-24 00:00:00+00:00
[2025-08-24T17:37:54.979+0100] {processor.py:183} INFO - Processing /Users/homeaccount/miniconda3/envs/churn_pipeline/lib/python3.10/site-packages/airflow/example_dags/example_task_group_decorator.py took 0.080 seconds
[2025-08-24T17:38:52.845+0100] {processor.py:161} INFO - Started process (PID=25554) to work on /Users/homeaccount/miniconda3/envs/churn_pipeline/lib/python3.10/site-packages/airflow/example_dags/example_task_group_decorator.py
[2025-08-24T17:38:52.846+0100] {processor.py:830} INFO - Processing file /Users/homeaccount/miniconda3/envs/churn_pipeline/lib/python3.10/site-packages/airflow/example_dags/example_task_group_decorator.py for tasks to queue
[2025-08-24T17:38:52.847+0100] {logging_mixin.py:188} INFO - [2025-08-24T17:38:52.847+0100] {dagbag.py:545} INFO - Filling up the DagBag from /Users/homeaccount/miniconda3/envs/churn_pipeline/lib/python3.10/site-packages/airflow/example_dags/example_task_group_decorator.py
[2025-08-24T17:38:52.885+0100] {processor.py:840} INFO - DAG(s) 'example_task_group_decorator' retrieved from /Users/homeaccount/miniconda3/envs/churn_pipeline/lib/python3.10/site-packages/airflow/example_dags/example_task_group_decorator.py
[2025-08-24T17:38:52.921+0100] {logging_mixin.py:188} INFO - [2025-08-24T17:38:52.921+0100] {dag.py:3089} INFO - Sync 1 DAGs
[2025-08-24T17:38:52.927+0100] {logging_mixin.py:188} INFO - [2025-08-24T17:38:52.927+0100] {dag.py:3947} INFO - Setting next_dagrun for example_task_group_decorator to 2025-08-23 00:00:00+00:00, run_after=2025-08-24 00:00:00+00:00
[2025-08-24T17:38:52.933+0100] {processor.py:183} INFO - Processing /Users/homeaccount/miniconda3/envs/churn_pipeline/lib/python3.10/site-packages/airflow/example_dags/example_task_group_decorator.py took 0.090 seconds
[2025-08-24T17:40:45.163+0100] {processor.py:161} INFO - Started process (PID=25632) to work on /Users/homeaccount/miniconda3/envs/churn_pipeline/lib/python3.10/site-packages/airflow/example_dags/example_task_group_decorator.py
[2025-08-24T17:40:45.164+0100] {processor.py:830} INFO - Processing file /Users/homeaccount/miniconda3/envs/churn_pipeline/lib/python3.10/site-packages/airflow/example_dags/example_task_group_decorator.py for tasks to queue
[2025-08-24T17:40:45.164+0100] {logging_mixin.py:188} INFO - [2025-08-24T17:40:45.164+0100] {dagbag.py:545} INFO - Filling up the DagBag from /Users/homeaccount/miniconda3/envs/churn_pipeline/lib/python3.10/site-packages/airflow/example_dags/example_task_group_decorator.py
[2025-08-24T17:40:45.197+0100] {processor.py:840} INFO - DAG(s) 'example_task_group_decorator' retrieved from /Users/homeaccount/miniconda3/envs/churn_pipeline/lib/python3.10/site-packages/airflow/example_dags/example_task_group_decorator.py
[2025-08-24T17:40:45.230+0100] {logging_mixin.py:188} INFO - [2025-08-24T17:40:45.230+0100] {dag.py:3089} INFO - Sync 1 DAGs
[2025-08-24T17:40:45.235+0100] {logging_mixin.py:188} INFO - [2025-08-24T17:40:45.235+0100] {dag.py:3947} INFO - Setting next_dagrun for example_task_group_decorator to 2025-08-23 00:00:00+00:00, run_after=2025-08-24 00:00:00+00:00
[2025-08-24T17:40:45.241+0100] {processor.py:183} INFO - Processing /Users/homeaccount/miniconda3/envs/churn_pipeline/lib/python3.10/site-packages/airflow/example_dags/example_task_group_decorator.py took 0.079 seconds
