[2025-08-24T17:36:13.031+0100] {processor.py:161} INFO - Started process (PID=25420) to work on /Users/homeaccount/miniconda3/envs/churn_pipeline/lib/python3.10/site-packages/airflow/example_dags/example_dynamic_task_mapping.py
[2025-08-24T17:36:13.032+0100] {processor.py:830} INFO - Processing file /Users/homeaccount/miniconda3/envs/churn_pipeline/lib/python3.10/site-packages/airflow/example_dags/example_dynamic_task_mapping.py for tasks to queue
[2025-08-24T17:36:13.032+0100] {logging_mixin.py:188} INFO - [2025-08-24T17:36:13.032+0100] {dagbag.py:545} INFO - Filling up the DagBag from /Users/homeaccount/miniconda3/envs/churn_pipeline/lib/python3.10/site-packages/airflow/example_dags/example_dynamic_task_mapping.py
[2025-08-24T17:36:13.064+0100] {processor.py:840} INFO - DAG(s) 'example_dynamic_task_mapping' retrieved from /Users/homeaccount/miniconda3/envs/churn_pipeline/lib/python3.10/site-packages/airflow/example_dags/example_dynamic_task_mapping.py
[2025-08-24T17:36:13.121+0100] {logging_mixin.py:188} INFO - [2025-08-24T17:36:13.121+0100] {dag.py:3089} INFO - Sync 1 DAGs
[2025-08-24T17:36:13.126+0100] {logging_mixin.py:188} INFO - [2025-08-24T17:36:13.126+0100] {dag.py:3947} INFO - Setting next_dagrun for example_dynamic_task_mapping to 2022-03-04 00:00:00+00:00, run_after=2022-03-05 00:00:00+00:00
[2025-08-24T17:36:13.133+0100] {processor.py:183} INFO - Processing /Users/homeaccount/miniconda3/envs/churn_pipeline/lib/python3.10/site-packages/airflow/example_dags/example_dynamic_task_mapping.py took 0.102 seconds
[2025-08-24T17:38:02.872+0100] {processor.py:161} INFO - Started process (PID=25504) to work on /Users/homeaccount/miniconda3/envs/churn_pipeline/lib/python3.10/site-packages/airflow/example_dags/example_dynamic_task_mapping.py
[2025-08-24T17:38:02.873+0100] {processor.py:830} INFO - Processing file /Users/homeaccount/miniconda3/envs/churn_pipeline/lib/python3.10/site-packages/airflow/example_dags/example_dynamic_task_mapping.py for tasks to queue
[2025-08-24T17:38:02.873+0100] {logging_mixin.py:188} INFO - [2025-08-24T17:38:02.873+0100] {dagbag.py:545} INFO - Filling up the DagBag from /Users/homeaccount/miniconda3/envs/churn_pipeline/lib/python3.10/site-packages/airflow/example_dags/example_dynamic_task_mapping.py
[2025-08-24T17:38:02.904+0100] {processor.py:840} INFO - DAG(s) 'example_dynamic_task_mapping' retrieved from /Users/homeaccount/miniconda3/envs/churn_pipeline/lib/python3.10/site-packages/airflow/example_dags/example_dynamic_task_mapping.py
[2025-08-24T17:38:02.936+0100] {logging_mixin.py:188} INFO - [2025-08-24T17:38:02.935+0100] {dag.py:3089} INFO - Sync 1 DAGs
[2025-08-24T17:38:02.940+0100] {logging_mixin.py:188} INFO - [2025-08-24T17:38:02.940+0100] {dag.py:3947} INFO - Setting next_dagrun for example_dynamic_task_mapping to 2022-03-04 00:00:00+00:00, run_after=2022-03-05 00:00:00+00:00
[2025-08-24T17:38:02.946+0100] {processor.py:183} INFO - Processing /Users/homeaccount/miniconda3/envs/churn_pipeline/lib/python3.10/site-packages/airflow/example_dags/example_dynamic_task_mapping.py took 0.075 seconds
[2025-08-24T17:39:54.830+0100] {processor.py:161} INFO - Started process (PID=25600) to work on /Users/homeaccount/miniconda3/envs/churn_pipeline/lib/python3.10/site-packages/airflow/example_dags/example_dynamic_task_mapping.py
[2025-08-24T17:39:54.831+0100] {processor.py:830} INFO - Processing file /Users/homeaccount/miniconda3/envs/churn_pipeline/lib/python3.10/site-packages/airflow/example_dags/example_dynamic_task_mapping.py for tasks to queue
[2025-08-24T17:39:54.831+0100] {logging_mixin.py:188} INFO - [2025-08-24T17:39:54.831+0100] {dagbag.py:545} INFO - Filling up the DagBag from /Users/homeaccount/miniconda3/envs/churn_pipeline/lib/python3.10/site-packages/airflow/example_dags/example_dynamic_task_mapping.py
[2025-08-24T17:39:54.862+0100] {processor.py:840} INFO - DAG(s) 'example_dynamic_task_mapping' retrieved from /Users/homeaccount/miniconda3/envs/churn_pipeline/lib/python3.10/site-packages/airflow/example_dags/example_dynamic_task_mapping.py
[2025-08-24T17:39:54.894+0100] {logging_mixin.py:188} INFO - [2025-08-24T17:39:54.894+0100] {dag.py:3089} INFO - Sync 1 DAGs
[2025-08-24T17:39:54.899+0100] {logging_mixin.py:188} INFO - [2025-08-24T17:39:54.899+0100] {dag.py:3947} INFO - Setting next_dagrun for example_dynamic_task_mapping to 2022-03-04 00:00:00+00:00, run_after=2022-03-05 00:00:00+00:00
[2025-08-24T17:39:54.905+0100] {processor.py:183} INFO - Processing /Users/homeaccount/miniconda3/envs/churn_pipeline/lib/python3.10/site-packages/airflow/example_dags/example_dynamic_task_mapping.py took 0.076 seconds
