[2025-08-24T17:36:16.513+0100] {processor.py:161} INFO - Started process (PID=25422) to work on /Users/homeaccount/miniconda3/envs/churn_pipeline/lib/python3.10/site-packages/airflow/example_dags/example_datasets.py
[2025-08-24T17:36:16.513+0100] {processor.py:830} INFO - Processing file /Users/homeaccount/miniconda3/envs/churn_pipeline/lib/python3.10/site-packages/airflow/example_dags/example_datasets.py for tasks to queue
[2025-08-24T17:36:16.514+0100] {logging_mixin.py:188} INFO - [2025-08-24T17:36:16.514+0100] {dagbag.py:545} INFO - Filling up the DagBag from /Users/homeaccount/miniconda3/envs/churn_pipeline/lib/python3.10/site-packages/airflow/example_dags/example_datasets.py
[2025-08-24T17:36:16.532+0100] {processor.py:840} INFO - DAG(s) 'dataset_consumes_1', 'consume_1_or_both_2_and_3_with_dataset_expressions', 'dataset_produces_2', 'dataset_consumes_unknown_never_scheduled', 'dataset_consumes_1_never_scheduled', 'consume_1_or_2_with_dataset_expressions', 'conditional_dataset_and_time_based_timetable', 'consume_1_and_2_with_dataset_expressions', 'dataset_produces_1', 'dataset_consumes_1_and_2' retrieved from /Users/homeaccount/miniconda3/envs/churn_pipeline/lib/python3.10/site-packages/airflow/example_dags/example_datasets.py
[2025-08-24T17:36:16.634+0100] {logging_mixin.py:188} INFO - [2025-08-24T17:36:16.634+0100] {dag.py:3089} INFO - Sync 10 DAGs
[2025-08-24T17:36:16.641+0100] {logging_mixin.py:188} INFO - [2025-08-24T17:36:16.641+0100] {dag.py:3947} INFO - Setting next_dagrun for conditional_dataset_and_time_based_timetable to 2025-08-20 01:00:00+00:00, run_after=2025-08-20 01:00:00+00:00
[2025-08-24T17:36:16.642+0100] {logging_mixin.py:188} INFO - [2025-08-24T17:36:16.642+0100] {dag.py:3947} INFO - Setting next_dagrun for consume_1_and_2_with_dataset_expressions to None, run_after=None
[2025-08-24T17:36:16.642+0100] {logging_mixin.py:188} INFO - [2025-08-24T17:36:16.642+0100] {dag.py:3947} INFO - Setting next_dagrun for consume_1_or_2_with_dataset_expressions to None, run_after=None
[2025-08-24T17:36:16.642+0100] {logging_mixin.py:188} INFO - [2025-08-24T17:36:16.642+0100] {dag.py:3947} INFO - Setting next_dagrun for consume_1_or_both_2_and_3_with_dataset_expressions to None, run_after=None
[2025-08-24T17:36:16.643+0100] {logging_mixin.py:188} INFO - [2025-08-24T17:36:16.642+0100] {dag.py:3947} INFO - Setting next_dagrun for dataset_consumes_1 to None, run_after=None
[2025-08-24T17:36:16.643+0100] {logging_mixin.py:188} INFO - [2025-08-24T17:36:16.643+0100] {dag.py:3947} INFO - Setting next_dagrun for dataset_consumes_1_and_2 to None, run_after=None
[2025-08-24T17:36:16.643+0100] {logging_mixin.py:188} INFO - [2025-08-24T17:36:16.643+0100] {dag.py:3947} INFO - Setting next_dagrun for dataset_consumes_1_never_scheduled to None, run_after=None
[2025-08-24T17:36:16.643+0100] {logging_mixin.py:188} INFO - [2025-08-24T17:36:16.643+0100] {dag.py:3947} INFO - Setting next_dagrun for dataset_consumes_unknown_never_scheduled to None, run_after=None
[2025-08-24T17:36:16.644+0100] {logging_mixin.py:188} INFO - [2025-08-24T17:36:16.644+0100] {dag.py:3947} INFO - Setting next_dagrun for dataset_produces_1 to 2025-08-23 00:00:00+00:00, run_after=2025-08-24 00:00:00+00:00
[2025-08-24T17:36:16.644+0100] {logging_mixin.py:188} INFO - [2025-08-24T17:36:16.644+0100] {dag.py:3947} INFO - Setting next_dagrun for dataset_produces_2 to None, run_after=None
[2025-08-24T17:36:16.655+0100] {processor.py:183} INFO - Processing /Users/homeaccount/miniconda3/envs/churn_pipeline/lib/python3.10/site-packages/airflow/example_dags/example_datasets.py took 0.143 seconds
[2025-08-24T17:38:05.642+0100] {processor.py:161} INFO - Started process (PID=25506) to work on /Users/homeaccount/miniconda3/envs/churn_pipeline/lib/python3.10/site-packages/airflow/example_dags/example_datasets.py
[2025-08-24T17:38:05.643+0100] {processor.py:830} INFO - Processing file /Users/homeaccount/miniconda3/envs/churn_pipeline/lib/python3.10/site-packages/airflow/example_dags/example_datasets.py for tasks to queue
[2025-08-24T17:38:05.643+0100] {logging_mixin.py:188} INFO - [2025-08-24T17:38:05.643+0100] {dagbag.py:545} INFO - Filling up the DagBag from /Users/homeaccount/miniconda3/envs/churn_pipeline/lib/python3.10/site-packages/airflow/example_dags/example_datasets.py
[2025-08-24T17:38:05.668+0100] {processor.py:840} INFO - DAG(s) 'consume_1_or_2_with_dataset_expressions', 'dataset_consumes_1_never_scheduled', 'conditional_dataset_and_time_based_timetable', 'dataset_produces_2', 'dataset_produces_1', 'consume_1_and_2_with_dataset_expressions', 'dataset_consumes_1_and_2', 'dataset_consumes_unknown_never_scheduled', 'dataset_consumes_1', 'consume_1_or_both_2_and_3_with_dataset_expressions' retrieved from /Users/homeaccount/miniconda3/envs/churn_pipeline/lib/python3.10/site-packages/airflow/example_dags/example_datasets.py
[2025-08-24T17:38:05.729+0100] {logging_mixin.py:188} INFO - [2025-08-24T17:38:05.729+0100] {dag.py:3089} INFO - Sync 10 DAGs
[2025-08-24T17:38:05.736+0100] {logging_mixin.py:188} INFO - [2025-08-24T17:38:05.736+0100] {dag.py:3947} INFO - Setting next_dagrun for conditional_dataset_and_time_based_timetable to 2025-08-20 01:00:00+00:00, run_after=2025-08-20 01:00:00+00:00
[2025-08-24T17:38:05.737+0100] {logging_mixin.py:188} INFO - [2025-08-24T17:38:05.737+0100] {dag.py:3947} INFO - Setting next_dagrun for consume_1_and_2_with_dataset_expressions to None, run_after=None
[2025-08-24T17:38:05.737+0100] {logging_mixin.py:188} INFO - [2025-08-24T17:38:05.737+0100] {dag.py:3947} INFO - Setting next_dagrun for consume_1_or_2_with_dataset_expressions to None, run_after=None
[2025-08-24T17:38:05.738+0100] {logging_mixin.py:188} INFO - [2025-08-24T17:38:05.737+0100] {dag.py:3947} INFO - Setting next_dagrun for consume_1_or_both_2_and_3_with_dataset_expressions to None, run_after=None
[2025-08-24T17:38:05.738+0100] {logging_mixin.py:188} INFO - [2025-08-24T17:38:05.738+0100] {dag.py:3947} INFO - Setting next_dagrun for dataset_consumes_1 to None, run_after=None
[2025-08-24T17:38:05.738+0100] {logging_mixin.py:188} INFO - [2025-08-24T17:38:05.738+0100] {dag.py:3947} INFO - Setting next_dagrun for dataset_consumes_1_and_2 to None, run_after=None
[2025-08-24T17:38:05.738+0100] {logging_mixin.py:188} INFO - [2025-08-24T17:38:05.738+0100] {dag.py:3947} INFO - Setting next_dagrun for dataset_consumes_1_never_scheduled to None, run_after=None
[2025-08-24T17:38:05.739+0100] {logging_mixin.py:188} INFO - [2025-08-24T17:38:05.739+0100] {dag.py:3947} INFO - Setting next_dagrun for dataset_consumes_unknown_never_scheduled to None, run_after=None
[2025-08-24T17:38:05.739+0100] {logging_mixin.py:188} INFO - [2025-08-24T17:38:05.739+0100] {dag.py:3947} INFO - Setting next_dagrun for dataset_produces_1 to 2025-08-23 00:00:00+00:00, run_after=2025-08-24 00:00:00+00:00
[2025-08-24T17:38:05.739+0100] {logging_mixin.py:188} INFO - [2025-08-24T17:38:05.739+0100] {dag.py:3947} INFO - Setting next_dagrun for dataset_produces_2 to None, run_after=None
[2025-08-24T17:38:05.748+0100] {processor.py:183} INFO - Processing /Users/homeaccount/miniconda3/envs/churn_pipeline/lib/python3.10/site-packages/airflow/example_dags/example_datasets.py took 0.108 seconds
[2025-08-24T17:39:58.250+0100] {processor.py:161} INFO - Started process (PID=25603) to work on /Users/homeaccount/miniconda3/envs/churn_pipeline/lib/python3.10/site-packages/airflow/example_dags/example_datasets.py
[2025-08-24T17:39:58.253+0100] {processor.py:830} INFO - Processing file /Users/homeaccount/miniconda3/envs/churn_pipeline/lib/python3.10/site-packages/airflow/example_dags/example_datasets.py for tasks to queue
[2025-08-24T17:39:58.253+0100] {logging_mixin.py:188} INFO - [2025-08-24T17:39:58.253+0100] {dagbag.py:545} INFO - Filling up the DagBag from /Users/homeaccount/miniconda3/envs/churn_pipeline/lib/python3.10/site-packages/airflow/example_dags/example_datasets.py
[2025-08-24T17:39:58.274+0100] {processor.py:840} INFO - DAG(s) 'consume_1_or_2_with_dataset_expressions', 'consume_1_or_both_2_and_3_with_dataset_expressions', 'dataset_consumes_1_never_scheduled', 'dataset_consumes_unknown_never_scheduled', 'conditional_dataset_and_time_based_timetable', 'consume_1_and_2_with_dataset_expressions', 'dataset_consumes_1', 'dataset_consumes_1_and_2', 'dataset_produces_2', 'dataset_produces_1' retrieved from /Users/homeaccount/miniconda3/envs/churn_pipeline/lib/python3.10/site-packages/airflow/example_dags/example_datasets.py
[2025-08-24T17:39:58.332+0100] {logging_mixin.py:188} INFO - [2025-08-24T17:39:58.332+0100] {dag.py:3089} INFO - Sync 10 DAGs
[2025-08-24T17:39:58.338+0100] {logging_mixin.py:188} INFO - [2025-08-24T17:39:58.338+0100] {dag.py:3947} INFO - Setting next_dagrun for conditional_dataset_and_time_based_timetable to 2025-08-20 01:00:00+00:00, run_after=2025-08-20 01:00:00+00:00
[2025-08-24T17:39:58.339+0100] {logging_mixin.py:188} INFO - [2025-08-24T17:39:58.339+0100] {dag.py:3947} INFO - Setting next_dagrun for consume_1_and_2_with_dataset_expressions to None, run_after=None
[2025-08-24T17:39:58.340+0100] {logging_mixin.py:188} INFO - [2025-08-24T17:39:58.339+0100] {dag.py:3947} INFO - Setting next_dagrun for consume_1_or_2_with_dataset_expressions to None, run_after=None
[2025-08-24T17:39:58.340+0100] {logging_mixin.py:188} INFO - [2025-08-24T17:39:58.340+0100] {dag.py:3947} INFO - Setting next_dagrun for consume_1_or_both_2_and_3_with_dataset_expressions to None, run_after=None
[2025-08-24T17:39:58.340+0100] {logging_mixin.py:188} INFO - [2025-08-24T17:39:58.340+0100] {dag.py:3947} INFO - Setting next_dagrun for dataset_consumes_1 to None, run_after=None
[2025-08-24T17:39:58.340+0100] {logging_mixin.py:188} INFO - [2025-08-24T17:39:58.340+0100] {dag.py:3947} INFO - Setting next_dagrun for dataset_consumes_1_and_2 to None, run_after=None
[2025-08-24T17:39:58.341+0100] {logging_mixin.py:188} INFO - [2025-08-24T17:39:58.341+0100] {dag.py:3947} INFO - Setting next_dagrun for dataset_consumes_1_never_scheduled to None, run_after=None
[2025-08-24T17:39:58.341+0100] {logging_mixin.py:188} INFO - [2025-08-24T17:39:58.341+0100] {dag.py:3947} INFO - Setting next_dagrun for dataset_consumes_unknown_never_scheduled to None, run_after=None
[2025-08-24T17:39:58.341+0100] {logging_mixin.py:188} INFO - [2025-08-24T17:39:58.341+0100] {dag.py:3947} INFO - Setting next_dagrun for dataset_produces_1 to 2025-08-23 00:00:00+00:00, run_after=2025-08-24 00:00:00+00:00
[2025-08-24T17:39:58.342+0100] {logging_mixin.py:188} INFO - [2025-08-24T17:39:58.342+0100] {dag.py:3947} INFO - Setting next_dagrun for dataset_produces_2 to None, run_after=None
[2025-08-24T17:39:58.350+0100] {processor.py:183} INFO - Processing /Users/homeaccount/miniconda3/envs/churn_pipeline/lib/python3.10/site-packages/airflow/example_dags/example_datasets.py took 0.102 seconds
