[2025-08-24T17:35:51.866+0100] {processor.py:161} INFO - Started process (PID=25406) to work on /Users/homeaccount/miniconda3/envs/churn_pipeline/lib/python3.10/site-packages/airflow/example_dags/example_sensor_decorator.py
[2025-08-24T17:35:51.866+0100] {processor.py:830} INFO - Processing file /Users/homeaccount/miniconda3/envs/churn_pipeline/lib/python3.10/site-packages/airflow/example_dags/example_sensor_decorator.py for tasks to queue
[2025-08-24T17:35:51.866+0100] {logging_mixin.py:188} INFO - [2025-08-24T17:35:51.866+0100] {dagbag.py:545} INFO - Filling up the DagBag from /Users/homeaccount/miniconda3/envs/churn_pipeline/lib/python3.10/site-packages/airflow/example_dags/example_sensor_decorator.py
[2025-08-24T17:35:51.898+0100] {processor.py:840} INFO - DAG(s) 'example_sensor_decorator' retrieved from /Users/homeaccount/miniconda3/envs/churn_pipeline/lib/python3.10/site-packages/airflow/example_dags/example_sensor_decorator.py
[2025-08-24T17:35:51.960+0100] {logging_mixin.py:188} INFO - [2025-08-24T17:35:51.960+0100] {dag.py:3089} INFO - Sync 1 DAGs
[2025-08-24T17:35:51.963+0100] {logging_mixin.py:188} INFO - [2025-08-24T17:35:51.963+0100] {dag.py:3947} INFO - Setting next_dagrun for example_sensor_decorator to None, run_after=None
[2025-08-24T17:35:51.969+0100] {processor.py:183} INFO - Processing /Users/homeaccount/miniconda3/envs/churn_pipeline/lib/python3.10/site-packages/airflow/example_dags/example_sensor_decorator.py took 0.105 seconds
[2025-08-24T17:37:14.647+0100] {processor.py:161} INFO - Started process (PID=25470) to work on /Users/homeaccount/miniconda3/envs/churn_pipeline/lib/python3.10/site-packages/airflow/example_dags/example_sensor_decorator.py
[2025-08-24T17:37:14.649+0100] {processor.py:830} INFO - Processing file /Users/homeaccount/miniconda3/envs/churn_pipeline/lib/python3.10/site-packages/airflow/example_dags/example_sensor_decorator.py for tasks to queue
[2025-08-24T17:37:14.649+0100] {logging_mixin.py:188} INFO - [2025-08-24T17:37:14.649+0100] {dagbag.py:545} INFO - Filling up the DagBag from /Users/homeaccount/miniconda3/envs/churn_pipeline/lib/python3.10/site-packages/airflow/example_dags/example_sensor_decorator.py
[2025-08-24T17:37:14.680+0100] {processor.py:840} INFO - DAG(s) 'example_sensor_decorator' retrieved from /Users/homeaccount/miniconda3/envs/churn_pipeline/lib/python3.10/site-packages/airflow/example_dags/example_sensor_decorator.py
[2025-08-24T17:37:14.716+0100] {logging_mixin.py:188} INFO - [2025-08-24T17:37:14.716+0100] {dag.py:3089} INFO - Sync 1 DAGs
[2025-08-24T17:37:14.719+0100] {logging_mixin.py:188} INFO - [2025-08-24T17:37:14.719+0100] {dag.py:3947} INFO - Setting next_dagrun for example_sensor_decorator to None, run_after=None
[2025-08-24T17:37:14.725+0100] {processor.py:183} INFO - Processing /Users/homeaccount/miniconda3/envs/churn_pipeline/lib/python3.10/site-packages/airflow/example_dags/example_sensor_decorator.py took 0.078 seconds
[2025-08-24T17:39:08.814+0100] {processor.py:161} INFO - Started process (PID=25565) to work on /Users/homeaccount/miniconda3/envs/churn_pipeline/lib/python3.10/site-packages/airflow/example_dags/example_sensor_decorator.py
[2025-08-24T17:39:08.815+0100] {processor.py:830} INFO - Processing file /Users/homeaccount/miniconda3/envs/churn_pipeline/lib/python3.10/site-packages/airflow/example_dags/example_sensor_decorator.py for tasks to queue
[2025-08-24T17:39:08.815+0100] {logging_mixin.py:188} INFO - [2025-08-24T17:39:08.815+0100] {dagbag.py:545} INFO - Filling up the DagBag from /Users/homeaccount/miniconda3/envs/churn_pipeline/lib/python3.10/site-packages/airflow/example_dags/example_sensor_decorator.py
[2025-08-24T17:39:08.847+0100] {processor.py:840} INFO - DAG(s) 'example_sensor_decorator' retrieved from /Users/homeaccount/miniconda3/envs/churn_pipeline/lib/python3.10/site-packages/airflow/example_dags/example_sensor_decorator.py
[2025-08-24T17:39:08.883+0100] {logging_mixin.py:188} INFO - [2025-08-24T17:39:08.883+0100] {dag.py:3089} INFO - Sync 1 DAGs
[2025-08-24T17:39:08.886+0100] {logging_mixin.py:188} INFO - [2025-08-24T17:39:08.886+0100] {dag.py:3947} INFO - Setting next_dagrun for example_sensor_decorator to None, run_after=None
[2025-08-24T17:39:08.892+0100] {processor.py:183} INFO - Processing /Users/homeaccount/miniconda3/envs/churn_pipeline/lib/python3.10/site-packages/airflow/example_dags/example_sensor_decorator.py took 0.079 seconds
