[2025-08-24T17:36:18.329+0100] {processor.py:161} INFO - Started process (PID=25423) to work on /Users/homeaccount/miniconda3/envs/churn_pipeline/lib/python3.10/site-packages/airflow/example_dags/example_dag_decorator.py
[2025-08-24T17:36:18.330+0100] {processor.py:830} INFO - Processing file /Users/homeaccount/miniconda3/envs/churn_pipeline/lib/python3.10/site-packages/airflow/example_dags/example_dag_decorator.py for tasks to queue
[2025-08-24T17:36:18.330+0100] {logging_mixin.py:188} INFO - [2025-08-24T17:36:18.330+0100] {dagbag.py:545} INFO - Filling up the DagBag from /Users/homeaccount/miniconda3/envs/churn_pipeline/lib/python3.10/site-packages/airflow/example_dags/example_dag_decorator.py
[2025-08-24T17:36:18.421+0100] {processor.py:840} INFO - DAG(s) 'example_dag_decorator' retrieved from /Users/homeaccount/miniconda3/envs/churn_pipeline/lib/python3.10/site-packages/airflow/example_dags/example_dag_decorator.py
[2025-08-24T17:36:18.477+0100] {logging_mixin.py:188} INFO - [2025-08-24T17:36:18.476+0100] {dag.py:3089} INFO - Sync 1 DAGs
[2025-08-24T17:36:18.479+0100] {logging_mixin.py:188} INFO - [2025-08-24T17:36:18.479+0100] {dag.py:3947} INFO - Setting next_dagrun for example_dag_decorator to None, run_after=None
[2025-08-24T17:36:18.486+0100] {processor.py:183} INFO - Processing /Users/homeaccount/miniconda3/envs/churn_pipeline/lib/python3.10/site-packages/airflow/example_dags/example_dag_decorator.py took 0.157 seconds
[2025-08-24T17:38:07.379+0100] {processor.py:161} INFO - Started process (PID=25507) to work on /Users/homeaccount/miniconda3/envs/churn_pipeline/lib/python3.10/site-packages/airflow/example_dags/example_dag_decorator.py
[2025-08-24T17:38:07.380+0100] {processor.py:830} INFO - Processing file /Users/homeaccount/miniconda3/envs/churn_pipeline/lib/python3.10/site-packages/airflow/example_dags/example_dag_decorator.py for tasks to queue
[2025-08-24T17:38:07.380+0100] {logging_mixin.py:188} INFO - [2025-08-24T17:38:07.380+0100] {dagbag.py:545} INFO - Filling up the DagBag from /Users/homeaccount/miniconda3/envs/churn_pipeline/lib/python3.10/site-packages/airflow/example_dags/example_dag_decorator.py
[2025-08-24T17:38:07.476+0100] {processor.py:840} INFO - DAG(s) 'example_dag_decorator' retrieved from /Users/homeaccount/miniconda3/envs/churn_pipeline/lib/python3.10/site-packages/airflow/example_dags/example_dag_decorator.py
[2025-08-24T17:38:07.541+0100] {logging_mixin.py:188} INFO - [2025-08-24T17:38:07.541+0100] {dag.py:3089} INFO - Sync 1 DAGs
[2025-08-24T17:38:07.544+0100] {logging_mixin.py:188} INFO - [2025-08-24T17:38:07.544+0100] {dag.py:3947} INFO - Setting next_dagrun for example_dag_decorator to None, run_after=None
[2025-08-24T17:38:07.550+0100] {processor.py:183} INFO - Processing /Users/homeaccount/miniconda3/envs/churn_pipeline/lib/python3.10/site-packages/airflow/example_dags/example_dag_decorator.py took 0.172 seconds
[2025-08-24T17:39:59.989+0100] {processor.py:161} INFO - Started process (PID=25604) to work on /Users/homeaccount/miniconda3/envs/churn_pipeline/lib/python3.10/site-packages/airflow/example_dags/example_dag_decorator.py
[2025-08-24T17:39:59.990+0100] {processor.py:830} INFO - Processing file /Users/homeaccount/miniconda3/envs/churn_pipeline/lib/python3.10/site-packages/airflow/example_dags/example_dag_decorator.py for tasks to queue
[2025-08-24T17:39:59.990+0100] {logging_mixin.py:188} INFO - [2025-08-24T17:39:59.990+0100] {dagbag.py:545} INFO - Filling up the DagBag from /Users/homeaccount/miniconda3/envs/churn_pipeline/lib/python3.10/site-packages/airflow/example_dags/example_dag_decorator.py
[2025-08-24T17:40:00.082+0100] {processor.py:840} INFO - DAG(s) 'example_dag_decorator' retrieved from /Users/homeaccount/miniconda3/envs/churn_pipeline/lib/python3.10/site-packages/airflow/example_dags/example_dag_decorator.py
[2025-08-24T17:40:00.147+0100] {logging_mixin.py:188} INFO - [2025-08-24T17:40:00.147+0100] {dag.py:3089} INFO - Sync 1 DAGs
[2025-08-24T17:40:00.150+0100] {logging_mixin.py:188} INFO - [2025-08-24T17:40:00.150+0100] {dag.py:3947} INFO - Setting next_dagrun for example_dag_decorator to None, run_after=None
[2025-08-24T17:40:00.156+0100] {processor.py:183} INFO - Processing /Users/homeaccount/miniconda3/envs/churn_pipeline/lib/python3.10/site-packages/airflow/example_dags/example_dag_decorator.py took 0.168 seconds
