[2025-08-24T17:35:39.583+0100] {processor.py:161} INFO - Started process (PID=25399) to work on /Users/homeaccount/miniconda3/envs/churn_pipeline/lib/python3.10/site-packages/airflow/example_dags/example_sla_dag.py
[2025-08-24T17:35:39.584+0100] {processor.py:830} INFO - Processing file /Users/homeaccount/miniconda3/envs/churn_pipeline/lib/python3.10/site-packages/airflow/example_dags/example_sla_dag.py for tasks to queue
[2025-08-24T17:35:39.584+0100] {logging_mixin.py:188} INFO - [2025-08-24T17:35:39.584+0100] {dagbag.py:545} INFO - Filling up the DagBag from /Users/homeaccount/miniconda3/envs/churn_pipeline/lib/python3.10/site-packages/airflow/example_dags/example_sla_dag.py
[2025-08-24T17:35:39.616+0100] {processor.py:840} INFO - DAG(s) 'example_sla_dag' retrieved from /Users/homeaccount/miniconda3/envs/churn_pipeline/lib/python3.10/site-packages/airflow/example_dags/example_sla_dag.py
[2025-08-24T17:35:39.673+0100] {logging_mixin.py:188} INFO - [2025-08-24T17:35:39.673+0100] {dag.py:3089} INFO - Sync 1 DAGs
[2025-08-24T17:35:39.680+0100] {logging_mixin.py:188} INFO - [2025-08-24T17:35:39.680+0100] {dag.py:3947} INFO - Setting next_dagrun for example_sla_dag to 2025-08-24 16:32:00+00:00, run_after=2025-08-24 16:34:00+00:00
[2025-08-24T17:35:39.686+0100] {processor.py:183} INFO - Processing /Users/homeaccount/miniconda3/envs/churn_pipeline/lib/python3.10/site-packages/airflow/example_dags/example_sla_dag.py took 0.104 seconds
[2025-08-24T17:37:04.251+0100] {processor.py:161} INFO - Started process (PID=25463) to work on /Users/homeaccount/miniconda3/envs/churn_pipeline/lib/python3.10/site-packages/airflow/example_dags/example_sla_dag.py
[2025-08-24T17:37:04.252+0100] {processor.py:830} INFO - Processing file /Users/homeaccount/miniconda3/envs/churn_pipeline/lib/python3.10/site-packages/airflow/example_dags/example_sla_dag.py for tasks to queue
[2025-08-24T17:37:04.252+0100] {logging_mixin.py:188} INFO - [2025-08-24T17:37:04.252+0100] {dagbag.py:545} INFO - Filling up the DagBag from /Users/homeaccount/miniconda3/envs/churn_pipeline/lib/python3.10/site-packages/airflow/example_dags/example_sla_dag.py
[2025-08-24T17:37:04.284+0100] {processor.py:840} INFO - DAG(s) 'example_sla_dag' retrieved from /Users/homeaccount/miniconda3/envs/churn_pipeline/lib/python3.10/site-packages/airflow/example_dags/example_sla_dag.py
[2025-08-24T17:37:04.315+0100] {logging_mixin.py:188} INFO - [2025-08-24T17:37:04.315+0100] {dag.py:3089} INFO - Sync 1 DAGs
[2025-08-24T17:37:04.322+0100] {logging_mixin.py:188} INFO - [2025-08-24T17:37:04.322+0100] {dag.py:3947} INFO - Setting next_dagrun for example_sla_dag to 2025-08-24 16:34:00+00:00, run_after=2025-08-24 16:36:00+00:00
[2025-08-24T17:37:04.327+0100] {processor.py:183} INFO - Processing /Users/homeaccount/miniconda3/envs/churn_pipeline/lib/python3.10/site-packages/airflow/example_dags/example_sla_dag.py took 0.077 seconds
[2025-08-24T17:38:58.092+0100] {processor.py:161} INFO - Started process (PID=25558) to work on /Users/homeaccount/miniconda3/envs/churn_pipeline/lib/python3.10/site-packages/airflow/example_dags/example_sla_dag.py
[2025-08-24T17:38:58.092+0100] {processor.py:830} INFO - Processing file /Users/homeaccount/miniconda3/envs/churn_pipeline/lib/python3.10/site-packages/airflow/example_dags/example_sla_dag.py for tasks to queue
[2025-08-24T17:38:58.092+0100] {logging_mixin.py:188} INFO - [2025-08-24T17:38:58.092+0100] {dagbag.py:545} INFO - Filling up the DagBag from /Users/homeaccount/miniconda3/envs/churn_pipeline/lib/python3.10/site-packages/airflow/example_dags/example_sla_dag.py
[2025-08-24T17:38:58.125+0100] {processor.py:840} INFO - DAG(s) 'example_sla_dag' retrieved from /Users/homeaccount/miniconda3/envs/churn_pipeline/lib/python3.10/site-packages/airflow/example_dags/example_sla_dag.py
[2025-08-24T17:38:58.156+0100] {logging_mixin.py:188} INFO - [2025-08-24T17:38:58.156+0100] {dag.py:3089} INFO - Sync 1 DAGs
[2025-08-24T17:38:58.162+0100] {logging_mixin.py:188} INFO - [2025-08-24T17:38:58.162+0100] {dag.py:3947} INFO - Setting next_dagrun for example_sla_dag to 2025-08-24 16:36:00+00:00, run_after=2025-08-24 16:38:00+00:00
[2025-08-24T17:38:58.168+0100] {processor.py:183} INFO - Processing /Users/homeaccount/miniconda3/envs/churn_pipeline/lib/python3.10/site-packages/airflow/example_dags/example_sla_dag.py took 0.077 seconds
