[2025-08-24T17:36:30.902+0100] {processor.py:161} INFO - Started process (PID=25436) to work on /Users/homeaccount/miniconda3/envs/churn_pipeline/lib/python3.10/site-packages/airflow/example_dags/example_bash_operator.py
[2025-08-24T17:36:30.902+0100] {processor.py:830} INFO - Processing file /Users/homeaccount/miniconda3/envs/churn_pipeline/lib/python3.10/site-packages/airflow/example_dags/example_bash_operator.py for tasks to queue
[2025-08-24T17:36:30.902+0100] {logging_mixin.py:188} INFO - [2025-08-24T17:36:30.902+0100] {dagbag.py:545} INFO - Filling up the DagBag from /Users/homeaccount/miniconda3/envs/churn_pipeline/lib/python3.10/site-packages/airflow/example_dags/example_bash_operator.py
[2025-08-24T17:36:30.906+0100] {processor.py:840} INFO - DAG(s) 'example_bash_operator' retrieved from /Users/homeaccount/miniconda3/envs/churn_pipeline/lib/python3.10/site-packages/airflow/example_dags/example_bash_operator.py
[2025-08-24T17:36:30.985+0100] {logging_mixin.py:188} INFO - [2025-08-24T17:36:30.985+0100] {dag.py:3089} INFO - Sync 1 DAGs
[2025-08-24T17:36:30.990+0100] {logging_mixin.py:188} INFO - [2025-08-24T17:36:30.990+0100] {dag.py:3947} INFO - Setting next_dagrun for example_bash_operator to 2025-08-23 00:00:00+00:00, run_after=2025-08-24 00:00:00+00:00
[2025-08-24T17:36:30.997+0100] {processor.py:183} INFO - Processing /Users/homeaccount/miniconda3/envs/churn_pipeline/lib/python3.10/site-packages/airflow/example_dags/example_bash_operator.py took 0.097 seconds
[2025-08-24T17:38:19.520+0100] {processor.py:161} INFO - Started process (PID=25515) to work on /Users/homeaccount/miniconda3/envs/churn_pipeline/lib/python3.10/site-packages/airflow/example_dags/example_bash_operator.py
[2025-08-24T17:38:19.521+0100] {processor.py:830} INFO - Processing file /Users/homeaccount/miniconda3/envs/churn_pipeline/lib/python3.10/site-packages/airflow/example_dags/example_bash_operator.py for tasks to queue
[2025-08-24T17:38:19.522+0100] {logging_mixin.py:188} INFO - [2025-08-24T17:38:19.522+0100] {dagbag.py:545} INFO - Filling up the DagBag from /Users/homeaccount/miniconda3/envs/churn_pipeline/lib/python3.10/site-packages/airflow/example_dags/example_bash_operator.py
[2025-08-24T17:38:19.527+0100] {processor.py:840} INFO - DAG(s) 'example_bash_operator' retrieved from /Users/homeaccount/miniconda3/envs/churn_pipeline/lib/python3.10/site-packages/airflow/example_dags/example_bash_operator.py
[2025-08-24T17:38:19.590+0100] {logging_mixin.py:188} INFO - [2025-08-24T17:38:19.590+0100] {dag.py:3089} INFO - Sync 1 DAGs
[2025-08-24T17:38:19.596+0100] {logging_mixin.py:188} INFO - [2025-08-24T17:38:19.596+0100] {dag.py:3947} INFO - Setting next_dagrun for example_bash_operator to 2025-08-23 00:00:00+00:00, run_after=2025-08-24 00:00:00+00:00
[2025-08-24T17:38:19.604+0100] {processor.py:183} INFO - Processing /Users/homeaccount/miniconda3/envs/churn_pipeline/lib/python3.10/site-packages/airflow/example_dags/example_bash_operator.py took 0.085 seconds
[2025-08-24T17:40:12.503+0100] {processor.py:161} INFO - Started process (PID=25612) to work on /Users/homeaccount/miniconda3/envs/churn_pipeline/lib/python3.10/site-packages/airflow/example_dags/example_bash_operator.py
[2025-08-24T17:40:12.504+0100] {processor.py:830} INFO - Processing file /Users/homeaccount/miniconda3/envs/churn_pipeline/lib/python3.10/site-packages/airflow/example_dags/example_bash_operator.py for tasks to queue
[2025-08-24T17:40:12.504+0100] {logging_mixin.py:188} INFO - [2025-08-24T17:40:12.504+0100] {dagbag.py:545} INFO - Filling up the DagBag from /Users/homeaccount/miniconda3/envs/churn_pipeline/lib/python3.10/site-packages/airflow/example_dags/example_bash_operator.py
[2025-08-24T17:40:12.508+0100] {processor.py:840} INFO - DAG(s) 'example_bash_operator' retrieved from /Users/homeaccount/miniconda3/envs/churn_pipeline/lib/python3.10/site-packages/airflow/example_dags/example_bash_operator.py
[2025-08-24T17:40:12.561+0100] {logging_mixin.py:188} INFO - [2025-08-24T17:40:12.561+0100] {dag.py:3089} INFO - Sync 1 DAGs
[2025-08-24T17:40:12.567+0100] {logging_mixin.py:188} INFO - [2025-08-24T17:40:12.567+0100] {dag.py:3947} INFO - Setting next_dagrun for example_bash_operator to 2025-08-23 00:00:00+00:00, run_after=2025-08-24 00:00:00+00:00
[2025-08-24T17:40:12.573+0100] {processor.py:183} INFO - Processing /Users/homeaccount/miniconda3/envs/churn_pipeline/lib/python3.10/site-packages/airflow/example_dags/example_bash_operator.py took 0.071 seconds
