[2025-08-24T17:35:37.823+0100] {processor.py:161} INFO - Started process (PID=25397) to work on /Users/homeaccount/miniconda3/envs/churn_pipeline/lib/python3.10/site-packages/airflow/example_dags/example_subdag_operator.py
[2025-08-24T17:35:37.823+0100] {processor.py:830} INFO - Processing file /Users/homeaccount/miniconda3/envs/churn_pipeline/lib/python3.10/site-packages/airflow/example_dags/example_subdag_operator.py for tasks to queue
[2025-08-24T17:35:37.823+0100] {logging_mixin.py:188} INFO - [2025-08-24T17:35:37.823+0100] {dagbag.py:545} INFO - Filling up the DagBag from /Users/homeaccount/miniconda3/envs/churn_pipeline/lib/python3.10/site-packages/airflow/example_dags/example_subdag_operator.py
[2025-08-24T17:35:37.873+0100] {processor.py:840} INFO - DAG(s) 'example_subdag_operator.section-1', 'example_subdag_operator.section-2', 'example_subdag_operator' retrieved from /Users/homeaccount/miniconda3/envs/churn_pipeline/lib/python3.10/site-packages/airflow/example_dags/example_subdag_operator.py
[2025-08-24T17:35:37.913+0100] {logging_mixin.py:188} INFO - [2025-08-24T17:35:37.913+0100] {dag.py:3089} INFO - Sync 3 DAGs
[2025-08-24T17:35:37.918+0100] {logging_mixin.py:188} INFO - [2025-08-24T17:35:37.918+0100] {dag.py:3947} INFO - Setting next_dagrun for example_subdag_operator to 2022-01-01 00:00:00+00:00, run_after=2022-01-01 00:00:00+00:00
[2025-08-24T17:35:37.918+0100] {logging_mixin.py:188} INFO - [2025-08-24T17:35:37.918+0100] {dag.py:3947} INFO - Setting next_dagrun for example_subdag_operator.section-1 to None, run_after=None
[2025-08-24T17:35:37.919+0100] {logging_mixin.py:188} INFO - [2025-08-24T17:35:37.919+0100] {dag.py:3947} INFO - Setting next_dagrun for example_subdag_operator.section-2 to None, run_after=None
[2025-08-24T17:35:37.922+0100] {logging_mixin.py:188} INFO - [2025-08-24T17:35:37.922+0100] {dag.py:3089} INFO - Sync 2 DAGs
[2025-08-24T17:35:37.923+0100] {logging_mixin.py:188} INFO - [2025-08-24T17:35:37.923+0100] {dag.py:3947} INFO - Setting next_dagrun for example_subdag_operator.section-1 to None, run_after=None
[2025-08-24T17:35:37.923+0100] {logging_mixin.py:188} INFO - [2025-08-24T17:35:37.923+0100] {dag.py:3947} INFO - Setting next_dagrun for example_subdag_operator.section-2 to None, run_after=None
[2025-08-24T17:35:37.927+0100] {processor.py:183} INFO - Processing /Users/homeaccount/miniconda3/envs/churn_pipeline/lib/python3.10/site-packages/airflow/example_dags/example_subdag_operator.py took 0.105 seconds
[2025-08-24T17:37:02.547+0100] {processor.py:161} INFO - Started process (PID=25462) to work on /Users/homeaccount/miniconda3/envs/churn_pipeline/lib/python3.10/site-packages/airflow/example_dags/example_subdag_operator.py
[2025-08-24T17:37:02.548+0100] {processor.py:830} INFO - Processing file /Users/homeaccount/miniconda3/envs/churn_pipeline/lib/python3.10/site-packages/airflow/example_dags/example_subdag_operator.py for tasks to queue
[2025-08-24T17:37:02.548+0100] {logging_mixin.py:188} INFO - [2025-08-24T17:37:02.548+0100] {dagbag.py:545} INFO - Filling up the DagBag from /Users/homeaccount/miniconda3/envs/churn_pipeline/lib/python3.10/site-packages/airflow/example_dags/example_subdag_operator.py
[2025-08-24T17:37:02.596+0100] {processor.py:840} INFO - DAG(s) 'example_subdag_operator.section-1', 'example_subdag_operator.section-2', 'example_subdag_operator' retrieved from /Users/homeaccount/miniconda3/envs/churn_pipeline/lib/python3.10/site-packages/airflow/example_dags/example_subdag_operator.py
[2025-08-24T17:37:02.610+0100] {logging_mixin.py:188} INFO - [2025-08-24T17:37:02.610+0100] {dag.py:3089} INFO - Sync 3 DAGs
[2025-08-24T17:37:02.615+0100] {logging_mixin.py:188} INFO - [2025-08-24T17:37:02.615+0100] {dag.py:3947} INFO - Setting next_dagrun for example_subdag_operator to 2022-01-01 00:00:00+00:00, run_after=2022-01-01 00:00:00+00:00
[2025-08-24T17:37:02.616+0100] {logging_mixin.py:188} INFO - [2025-08-24T17:37:02.616+0100] {dag.py:3947} INFO - Setting next_dagrun for example_subdag_operator.section-1 to None, run_after=None
[2025-08-24T17:37:02.616+0100] {logging_mixin.py:188} INFO - [2025-08-24T17:37:02.616+0100] {dag.py:3947} INFO - Setting next_dagrun for example_subdag_operator.section-2 to None, run_after=None
[2025-08-24T17:37:02.618+0100] {logging_mixin.py:188} INFO - [2025-08-24T17:37:02.618+0100] {dag.py:3089} INFO - Sync 2 DAGs
[2025-08-24T17:37:02.619+0100] {logging_mixin.py:188} INFO - [2025-08-24T17:37:02.619+0100] {dag.py:3947} INFO - Setting next_dagrun for example_subdag_operator.section-1 to None, run_after=None
[2025-08-24T17:37:02.619+0100] {logging_mixin.py:188} INFO - [2025-08-24T17:37:02.619+0100] {dag.py:3947} INFO - Setting next_dagrun for example_subdag_operator.section-2 to None, run_after=None
[2025-08-24T17:37:02.623+0100] {processor.py:183} INFO - Processing /Users/homeaccount/miniconda3/envs/churn_pipeline/lib/python3.10/site-packages/airflow/example_dags/example_subdag_operator.py took 0.078 seconds
[2025-08-24T17:38:56.343+0100] {processor.py:161} INFO - Started process (PID=25557) to work on /Users/homeaccount/miniconda3/envs/churn_pipeline/lib/python3.10/site-packages/airflow/example_dags/example_subdag_operator.py
[2025-08-24T17:38:56.344+0100] {processor.py:830} INFO - Processing file /Users/homeaccount/miniconda3/envs/churn_pipeline/lib/python3.10/site-packages/airflow/example_dags/example_subdag_operator.py for tasks to queue
[2025-08-24T17:38:56.344+0100] {logging_mixin.py:188} INFO - [2025-08-24T17:38:56.344+0100] {dagbag.py:545} INFO - Filling up the DagBag from /Users/homeaccount/miniconda3/envs/churn_pipeline/lib/python3.10/site-packages/airflow/example_dags/example_subdag_operator.py
[2025-08-24T17:38:56.394+0100] {processor.py:840} INFO - DAG(s) 'example_subdag_operator.section-1', 'example_subdag_operator.section-2', 'example_subdag_operator' retrieved from /Users/homeaccount/miniconda3/envs/churn_pipeline/lib/python3.10/site-packages/airflow/example_dags/example_subdag_operator.py
[2025-08-24T17:38:56.408+0100] {logging_mixin.py:188} INFO - [2025-08-24T17:38:56.408+0100] {dag.py:3089} INFO - Sync 3 DAGs
[2025-08-24T17:38:56.414+0100] {logging_mixin.py:188} INFO - [2025-08-24T17:38:56.414+0100] {dag.py:3947} INFO - Setting next_dagrun for example_subdag_operator to 2022-01-01 00:00:00+00:00, run_after=2022-01-01 00:00:00+00:00
[2025-08-24T17:38:56.415+0100] {logging_mixin.py:188} INFO - [2025-08-24T17:38:56.415+0100] {dag.py:3947} INFO - Setting next_dagrun for example_subdag_operator.section-1 to None, run_after=None
[2025-08-24T17:38:56.415+0100] {logging_mixin.py:188} INFO - [2025-08-24T17:38:56.415+0100] {dag.py:3947} INFO - Setting next_dagrun for example_subdag_operator.section-2 to None, run_after=None
[2025-08-24T17:38:56.417+0100] {logging_mixin.py:188} INFO - [2025-08-24T17:38:56.417+0100] {dag.py:3089} INFO - Sync 2 DAGs
[2025-08-24T17:38:56.418+0100] {logging_mixin.py:188} INFO - [2025-08-24T17:38:56.418+0100] {dag.py:3947} INFO - Setting next_dagrun for example_subdag_operator.section-1 to None, run_after=None
[2025-08-24T17:38:56.418+0100] {logging_mixin.py:188} INFO - [2025-08-24T17:38:56.418+0100] {dag.py:3947} INFO - Setting next_dagrun for example_subdag_operator.section-2 to None, run_after=None
[2025-08-24T17:38:56.422+0100] {processor.py:183} INFO - Processing /Users/homeaccount/miniconda3/envs/churn_pipeline/lib/python3.10/site-packages/airflow/example_dags/example_subdag_operator.py took 0.080 seconds
