[2025-08-24T17:36:20.150+0100] {processor.py:161} INFO - Started process (PID=25424) to work on /Users/homeaccount/miniconda3/envs/churn_pipeline/lib/python3.10/site-packages/airflow/example_dags/example_complex.py
[2025-08-24T17:36:20.151+0100] {processor.py:830} INFO - Processing file /Users/homeaccount/miniconda3/envs/churn_pipeline/lib/python3.10/site-packages/airflow/example_dags/example_complex.py for tasks to queue
[2025-08-24T17:36:20.151+0100] {logging_mixin.py:188} INFO - [2025-08-24T17:36:20.151+0100] {dagbag.py:545} INFO - Filling up the DagBag from /Users/homeaccount/miniconda3/envs/churn_pipeline/lib/python3.10/site-packages/airflow/example_dags/example_complex.py
[2025-08-24T17:36:20.156+0100] {processor.py:840} INFO - DAG(s) 'example_complex' retrieved from /Users/homeaccount/miniconda3/envs/churn_pipeline/lib/python3.10/site-packages/airflow/example_dags/example_complex.py
[2025-08-24T17:36:20.235+0100] {logging_mixin.py:188} INFO - [2025-08-24T17:36:20.235+0100] {dag.py:3089} INFO - Sync 1 DAGs
[2025-08-24T17:36:20.238+0100] {logging_mixin.py:188} INFO - [2025-08-24T17:36:20.238+0100] {dag.py:3947} INFO - Setting next_dagrun for example_complex to None, run_after=None
[2025-08-24T17:36:20.245+0100] {processor.py:183} INFO - Processing /Users/homeaccount/miniconda3/envs/churn_pipeline/lib/python3.10/site-packages/airflow/example_dags/example_complex.py took 0.096 seconds
[2025-08-24T17:38:08.575+0100] {processor.py:161} INFO - Started process (PID=25508) to work on /Users/homeaccount/miniconda3/envs/churn_pipeline/lib/python3.10/site-packages/airflow/example_dags/example_complex.py
[2025-08-24T17:38:08.576+0100] {processor.py:830} INFO - Processing file /Users/homeaccount/miniconda3/envs/churn_pipeline/lib/python3.10/site-packages/airflow/example_dags/example_complex.py for tasks to queue
[2025-08-24T17:38:08.576+0100] {logging_mixin.py:188} INFO - [2025-08-24T17:38:08.576+0100] {dagbag.py:545} INFO - Filling up the DagBag from /Users/homeaccount/miniconda3/envs/churn_pipeline/lib/python3.10/site-packages/airflow/example_dags/example_complex.py
[2025-08-24T17:38:08.580+0100] {processor.py:840} INFO - DAG(s) 'example_complex' retrieved from /Users/homeaccount/miniconda3/envs/churn_pipeline/lib/python3.10/site-packages/airflow/example_dags/example_complex.py
[2025-08-24T17:38:08.634+0100] {logging_mixin.py:188} INFO - [2025-08-24T17:38:08.634+0100] {dag.py:3089} INFO - Sync 1 DAGs
[2025-08-24T17:38:08.637+0100] {logging_mixin.py:188} INFO - [2025-08-24T17:38:08.637+0100] {dag.py:3947} INFO - Setting next_dagrun for example_complex to None, run_after=None
[2025-08-24T17:38:08.643+0100] {processor.py:183} INFO - Processing /Users/homeaccount/miniconda3/envs/churn_pipeline/lib/python3.10/site-packages/airflow/example_dags/example_complex.py took 0.070 seconds
[2025-08-24T17:40:01.810+0100] {processor.py:161} INFO - Started process (PID=25605) to work on /Users/homeaccount/miniconda3/envs/churn_pipeline/lib/python3.10/site-packages/airflow/example_dags/example_complex.py
[2025-08-24T17:40:01.811+0100] {processor.py:830} INFO - Processing file /Users/homeaccount/miniconda3/envs/churn_pipeline/lib/python3.10/site-packages/airflow/example_dags/example_complex.py for tasks to queue
[2025-08-24T17:40:01.811+0100] {logging_mixin.py:188} INFO - [2025-08-24T17:40:01.811+0100] {dagbag.py:545} INFO - Filling up the DagBag from /Users/homeaccount/miniconda3/envs/churn_pipeline/lib/python3.10/site-packages/airflow/example_dags/example_complex.py
[2025-08-24T17:40:01.815+0100] {processor.py:840} INFO - DAG(s) 'example_complex' retrieved from /Users/homeaccount/miniconda3/envs/churn_pipeline/lib/python3.10/site-packages/airflow/example_dags/example_complex.py
[2025-08-24T17:40:01.870+0100] {logging_mixin.py:188} INFO - [2025-08-24T17:40:01.870+0100] {dag.py:3089} INFO - Sync 1 DAGs
[2025-08-24T17:40:01.873+0100] {logging_mixin.py:188} INFO - [2025-08-24T17:40:01.873+0100] {dag.py:3947} INFO - Setting next_dagrun for example_complex to None, run_after=None
[2025-08-24T17:40:01.879+0100] {processor.py:183} INFO - Processing /Users/homeaccount/miniconda3/envs/churn_pipeline/lib/python3.10/site-packages/airflow/example_dags/example_complex.py took 0.070 seconds
