[2025-08-24T17:35:50.114+0100] {processor.py:161} INFO - Started process (PID=25405) to work on /Users/homeaccount/miniconda3/envs/churn_pipeline/lib/python3.10/site-packages/airflow/example_dags/example_sensors.py
[2025-08-24T17:35:50.114+0100] {processor.py:830} INFO - Processing file /Users/homeaccount/miniconda3/envs/churn_pipeline/lib/python3.10/site-packages/airflow/example_dags/example_sensors.py for tasks to queue
[2025-08-24T17:35:50.115+0100] {logging_mixin.py:188} INFO - [2025-08-24T17:35:50.115+0100] {dagbag.py:545} INFO - Filling up the DagBag from /Users/homeaccount/miniconda3/envs/churn_pipeline/lib/python3.10/site-packages/airflow/example_dags/example_sensors.py
[2025-08-24T17:35:50.120+0100] {processor.py:840} INFO - DAG(s) 'example_sensors' retrieved from /Users/homeaccount/miniconda3/envs/churn_pipeline/lib/python3.10/site-packages/airflow/example_dags/example_sensors.py
[2025-08-24T17:35:50.206+0100] {logging_mixin.py:188} INFO - [2025-08-24T17:35:50.206+0100] {dag.py:3089} INFO - Sync 1 DAGs
[2025-08-24T17:35:50.209+0100] {logging_mixin.py:188} INFO - [2025-08-24T17:35:50.209+0100] {dag.py:3947} INFO - Setting next_dagrun for example_sensors to None, run_after=None
[2025-08-24T17:35:50.216+0100] {processor.py:183} INFO - Processing /Users/homeaccount/miniconda3/envs/churn_pipeline/lib/python3.10/site-packages/airflow/example_dags/example_sensors.py took 0.104 seconds
[2025-08-24T17:37:12.928+0100] {processor.py:161} INFO - Started process (PID=25469) to work on /Users/homeaccount/miniconda3/envs/churn_pipeline/lib/python3.10/site-packages/airflow/example_dags/example_sensors.py
[2025-08-24T17:37:12.929+0100] {processor.py:830} INFO - Processing file /Users/homeaccount/miniconda3/envs/churn_pipeline/lib/python3.10/site-packages/airflow/example_dags/example_sensors.py for tasks to queue
[2025-08-24T17:37:12.929+0100] {logging_mixin.py:188} INFO - [2025-08-24T17:37:12.929+0100] {dagbag.py:545} INFO - Filling up the DagBag from /Users/homeaccount/miniconda3/envs/churn_pipeline/lib/python3.10/site-packages/airflow/example_dags/example_sensors.py
[2025-08-24T17:37:12.935+0100] {processor.py:840} INFO - DAG(s) 'example_sensors' retrieved from /Users/homeaccount/miniconda3/envs/churn_pipeline/lib/python3.10/site-packages/airflow/example_dags/example_sensors.py
[2025-08-24T17:37:12.992+0100] {logging_mixin.py:188} INFO - [2025-08-24T17:37:12.992+0100] {dag.py:3089} INFO - Sync 1 DAGs
[2025-08-24T17:37:12.995+0100] {logging_mixin.py:188} INFO - [2025-08-24T17:37:12.995+0100] {dag.py:3947} INFO - Setting next_dagrun for example_sensors to None, run_after=None
[2025-08-24T17:37:13.001+0100] {processor.py:183} INFO - Processing /Users/homeaccount/miniconda3/envs/churn_pipeline/lib/python3.10/site-packages/airflow/example_dags/example_sensors.py took 0.074 seconds
[2025-08-24T17:39:07.823+0100] {processor.py:161} INFO - Started process (PID=25564) to work on /Users/homeaccount/miniconda3/envs/churn_pipeline/lib/python3.10/site-packages/airflow/example_dags/example_sensors.py
[2025-08-24T17:39:07.824+0100] {processor.py:830} INFO - Processing file /Users/homeaccount/miniconda3/envs/churn_pipeline/lib/python3.10/site-packages/airflow/example_dags/example_sensors.py for tasks to queue
[2025-08-24T17:39:07.824+0100] {logging_mixin.py:188} INFO - [2025-08-24T17:39:07.824+0100] {dagbag.py:545} INFO - Filling up the DagBag from /Users/homeaccount/miniconda3/envs/churn_pipeline/lib/python3.10/site-packages/airflow/example_dags/example_sensors.py
[2025-08-24T17:39:07.829+0100] {processor.py:840} INFO - DAG(s) 'example_sensors' retrieved from /Users/homeaccount/miniconda3/envs/churn_pipeline/lib/python3.10/site-packages/airflow/example_dags/example_sensors.py
[2025-08-24T17:39:07.889+0100] {logging_mixin.py:188} INFO - [2025-08-24T17:39:07.889+0100] {dag.py:3089} INFO - Sync 1 DAGs
[2025-08-24T17:39:07.894+0100] {logging_mixin.py:188} INFO - [2025-08-24T17:39:07.893+0100] {dag.py:3947} INFO - Setting next_dagrun for example_sensors to None, run_after=None
[2025-08-24T17:39:07.900+0100] {processor.py:183} INFO - Processing /Users/homeaccount/miniconda3/envs/churn_pipeline/lib/python3.10/site-packages/airflow/example_dags/example_sensors.py took 0.078 seconds
