[2025-08-24T17:36:14.774+0100] {processor.py:161} INFO - Started process (PID=25421) to work on /Users/homeaccount/miniconda3/envs/churn_pipeline/lib/python3.10/site-packages/airflow/example_dags/example_display_name.py
[2025-08-24T17:36:14.774+0100] {processor.py:830} INFO - Processing file /Users/homeaccount/miniconda3/envs/churn_pipeline/lib/python3.10/site-packages/airflow/example_dags/example_display_name.py for tasks to queue
[2025-08-24T17:36:14.775+0100] {logging_mixin.py:188} INFO - [2025-08-24T17:36:14.775+0100] {dagbag.py:545} INFO - Filling up the DagBag from /Users/homeaccount/miniconda3/envs/churn_pipeline/lib/python3.10/site-packages/airflow/example_dags/example_display_name.py
[2025-08-24T17:36:14.806+0100] {processor.py:840} INFO - DAG(s) 'example_display_name' retrieved from /Users/homeaccount/miniconda3/envs/churn_pipeline/lib/python3.10/site-packages/airflow/example_dags/example_display_name.py
[2025-08-24T17:36:14.864+0100] {logging_mixin.py:188} INFO - [2025-08-24T17:36:14.863+0100] {dag.py:3089} INFO - Sync 1 DAGs
[2025-08-24T17:36:14.867+0100] {logging_mixin.py:188} INFO - [2025-08-24T17:36:14.867+0100] {dag.py:3947} INFO - Setting next_dagrun for example_display_name to None, run_after=None
[2025-08-24T17:36:14.873+0100] {processor.py:183} INFO - Processing /Users/homeaccount/miniconda3/envs/churn_pipeline/lib/python3.10/site-packages/airflow/example_dags/example_display_name.py took 0.100 seconds
[2025-08-24T17:38:04.646+0100] {processor.py:161} INFO - Started process (PID=25505) to work on /Users/homeaccount/miniconda3/envs/churn_pipeline/lib/python3.10/site-packages/airflow/example_dags/example_display_name.py
[2025-08-24T17:38:04.647+0100] {processor.py:830} INFO - Processing file /Users/homeaccount/miniconda3/envs/churn_pipeline/lib/python3.10/site-packages/airflow/example_dags/example_display_name.py for tasks to queue
[2025-08-24T17:38:04.647+0100] {logging_mixin.py:188} INFO - [2025-08-24T17:38:04.647+0100] {dagbag.py:545} INFO - Filling up the DagBag from /Users/homeaccount/miniconda3/envs/churn_pipeline/lib/python3.10/site-packages/airflow/example_dags/example_display_name.py
[2025-08-24T17:38:04.681+0100] {processor.py:840} INFO - DAG(s) 'example_display_name' retrieved from /Users/homeaccount/miniconda3/envs/churn_pipeline/lib/python3.10/site-packages/airflow/example_dags/example_display_name.py
[2025-08-24T17:38:04.714+0100] {logging_mixin.py:188} INFO - [2025-08-24T17:38:04.714+0100] {dag.py:3089} INFO - Sync 1 DAGs
[2025-08-24T17:38:04.717+0100] {logging_mixin.py:188} INFO - [2025-08-24T17:38:04.717+0100] {dag.py:3947} INFO - Setting next_dagrun for example_display_name to None, run_after=None
[2025-08-24T17:38:04.723+0100] {processor.py:183} INFO - Processing /Users/homeaccount/miniconda3/envs/churn_pipeline/lib/python3.10/site-packages/airflow/example_dags/example_display_name.py took 0.079 seconds
[2025-08-24T17:39:56.541+0100] {processor.py:161} INFO - Started process (PID=25601) to work on /Users/homeaccount/miniconda3/envs/churn_pipeline/lib/python3.10/site-packages/airflow/example_dags/example_display_name.py
[2025-08-24T17:39:56.542+0100] {processor.py:830} INFO - Processing file /Users/homeaccount/miniconda3/envs/churn_pipeline/lib/python3.10/site-packages/airflow/example_dags/example_display_name.py for tasks to queue
[2025-08-24T17:39:56.542+0100] {logging_mixin.py:188} INFO - [2025-08-24T17:39:56.542+0100] {dagbag.py:545} INFO - Filling up the DagBag from /Users/homeaccount/miniconda3/envs/churn_pipeline/lib/python3.10/site-packages/airflow/example_dags/example_display_name.py
[2025-08-24T17:39:56.573+0100] {processor.py:840} INFO - DAG(s) 'example_display_name' retrieved from /Users/homeaccount/miniconda3/envs/churn_pipeline/lib/python3.10/site-packages/airflow/example_dags/example_display_name.py
[2025-08-24T17:39:56.603+0100] {logging_mixin.py:188} INFO - [2025-08-24T17:39:56.603+0100] {dag.py:3089} INFO - Sync 1 DAGs
[2025-08-24T17:39:56.606+0100] {logging_mixin.py:188} INFO - [2025-08-24T17:39:56.606+0100] {dag.py:3947} INFO - Setting next_dagrun for example_display_name to None, run_after=None
[2025-08-24T17:39:56.612+0100] {processor.py:183} INFO - Processing /Users/homeaccount/miniconda3/envs/churn_pipeline/lib/python3.10/site-packages/airflow/example_dags/example_display_name.py took 0.072 seconds
