[2025-08-24T17:36:02.353+0100] {processor.py:161} INFO - Started process (PID=25412) to work on /Users/homeaccount/miniconda3/envs/churn_pipeline/lib/python3.10/site-packages/airflow/example_dags/example_nested_branch_dag.py
[2025-08-24T17:36:02.354+0100] {processor.py:830} INFO - Processing file /Users/homeaccount/miniconda3/envs/churn_pipeline/lib/python3.10/site-packages/airflow/example_dags/example_nested_branch_dag.py for tasks to queue
[2025-08-24T17:36:02.354+0100] {logging_mixin.py:188} INFO - [2025-08-24T17:36:02.354+0100] {dagbag.py:545} INFO - Filling up the DagBag from /Users/homeaccount/miniconda3/envs/churn_pipeline/lib/python3.10/site-packages/airflow/example_dags/example_nested_branch_dag.py
[2025-08-24T17:36:02.387+0100] {processor.py:840} INFO - DAG(s) 'example_nested_branch_dag' retrieved from /Users/homeaccount/miniconda3/envs/churn_pipeline/lib/python3.10/site-packages/airflow/example_dags/example_nested_branch_dag.py
[2025-08-24T17:36:02.445+0100] {logging_mixin.py:188} INFO - [2025-08-24T17:36:02.444+0100] {dag.py:3089} INFO - Sync 1 DAGs
[2025-08-24T17:36:02.450+0100] {logging_mixin.py:188} INFO - [2025-08-24T17:36:02.450+0100] {dag.py:3947} INFO - Setting next_dagrun for example_nested_branch_dag to 2025-08-23 00:00:00+00:00, run_after=2025-08-24 00:00:00+00:00
[2025-08-24T17:36:02.457+0100] {processor.py:183} INFO - Processing /Users/homeaccount/miniconda3/envs/churn_pipeline/lib/python3.10/site-packages/airflow/example_dags/example_nested_branch_dag.py took 0.104 seconds
[2025-08-24T17:37:24.930+0100] {processor.py:161} INFO - Started process (PID=25476) to work on /Users/homeaccount/miniconda3/envs/churn_pipeline/lib/python3.10/site-packages/airflow/example_dags/example_nested_branch_dag.py
[2025-08-24T17:37:24.931+0100] {processor.py:830} INFO - Processing file /Users/homeaccount/miniconda3/envs/churn_pipeline/lib/python3.10/site-packages/airflow/example_dags/example_nested_branch_dag.py for tasks to queue
[2025-08-24T17:37:24.932+0100] {logging_mixin.py:188} INFO - [2025-08-24T17:37:24.932+0100] {dagbag.py:545} INFO - Filling up the DagBag from /Users/homeaccount/miniconda3/envs/churn_pipeline/lib/python3.10/site-packages/airflow/example_dags/example_nested_branch_dag.py
[2025-08-24T17:37:24.964+0100] {processor.py:840} INFO - DAG(s) 'example_nested_branch_dag' retrieved from /Users/homeaccount/miniconda3/envs/churn_pipeline/lib/python3.10/site-packages/airflow/example_dags/example_nested_branch_dag.py
[2025-08-24T17:37:24.995+0100] {logging_mixin.py:188} INFO - [2025-08-24T17:37:24.995+0100] {dag.py:3089} INFO - Sync 1 DAGs
[2025-08-24T17:37:25.000+0100] {logging_mixin.py:188} INFO - [2025-08-24T17:37:25.000+0100] {dag.py:3947} INFO - Setting next_dagrun for example_nested_branch_dag to 2025-08-23 00:00:00+00:00, run_after=2025-08-24 00:00:00+00:00
[2025-08-24T17:37:25.006+0100] {processor.py:183} INFO - Processing /Users/homeaccount/miniconda3/envs/churn_pipeline/lib/python3.10/site-packages/airflow/example_dags/example_nested_branch_dag.py took 0.077 seconds
[2025-08-24T17:39:17.934+0100] {processor.py:161} INFO - Started process (PID=25573) to work on /Users/homeaccount/miniconda3/envs/churn_pipeline/lib/python3.10/site-packages/airflow/example_dags/example_nested_branch_dag.py
[2025-08-24T17:39:17.935+0100] {processor.py:830} INFO - Processing file /Users/homeaccount/miniconda3/envs/churn_pipeline/lib/python3.10/site-packages/airflow/example_dags/example_nested_branch_dag.py for tasks to queue
[2025-08-24T17:39:17.935+0100] {logging_mixin.py:188} INFO - [2025-08-24T17:39:17.935+0100] {dagbag.py:545} INFO - Filling up the DagBag from /Users/homeaccount/miniconda3/envs/churn_pipeline/lib/python3.10/site-packages/airflow/example_dags/example_nested_branch_dag.py
[2025-08-24T17:39:17.968+0100] {processor.py:840} INFO - DAG(s) 'example_nested_branch_dag' retrieved from /Users/homeaccount/miniconda3/envs/churn_pipeline/lib/python3.10/site-packages/airflow/example_dags/example_nested_branch_dag.py
[2025-08-24T17:39:18.000+0100] {logging_mixin.py:188} INFO - [2025-08-24T17:39:17.999+0100] {dag.py:3089} INFO - Sync 1 DAGs
[2025-08-24T17:39:18.005+0100] {logging_mixin.py:188} INFO - [2025-08-24T17:39:18.005+0100] {dag.py:3947} INFO - Setting next_dagrun for example_nested_branch_dag to 2025-08-23 00:00:00+00:00, run_after=2025-08-24 00:00:00+00:00
[2025-08-24T17:39:18.010+0100] {processor.py:183} INFO - Processing /Users/homeaccount/miniconda3/envs/churn_pipeline/lib/python3.10/site-packages/airflow/example_dags/example_nested_branch_dag.py took 0.078 seconds
