[2025-08-24T17:35:41.328+0100] {processor.py:161} INFO - Started process (PID=25400) to work on /Users/homeaccount/miniconda3/envs/churn_pipeline/lib/python3.10/site-packages/airflow/example_dags/example_skip_dag.py
[2025-08-24T17:35:41.328+0100] {processor.py:830} INFO - Processing file /Users/homeaccount/miniconda3/envs/churn_pipeline/lib/python3.10/site-packages/airflow/example_dags/example_skip_dag.py for tasks to queue
[2025-08-24T17:35:41.328+0100] {logging_mixin.py:188} INFO - [2025-08-24T17:35:41.328+0100] {dagbag.py:545} INFO - Filling up the DagBag from /Users/homeaccount/miniconda3/envs/churn_pipeline/lib/python3.10/site-packages/airflow/example_dags/example_skip_dag.py
[2025-08-24T17:35:41.331+0100] {processor.py:840} INFO - DAG(s) 'example_skip_dag' retrieved from /Users/homeaccount/miniconda3/envs/churn_pipeline/lib/python3.10/site-packages/airflow/example_dags/example_skip_dag.py
[2025-08-24T17:35:41.412+0100] {logging_mixin.py:188} INFO - [2025-08-24T17:35:41.412+0100] {dag.py:3089} INFO - Sync 1 DAGs
[2025-08-24T17:35:41.417+0100] {logging_mixin.py:188} INFO - [2025-08-24T17:35:41.417+0100] {dag.py:3947} INFO - Setting next_dagrun for example_skip_dag to 2025-08-23 00:00:00+00:00, run_after=2025-08-24 00:00:00+00:00
[2025-08-24T17:35:41.424+0100] {processor.py:183} INFO - Processing /Users/homeaccount/miniconda3/envs/churn_pipeline/lib/python3.10/site-packages/airflow/example_dags/example_skip_dag.py took 0.097 seconds
[2025-08-24T17:37:05.958+0100] {processor.py:161} INFO - Started process (PID=25464) to work on /Users/homeaccount/miniconda3/envs/churn_pipeline/lib/python3.10/site-packages/airflow/example_dags/example_skip_dag.py
[2025-08-24T17:37:05.959+0100] {processor.py:830} INFO - Processing file /Users/homeaccount/miniconda3/envs/churn_pipeline/lib/python3.10/site-packages/airflow/example_dags/example_skip_dag.py for tasks to queue
[2025-08-24T17:37:05.959+0100] {logging_mixin.py:188} INFO - [2025-08-24T17:37:05.959+0100] {dagbag.py:545} INFO - Filling up the DagBag from /Users/homeaccount/miniconda3/envs/churn_pipeline/lib/python3.10/site-packages/airflow/example_dags/example_skip_dag.py
[2025-08-24T17:37:05.962+0100] {processor.py:840} INFO - DAG(s) 'example_skip_dag' retrieved from /Users/homeaccount/miniconda3/envs/churn_pipeline/lib/python3.10/site-packages/airflow/example_dags/example_skip_dag.py
[2025-08-24T17:37:06.013+0100] {logging_mixin.py:188} INFO - [2025-08-24T17:37:06.013+0100] {dag.py:3089} INFO - Sync 1 DAGs
[2025-08-24T17:37:06.019+0100] {logging_mixin.py:188} INFO - [2025-08-24T17:37:06.019+0100] {dag.py:3947} INFO - Setting next_dagrun for example_skip_dag to 2025-08-23 00:00:00+00:00, run_after=2025-08-24 00:00:00+00:00
[2025-08-24T17:37:06.026+0100] {processor.py:183} INFO - Processing /Users/homeaccount/miniconda3/envs/churn_pipeline/lib/python3.10/site-packages/airflow/example_dags/example_skip_dag.py took 0.069 seconds
[2025-08-24T17:38:59.805+0100] {processor.py:161} INFO - Started process (PID=25559) to work on /Users/homeaccount/miniconda3/envs/churn_pipeline/lib/python3.10/site-packages/airflow/example_dags/example_skip_dag.py
[2025-08-24T17:38:59.806+0100] {processor.py:830} INFO - Processing file /Users/homeaccount/miniconda3/envs/churn_pipeline/lib/python3.10/site-packages/airflow/example_dags/example_skip_dag.py for tasks to queue
[2025-08-24T17:38:59.806+0100] {logging_mixin.py:188} INFO - [2025-08-24T17:38:59.806+0100] {dagbag.py:545} INFO - Filling up the DagBag from /Users/homeaccount/miniconda3/envs/churn_pipeline/lib/python3.10/site-packages/airflow/example_dags/example_skip_dag.py
[2025-08-24T17:38:59.809+0100] {processor.py:840} INFO - DAG(s) 'example_skip_dag' retrieved from /Users/homeaccount/miniconda3/envs/churn_pipeline/lib/python3.10/site-packages/airflow/example_dags/example_skip_dag.py
[2025-08-24T17:38:59.861+0100] {logging_mixin.py:188} INFO - [2025-08-24T17:38:59.861+0100] {dag.py:3089} INFO - Sync 1 DAGs
[2025-08-24T17:38:59.867+0100] {logging_mixin.py:188} INFO - [2025-08-24T17:38:59.867+0100] {dag.py:3947} INFO - Setting next_dagrun for example_skip_dag to 2025-08-23 00:00:00+00:00, run_after=2025-08-24 00:00:00+00:00
[2025-08-24T17:38:59.873+0100] {processor.py:183} INFO - Processing /Users/homeaccount/miniconda3/envs/churn_pipeline/lib/python3.10/site-packages/airflow/example_dags/example_skip_dag.py took 0.069 seconds
