[2025-08-24T17:35:36.200+0100] {processor.py:161} INFO - Started process (PID=25396) to work on /Users/homeaccount/miniconda3/envs/churn_pipeline/lib/python3.10/site-packages/airflow/example_dags/example_task_group.py
[2025-08-24T17:35:36.200+0100] {processor.py:830} INFO - Processing file /Users/homeaccount/miniconda3/envs/churn_pipeline/lib/python3.10/site-packages/airflow/example_dags/example_task_group.py for tasks to queue
[2025-08-24T17:35:36.200+0100] {logging_mixin.py:188} INFO - [2025-08-24T17:35:36.200+0100] {dagbag.py:545} INFO - Filling up the DagBag from /Users/homeaccount/miniconda3/envs/churn_pipeline/lib/python3.10/site-packages/airflow/example_dags/example_task_group.py
[2025-08-24T17:35:36.204+0100] {processor.py:840} INFO - DAG(s) 'example_task_group' retrieved from /Users/homeaccount/miniconda3/envs/churn_pipeline/lib/python3.10/site-packages/airflow/example_dags/example_task_group.py
[2025-08-24T17:35:36.281+0100] {logging_mixin.py:188} INFO - [2025-08-24T17:35:36.281+0100] {dag.py:3089} INFO - Sync 1 DAGs
[2025-08-24T17:35:36.286+0100] {logging_mixin.py:188} INFO - [2025-08-24T17:35:36.286+0100] {dag.py:3947} INFO - Setting next_dagrun for example_task_group to 2025-08-23 00:00:00+00:00, run_after=2025-08-24 00:00:00+00:00
[2025-08-24T17:35:36.292+0100] {processor.py:183} INFO - Processing /Users/homeaccount/miniconda3/envs/churn_pipeline/lib/python3.10/site-packages/airflow/example_dags/example_task_group.py took 0.093 seconds
[2025-08-24T17:37:00.850+0100] {processor.py:161} INFO - Started process (PID=25461) to work on /Users/homeaccount/miniconda3/envs/churn_pipeline/lib/python3.10/site-packages/airflow/example_dags/example_task_group.py
[2025-08-24T17:37:00.851+0100] {processor.py:830} INFO - Processing file /Users/homeaccount/miniconda3/envs/churn_pipeline/lib/python3.10/site-packages/airflow/example_dags/example_task_group.py for tasks to queue
[2025-08-24T17:37:00.851+0100] {logging_mixin.py:188} INFO - [2025-08-24T17:37:00.851+0100] {dagbag.py:545} INFO - Filling up the DagBag from /Users/homeaccount/miniconda3/envs/churn_pipeline/lib/python3.10/site-packages/airflow/example_dags/example_task_group.py
[2025-08-24T17:37:00.854+0100] {processor.py:840} INFO - DAG(s) 'example_task_group' retrieved from /Users/homeaccount/miniconda3/envs/churn_pipeline/lib/python3.10/site-packages/airflow/example_dags/example_task_group.py
[2025-08-24T17:37:00.904+0100] {logging_mixin.py:188} INFO - [2025-08-24T17:37:00.904+0100] {dag.py:3089} INFO - Sync 1 DAGs
[2025-08-24T17:37:00.910+0100] {logging_mixin.py:188} INFO - [2025-08-24T17:37:00.910+0100] {dag.py:3947} INFO - Setting next_dagrun for example_task_group to 2025-08-23 00:00:00+00:00, run_after=2025-08-24 00:00:00+00:00
[2025-08-24T17:37:00.916+0100] {processor.py:183} INFO - Processing /Users/homeaccount/miniconda3/envs/churn_pipeline/lib/python3.10/site-packages/airflow/example_dags/example_task_group.py took 0.067 seconds
[2025-08-24T17:38:54.598+0100] {processor.py:161} INFO - Started process (PID=25556) to work on /Users/homeaccount/miniconda3/envs/churn_pipeline/lib/python3.10/site-packages/airflow/example_dags/example_task_group.py
[2025-08-24T17:38:54.600+0100] {processor.py:830} INFO - Processing file /Users/homeaccount/miniconda3/envs/churn_pipeline/lib/python3.10/site-packages/airflow/example_dags/example_task_group.py for tasks to queue
[2025-08-24T17:38:54.600+0100] {logging_mixin.py:188} INFO - [2025-08-24T17:38:54.600+0100] {dagbag.py:545} INFO - Filling up the DagBag from /Users/homeaccount/miniconda3/envs/churn_pipeline/lib/python3.10/site-packages/airflow/example_dags/example_task_group.py
[2025-08-24T17:38:54.603+0100] {processor.py:840} INFO - DAG(s) 'example_task_group' retrieved from /Users/homeaccount/miniconda3/envs/churn_pipeline/lib/python3.10/site-packages/airflow/example_dags/example_task_group.py
[2025-08-24T17:38:54.668+0100] {logging_mixin.py:188} INFO - [2025-08-24T17:38:54.668+0100] {dag.py:3089} INFO - Sync 1 DAGs
[2025-08-24T17:38:54.674+0100] {logging_mixin.py:188} INFO - [2025-08-24T17:38:54.674+0100] {dag.py:3947} INFO - Setting next_dagrun for example_task_group to 2025-08-23 00:00:00+00:00, run_after=2025-08-24 00:00:00+00:00
[2025-08-24T17:38:54.681+0100] {processor.py:183} INFO - Processing /Users/homeaccount/miniconda3/envs/churn_pipeline/lib/python3.10/site-packages/airflow/example_dags/example_task_group.py took 0.083 seconds
