[2025-08-24T17:36:05.793+0100] {processor.py:161} INFO - Started process (PID=25414) to work on /Users/homeaccount/miniconda3/envs/churn_pipeline/lib/python3.10/site-packages/airflow/example_dags/example_latest_only_with_trigger.py
[2025-08-24T17:36:05.794+0100] {processor.py:830} INFO - Processing file /Users/homeaccount/miniconda3/envs/churn_pipeline/lib/python3.10/site-packages/airflow/example_dags/example_latest_only_with_trigger.py for tasks to queue
[2025-08-24T17:36:05.794+0100] {logging_mixin.py:188} INFO - [2025-08-24T17:36:05.794+0100] {dagbag.py:545} INFO - Filling up the DagBag from /Users/homeaccount/miniconda3/envs/churn_pipeline/lib/python3.10/site-packages/airflow/example_dags/example_latest_only_with_trigger.py
[2025-08-24T17:36:05.797+0100] {processor.py:840} INFO - DAG(s) 'latest_only_with_trigger' retrieved from /Users/homeaccount/miniconda3/envs/churn_pipeline/lib/python3.10/site-packages/airflow/example_dags/example_latest_only_with_trigger.py
[2025-08-24T17:36:05.874+0100] {logging_mixin.py:188} INFO - [2025-08-24T17:36:05.874+0100] {dag.py:3089} INFO - Sync 1 DAGs
[2025-08-24T17:36:05.879+0100] {logging_mixin.py:188} INFO - [2025-08-24T17:36:05.879+0100] {dag.py:3947} INFO - Setting next_dagrun for latest_only_with_trigger to 2025-08-24 12:00:00+00:00, run_after=2025-08-24 16:00:00+00:00
[2025-08-24T17:36:05.886+0100] {processor.py:183} INFO - Processing /Users/homeaccount/miniconda3/envs/churn_pipeline/lib/python3.10/site-packages/airflow/example_dags/example_latest_only_with_trigger.py took 0.093 seconds
[2025-08-24T17:37:28.385+0100] {processor.py:161} INFO - Started process (PID=25478) to work on /Users/homeaccount/miniconda3/envs/churn_pipeline/lib/python3.10/site-packages/airflow/example_dags/example_latest_only_with_trigger.py
[2025-08-24T17:37:28.385+0100] {processor.py:830} INFO - Processing file /Users/homeaccount/miniconda3/envs/churn_pipeline/lib/python3.10/site-packages/airflow/example_dags/example_latest_only_with_trigger.py for tasks to queue
[2025-08-24T17:37:28.386+0100] {logging_mixin.py:188} INFO - [2025-08-24T17:37:28.386+0100] {dagbag.py:545} INFO - Filling up the DagBag from /Users/homeaccount/miniconda3/envs/churn_pipeline/lib/python3.10/site-packages/airflow/example_dags/example_latest_only_with_trigger.py
[2025-08-24T17:37:28.389+0100] {processor.py:840} INFO - DAG(s) 'latest_only_with_trigger' retrieved from /Users/homeaccount/miniconda3/envs/churn_pipeline/lib/python3.10/site-packages/airflow/example_dags/example_latest_only_with_trigger.py
[2025-08-24T17:37:28.439+0100] {logging_mixin.py:188} INFO - [2025-08-24T17:37:28.439+0100] {dag.py:3089} INFO - Sync 1 DAGs
[2025-08-24T17:37:28.445+0100] {logging_mixin.py:188} INFO - [2025-08-24T17:37:28.445+0100] {dag.py:3947} INFO - Setting next_dagrun for latest_only_with_trigger to 2025-08-24 12:00:00+00:00, run_after=2025-08-24 16:00:00+00:00
[2025-08-24T17:37:28.451+0100] {processor.py:183} INFO - Processing /Users/homeaccount/miniconda3/envs/churn_pipeline/lib/python3.10/site-packages/airflow/example_dags/example_latest_only_with_trigger.py took 0.067 seconds
[2025-08-24T17:39:21.278+0100] {processor.py:161} INFO - Started process (PID=25575) to work on /Users/homeaccount/miniconda3/envs/churn_pipeline/lib/python3.10/site-packages/airflow/example_dags/example_latest_only_with_trigger.py
[2025-08-24T17:39:21.279+0100] {processor.py:830} INFO - Processing file /Users/homeaccount/miniconda3/envs/churn_pipeline/lib/python3.10/site-packages/airflow/example_dags/example_latest_only_with_trigger.py for tasks to queue
[2025-08-24T17:39:21.279+0100] {logging_mixin.py:188} INFO - [2025-08-24T17:39:21.279+0100] {dagbag.py:545} INFO - Filling up the DagBag from /Users/homeaccount/miniconda3/envs/churn_pipeline/lib/python3.10/site-packages/airflow/example_dags/example_latest_only_with_trigger.py
[2025-08-24T17:39:21.282+0100] {processor.py:840} INFO - DAG(s) 'latest_only_with_trigger' retrieved from /Users/homeaccount/miniconda3/envs/churn_pipeline/lib/python3.10/site-packages/airflow/example_dags/example_latest_only_with_trigger.py
[2025-08-24T17:39:21.342+0100] {logging_mixin.py:188} INFO - [2025-08-24T17:39:21.341+0100] {dag.py:3089} INFO - Sync 1 DAGs
[2025-08-24T17:39:21.348+0100] {logging_mixin.py:188} INFO - [2025-08-24T17:39:21.348+0100] {dag.py:3947} INFO - Setting next_dagrun for latest_only_with_trigger to 2025-08-24 12:00:00+00:00, run_after=2025-08-24 16:00:00+00:00
[2025-08-24T17:39:21.354+0100] {processor.py:183} INFO - Processing /Users/homeaccount/miniconda3/envs/churn_pipeline/lib/python3.10/site-packages/airflow/example_dags/example_latest_only_with_trigger.py took 0.077 seconds
