[2025-08-24T17:36:21.882+0100] {processor.py:161} INFO - Started process (PID=25427) to work on /Users/homeaccount/miniconda3/envs/churn_pipeline/lib/python3.10/site-packages/airflow/example_dags/example_branch_python_dop_operator_3.py
[2025-08-24T17:36:21.882+0100] {processor.py:830} INFO - Processing file /Users/homeaccount/miniconda3/envs/churn_pipeline/lib/python3.10/site-packages/airflow/example_dags/example_branch_python_dop_operator_3.py for tasks to queue
[2025-08-24T17:36:21.882+0100] {logging_mixin.py:188} INFO - [2025-08-24T17:36:21.882+0100] {dagbag.py:545} INFO - Filling up the DagBag from /Users/homeaccount/miniconda3/envs/churn_pipeline/lib/python3.10/site-packages/airflow/example_dags/example_branch_python_dop_operator_3.py
[2025-08-24T17:36:21.915+0100] {processor.py:840} INFO - DAG(s) 'example_branch_dop_operator_v3' retrieved from /Users/homeaccount/miniconda3/envs/churn_pipeline/lib/python3.10/site-packages/airflow/example_dags/example_branch_python_dop_operator_3.py
[2025-08-24T17:36:21.972+0100] {logging_mixin.py:188} INFO - [2025-08-24T17:36:21.972+0100] {dag.py:3089} INFO - Sync 1 DAGs
[2025-08-24T17:36:21.979+0100] {logging_mixin.py:188} INFO - [2025-08-24T17:36:21.979+0100] {dag.py:3947} INFO - Setting next_dagrun for example_branch_dop_operator_v3 to 2025-08-24 16:35:00+00:00, run_after=2025-08-24 16:36:00+00:00
[2025-08-24T17:36:21.985+0100] {processor.py:183} INFO - Processing /Users/homeaccount/miniconda3/envs/churn_pipeline/lib/python3.10/site-packages/airflow/example_dags/example_branch_python_dop_operator_3.py took 0.105 seconds
[2025-08-24T17:38:10.298+0100] {processor.py:161} INFO - Started process (PID=25509) to work on /Users/homeaccount/miniconda3/envs/churn_pipeline/lib/python3.10/site-packages/airflow/example_dags/example_branch_python_dop_operator_3.py
[2025-08-24T17:38:10.299+0100] {processor.py:830} INFO - Processing file /Users/homeaccount/miniconda3/envs/churn_pipeline/lib/python3.10/site-packages/airflow/example_dags/example_branch_python_dop_operator_3.py for tasks to queue
[2025-08-24T17:38:10.299+0100] {logging_mixin.py:188} INFO - [2025-08-24T17:38:10.299+0100] {dagbag.py:545} INFO - Filling up the DagBag from /Users/homeaccount/miniconda3/envs/churn_pipeline/lib/python3.10/site-packages/airflow/example_dags/example_branch_python_dop_operator_3.py
[2025-08-24T17:38:10.331+0100] {processor.py:840} INFO - DAG(s) 'example_branch_dop_operator_v3' retrieved from /Users/homeaccount/miniconda3/envs/churn_pipeline/lib/python3.10/site-packages/airflow/example_dags/example_branch_python_dop_operator_3.py
[2025-08-24T17:38:10.363+0100] {logging_mixin.py:188} INFO - [2025-08-24T17:38:10.363+0100] {dag.py:3089} INFO - Sync 1 DAGs
[2025-08-24T17:38:10.370+0100] {logging_mixin.py:188} INFO - [2025-08-24T17:38:10.370+0100] {dag.py:3947} INFO - Setting next_dagrun for example_branch_dop_operator_v3 to 2025-08-24 16:37:00+00:00, run_after=2025-08-24 16:38:00+00:00
[2025-08-24T17:38:10.376+0100] {processor.py:183} INFO - Processing /Users/homeaccount/miniconda3/envs/churn_pipeline/lib/python3.10/site-packages/airflow/example_dags/example_branch_python_dop_operator_3.py took 0.079 seconds
[2025-08-24T17:40:03.508+0100] {processor.py:161} INFO - Started process (PID=25606) to work on /Users/homeaccount/miniconda3/envs/churn_pipeline/lib/python3.10/site-packages/airflow/example_dags/example_branch_python_dop_operator_3.py
[2025-08-24T17:40:03.509+0100] {processor.py:830} INFO - Processing file /Users/homeaccount/miniconda3/envs/churn_pipeline/lib/python3.10/site-packages/airflow/example_dags/example_branch_python_dop_operator_3.py for tasks to queue
[2025-08-24T17:40:03.509+0100] {logging_mixin.py:188} INFO - [2025-08-24T17:40:03.509+0100] {dagbag.py:545} INFO - Filling up the DagBag from /Users/homeaccount/miniconda3/envs/churn_pipeline/lib/python3.10/site-packages/airflow/example_dags/example_branch_python_dop_operator_3.py
[2025-08-24T17:40:03.542+0100] {processor.py:840} INFO - DAG(s) 'example_branch_dop_operator_v3' retrieved from /Users/homeaccount/miniconda3/envs/churn_pipeline/lib/python3.10/site-packages/airflow/example_dags/example_branch_python_dop_operator_3.py
[2025-08-24T17:40:03.572+0100] {logging_mixin.py:188} INFO - [2025-08-24T17:40:03.572+0100] {dag.py:3089} INFO - Sync 1 DAGs
[2025-08-24T17:40:03.579+0100] {logging_mixin.py:188} INFO - [2025-08-24T17:40:03.579+0100] {dag.py:3947} INFO - Setting next_dagrun for example_branch_dop_operator_v3 to 2025-08-24 16:39:00+00:00, run_after=2025-08-24 16:40:00+00:00
[2025-08-24T17:40:03.585+0100] {processor.py:183} INFO - Processing /Users/homeaccount/miniconda3/envs/churn_pipeline/lib/python3.10/site-packages/airflow/example_dags/example_branch_python_dop_operator_3.py took 0.078 seconds
