[2025-08-24T17:35:58.848+0100] {processor.py:161} INFO - Started process (PID=25410) to work on /Users/homeaccount/miniconda3/envs/churn_pipeline/lib/python3.10/site-packages/airflow/example_dags/example_params_ui_tutorial.py
[2025-08-24T17:35:58.848+0100] {processor.py:830} INFO - Processing file /Users/homeaccount/miniconda3/envs/churn_pipeline/lib/python3.10/site-packages/airflow/example_dags/example_params_ui_tutorial.py for tasks to queue
[2025-08-24T17:35:58.848+0100] {logging_mixin.py:188} INFO - [2025-08-24T17:35:58.848+0100] {dagbag.py:545} INFO - Filling up the DagBag from /Users/homeaccount/miniconda3/envs/churn_pipeline/lib/python3.10/site-packages/airflow/example_dags/example_params_ui_tutorial.py
[2025-08-24T17:35:58.881+0100] {processor.py:840} INFO - DAG(s) 'example_params_ui_tutorial' retrieved from /Users/homeaccount/miniconda3/envs/churn_pipeline/lib/python3.10/site-packages/airflow/example_dags/example_params_ui_tutorial.py
[2025-08-24T17:35:58.948+0100] {logging_mixin.py:188} INFO - [2025-08-24T17:35:58.947+0100] {dag.py:3089} INFO - Sync 1 DAGs
[2025-08-24T17:35:58.950+0100] {logging_mixin.py:188} INFO - [2025-08-24T17:35:58.950+0100] {dag.py:3947} INFO - Setting next_dagrun for example_params_ui_tutorial to None, run_after=None
[2025-08-24T17:35:58.957+0100] {processor.py:183} INFO - Processing /Users/homeaccount/miniconda3/envs/churn_pipeline/lib/python3.10/site-packages/airflow/example_dags/example_params_ui_tutorial.py took 0.110 seconds
[2025-08-24T17:37:21.495+0100] {processor.py:161} INFO - Started process (PID=25474) to work on /Users/homeaccount/miniconda3/envs/churn_pipeline/lib/python3.10/site-packages/airflow/example_dags/example_params_ui_tutorial.py
[2025-08-24T17:37:21.496+0100] {processor.py:830} INFO - Processing file /Users/homeaccount/miniconda3/envs/churn_pipeline/lib/python3.10/site-packages/airflow/example_dags/example_params_ui_tutorial.py for tasks to queue
[2025-08-24T17:37:21.497+0100] {logging_mixin.py:188} INFO - [2025-08-24T17:37:21.497+0100] {dagbag.py:545} INFO - Filling up the DagBag from /Users/homeaccount/miniconda3/envs/churn_pipeline/lib/python3.10/site-packages/airflow/example_dags/example_params_ui_tutorial.py
[2025-08-24T17:37:21.529+0100] {processor.py:840} INFO - DAG(s) 'example_params_ui_tutorial' retrieved from /Users/homeaccount/miniconda3/envs/churn_pipeline/lib/python3.10/site-packages/airflow/example_dags/example_params_ui_tutorial.py
[2025-08-24T17:37:21.569+0100] {logging_mixin.py:188} INFO - [2025-08-24T17:37:21.569+0100] {dag.py:3089} INFO - Sync 1 DAGs
[2025-08-24T17:37:21.572+0100] {logging_mixin.py:188} INFO - [2025-08-24T17:37:21.572+0100] {dag.py:3947} INFO - Setting next_dagrun for example_params_ui_tutorial to None, run_after=None
[2025-08-24T17:37:21.578+0100] {processor.py:183} INFO - Processing /Users/homeaccount/miniconda3/envs/churn_pipeline/lib/python3.10/site-packages/airflow/example_dags/example_params_ui_tutorial.py took 0.084 seconds
[2025-08-24T17:39:15.501+0100] {processor.py:161} INFO - Started process (PID=25570) to work on /Users/homeaccount/miniconda3/envs/churn_pipeline/lib/python3.10/site-packages/airflow/example_dags/example_params_ui_tutorial.py
[2025-08-24T17:39:15.502+0100] {processor.py:830} INFO - Processing file /Users/homeaccount/miniconda3/envs/churn_pipeline/lib/python3.10/site-packages/airflow/example_dags/example_params_ui_tutorial.py for tasks to queue
[2025-08-24T17:39:15.502+0100] {logging_mixin.py:188} INFO - [2025-08-24T17:39:15.502+0100] {dagbag.py:545} INFO - Filling up the DagBag from /Users/homeaccount/miniconda3/envs/churn_pipeline/lib/python3.10/site-packages/airflow/example_dags/example_params_ui_tutorial.py
[2025-08-24T17:39:15.534+0100] {processor.py:840} INFO - DAG(s) 'example_params_ui_tutorial' retrieved from /Users/homeaccount/miniconda3/envs/churn_pipeline/lib/python3.10/site-packages/airflow/example_dags/example_params_ui_tutorial.py
[2025-08-24T17:39:15.574+0100] {logging_mixin.py:188} INFO - [2025-08-24T17:39:15.574+0100] {dag.py:3089} INFO - Sync 1 DAGs
[2025-08-24T17:39:15.577+0100] {logging_mixin.py:188} INFO - [2025-08-24T17:39:15.577+0100] {dag.py:3947} INFO - Setting next_dagrun for example_params_ui_tutorial to None, run_after=None
[2025-08-24T17:39:15.583+0100] {processor.py:183} INFO - Processing /Users/homeaccount/miniconda3/envs/churn_pipeline/lib/python3.10/site-packages/airflow/example_dags/example_params_ui_tutorial.py took 0.083 seconds
