[2025-08-24T17:36:00.601+0100] {processor.py:161} INFO - Started process (PID=25411) to work on /Users/homeaccount/miniconda3/envs/churn_pipeline/lib/python3.10/site-packages/airflow/example_dags/example_params_trigger_ui.py
[2025-08-24T17:36:00.601+0100] {processor.py:830} INFO - Processing file /Users/homeaccount/miniconda3/envs/churn_pipeline/lib/python3.10/site-packages/airflow/example_dags/example_params_trigger_ui.py for tasks to queue
[2025-08-24T17:36:00.602+0100] {logging_mixin.py:188} INFO - [2025-08-24T17:36:00.602+0100] {dagbag.py:545} INFO - Filling up the DagBag from /Users/homeaccount/miniconda3/envs/churn_pipeline/lib/python3.10/site-packages/airflow/example_dags/example_params_trigger_ui.py
[2025-08-24T17:36:00.634+0100] {processor.py:840} INFO - DAG(s) 'example_params_trigger_ui' retrieved from /Users/homeaccount/miniconda3/envs/churn_pipeline/lib/python3.10/site-packages/airflow/example_dags/example_params_trigger_ui.py
[2025-08-24T17:36:00.700+0100] {logging_mixin.py:188} INFO - [2025-08-24T17:36:00.700+0100] {dag.py:3089} INFO - Sync 1 DAGs
[2025-08-24T17:36:00.703+0100] {logging_mixin.py:188} INFO - [2025-08-24T17:36:00.702+0100] {dag.py:3947} INFO - Setting next_dagrun for example_params_trigger_ui to None, run_after=None
[2025-08-24T17:36:00.709+0100] {processor.py:183} INFO - Processing /Users/homeaccount/miniconda3/envs/churn_pipeline/lib/python3.10/site-packages/airflow/example_dags/example_params_trigger_ui.py took 0.109 seconds
[2025-08-24T17:37:23.217+0100] {processor.py:161} INFO - Started process (PID=25475) to work on /Users/homeaccount/miniconda3/envs/churn_pipeline/lib/python3.10/site-packages/airflow/example_dags/example_params_trigger_ui.py
[2025-08-24T17:37:23.218+0100] {processor.py:830} INFO - Processing file /Users/homeaccount/miniconda3/envs/churn_pipeline/lib/python3.10/site-packages/airflow/example_dags/example_params_trigger_ui.py for tasks to queue
[2025-08-24T17:37:23.219+0100] {logging_mixin.py:188} INFO - [2025-08-24T17:37:23.219+0100] {dagbag.py:545} INFO - Filling up the DagBag from /Users/homeaccount/miniconda3/envs/churn_pipeline/lib/python3.10/site-packages/airflow/example_dags/example_params_trigger_ui.py
[2025-08-24T17:37:23.251+0100] {processor.py:840} INFO - DAG(s) 'example_params_trigger_ui' retrieved from /Users/homeaccount/miniconda3/envs/churn_pipeline/lib/python3.10/site-packages/airflow/example_dags/example_params_trigger_ui.py
[2025-08-24T17:37:23.290+0100] {logging_mixin.py:188} INFO - [2025-08-24T17:37:23.290+0100] {dag.py:3089} INFO - Sync 1 DAGs
[2025-08-24T17:37:23.293+0100] {logging_mixin.py:188} INFO - [2025-08-24T17:37:23.293+0100] {dag.py:3947} INFO - Setting next_dagrun for example_params_trigger_ui to None, run_after=None
[2025-08-24T17:37:23.299+0100] {processor.py:183} INFO - Processing /Users/homeaccount/miniconda3/envs/churn_pipeline/lib/python3.10/site-packages/airflow/example_dags/example_params_trigger_ui.py took 0.082 seconds
[2025-08-24T17:39:17.247+0100] {processor.py:161} INFO - Started process (PID=25572) to work on /Users/homeaccount/miniconda3/envs/churn_pipeline/lib/python3.10/site-packages/airflow/example_dags/example_params_trigger_ui.py
[2025-08-24T17:39:17.248+0100] {processor.py:830} INFO - Processing file /Users/homeaccount/miniconda3/envs/churn_pipeline/lib/python3.10/site-packages/airflow/example_dags/example_params_trigger_ui.py for tasks to queue
[2025-08-24T17:39:17.249+0100] {logging_mixin.py:188} INFO - [2025-08-24T17:39:17.248+0100] {dagbag.py:545} INFO - Filling up the DagBag from /Users/homeaccount/miniconda3/envs/churn_pipeline/lib/python3.10/site-packages/airflow/example_dags/example_params_trigger_ui.py
[2025-08-24T17:39:17.281+0100] {processor.py:840} INFO - DAG(s) 'example_params_trigger_ui' retrieved from /Users/homeaccount/miniconda3/envs/churn_pipeline/lib/python3.10/site-packages/airflow/example_dags/example_params_trigger_ui.py
[2025-08-24T17:39:17.323+0100] {logging_mixin.py:188} INFO - [2025-08-24T17:39:17.323+0100] {dag.py:3089} INFO - Sync 1 DAGs
[2025-08-24T17:39:17.327+0100] {logging_mixin.py:188} INFO - [2025-08-24T17:39:17.327+0100] {dag.py:3947} INFO - Setting next_dagrun for example_params_trigger_ui to None, run_after=None
[2025-08-24T17:39:17.333+0100] {processor.py:183} INFO - Processing /Users/homeaccount/miniconda3/envs/churn_pipeline/lib/python3.10/site-packages/airflow/example_dags/example_params_trigger_ui.py took 0.087 seconds
