[2025-08-24T17:36:25.899+0100] {processor.py:161} INFO - Started process (PID=25432) to work on /Users/homeaccount/miniconda3/envs/churn_pipeline/lib/python3.10/site-packages/airflow/example_dags/example_branch_labels.py
[2025-08-24T17:36:25.900+0100] {processor.py:830} INFO - Processing file /Users/homeaccount/miniconda3/envs/churn_pipeline/lib/python3.10/site-packages/airflow/example_dags/example_branch_labels.py for tasks to queue
[2025-08-24T17:36:25.900+0100] {logging_mixin.py:188} INFO - [2025-08-24T17:36:25.900+0100] {dagbag.py:545} INFO - Filling up the DagBag from /Users/homeaccount/miniconda3/envs/churn_pipeline/lib/python3.10/site-packages/airflow/example_dags/example_branch_labels.py
[2025-08-24T17:36:25.903+0100] {processor.py:840} INFO - DAG(s) 'example_branch_labels' retrieved from /Users/homeaccount/miniconda3/envs/churn_pipeline/lib/python3.10/site-packages/airflow/example_dags/example_branch_labels.py
[2025-08-24T17:36:25.983+0100] {logging_mixin.py:188} INFO - [2025-08-24T17:36:25.983+0100] {dag.py:3089} INFO - Sync 1 DAGs
[2025-08-24T17:36:25.988+0100] {logging_mixin.py:188} INFO - [2025-08-24T17:36:25.988+0100] {dag.py:3947} INFO - Setting next_dagrun for example_branch_labels to 2025-08-23 00:00:00+00:00, run_after=2025-08-24 00:00:00+00:00
[2025-08-24T17:36:25.994+0100] {processor.py:183} INFO - Processing /Users/homeaccount/miniconda3/envs/churn_pipeline/lib/python3.10/site-packages/airflow/example_dags/example_branch_labels.py took 0.096 seconds
[2025-08-24T17:38:14.271+0100] {processor.py:161} INFO - Started process (PID=25512) to work on /Users/homeaccount/miniconda3/envs/churn_pipeline/lib/python3.10/site-packages/airflow/example_dags/example_branch_labels.py
[2025-08-24T17:38:14.272+0100] {processor.py:830} INFO - Processing file /Users/homeaccount/miniconda3/envs/churn_pipeline/lib/python3.10/site-packages/airflow/example_dags/example_branch_labels.py for tasks to queue
[2025-08-24T17:38:14.272+0100] {logging_mixin.py:188} INFO - [2025-08-24T17:38:14.272+0100] {dagbag.py:545} INFO - Filling up the DagBag from /Users/homeaccount/miniconda3/envs/churn_pipeline/lib/python3.10/site-packages/airflow/example_dags/example_branch_labels.py
[2025-08-24T17:38:14.275+0100] {processor.py:840} INFO - DAG(s) 'example_branch_labels' retrieved from /Users/homeaccount/miniconda3/envs/churn_pipeline/lib/python3.10/site-packages/airflow/example_dags/example_branch_labels.py
[2025-08-24T17:38:14.327+0100] {logging_mixin.py:188} INFO - [2025-08-24T17:38:14.327+0100] {dag.py:3089} INFO - Sync 1 DAGs
[2025-08-24T17:38:14.333+0100] {logging_mixin.py:188} INFO - [2025-08-24T17:38:14.333+0100] {dag.py:3947} INFO - Setting next_dagrun for example_branch_labels to 2025-08-23 00:00:00+00:00, run_after=2025-08-24 00:00:00+00:00
[2025-08-24T17:38:14.339+0100] {processor.py:183} INFO - Processing /Users/homeaccount/miniconda3/envs/churn_pipeline/lib/python3.10/site-packages/airflow/example_dags/example_branch_labels.py took 0.069 seconds
[2025-08-24T17:40:08.616+0100] {processor.py:161} INFO - Started process (PID=25609) to work on /Users/homeaccount/miniconda3/envs/churn_pipeline/lib/python3.10/site-packages/airflow/example_dags/example_branch_labels.py
[2025-08-24T17:40:08.617+0100] {processor.py:830} INFO - Processing file /Users/homeaccount/miniconda3/envs/churn_pipeline/lib/python3.10/site-packages/airflow/example_dags/example_branch_labels.py for tasks to queue
[2025-08-24T17:40:08.617+0100] {logging_mixin.py:188} INFO - [2025-08-24T17:40:08.617+0100] {dagbag.py:545} INFO - Filling up the DagBag from /Users/homeaccount/miniconda3/envs/churn_pipeline/lib/python3.10/site-packages/airflow/example_dags/example_branch_labels.py
[2025-08-24T17:40:08.620+0100] {processor.py:840} INFO - DAG(s) 'example_branch_labels' retrieved from /Users/homeaccount/miniconda3/envs/churn_pipeline/lib/python3.10/site-packages/airflow/example_dags/example_branch_labels.py
[2025-08-24T17:40:08.670+0100] {logging_mixin.py:188} INFO - [2025-08-24T17:40:08.670+0100] {dag.py:3089} INFO - Sync 1 DAGs
[2025-08-24T17:40:08.676+0100] {logging_mixin.py:188} INFO - [2025-08-24T17:40:08.676+0100] {dag.py:3947} INFO - Setting next_dagrun for example_branch_labels to 2025-08-23 00:00:00+00:00, run_after=2025-08-24 00:00:00+00:00
[2025-08-24T17:40:08.682+0100] {processor.py:183} INFO - Processing /Users/homeaccount/miniconda3/envs/churn_pipeline/lib/python3.10/site-packages/airflow/example_dags/example_branch_labels.py took 0.068 seconds
