[2025-08-24T17:36:09.566+0100] {processor.py:161} INFO - Started process (PID=25417) to work on /Users/homeaccount/miniconda3/envs/churn_pipeline/lib/python3.10/site-packages/airflow/example_dags/example_external_task_marker_dag.py
[2025-08-24T17:36:09.567+0100] {processor.py:830} INFO - Processing file /Users/homeaccount/miniconda3/envs/churn_pipeline/lib/python3.10/site-packages/airflow/example_dags/example_external_task_marker_dag.py for tasks to queue
[2025-08-24T17:36:09.567+0100] {logging_mixin.py:188} INFO - [2025-08-24T17:36:09.567+0100] {dagbag.py:545} INFO - Filling up the DagBag from /Users/homeaccount/miniconda3/envs/churn_pipeline/lib/python3.10/site-packages/airflow/example_dags/example_external_task_marker_dag.py
[2025-08-24T17:36:09.572+0100] {processor.py:840} INFO - DAG(s) 'example_external_task_marker_parent', 'example_external_task_marker_child' retrieved from /Users/homeaccount/miniconda3/envs/churn_pipeline/lib/python3.10/site-packages/airflow/example_dags/example_external_task_marker_dag.py
[2025-08-24T17:36:09.656+0100] {logging_mixin.py:188} INFO - [2025-08-24T17:36:09.656+0100] {dag.py:3089} INFO - Sync 2 DAGs
[2025-08-24T17:36:09.659+0100] {logging_mixin.py:188} INFO - [2025-08-24T17:36:09.659+0100] {dag.py:3947} INFO - Setting next_dagrun for example_external_task_marker_child to None, run_after=None
[2025-08-24T17:36:09.659+0100] {logging_mixin.py:188} INFO - [2025-08-24T17:36:09.659+0100] {dag.py:3947} INFO - Setting next_dagrun for example_external_task_marker_parent to None, run_after=None
[2025-08-24T17:36:09.666+0100] {processor.py:183} INFO - Processing /Users/homeaccount/miniconda3/envs/churn_pipeline/lib/python3.10/site-packages/airflow/example_dags/example_external_task_marker_dag.py took 0.100 seconds
[2025-08-24T17:37:59.428+0100] {processor.py:161} INFO - Started process (PID=25502) to work on /Users/homeaccount/miniconda3/envs/churn_pipeline/lib/python3.10/site-packages/airflow/example_dags/example_external_task_marker_dag.py
[2025-08-24T17:37:59.429+0100] {processor.py:830} INFO - Processing file /Users/homeaccount/miniconda3/envs/churn_pipeline/lib/python3.10/site-packages/airflow/example_dags/example_external_task_marker_dag.py for tasks to queue
[2025-08-24T17:37:59.429+0100] {logging_mixin.py:188} INFO - [2025-08-24T17:37:59.429+0100] {dagbag.py:545} INFO - Filling up the DagBag from /Users/homeaccount/miniconda3/envs/churn_pipeline/lib/python3.10/site-packages/airflow/example_dags/example_external_task_marker_dag.py
[2025-08-24T17:37:59.435+0100] {processor.py:840} INFO - DAG(s) 'example_external_task_marker_child', 'example_external_task_marker_parent' retrieved from /Users/homeaccount/miniconda3/envs/churn_pipeline/lib/python3.10/site-packages/airflow/example_dags/example_external_task_marker_dag.py
[2025-08-24T17:37:59.489+0100] {logging_mixin.py:188} INFO - [2025-08-24T17:37:59.489+0100] {dag.py:3089} INFO - Sync 2 DAGs
[2025-08-24T17:37:59.493+0100] {logging_mixin.py:188} INFO - [2025-08-24T17:37:59.493+0100] {dag.py:3947} INFO - Setting next_dagrun for example_external_task_marker_child to None, run_after=None
[2025-08-24T17:37:59.494+0100] {logging_mixin.py:188} INFO - [2025-08-24T17:37:59.494+0100] {dag.py:3947} INFO - Setting next_dagrun for example_external_task_marker_parent to None, run_after=None
[2025-08-24T17:37:59.499+0100] {processor.py:183} INFO - Processing /Users/homeaccount/miniconda3/envs/churn_pipeline/lib/python3.10/site-packages/airflow/example_dags/example_external_task_marker_dag.py took 0.072 seconds
[2025-08-24T17:39:51.442+0100] {processor.py:161} INFO - Started process (PID=25597) to work on /Users/homeaccount/miniconda3/envs/churn_pipeline/lib/python3.10/site-packages/airflow/example_dags/example_external_task_marker_dag.py
[2025-08-24T17:39:51.442+0100] {processor.py:830} INFO - Processing file /Users/homeaccount/miniconda3/envs/churn_pipeline/lib/python3.10/site-packages/airflow/example_dags/example_external_task_marker_dag.py for tasks to queue
[2025-08-24T17:39:51.443+0100] {logging_mixin.py:188} INFO - [2025-08-24T17:39:51.443+0100] {dagbag.py:545} INFO - Filling up the DagBag from /Users/homeaccount/miniconda3/envs/churn_pipeline/lib/python3.10/site-packages/airflow/example_dags/example_external_task_marker_dag.py
[2025-08-24T17:39:51.447+0100] {processor.py:840} INFO - DAG(s) 'example_external_task_marker_child', 'example_external_task_marker_parent' retrieved from /Users/homeaccount/miniconda3/envs/churn_pipeline/lib/python3.10/site-packages/airflow/example_dags/example_external_task_marker_dag.py
[2025-08-24T17:39:51.502+0100] {logging_mixin.py:188} INFO - [2025-08-24T17:39:51.502+0100] {dag.py:3089} INFO - Sync 2 DAGs
[2025-08-24T17:39:51.506+0100] {logging_mixin.py:188} INFO - [2025-08-24T17:39:51.506+0100] {dag.py:3947} INFO - Setting next_dagrun for example_external_task_marker_child to None, run_after=None
[2025-08-24T17:39:51.507+0100] {logging_mixin.py:188} INFO - [2025-08-24T17:39:51.507+0100] {dag.py:3947} INFO - Setting next_dagrun for example_external_task_marker_parent to None, run_after=None
[2025-08-24T17:39:51.512+0100] {processor.py:183} INFO - Processing /Users/homeaccount/miniconda3/envs/churn_pipeline/lib/python3.10/site-packages/airflow/example_dags/example_external_task_marker_dag.py took 0.071 seconds
