[2025-08-24T17:35:32.657+0100] {processor.py:161} INFO - Started process (PID=25393) to work on /Users/homeaccount/miniconda3/envs/churn_pipeline/lib/python3.10/site-packages/airflow/example_dags/example_time_delta_sensor_async.py
[2025-08-24T17:35:32.657+0100] {processor.py:830} INFO - Processing file /Users/homeaccount/miniconda3/envs/churn_pipeline/lib/python3.10/site-packages/airflow/example_dags/example_time_delta_sensor_async.py for tasks to queue
[2025-08-24T17:35:32.658+0100] {logging_mixin.py:188} INFO - [2025-08-24T17:35:32.657+0100] {dagbag.py:545} INFO - Filling up the DagBag from /Users/homeaccount/miniconda3/envs/churn_pipeline/lib/python3.10/site-packages/airflow/example_dags/example_time_delta_sensor_async.py
[2025-08-24T17:35:32.660+0100] {processor.py:840} INFO - DAG(s) 'example_time_delta_sensor_async' retrieved from /Users/homeaccount/miniconda3/envs/churn_pipeline/lib/python3.10/site-packages/airflow/example_dags/example_time_delta_sensor_async.py
[2025-08-24T17:35:32.749+0100] {logging_mixin.py:188} INFO - [2025-08-24T17:35:32.749+0100] {dag.py:3089} INFO - Sync 1 DAGs
[2025-08-24T17:35:32.752+0100] {logging_mixin.py:188} INFO - [2025-08-24T17:35:32.752+0100] {dag.py:3947} INFO - Setting next_dagrun for example_time_delta_sensor_async to None, run_after=None
[2025-08-24T17:35:32.759+0100] {processor.py:183} INFO - Processing /Users/homeaccount/miniconda3/envs/churn_pipeline/lib/python3.10/site-packages/airflow/example_dags/example_time_delta_sensor_async.py took 0.103 seconds
[2025-08-24T17:36:57.544+0100] {processor.py:161} INFO - Started process (PID=25459) to work on /Users/homeaccount/miniconda3/envs/churn_pipeline/lib/python3.10/site-packages/airflow/example_dags/example_time_delta_sensor_async.py
[2025-08-24T17:36:57.545+0100] {processor.py:830} INFO - Processing file /Users/homeaccount/miniconda3/envs/churn_pipeline/lib/python3.10/site-packages/airflow/example_dags/example_time_delta_sensor_async.py for tasks to queue
[2025-08-24T17:36:57.546+0100] {logging_mixin.py:188} INFO - [2025-08-24T17:36:57.546+0100] {dagbag.py:545} INFO - Filling up the DagBag from /Users/homeaccount/miniconda3/envs/churn_pipeline/lib/python3.10/site-packages/airflow/example_dags/example_time_delta_sensor_async.py
[2025-08-24T17:36:57.549+0100] {processor.py:840} INFO - DAG(s) 'example_time_delta_sensor_async' retrieved from /Users/homeaccount/miniconda3/envs/churn_pipeline/lib/python3.10/site-packages/airflow/example_dags/example_time_delta_sensor_async.py
[2025-08-24T17:36:57.604+0100] {logging_mixin.py:188} INFO - [2025-08-24T17:36:57.604+0100] {dag.py:3089} INFO - Sync 1 DAGs
[2025-08-24T17:36:57.607+0100] {logging_mixin.py:188} INFO - [2025-08-24T17:36:57.607+0100] {dag.py:3947} INFO - Setting next_dagrun for example_time_delta_sensor_async to None, run_after=None
[2025-08-24T17:36:57.613+0100] {processor.py:183} INFO - Processing /Users/homeaccount/miniconda3/envs/churn_pipeline/lib/python3.10/site-packages/airflow/example_dags/example_time_delta_sensor_async.py took 0.070 seconds
[2025-08-24T17:37:53.508+0100] {processor.py:161} INFO - Started process (PID=25498) to work on /Users/homeaccount/miniconda3/envs/churn_pipeline/lib/python3.10/site-packages/airflow/example_dags/example_time_delta_sensor_async.py
[2025-08-24T17:37:53.509+0100] {processor.py:830} INFO - Processing file /Users/homeaccount/miniconda3/envs/churn_pipeline/lib/python3.10/site-packages/airflow/example_dags/example_time_delta_sensor_async.py for tasks to queue
[2025-08-24T17:37:53.509+0100] {logging_mixin.py:188} INFO - [2025-08-24T17:37:53.509+0100] {dagbag.py:545} INFO - Filling up the DagBag from /Users/homeaccount/miniconda3/envs/churn_pipeline/lib/python3.10/site-packages/airflow/example_dags/example_time_delta_sensor_async.py
[2025-08-24T17:37:53.512+0100] {processor.py:840} INFO - DAG(s) 'example_time_delta_sensor_async' retrieved from /Users/homeaccount/miniconda3/envs/churn_pipeline/lib/python3.10/site-packages/airflow/example_dags/example_time_delta_sensor_async.py
[2025-08-24T17:37:53.567+0100] {logging_mixin.py:188} INFO - [2025-08-24T17:37:53.566+0100] {dag.py:3089} INFO - Sync 1 DAGs
[2025-08-24T17:37:53.570+0100] {logging_mixin.py:188} INFO - [2025-08-24T17:37:53.570+0100] {dag.py:3947} INFO - Setting next_dagrun for example_time_delta_sensor_async to None, run_after=None
[2025-08-24T17:37:53.576+0100] {processor.py:183} INFO - Processing /Users/homeaccount/miniconda3/envs/churn_pipeline/lib/python3.10/site-packages/airflow/example_dags/example_time_delta_sensor_async.py took 0.069 seconds
[2025-08-24T17:38:51.059+0100] {processor.py:161} INFO - Started process (PID=25552) to work on /Users/homeaccount/miniconda3/envs/churn_pipeline/lib/python3.10/site-packages/airflow/example_dags/example_time_delta_sensor_async.py
[2025-08-24T17:38:51.060+0100] {processor.py:830} INFO - Processing file /Users/homeaccount/miniconda3/envs/churn_pipeline/lib/python3.10/site-packages/airflow/example_dags/example_time_delta_sensor_async.py for tasks to queue
[2025-08-24T17:38:51.060+0100] {logging_mixin.py:188} INFO - [2025-08-24T17:38:51.060+0100] {dagbag.py:545} INFO - Filling up the DagBag from /Users/homeaccount/miniconda3/envs/churn_pipeline/lib/python3.10/site-packages/airflow/example_dags/example_time_delta_sensor_async.py
[2025-08-24T17:38:51.063+0100] {processor.py:840} INFO - DAG(s) 'example_time_delta_sensor_async' retrieved from /Users/homeaccount/miniconda3/envs/churn_pipeline/lib/python3.10/site-packages/airflow/example_dags/example_time_delta_sensor_async.py
[2025-08-24T17:38:51.123+0100] {logging_mixin.py:188} INFO - [2025-08-24T17:38:51.122+0100] {dag.py:3089} INFO - Sync 1 DAGs
[2025-08-24T17:38:51.126+0100] {logging_mixin.py:188} INFO - [2025-08-24T17:38:51.126+0100] {dag.py:3947} INFO - Setting next_dagrun for example_time_delta_sensor_async to None, run_after=None
[2025-08-24T17:38:51.132+0100] {processor.py:183} INFO - Processing /Users/homeaccount/miniconda3/envs/churn_pipeline/lib/python3.10/site-packages/airflow/example_dags/example_time_delta_sensor_async.py took 0.073 seconds
[2025-08-24T17:39:46.337+0100] {processor.py:161} INFO - Started process (PID=25594) to work on /Users/homeaccount/miniconda3/envs/churn_pipeline/lib/python3.10/site-packages/airflow/example_dags/example_time_delta_sensor_async.py
[2025-08-24T17:39:46.337+0100] {processor.py:830} INFO - Processing file /Users/homeaccount/miniconda3/envs/churn_pipeline/lib/python3.10/site-packages/airflow/example_dags/example_time_delta_sensor_async.py for tasks to queue
[2025-08-24T17:39:46.337+0100] {logging_mixin.py:188} INFO - [2025-08-24T17:39:46.337+0100] {dagbag.py:545} INFO - Filling up the DagBag from /Users/homeaccount/miniconda3/envs/churn_pipeline/lib/python3.10/site-packages/airflow/example_dags/example_time_delta_sensor_async.py
[2025-08-24T17:39:46.340+0100] {processor.py:840} INFO - DAG(s) 'example_time_delta_sensor_async' retrieved from /Users/homeaccount/miniconda3/envs/churn_pipeline/lib/python3.10/site-packages/airflow/example_dags/example_time_delta_sensor_async.py
[2025-08-24T17:39:46.395+0100] {logging_mixin.py:188} INFO - [2025-08-24T17:39:46.395+0100] {dag.py:3089} INFO - Sync 1 DAGs
[2025-08-24T17:39:46.398+0100] {logging_mixin.py:188} INFO - [2025-08-24T17:39:46.398+0100] {dag.py:3947} INFO - Setting next_dagrun for example_time_delta_sensor_async to None, run_after=None
[2025-08-24T17:39:46.404+0100] {processor.py:183} INFO - Processing /Users/homeaccount/miniconda3/envs/churn_pipeline/lib/python3.10/site-packages/airflow/example_dags/example_time_delta_sensor_async.py took 0.069 seconds
[2025-08-24T17:40:43.490+0100] {processor.py:161} INFO - Started process (PID=25631) to work on /Users/homeaccount/miniconda3/envs/churn_pipeline/lib/python3.10/site-packages/airflow/example_dags/example_time_delta_sensor_async.py
[2025-08-24T17:40:43.490+0100] {processor.py:830} INFO - Processing file /Users/homeaccount/miniconda3/envs/churn_pipeline/lib/python3.10/site-packages/airflow/example_dags/example_time_delta_sensor_async.py for tasks to queue
[2025-08-24T17:40:43.491+0100] {logging_mixin.py:188} INFO - [2025-08-24T17:40:43.491+0100] {dagbag.py:545} INFO - Filling up the DagBag from /Users/homeaccount/miniconda3/envs/churn_pipeline/lib/python3.10/site-packages/airflow/example_dags/example_time_delta_sensor_async.py
[2025-08-24T17:40:43.493+0100] {processor.py:840} INFO - DAG(s) 'example_time_delta_sensor_async' retrieved from /Users/homeaccount/miniconda3/envs/churn_pipeline/lib/python3.10/site-packages/airflow/example_dags/example_time_delta_sensor_async.py
[2025-08-24T17:40:43.548+0100] {logging_mixin.py:188} INFO - [2025-08-24T17:40:43.548+0100] {dag.py:3089} INFO - Sync 1 DAGs
[2025-08-24T17:40:43.552+0100] {logging_mixin.py:188} INFO - [2025-08-24T17:40:43.552+0100] {dag.py:3947} INFO - Setting next_dagrun for example_time_delta_sensor_async to None, run_after=None
[2025-08-24T17:40:43.557+0100] {processor.py:183} INFO - Processing /Users/homeaccount/miniconda3/envs/churn_pipeline/lib/python3.10/site-packages/airflow/example_dags/example_time_delta_sensor_async.py took 0.069 seconds
