[2025-08-24T17:35:48.363+0100] {processor.py:161} INFO - Started process (PID=25404) to work on /Users/homeaccount/miniconda3/envs/churn_pipeline/lib/python3.10/site-packages/airflow/example_dags/example_setup_teardown.py
[2025-08-24T17:35:48.363+0100] {processor.py:830} INFO - Processing file /Users/homeaccount/miniconda3/envs/churn_pipeline/lib/python3.10/site-packages/airflow/example_dags/example_setup_teardown.py for tasks to queue
[2025-08-24T17:35:48.363+0100] {logging_mixin.py:188} INFO - [2025-08-24T17:35:48.363+0100] {dagbag.py:545} INFO - Filling up the DagBag from /Users/homeaccount/miniconda3/envs/churn_pipeline/lib/python3.10/site-packages/airflow/example_dags/example_setup_teardown.py
[2025-08-24T17:35:48.367+0100] {processor.py:840} INFO - DAG(s) 'example_setup_teardown' retrieved from /Users/homeaccount/miniconda3/envs/churn_pipeline/lib/python3.10/site-packages/airflow/example_dags/example_setup_teardown.py
[2025-08-24T17:35:48.446+0100] {logging_mixin.py:188} INFO - [2025-08-24T17:35:48.446+0100] {dag.py:3089} INFO - Sync 1 DAGs
[2025-08-24T17:35:48.451+0100] {logging_mixin.py:188} INFO - [2025-08-24T17:35:48.451+0100] {dag.py:3947} INFO - Setting next_dagrun for example_setup_teardown to 2025-08-23 00:00:00+00:00, run_after=2025-08-24 00:00:00+00:00
[2025-08-24T17:35:48.457+0100] {processor.py:183} INFO - Processing /Users/homeaccount/miniconda3/envs/churn_pipeline/lib/python3.10/site-packages/airflow/example_dags/example_setup_teardown.py took 0.096 seconds
[2025-08-24T17:37:11.218+0100] {processor.py:161} INFO - Started process (PID=25468) to work on /Users/homeaccount/miniconda3/envs/churn_pipeline/lib/python3.10/site-packages/airflow/example_dags/example_setup_teardown.py
[2025-08-24T17:37:11.219+0100] {processor.py:830} INFO - Processing file /Users/homeaccount/miniconda3/envs/churn_pipeline/lib/python3.10/site-packages/airflow/example_dags/example_setup_teardown.py for tasks to queue
[2025-08-24T17:37:11.220+0100] {logging_mixin.py:188} INFO - [2025-08-24T17:37:11.220+0100] {dagbag.py:545} INFO - Filling up the DagBag from /Users/homeaccount/miniconda3/envs/churn_pipeline/lib/python3.10/site-packages/airflow/example_dags/example_setup_teardown.py
[2025-08-24T17:37:11.222+0100] {processor.py:840} INFO - DAG(s) 'example_setup_teardown' retrieved from /Users/homeaccount/miniconda3/envs/churn_pipeline/lib/python3.10/site-packages/airflow/example_dags/example_setup_teardown.py
[2025-08-24T17:37:11.273+0100] {logging_mixin.py:188} INFO - [2025-08-24T17:37:11.273+0100] {dag.py:3089} INFO - Sync 1 DAGs
[2025-08-24T17:37:11.278+0100] {logging_mixin.py:188} INFO - [2025-08-24T17:37:11.278+0100] {dag.py:3947} INFO - Setting next_dagrun for example_setup_teardown to 2025-08-23 00:00:00+00:00, run_after=2025-08-24 00:00:00+00:00
[2025-08-24T17:37:11.284+0100] {processor.py:183} INFO - Processing /Users/homeaccount/miniconda3/envs/churn_pipeline/lib/python3.10/site-packages/airflow/example_dags/example_setup_teardown.py took 0.066 seconds
[2025-08-24T17:39:06.654+0100] {processor.py:161} INFO - Started process (PID=25563) to work on /Users/homeaccount/miniconda3/envs/churn_pipeline/lib/python3.10/site-packages/airflow/example_dags/example_setup_teardown.py
[2025-08-24T17:39:06.655+0100] {processor.py:830} INFO - Processing file /Users/homeaccount/miniconda3/envs/churn_pipeline/lib/python3.10/site-packages/airflow/example_dags/example_setup_teardown.py for tasks to queue
[2025-08-24T17:39:06.656+0100] {logging_mixin.py:188} INFO - [2025-08-24T17:39:06.655+0100] {dagbag.py:545} INFO - Filling up the DagBag from /Users/homeaccount/miniconda3/envs/churn_pipeline/lib/python3.10/site-packages/airflow/example_dags/example_setup_teardown.py
[2025-08-24T17:39:06.658+0100] {processor.py:840} INFO - DAG(s) 'example_setup_teardown' retrieved from /Users/homeaccount/miniconda3/envs/churn_pipeline/lib/python3.10/site-packages/airflow/example_dags/example_setup_teardown.py
[2025-08-24T17:39:06.709+0100] {logging_mixin.py:188} INFO - [2025-08-24T17:39:06.709+0100] {dag.py:3089} INFO - Sync 1 DAGs
[2025-08-24T17:39:06.714+0100] {logging_mixin.py:188} INFO - [2025-08-24T17:39:06.714+0100] {dag.py:3947} INFO - Setting next_dagrun for example_setup_teardown to 2025-08-23 00:00:00+00:00, run_after=2025-08-24 00:00:00+00:00
[2025-08-24T17:39:06.720+0100] {processor.py:183} INFO - Processing /Users/homeaccount/miniconda3/envs/churn_pipeline/lib/python3.10/site-packages/airflow/example_dags/example_setup_teardown.py took 0.067 seconds
