[2025-08-24T17:35:30.840+0100] {processor.py:161} INFO - Started process (PID=25392) to work on /Users/homeaccount/miniconda3/envs/churn_pipeline/lib/python3.10/site-packages/airflow/example_dags/example_trigger_controller_dag.py
[2025-08-24T17:35:30.841+0100] {processor.py:830} INFO - Processing file /Users/homeaccount/miniconda3/envs/churn_pipeline/lib/python3.10/site-packages/airflow/example_dags/example_trigger_controller_dag.py for tasks to queue
[2025-08-24T17:35:30.841+0100] {logging_mixin.py:188} INFO - [2025-08-24T17:35:30.841+0100] {dagbag.py:545} INFO - Filling up the DagBag from /Users/homeaccount/miniconda3/envs/churn_pipeline/lib/python3.10/site-packages/airflow/example_dags/example_trigger_controller_dag.py
[2025-08-24T17:35:30.845+0100] {processor.py:840} INFO - DAG(s) 'example_trigger_controller_dag' retrieved from /Users/homeaccount/miniconda3/envs/churn_pipeline/lib/python3.10/site-packages/airflow/example_dags/example_trigger_controller_dag.py
[2025-08-24T17:35:30.920+0100] {logging_mixin.py:188} INFO - [2025-08-24T17:35:30.920+0100] {dag.py:3089} INFO - Sync 1 DAGs
[2025-08-24T17:35:30.925+0100] {logging_mixin.py:188} INFO - [2025-08-24T17:35:30.925+0100] {dag.py:3947} INFO - Setting next_dagrun for example_trigger_controller_dag to 2021-01-01 00:00:00+00:00, run_after=2021-01-01 00:00:00+00:00
[2025-08-24T17:35:30.932+0100] {processor.py:183} INFO - Processing /Users/homeaccount/miniconda3/envs/churn_pipeline/lib/python3.10/site-packages/airflow/example_dags/example_trigger_controller_dag.py took 0.092 seconds
[2025-08-24T17:36:55.837+0100] {processor.py:161} INFO - Started process (PID=25458) to work on /Users/homeaccount/miniconda3/envs/churn_pipeline/lib/python3.10/site-packages/airflow/example_dags/example_trigger_controller_dag.py
[2025-08-24T17:36:55.838+0100] {processor.py:830} INFO - Processing file /Users/homeaccount/miniconda3/envs/churn_pipeline/lib/python3.10/site-packages/airflow/example_dags/example_trigger_controller_dag.py for tasks to queue
[2025-08-24T17:36:55.838+0100] {logging_mixin.py:188} INFO - [2025-08-24T17:36:55.838+0100] {dagbag.py:545} INFO - Filling up the DagBag from /Users/homeaccount/miniconda3/envs/churn_pipeline/lib/python3.10/site-packages/airflow/example_dags/example_trigger_controller_dag.py
[2025-08-24T17:36:55.842+0100] {processor.py:840} INFO - DAG(s) 'example_trigger_controller_dag' retrieved from /Users/homeaccount/miniconda3/envs/churn_pipeline/lib/python3.10/site-packages/airflow/example_dags/example_trigger_controller_dag.py
[2025-08-24T17:36:55.890+0100] {logging_mixin.py:188} INFO - [2025-08-24T17:36:55.890+0100] {dag.py:3089} INFO - Sync 1 DAGs
[2025-08-24T17:36:55.895+0100] {logging_mixin.py:188} INFO - [2025-08-24T17:36:55.895+0100] {dag.py:3947} INFO - Setting next_dagrun for example_trigger_controller_dag to 2021-01-01 00:00:00+00:00, run_after=2021-01-01 00:00:00+00:00
[2025-08-24T17:36:55.901+0100] {processor.py:183} INFO - Processing /Users/homeaccount/miniconda3/envs/churn_pipeline/lib/python3.10/site-packages/airflow/example_dags/example_trigger_controller_dag.py took 0.065 seconds
[2025-08-24T17:37:51.754+0100] {processor.py:161} INFO - Started process (PID=25497) to work on /Users/homeaccount/miniconda3/envs/churn_pipeline/lib/python3.10/site-packages/airflow/example_dags/example_trigger_controller_dag.py
[2025-08-24T17:37:51.755+0100] {processor.py:830} INFO - Processing file /Users/homeaccount/miniconda3/envs/churn_pipeline/lib/python3.10/site-packages/airflow/example_dags/example_trigger_controller_dag.py for tasks to queue
[2025-08-24T17:37:51.755+0100] {logging_mixin.py:188} INFO - [2025-08-24T17:37:51.755+0100] {dagbag.py:545} INFO - Filling up the DagBag from /Users/homeaccount/miniconda3/envs/churn_pipeline/lib/python3.10/site-packages/airflow/example_dags/example_trigger_controller_dag.py
[2025-08-24T17:37:51.759+0100] {processor.py:840} INFO - DAG(s) 'example_trigger_controller_dag' retrieved from /Users/homeaccount/miniconda3/envs/churn_pipeline/lib/python3.10/site-packages/airflow/example_dags/example_trigger_controller_dag.py
[2025-08-24T17:37:51.814+0100] {logging_mixin.py:188} INFO - [2025-08-24T17:37:51.814+0100] {dag.py:3089} INFO - Sync 1 DAGs
[2025-08-24T17:37:51.820+0100] {logging_mixin.py:188} INFO - [2025-08-24T17:37:51.820+0100] {dag.py:3947} INFO - Setting next_dagrun for example_trigger_controller_dag to 2021-01-01 00:00:00+00:00, run_after=2021-01-01 00:00:00+00:00
[2025-08-24T17:37:51.826+0100] {processor.py:183} INFO - Processing /Users/homeaccount/miniconda3/envs/churn_pipeline/lib/python3.10/site-packages/airflow/example_dags/example_trigger_controller_dag.py took 0.073 seconds
[2025-08-24T17:38:49.304+0100] {processor.py:161} INFO - Started process (PID=25550) to work on /Users/homeaccount/miniconda3/envs/churn_pipeline/lib/python3.10/site-packages/airflow/example_dags/example_trigger_controller_dag.py
[2025-08-24T17:38:49.305+0100] {processor.py:830} INFO - Processing file /Users/homeaccount/miniconda3/envs/churn_pipeline/lib/python3.10/site-packages/airflow/example_dags/example_trigger_controller_dag.py for tasks to queue
[2025-08-24T17:38:49.305+0100] {logging_mixin.py:188} INFO - [2025-08-24T17:38:49.305+0100] {dagbag.py:545} INFO - Filling up the DagBag from /Users/homeaccount/miniconda3/envs/churn_pipeline/lib/python3.10/site-packages/airflow/example_dags/example_trigger_controller_dag.py
[2025-08-24T17:38:49.309+0100] {processor.py:840} INFO - DAG(s) 'example_trigger_controller_dag' retrieved from /Users/homeaccount/miniconda3/envs/churn_pipeline/lib/python3.10/site-packages/airflow/example_dags/example_trigger_controller_dag.py
[2025-08-24T17:38:49.360+0100] {logging_mixin.py:188} INFO - [2025-08-24T17:38:49.360+0100] {dag.py:3089} INFO - Sync 1 DAGs
[2025-08-24T17:38:49.366+0100] {logging_mixin.py:188} INFO - [2025-08-24T17:38:49.366+0100] {dag.py:3947} INFO - Setting next_dagrun for example_trigger_controller_dag to 2021-01-01 00:00:00+00:00, run_after=2021-01-01 00:00:00+00:00
[2025-08-24T17:38:49.373+0100] {processor.py:183} INFO - Processing /Users/homeaccount/miniconda3/envs/churn_pipeline/lib/python3.10/site-packages/airflow/example_dags/example_trigger_controller_dag.py took 0.071 seconds
[2025-08-24T17:39:44.629+0100] {processor.py:161} INFO - Started process (PID=25593) to work on /Users/homeaccount/miniconda3/envs/churn_pipeline/lib/python3.10/site-packages/airflow/example_dags/example_trigger_controller_dag.py
[2025-08-24T17:39:44.630+0100] {processor.py:830} INFO - Processing file /Users/homeaccount/miniconda3/envs/churn_pipeline/lib/python3.10/site-packages/airflow/example_dags/example_trigger_controller_dag.py for tasks to queue
[2025-08-24T17:39:44.631+0100] {logging_mixin.py:188} INFO - [2025-08-24T17:39:44.630+0100] {dagbag.py:545} INFO - Filling up the DagBag from /Users/homeaccount/miniconda3/envs/churn_pipeline/lib/python3.10/site-packages/airflow/example_dags/example_trigger_controller_dag.py
[2025-08-24T17:39:44.634+0100] {processor.py:840} INFO - DAG(s) 'example_trigger_controller_dag' retrieved from /Users/homeaccount/miniconda3/envs/churn_pipeline/lib/python3.10/site-packages/airflow/example_dags/example_trigger_controller_dag.py
[2025-08-24T17:39:44.686+0100] {logging_mixin.py:188} INFO - [2025-08-24T17:39:44.686+0100] {dag.py:3089} INFO - Sync 1 DAGs
[2025-08-24T17:39:44.691+0100] {logging_mixin.py:188} INFO - [2025-08-24T17:39:44.691+0100] {dag.py:3947} INFO - Setting next_dagrun for example_trigger_controller_dag to 2021-01-01 00:00:00+00:00, run_after=2021-01-01 00:00:00+00:00
[2025-08-24T17:39:44.697+0100] {processor.py:183} INFO - Processing /Users/homeaccount/miniconda3/envs/churn_pipeline/lib/python3.10/site-packages/airflow/example_dags/example_trigger_controller_dag.py took 0.069 seconds
[2025-08-24T17:40:41.728+0100] {processor.py:161} INFO - Started process (PID=25630) to work on /Users/homeaccount/miniconda3/envs/churn_pipeline/lib/python3.10/site-packages/airflow/example_dags/example_trigger_controller_dag.py
[2025-08-24T17:40:41.729+0100] {processor.py:830} INFO - Processing file /Users/homeaccount/miniconda3/envs/churn_pipeline/lib/python3.10/site-packages/airflow/example_dags/example_trigger_controller_dag.py for tasks to queue
[2025-08-24T17:40:41.729+0100] {logging_mixin.py:188} INFO - [2025-08-24T17:40:41.729+0100] {dagbag.py:545} INFO - Filling up the DagBag from /Users/homeaccount/miniconda3/envs/churn_pipeline/lib/python3.10/site-packages/airflow/example_dags/example_trigger_controller_dag.py
[2025-08-24T17:40:41.732+0100] {processor.py:840} INFO - DAG(s) 'example_trigger_controller_dag' retrieved from /Users/homeaccount/miniconda3/envs/churn_pipeline/lib/python3.10/site-packages/airflow/example_dags/example_trigger_controller_dag.py
[2025-08-24T17:40:41.780+0100] {logging_mixin.py:188} INFO - [2025-08-24T17:40:41.780+0100] {dag.py:3089} INFO - Sync 1 DAGs
[2025-08-24T17:40:41.786+0100] {logging_mixin.py:188} INFO - [2025-08-24T17:40:41.786+0100] {dag.py:3947} INFO - Setting next_dagrun for example_trigger_controller_dag to 2021-01-01 00:00:00+00:00, run_after=2021-01-01 00:00:00+00:00
[2025-08-24T17:40:41.792+0100] {processor.py:183} INFO - Processing /Users/homeaccount/miniconda3/envs/churn_pipeline/lib/python3.10/site-packages/airflow/example_dags/example_trigger_controller_dag.py took 0.065 seconds
