[2025-08-24T17:35:27.330+0100] {processor.py:161} INFO - Started process (PID=25390) to work on /Users/homeaccount/miniconda3/envs/churn_pipeline/lib/python3.10/site-packages/airflow/example_dags/example_xcom.py
[2025-08-24T17:35:27.331+0100] {processor.py:830} INFO - Processing file /Users/homeaccount/miniconda3/envs/churn_pipeline/lib/python3.10/site-packages/airflow/example_dags/example_xcom.py for tasks to queue
[2025-08-24T17:35:27.332+0100] {logging_mixin.py:188} INFO - [2025-08-24T17:35:27.332+0100] {dagbag.py:545} INFO - Filling up the DagBag from /Users/homeaccount/miniconda3/envs/churn_pipeline/lib/python3.10/site-packages/airflow/example_dags/example_xcom.py
[2025-08-24T17:35:27.368+0100] {processor.py:840} INFO - DAG(s) 'example_xcom' retrieved from /Users/homeaccount/miniconda3/envs/churn_pipeline/lib/python3.10/site-packages/airflow/example_dags/example_xcom.py
[2025-08-24T17:35:27.427+0100] {logging_mixin.py:188} INFO - [2025-08-24T17:35:27.427+0100] {dag.py:3089} INFO - Sync 1 DAGs
[2025-08-24T17:35:27.433+0100] {logging_mixin.py:188} INFO - [2025-08-24T17:35:27.432+0100] {dag.py:3947} INFO - Setting next_dagrun for example_xcom to 2021-01-01 00:00:00+00:00, run_after=2021-01-01 00:00:00+00:00
[2025-08-24T17:35:27.439+0100] {processor.py:183} INFO - Processing /Users/homeaccount/miniconda3/envs/churn_pipeline/lib/python3.10/site-packages/airflow/example_dags/example_xcom.py took 0.110 seconds
[2025-08-24T17:36:53.375+0100] {processor.py:161} INFO - Started process (PID=25456) to work on /Users/homeaccount/miniconda3/envs/churn_pipeline/lib/python3.10/site-packages/airflow/example_dags/example_xcom.py
[2025-08-24T17:36:53.376+0100] {processor.py:830} INFO - Processing file /Users/homeaccount/miniconda3/envs/churn_pipeline/lib/python3.10/site-packages/airflow/example_dags/example_xcom.py for tasks to queue
[2025-08-24T17:36:53.377+0100] {logging_mixin.py:188} INFO - [2025-08-24T17:36:53.376+0100] {dagbag.py:545} INFO - Filling up the DagBag from /Users/homeaccount/miniconda3/envs/churn_pipeline/lib/python3.10/site-packages/airflow/example_dags/example_xcom.py
[2025-08-24T17:36:53.417+0100] {processor.py:840} INFO - DAG(s) 'example_xcom' retrieved from /Users/homeaccount/miniconda3/envs/churn_pipeline/lib/python3.10/site-packages/airflow/example_dags/example_xcom.py
[2025-08-24T17:36:53.455+0100] {logging_mixin.py:188} INFO - [2025-08-24T17:36:53.455+0100] {dag.py:3089} INFO - Sync 1 DAGs
[2025-08-24T17:36:53.461+0100] {logging_mixin.py:188} INFO - [2025-08-24T17:36:53.461+0100] {dag.py:3947} INFO - Setting next_dagrun for example_xcom to 2021-01-01 00:00:00+00:00, run_after=2021-01-01 00:00:00+00:00
[2025-08-24T17:36:53.467+0100] {processor.py:183} INFO - Processing /Users/homeaccount/miniconda3/envs/churn_pipeline/lib/python3.10/site-packages/airflow/example_dags/example_xcom.py took 0.093 seconds
[2025-08-24T17:37:48.312+0100] {processor.py:161} INFO - Started process (PID=25495) to work on /Users/homeaccount/miniconda3/envs/churn_pipeline/lib/python3.10/site-packages/airflow/example_dags/example_xcom.py
[2025-08-24T17:37:48.313+0100] {processor.py:830} INFO - Processing file /Users/homeaccount/miniconda3/envs/churn_pipeline/lib/python3.10/site-packages/airflow/example_dags/example_xcom.py for tasks to queue
[2025-08-24T17:37:48.313+0100] {logging_mixin.py:188} INFO - [2025-08-24T17:37:48.313+0100] {dagbag.py:545} INFO - Filling up the DagBag from /Users/homeaccount/miniconda3/envs/churn_pipeline/lib/python3.10/site-packages/airflow/example_dags/example_xcom.py
[2025-08-24T17:37:48.347+0100] {processor.py:840} INFO - DAG(s) 'example_xcom' retrieved from /Users/homeaccount/miniconda3/envs/churn_pipeline/lib/python3.10/site-packages/airflow/example_dags/example_xcom.py
[2025-08-24T17:37:48.379+0100] {logging_mixin.py:188} INFO - [2025-08-24T17:37:48.379+0100] {dag.py:3089} INFO - Sync 1 DAGs
[2025-08-24T17:37:48.384+0100] {logging_mixin.py:188} INFO - [2025-08-24T17:37:48.384+0100] {dag.py:3947} INFO - Setting next_dagrun for example_xcom to 2021-01-01 00:00:00+00:00, run_after=2021-01-01 00:00:00+00:00
[2025-08-24T17:37:48.390+0100] {processor.py:183} INFO - Processing /Users/homeaccount/miniconda3/envs/churn_pipeline/lib/python3.10/site-packages/airflow/example_dags/example_xcom.py took 0.079 seconds
[2025-08-24T17:38:45.826+0100] {processor.py:161} INFO - Started process (PID=25543) to work on /Users/homeaccount/miniconda3/envs/churn_pipeline/lib/python3.10/site-packages/airflow/example_dags/example_xcom.py
[2025-08-24T17:38:45.827+0100] {processor.py:830} INFO - Processing file /Users/homeaccount/miniconda3/envs/churn_pipeline/lib/python3.10/site-packages/airflow/example_dags/example_xcom.py for tasks to queue
[2025-08-24T17:38:45.827+0100] {logging_mixin.py:188} INFO - [2025-08-24T17:38:45.827+0100] {dagbag.py:545} INFO - Filling up the DagBag from /Users/homeaccount/miniconda3/envs/churn_pipeline/lib/python3.10/site-packages/airflow/example_dags/example_xcom.py
[2025-08-24T17:38:45.860+0100] {processor.py:840} INFO - DAG(s) 'example_xcom' retrieved from /Users/homeaccount/miniconda3/envs/churn_pipeline/lib/python3.10/site-packages/airflow/example_dags/example_xcom.py
[2025-08-24T17:38:45.893+0100] {logging_mixin.py:188} INFO - [2025-08-24T17:38:45.893+0100] {dag.py:3089} INFO - Sync 1 DAGs
[2025-08-24T17:38:45.898+0100] {logging_mixin.py:188} INFO - [2025-08-24T17:38:45.898+0100] {dag.py:3947} INFO - Setting next_dagrun for example_xcom to 2021-01-01 00:00:00+00:00, run_after=2021-01-01 00:00:00+00:00
[2025-08-24T17:38:45.904+0100] {processor.py:183} INFO - Processing /Users/homeaccount/miniconda3/envs/churn_pipeline/lib/python3.10/site-packages/airflow/example_dags/example_xcom.py took 0.079 seconds
[2025-08-24T17:39:41.061+0100] {processor.py:161} INFO - Started process (PID=25591) to work on /Users/homeaccount/miniconda3/envs/churn_pipeline/lib/python3.10/site-packages/airflow/example_dags/example_xcom.py
[2025-08-24T17:39:41.062+0100] {processor.py:830} INFO - Processing file /Users/homeaccount/miniconda3/envs/churn_pipeline/lib/python3.10/site-packages/airflow/example_dags/example_xcom.py for tasks to queue
[2025-08-24T17:39:41.062+0100] {logging_mixin.py:188} INFO - [2025-08-24T17:39:41.062+0100] {dagbag.py:545} INFO - Filling up the DagBag from /Users/homeaccount/miniconda3/envs/churn_pipeline/lib/python3.10/site-packages/airflow/example_dags/example_xcom.py
[2025-08-24T17:39:41.120+0100] {processor.py:840} INFO - DAG(s) 'example_xcom' retrieved from /Users/homeaccount/miniconda3/envs/churn_pipeline/lib/python3.10/site-packages/airflow/example_dags/example_xcom.py
[2025-08-24T17:39:41.160+0100] {logging_mixin.py:188} INFO - [2025-08-24T17:39:41.160+0100] {dag.py:3089} INFO - Sync 1 DAGs
[2025-08-24T17:39:41.166+0100] {logging_mixin.py:188} INFO - [2025-08-24T17:39:41.166+0100] {dag.py:3947} INFO - Setting next_dagrun for example_xcom to 2021-01-01 00:00:00+00:00, run_after=2021-01-01 00:00:00+00:00
[2025-08-24T17:39:41.172+0100] {processor.py:183} INFO - Processing /Users/homeaccount/miniconda3/envs/churn_pipeline/lib/python3.10/site-packages/airflow/example_dags/example_xcom.py took 0.113 seconds
[2025-08-24T17:40:38.314+0100] {processor.py:161} INFO - Started process (PID=25627) to work on /Users/homeaccount/miniconda3/envs/churn_pipeline/lib/python3.10/site-packages/airflow/example_dags/example_xcom.py
[2025-08-24T17:40:38.315+0100] {processor.py:830} INFO - Processing file /Users/homeaccount/miniconda3/envs/churn_pipeline/lib/python3.10/site-packages/airflow/example_dags/example_xcom.py for tasks to queue
[2025-08-24T17:40:38.315+0100] {logging_mixin.py:188} INFO - [2025-08-24T17:40:38.315+0100] {dagbag.py:545} INFO - Filling up the DagBag from /Users/homeaccount/miniconda3/envs/churn_pipeline/lib/python3.10/site-packages/airflow/example_dags/example_xcom.py
[2025-08-24T17:40:38.347+0100] {processor.py:840} INFO - DAG(s) 'example_xcom' retrieved from /Users/homeaccount/miniconda3/envs/churn_pipeline/lib/python3.10/site-packages/airflow/example_dags/example_xcom.py
[2025-08-24T17:40:38.378+0100] {logging_mixin.py:188} INFO - [2025-08-24T17:40:38.378+0100] {dag.py:3089} INFO - Sync 1 DAGs
[2025-08-24T17:40:38.383+0100] {logging_mixin.py:188} INFO - [2025-08-24T17:40:38.383+0100] {dag.py:3947} INFO - Setting next_dagrun for example_xcom to 2021-01-01 00:00:00+00:00, run_after=2021-01-01 00:00:00+00:00
[2025-08-24T17:40:38.389+0100] {processor.py:183} INFO - Processing /Users/homeaccount/miniconda3/envs/churn_pipeline/lib/python3.10/site-packages/airflow/example_dags/example_xcom.py took 0.076 seconds
