[2025-08-24T17:35:44.853+0100] {processor.py:161} INFO - Started process (PID=25402) to work on /Users/homeaccount/miniconda3/envs/churn_pipeline/lib/python3.10/site-packages/airflow/example_dags/example_short_circuit_decorator.py
[2025-08-24T17:35:44.853+0100] {processor.py:830} INFO - Processing file /Users/homeaccount/miniconda3/envs/churn_pipeline/lib/python3.10/site-packages/airflow/example_dags/example_short_circuit_decorator.py for tasks to queue
[2025-08-24T17:35:44.854+0100] {logging_mixin.py:188} INFO - [2025-08-24T17:35:44.854+0100] {dagbag.py:545} INFO - Filling up the DagBag from /Users/homeaccount/miniconda3/envs/churn_pipeline/lib/python3.10/site-packages/airflow/example_dags/example_short_circuit_decorator.py
[2025-08-24T17:35:44.888+0100] {processor.py:840} INFO - DAG(s) 'example_short_circuit_decorator' retrieved from /Users/homeaccount/miniconda3/envs/churn_pipeline/lib/python3.10/site-packages/airflow/example_dags/example_short_circuit_decorator.py
[2025-08-24T17:35:44.949+0100] {logging_mixin.py:188} INFO - [2025-08-24T17:35:44.949+0100] {dag.py:3089} INFO - Sync 1 DAGs
[2025-08-24T17:35:44.955+0100] {logging_mixin.py:188} INFO - [2025-08-24T17:35:44.955+0100] {dag.py:3947} INFO - Setting next_dagrun for example_short_circuit_decorator to 2025-08-23 00:00:00+00:00, run_after=2025-08-24 00:00:00+00:00
[2025-08-24T17:35:44.963+0100] {processor.py:183} INFO - Processing /Users/homeaccount/miniconda3/envs/churn_pipeline/lib/python3.10/site-packages/airflow/example_dags/example_short_circuit_decorator.py took 0.111 seconds
[2025-08-24T17:37:07.781+0100] {processor.py:161} INFO - Started process (PID=25466) to work on /Users/homeaccount/miniconda3/envs/churn_pipeline/lib/python3.10/site-packages/airflow/example_dags/example_short_circuit_decorator.py
[2025-08-24T17:37:07.782+0100] {processor.py:830} INFO - Processing file /Users/homeaccount/miniconda3/envs/churn_pipeline/lib/python3.10/site-packages/airflow/example_dags/example_short_circuit_decorator.py for tasks to queue
[2025-08-24T17:37:07.782+0100] {logging_mixin.py:188} INFO - [2025-08-24T17:37:07.782+0100] {dagbag.py:545} INFO - Filling up the DagBag from /Users/homeaccount/miniconda3/envs/churn_pipeline/lib/python3.10/site-packages/airflow/example_dags/example_short_circuit_decorator.py
[2025-08-24T17:37:07.814+0100] {processor.py:840} INFO - DAG(s) 'example_short_circuit_decorator' retrieved from /Users/homeaccount/miniconda3/envs/churn_pipeline/lib/python3.10/site-packages/airflow/example_dags/example_short_circuit_decorator.py
[2025-08-24T17:37:07.846+0100] {logging_mixin.py:188} INFO - [2025-08-24T17:37:07.846+0100] {dag.py:3089} INFO - Sync 1 DAGs
[2025-08-24T17:37:07.851+0100] {logging_mixin.py:188} INFO - [2025-08-24T17:37:07.851+0100] {dag.py:3947} INFO - Setting next_dagrun for example_short_circuit_decorator to 2025-08-23 00:00:00+00:00, run_after=2025-08-24 00:00:00+00:00
[2025-08-24T17:37:07.857+0100] {processor.py:183} INFO - Processing /Users/homeaccount/miniconda3/envs/churn_pipeline/lib/python3.10/site-packages/airflow/example_dags/example_short_circuit_decorator.py took 0.077 seconds
[2025-08-24T17:39:03.226+0100] {processor.py:161} INFO - Started process (PID=25561) to work on /Users/homeaccount/miniconda3/envs/churn_pipeline/lib/python3.10/site-packages/airflow/example_dags/example_short_circuit_decorator.py
[2025-08-24T17:39:03.228+0100] {processor.py:830} INFO - Processing file /Users/homeaccount/miniconda3/envs/churn_pipeline/lib/python3.10/site-packages/airflow/example_dags/example_short_circuit_decorator.py for tasks to queue
[2025-08-24T17:39:03.228+0100] {logging_mixin.py:188} INFO - [2025-08-24T17:39:03.228+0100] {dagbag.py:545} INFO - Filling up the DagBag from /Users/homeaccount/miniconda3/envs/churn_pipeline/lib/python3.10/site-packages/airflow/example_dags/example_short_circuit_decorator.py
[2025-08-24T17:39:03.260+0100] {processor.py:840} INFO - DAG(s) 'example_short_circuit_decorator' retrieved from /Users/homeaccount/miniconda3/envs/churn_pipeline/lib/python3.10/site-packages/airflow/example_dags/example_short_circuit_decorator.py
[2025-08-24T17:39:03.293+0100] {logging_mixin.py:188} INFO - [2025-08-24T17:39:03.293+0100] {dag.py:3089} INFO - Sync 1 DAGs
[2025-08-24T17:39:03.298+0100] {logging_mixin.py:188} INFO - [2025-08-24T17:39:03.298+0100] {dag.py:3947} INFO - Setting next_dagrun for example_short_circuit_decorator to 2025-08-23 00:00:00+00:00, run_after=2025-08-24 00:00:00+00:00
[2025-08-24T17:39:03.303+0100] {processor.py:183} INFO - Processing /Users/homeaccount/miniconda3/envs/churn_pipeline/lib/python3.10/site-packages/airflow/example_dags/example_short_circuit_decorator.py took 0.078 seconds
