[2025-08-24T17:36:07.101+0100] {processor.py:161} INFO - Started process (PID=25415) to work on /Users/homeaccount/miniconda3/envs/churn_pipeline/lib/python3.10/site-packages/airflow/example_dags/example_latest_only.py
[2025-08-24T17:36:07.102+0100] {processor.py:830} INFO - Processing file /Users/homeaccount/miniconda3/envs/churn_pipeline/lib/python3.10/site-packages/airflow/example_dags/example_latest_only.py for tasks to queue
[2025-08-24T17:36:07.102+0100] {logging_mixin.py:188} INFO - [2025-08-24T17:36:07.102+0100] {dagbag.py:545} INFO - Filling up the DagBag from /Users/homeaccount/miniconda3/envs/churn_pipeline/lib/python3.10/site-packages/airflow/example_dags/example_latest_only.py
[2025-08-24T17:36:07.105+0100] {processor.py:840} INFO - DAG(s) 'latest_only' retrieved from /Users/homeaccount/miniconda3/envs/churn_pipeline/lib/python3.10/site-packages/airflow/example_dags/example_latest_only.py
[2025-08-24T17:36:07.181+0100] {logging_mixin.py:188} INFO - [2025-08-24T17:36:07.181+0100] {dag.py:3089} INFO - Sync 1 DAGs
[2025-08-24T17:36:07.186+0100] {logging_mixin.py:188} INFO - [2025-08-24T17:36:07.186+0100] {dag.py:3947} INFO - Setting next_dagrun for latest_only to 2025-08-24 12:00:00+00:00, run_after=2025-08-24 16:00:00+00:00
[2025-08-24T17:36:07.193+0100] {processor.py:183} INFO - Processing /Users/homeaccount/miniconda3/envs/churn_pipeline/lib/python3.10/site-packages/airflow/example_dags/example_latest_only.py took 0.093 seconds
[2025-08-24T17:37:56.617+0100] {processor.py:161} INFO - Started process (PID=25500) to work on /Users/homeaccount/miniconda3/envs/churn_pipeline/lib/python3.10/site-packages/airflow/example_dags/example_latest_only.py
[2025-08-24T17:37:56.618+0100] {processor.py:830} INFO - Processing file /Users/homeaccount/miniconda3/envs/churn_pipeline/lib/python3.10/site-packages/airflow/example_dags/example_latest_only.py for tasks to queue
[2025-08-24T17:37:56.619+0100] {logging_mixin.py:188} INFO - [2025-08-24T17:37:56.619+0100] {dagbag.py:545} INFO - Filling up the DagBag from /Users/homeaccount/miniconda3/envs/churn_pipeline/lib/python3.10/site-packages/airflow/example_dags/example_latest_only.py
[2025-08-24T17:37:56.621+0100] {processor.py:840} INFO - DAG(s) 'latest_only' retrieved from /Users/homeaccount/miniconda3/envs/churn_pipeline/lib/python3.10/site-packages/airflow/example_dags/example_latest_only.py
[2025-08-24T17:37:56.671+0100] {logging_mixin.py:188} INFO - [2025-08-24T17:37:56.671+0100] {dag.py:3089} INFO - Sync 1 DAGs
[2025-08-24T17:37:56.677+0100] {logging_mixin.py:188} INFO - [2025-08-24T17:37:56.677+0100] {dag.py:3947} INFO - Setting next_dagrun for latest_only to 2025-08-24 12:00:00+00:00, run_after=2025-08-24 16:00:00+00:00
[2025-08-24T17:37:56.682+0100] {processor.py:183} INFO - Processing /Users/homeaccount/miniconda3/envs/churn_pipeline/lib/python3.10/site-packages/airflow/example_dags/example_latest_only.py took 0.066 seconds
[2025-08-24T17:39:48.032+0100] {processor.py:161} INFO - Started process (PID=25595) to work on /Users/homeaccount/miniconda3/envs/churn_pipeline/lib/python3.10/site-packages/airflow/example_dags/example_latest_only.py
[2025-08-24T17:39:48.033+0100] {processor.py:830} INFO - Processing file /Users/homeaccount/miniconda3/envs/churn_pipeline/lib/python3.10/site-packages/airflow/example_dags/example_latest_only.py for tasks to queue
[2025-08-24T17:39:48.033+0100] {logging_mixin.py:188} INFO - [2025-08-24T17:39:48.033+0100] {dagbag.py:545} INFO - Filling up the DagBag from /Users/homeaccount/miniconda3/envs/churn_pipeline/lib/python3.10/site-packages/airflow/example_dags/example_latest_only.py
[2025-08-24T17:39:48.036+0100] {processor.py:840} INFO - DAG(s) 'latest_only' retrieved from /Users/homeaccount/miniconda3/envs/churn_pipeline/lib/python3.10/site-packages/airflow/example_dags/example_latest_only.py
[2025-08-24T17:39:48.086+0100] {logging_mixin.py:188} INFO - [2025-08-24T17:39:48.085+0100] {dag.py:3089} INFO - Sync 1 DAGs
[2025-08-24T17:39:48.091+0100] {logging_mixin.py:188} INFO - [2025-08-24T17:39:48.091+0100] {dag.py:3947} INFO - Setting next_dagrun for latest_only to 2025-08-24 12:00:00+00:00, run_after=2025-08-24 16:00:00+00:00
[2025-08-24T17:39:48.097+0100] {processor.py:183} INFO - Processing /Users/homeaccount/miniconda3/envs/churn_pipeline/lib/python3.10/site-packages/airflow/example_dags/example_latest_only.py took 0.066 seconds
