[2025-08-24T17:35:29.086+0100] {processor.py:161} INFO - Started process (PID=25391) to work on /Users/homeaccount/miniconda3/envs/churn_pipeline/lib/python3.10/site-packages/airflow/example_dags/example_trigger_target_dag.py
[2025-08-24T17:35:29.086+0100] {processor.py:830} INFO - Processing file /Users/homeaccount/miniconda3/envs/churn_pipeline/lib/python3.10/site-packages/airflow/example_dags/example_trigger_target_dag.py for tasks to queue
[2025-08-24T17:35:29.086+0100] {logging_mixin.py:188} INFO - [2025-08-24T17:35:29.086+0100] {dagbag.py:545} INFO - Filling up the DagBag from /Users/homeaccount/miniconda3/envs/churn_pipeline/lib/python3.10/site-packages/airflow/example_dags/example_trigger_target_dag.py
[2025-08-24T17:35:29.118+0100] {processor.py:840} INFO - DAG(s) 'example_trigger_target_dag' retrieved from /Users/homeaccount/miniconda3/envs/churn_pipeline/lib/python3.10/site-packages/airflow/example_dags/example_trigger_target_dag.py
[2025-08-24T17:35:29.175+0100] {logging_mixin.py:188} INFO - [2025-08-24T17:35:29.175+0100] {dag.py:3089} INFO - Sync 1 DAGs
[2025-08-24T17:35:29.179+0100] {logging_mixin.py:188} INFO - [2025-08-24T17:35:29.179+0100] {dag.py:3947} INFO - Setting next_dagrun for example_trigger_target_dag to None, run_after=None
[2025-08-24T17:35:29.185+0100] {processor.py:183} INFO - Processing /Users/homeaccount/miniconda3/envs/churn_pipeline/lib/python3.10/site-packages/airflow/example_dags/example_trigger_target_dag.py took 0.100 seconds
[2025-08-24T17:36:55.129+0100] {processor.py:161} INFO - Started process (PID=25457) to work on /Users/homeaccount/miniconda3/envs/churn_pipeline/lib/python3.10/site-packages/airflow/example_dags/example_trigger_target_dag.py
[2025-08-24T17:36:55.130+0100] {processor.py:830} INFO - Processing file /Users/homeaccount/miniconda3/envs/churn_pipeline/lib/python3.10/site-packages/airflow/example_dags/example_trigger_target_dag.py for tasks to queue
[2025-08-24T17:36:55.130+0100] {logging_mixin.py:188} INFO - [2025-08-24T17:36:55.130+0100] {dagbag.py:545} INFO - Filling up the DagBag from /Users/homeaccount/miniconda3/envs/churn_pipeline/lib/python3.10/site-packages/airflow/example_dags/example_trigger_target_dag.py
[2025-08-24T17:36:55.162+0100] {processor.py:840} INFO - DAG(s) 'example_trigger_target_dag' retrieved from /Users/homeaccount/miniconda3/envs/churn_pipeline/lib/python3.10/site-packages/airflow/example_dags/example_trigger_target_dag.py
[2025-08-24T17:36:55.193+0100] {logging_mixin.py:188} INFO - [2025-08-24T17:36:55.193+0100] {dag.py:3089} INFO - Sync 1 DAGs
[2025-08-24T17:36:55.196+0100] {logging_mixin.py:188} INFO - [2025-08-24T17:36:55.196+0100] {dag.py:3947} INFO - Setting next_dagrun for example_trigger_target_dag to None, run_after=None
[2025-08-24T17:36:55.201+0100] {processor.py:183} INFO - Processing /Users/homeaccount/miniconda3/envs/churn_pipeline/lib/python3.10/site-packages/airflow/example_dags/example_trigger_target_dag.py took 0.073 seconds
[2025-08-24T17:37:50.028+0100] {processor.py:161} INFO - Started process (PID=25496) to work on /Users/homeaccount/miniconda3/envs/churn_pipeline/lib/python3.10/site-packages/airflow/example_dags/example_trigger_target_dag.py
[2025-08-24T17:37:50.029+0100] {processor.py:830} INFO - Processing file /Users/homeaccount/miniconda3/envs/churn_pipeline/lib/python3.10/site-packages/airflow/example_dags/example_trigger_target_dag.py for tasks to queue
[2025-08-24T17:37:50.029+0100] {logging_mixin.py:188} INFO - [2025-08-24T17:37:50.029+0100] {dagbag.py:545} INFO - Filling up the DagBag from /Users/homeaccount/miniconda3/envs/churn_pipeline/lib/python3.10/site-packages/airflow/example_dags/example_trigger_target_dag.py
[2025-08-24T17:37:50.060+0100] {processor.py:840} INFO - DAG(s) 'example_trigger_target_dag' retrieved from /Users/homeaccount/miniconda3/envs/churn_pipeline/lib/python3.10/site-packages/airflow/example_dags/example_trigger_target_dag.py
[2025-08-24T17:37:50.091+0100] {logging_mixin.py:188} INFO - [2025-08-24T17:37:50.091+0100] {dag.py:3089} INFO - Sync 1 DAGs
[2025-08-24T17:37:50.094+0100] {logging_mixin.py:188} INFO - [2025-08-24T17:37:50.094+0100] {dag.py:3947} INFO - Setting next_dagrun for example_trigger_target_dag to None, run_after=None
[2025-08-24T17:37:50.100+0100] {processor.py:183} INFO - Processing /Users/homeaccount/miniconda3/envs/churn_pipeline/lib/python3.10/site-packages/airflow/example_dags/example_trigger_target_dag.py took 0.074 seconds
[2025-08-24T17:38:47.570+0100] {processor.py:161} INFO - Started process (PID=25548) to work on /Users/homeaccount/miniconda3/envs/churn_pipeline/lib/python3.10/site-packages/airflow/example_dags/example_trigger_target_dag.py
[2025-08-24T17:38:47.571+0100] {processor.py:830} INFO - Processing file /Users/homeaccount/miniconda3/envs/churn_pipeline/lib/python3.10/site-packages/airflow/example_dags/example_trigger_target_dag.py for tasks to queue
[2025-08-24T17:38:47.571+0100] {logging_mixin.py:188} INFO - [2025-08-24T17:38:47.571+0100] {dagbag.py:545} INFO - Filling up the DagBag from /Users/homeaccount/miniconda3/envs/churn_pipeline/lib/python3.10/site-packages/airflow/example_dags/example_trigger_target_dag.py
[2025-08-24T17:38:47.603+0100] {processor.py:840} INFO - DAG(s) 'example_trigger_target_dag' retrieved from /Users/homeaccount/miniconda3/envs/churn_pipeline/lib/python3.10/site-packages/airflow/example_dags/example_trigger_target_dag.py
[2025-08-24T17:38:47.635+0100] {logging_mixin.py:188} INFO - [2025-08-24T17:38:47.635+0100] {dag.py:3089} INFO - Sync 1 DAGs
[2025-08-24T17:38:47.638+0100] {logging_mixin.py:188} INFO - [2025-08-24T17:38:47.638+0100] {dag.py:3947} INFO - Setting next_dagrun for example_trigger_target_dag to None, run_after=None
[2025-08-24T17:38:47.644+0100] {processor.py:183} INFO - Processing /Users/homeaccount/miniconda3/envs/churn_pipeline/lib/python3.10/site-packages/airflow/example_dags/example_trigger_target_dag.py took 0.075 seconds
[2025-08-24T17:39:42.821+0100] {processor.py:161} INFO - Started process (PID=25592) to work on /Users/homeaccount/miniconda3/envs/churn_pipeline/lib/python3.10/site-packages/airflow/example_dags/example_trigger_target_dag.py
[2025-08-24T17:39:42.822+0100] {processor.py:830} INFO - Processing file /Users/homeaccount/miniconda3/envs/churn_pipeline/lib/python3.10/site-packages/airflow/example_dags/example_trigger_target_dag.py for tasks to queue
[2025-08-24T17:39:42.822+0100] {logging_mixin.py:188} INFO - [2025-08-24T17:39:42.822+0100] {dagbag.py:545} INFO - Filling up the DagBag from /Users/homeaccount/miniconda3/envs/churn_pipeline/lib/python3.10/site-packages/airflow/example_dags/example_trigger_target_dag.py
[2025-08-24T17:39:42.854+0100] {processor.py:840} INFO - DAG(s) 'example_trigger_target_dag' retrieved from /Users/homeaccount/miniconda3/envs/churn_pipeline/lib/python3.10/site-packages/airflow/example_dags/example_trigger_target_dag.py
[2025-08-24T17:39:42.885+0100] {logging_mixin.py:188} INFO - [2025-08-24T17:39:42.885+0100] {dag.py:3089} INFO - Sync 1 DAGs
[2025-08-24T17:39:42.888+0100] {logging_mixin.py:188} INFO - [2025-08-24T17:39:42.888+0100] {dag.py:3947} INFO - Setting next_dagrun for example_trigger_target_dag to None, run_after=None
[2025-08-24T17:39:42.893+0100] {processor.py:183} INFO - Processing /Users/homeaccount/miniconda3/envs/churn_pipeline/lib/python3.10/site-packages/airflow/example_dags/example_trigger_target_dag.py took 0.073 seconds
[2025-08-24T17:40:40.027+0100] {processor.py:161} INFO - Started process (PID=25629) to work on /Users/homeaccount/miniconda3/envs/churn_pipeline/lib/python3.10/site-packages/airflow/example_dags/example_trigger_target_dag.py
[2025-08-24T17:40:40.028+0100] {processor.py:830} INFO - Processing file /Users/homeaccount/miniconda3/envs/churn_pipeline/lib/python3.10/site-packages/airflow/example_dags/example_trigger_target_dag.py for tasks to queue
[2025-08-24T17:40:40.028+0100] {logging_mixin.py:188} INFO - [2025-08-24T17:40:40.028+0100] {dagbag.py:545} INFO - Filling up the DagBag from /Users/homeaccount/miniconda3/envs/churn_pipeline/lib/python3.10/site-packages/airflow/example_dags/example_trigger_target_dag.py
[2025-08-24T17:40:40.059+0100] {processor.py:840} INFO - DAG(s) 'example_trigger_target_dag' retrieved from /Users/homeaccount/miniconda3/envs/churn_pipeline/lib/python3.10/site-packages/airflow/example_dags/example_trigger_target_dag.py
[2025-08-24T17:40:40.090+0100] {logging_mixin.py:188} INFO - [2025-08-24T17:40:40.090+0100] {dag.py:3089} INFO - Sync 1 DAGs
[2025-08-24T17:40:40.093+0100] {logging_mixin.py:188} INFO - [2025-08-24T17:40:40.093+0100] {dag.py:3947} INFO - Setting next_dagrun for example_trigger_target_dag to None, run_after=None
[2025-08-24T17:40:40.099+0100] {processor.py:183} INFO - Processing /Users/homeaccount/miniconda3/envs/churn_pipeline/lib/python3.10/site-packages/airflow/example_dags/example_trigger_target_dag.py took 0.074 seconds
