[2025-08-24T17:35:53.598+0100] {processor.py:161} INFO - Started process (PID=25407) to work on /Users/homeaccount/miniconda3/envs/churn_pipeline/lib/python3.10/site-packages/airflow/example_dags/example_python_operator.py
[2025-08-24T17:35:53.598+0100] {processor.py:830} INFO - Processing file /Users/homeaccount/miniconda3/envs/churn_pipeline/lib/python3.10/site-packages/airflow/example_dags/example_python_operator.py for tasks to queue
[2025-08-24T17:35:53.598+0100] {logging_mixin.py:188} INFO - [2025-08-24T17:35:53.598+0100] {dagbag.py:545} INFO - Filling up the DagBag from /Users/homeaccount/miniconda3/envs/churn_pipeline/lib/python3.10/site-packages/airflow/example_dags/example_python_operator.py
[2025-08-24T17:35:53.608+0100] {logging_mixin.py:188} INFO - [2025-08-24T17:35:53.608+0100] {example_python_operator.py:93} WARNING - The virtalenv_python example task requires virtualenv, please install it.
[2025-08-24T17:35:53.628+0100] {processor.py:840} INFO - DAG(s) 'example_python_operator' retrieved from /Users/homeaccount/miniconda3/envs/churn_pipeline/lib/python3.10/site-packages/airflow/example_dags/example_python_operator.py
[2025-08-24T17:35:53.686+0100] {logging_mixin.py:188} INFO - [2025-08-24T17:35:53.686+0100] {dag.py:3089} INFO - Sync 1 DAGs
[2025-08-24T17:35:53.690+0100] {logging_mixin.py:188} INFO - [2025-08-24T17:35:53.690+0100] {dag.py:3947} INFO - Setting next_dagrun for example_python_operator to None, run_after=None
[2025-08-24T17:35:53.696+0100] {processor.py:183} INFO - Processing /Users/homeaccount/miniconda3/envs/churn_pipeline/lib/python3.10/site-packages/airflow/example_dags/example_python_operator.py took 0.099 seconds
[2025-08-24T17:37:16.359+0100] {processor.py:161} INFO - Started process (PID=25471) to work on /Users/homeaccount/miniconda3/envs/churn_pipeline/lib/python3.10/site-packages/airflow/example_dags/example_python_operator.py
[2025-08-24T17:37:16.360+0100] {processor.py:830} INFO - Processing file /Users/homeaccount/miniconda3/envs/churn_pipeline/lib/python3.10/site-packages/airflow/example_dags/example_python_operator.py for tasks to queue
[2025-08-24T17:37:16.360+0100] {logging_mixin.py:188} INFO - [2025-08-24T17:37:16.360+0100] {dagbag.py:545} INFO - Filling up the DagBag from /Users/homeaccount/miniconda3/envs/churn_pipeline/lib/python3.10/site-packages/airflow/example_dags/example_python_operator.py
[2025-08-24T17:37:16.369+0100] {logging_mixin.py:188} INFO - [2025-08-24T17:37:16.369+0100] {example_python_operator.py:93} WARNING - The virtalenv_python example task requires virtualenv, please install it.
[2025-08-24T17:37:16.388+0100] {processor.py:840} INFO - DAG(s) 'example_python_operator' retrieved from /Users/homeaccount/miniconda3/envs/churn_pipeline/lib/python3.10/site-packages/airflow/example_dags/example_python_operator.py
[2025-08-24T17:37:16.420+0100] {logging_mixin.py:188} INFO - [2025-08-24T17:37:16.419+0100] {dag.py:3089} INFO - Sync 1 DAGs
[2025-08-24T17:37:16.422+0100] {logging_mixin.py:188} INFO - [2025-08-24T17:37:16.422+0100] {dag.py:3947} INFO - Setting next_dagrun for example_python_operator to None, run_after=None
[2025-08-24T17:37:16.428+0100] {processor.py:183} INFO - Processing /Users/homeaccount/miniconda3/envs/churn_pipeline/lib/python3.10/site-packages/airflow/example_dags/example_python_operator.py took 0.070 seconds
[2025-08-24T17:39:10.536+0100] {processor.py:161} INFO - Started process (PID=25566) to work on /Users/homeaccount/miniconda3/envs/churn_pipeline/lib/python3.10/site-packages/airflow/example_dags/example_python_operator.py
[2025-08-24T17:39:10.537+0100] {processor.py:830} INFO - Processing file /Users/homeaccount/miniconda3/envs/churn_pipeline/lib/python3.10/site-packages/airflow/example_dags/example_python_operator.py for tasks to queue
[2025-08-24T17:39:10.537+0100] {logging_mixin.py:188} INFO - [2025-08-24T17:39:10.537+0100] {dagbag.py:545} INFO - Filling up the DagBag from /Users/homeaccount/miniconda3/envs/churn_pipeline/lib/python3.10/site-packages/airflow/example_dags/example_python_operator.py
[2025-08-24T17:39:10.546+0100] {logging_mixin.py:188} INFO - [2025-08-24T17:39:10.546+0100] {example_python_operator.py:93} WARNING - The virtalenv_python example task requires virtualenv, please install it.
[2025-08-24T17:39:10.566+0100] {processor.py:840} INFO - DAG(s) 'example_python_operator' retrieved from /Users/homeaccount/miniconda3/envs/churn_pipeline/lib/python3.10/site-packages/airflow/example_dags/example_python_operator.py
[2025-08-24T17:39:10.598+0100] {logging_mixin.py:188} INFO - [2025-08-24T17:39:10.598+0100] {dag.py:3089} INFO - Sync 1 DAGs
[2025-08-24T17:39:10.601+0100] {logging_mixin.py:188} INFO - [2025-08-24T17:39:10.601+0100] {dag.py:3947} INFO - Setting next_dagrun for example_python_operator to None, run_after=None
[2025-08-24T17:39:10.606+0100] {processor.py:183} INFO - Processing /Users/homeaccount/miniconda3/envs/churn_pipeline/lib/python3.10/site-packages/airflow/example_dags/example_python_operator.py took 0.071 seconds
