[2025-08-24T17:35:46.615+0100] {processor.py:161} INFO - Started process (PID=25403) to work on /Users/homeaccount/miniconda3/envs/churn_pipeline/lib/python3.10/site-packages/airflow/example_dags/example_setup_teardown_taskflow.py
[2025-08-24T17:35:46.616+0100] {processor.py:830} INFO - Processing file /Users/homeaccount/miniconda3/envs/churn_pipeline/lib/python3.10/site-packages/airflow/example_dags/example_setup_teardown_taskflow.py for tasks to queue
[2025-08-24T17:35:46.616+0100] {logging_mixin.py:188} INFO - [2025-08-24T17:35:46.616+0100] {dagbag.py:545} INFO - Filling up the DagBag from /Users/homeaccount/miniconda3/envs/churn_pipeline/lib/python3.10/site-packages/airflow/example_dags/example_setup_teardown_taskflow.py
[2025-08-24T17:35:46.649+0100] {processor.py:840} INFO - DAG(s) 'example_setup_teardown_taskflow' retrieved from /Users/homeaccount/miniconda3/envs/churn_pipeline/lib/python3.10/site-packages/airflow/example_dags/example_setup_teardown_taskflow.py
[2025-08-24T17:35:46.706+0100] {logging_mixin.py:188} INFO - [2025-08-24T17:35:46.706+0100] {dag.py:3089} INFO - Sync 1 DAGs
[2025-08-24T17:35:46.711+0100] {logging_mixin.py:188} INFO - [2025-08-24T17:35:46.711+0100] {dag.py:3947} INFO - Setting next_dagrun for example_setup_teardown_taskflow to 2025-08-23 00:00:00+00:00, run_after=2025-08-24 00:00:00+00:00
[2025-08-24T17:35:46.718+0100] {processor.py:183} INFO - Processing /Users/homeaccount/miniconda3/envs/churn_pipeline/lib/python3.10/site-packages/airflow/example_dags/example_setup_teardown_taskflow.py took 0.103 seconds
[2025-08-24T17:37:09.499+0100] {processor.py:161} INFO - Started process (PID=25467) to work on /Users/homeaccount/miniconda3/envs/churn_pipeline/lib/python3.10/site-packages/airflow/example_dags/example_setup_teardown_taskflow.py
[2025-08-24T17:37:09.500+0100] {processor.py:830} INFO - Processing file /Users/homeaccount/miniconda3/envs/churn_pipeline/lib/python3.10/site-packages/airflow/example_dags/example_setup_teardown_taskflow.py for tasks to queue
[2025-08-24T17:37:09.500+0100] {logging_mixin.py:188} INFO - [2025-08-24T17:37:09.500+0100] {dagbag.py:545} INFO - Filling up the DagBag from /Users/homeaccount/miniconda3/envs/churn_pipeline/lib/python3.10/site-packages/airflow/example_dags/example_setup_teardown_taskflow.py
[2025-08-24T17:37:09.532+0100] {processor.py:840} INFO - DAG(s) 'example_setup_teardown_taskflow' retrieved from /Users/homeaccount/miniconda3/envs/churn_pipeline/lib/python3.10/site-packages/airflow/example_dags/example_setup_teardown_taskflow.py
[2025-08-24T17:37:09.564+0100] {logging_mixin.py:188} INFO - [2025-08-24T17:37:09.563+0100] {dag.py:3089} INFO - Sync 1 DAGs
[2025-08-24T17:37:09.569+0100] {logging_mixin.py:188} INFO - [2025-08-24T17:37:09.568+0100] {dag.py:3947} INFO - Setting next_dagrun for example_setup_teardown_taskflow to 2025-08-23 00:00:00+00:00, run_after=2025-08-24 00:00:00+00:00
[2025-08-24T17:37:09.574+0100] {processor.py:183} INFO - Processing /Users/homeaccount/miniconda3/envs/churn_pipeline/lib/python3.10/site-packages/airflow/example_dags/example_setup_teardown_taskflow.py took 0.077 seconds
[2025-08-24T17:39:04.940+0100] {processor.py:161} INFO - Started process (PID=25562) to work on /Users/homeaccount/miniconda3/envs/churn_pipeline/lib/python3.10/site-packages/airflow/example_dags/example_setup_teardown_taskflow.py
[2025-08-24T17:39:04.941+0100] {processor.py:830} INFO - Processing file /Users/homeaccount/miniconda3/envs/churn_pipeline/lib/python3.10/site-packages/airflow/example_dags/example_setup_teardown_taskflow.py for tasks to queue
[2025-08-24T17:39:04.941+0100] {logging_mixin.py:188} INFO - [2025-08-24T17:39:04.941+0100] {dagbag.py:545} INFO - Filling up the DagBag from /Users/homeaccount/miniconda3/envs/churn_pipeline/lib/python3.10/site-packages/airflow/example_dags/example_setup_teardown_taskflow.py
[2025-08-24T17:39:04.974+0100] {processor.py:840} INFO - DAG(s) 'example_setup_teardown_taskflow' retrieved from /Users/homeaccount/miniconda3/envs/churn_pipeline/lib/python3.10/site-packages/airflow/example_dags/example_setup_teardown_taskflow.py
[2025-08-24T17:39:05.005+0100] {logging_mixin.py:188} INFO - [2025-08-24T17:39:05.005+0100] {dag.py:3089} INFO - Sync 1 DAGs
[2025-08-24T17:39:05.010+0100] {logging_mixin.py:188} INFO - [2025-08-24T17:39:05.010+0100] {dag.py:3947} INFO - Setting next_dagrun for example_setup_teardown_taskflow to 2025-08-23 00:00:00+00:00, run_after=2025-08-24 00:00:00+00:00
[2025-08-24T17:39:05.016+0100] {processor.py:183} INFO - Processing /Users/homeaccount/miniconda3/envs/churn_pipeline/lib/python3.10/site-packages/airflow/example_dags/example_setup_teardown_taskflow.py took 0.078 seconds
