[2025-08-24T17:35:43.074+0100] {processor.py:161} INFO - Started process (PID=25401) to work on /Users/homeaccount/miniconda3/envs/churn_pipeline/lib/python3.10/site-packages/airflow/example_dags/example_short_circuit_operator.py
[2025-08-24T17:35:43.075+0100] {processor.py:830} INFO - Processing file /Users/homeaccount/miniconda3/envs/churn_pipeline/lib/python3.10/site-packages/airflow/example_dags/example_short_circuit_operator.py for tasks to queue
[2025-08-24T17:35:43.075+0100] {logging_mixin.py:188} INFO - [2025-08-24T17:35:43.075+0100] {dagbag.py:545} INFO - Filling up the DagBag from /Users/homeaccount/miniconda3/envs/churn_pipeline/lib/python3.10/site-packages/airflow/example_dags/example_short_circuit_operator.py
[2025-08-24T17:35:43.104+0100] {processor.py:840} INFO - DAG(s) 'example_short_circuit_operator' retrieved from /Users/homeaccount/miniconda3/envs/churn_pipeline/lib/python3.10/site-packages/airflow/example_dags/example_short_circuit_operator.py
[2025-08-24T17:35:43.163+0100] {logging_mixin.py:188} INFO - [2025-08-24T17:35:43.163+0100] {dag.py:3089} INFO - Sync 1 DAGs
[2025-08-24T17:35:43.168+0100] {logging_mixin.py:188} INFO - [2025-08-24T17:35:43.168+0100] {dag.py:3947} INFO - Setting next_dagrun for example_short_circuit_operator to 2025-08-23 00:00:00+00:00, run_after=2025-08-24 00:00:00+00:00
[2025-08-24T17:35:43.175+0100] {processor.py:183} INFO - Processing /Users/homeaccount/miniconda3/envs/churn_pipeline/lib/python3.10/site-packages/airflow/example_dags/example_short_circuit_operator.py took 0.102 seconds
[2025-08-24T17:37:07.106+0100] {processor.py:161} INFO - Started process (PID=25465) to work on /Users/homeaccount/miniconda3/envs/churn_pipeline/lib/python3.10/site-packages/airflow/example_dags/example_short_circuit_operator.py
[2025-08-24T17:37:07.107+0100] {processor.py:830} INFO - Processing file /Users/homeaccount/miniconda3/envs/churn_pipeline/lib/python3.10/site-packages/airflow/example_dags/example_short_circuit_operator.py for tasks to queue
[2025-08-24T17:37:07.107+0100] {logging_mixin.py:188} INFO - [2025-08-24T17:37:07.107+0100] {dagbag.py:545} INFO - Filling up the DagBag from /Users/homeaccount/miniconda3/envs/churn_pipeline/lib/python3.10/site-packages/airflow/example_dags/example_short_circuit_operator.py
[2025-08-24T17:37:07.135+0100] {processor.py:840} INFO - DAG(s) 'example_short_circuit_operator' retrieved from /Users/homeaccount/miniconda3/envs/churn_pipeline/lib/python3.10/site-packages/airflow/example_dags/example_short_circuit_operator.py
[2025-08-24T17:37:07.168+0100] {logging_mixin.py:188} INFO - [2025-08-24T17:37:07.168+0100] {dag.py:3089} INFO - Sync 1 DAGs
[2025-08-24T17:37:07.173+0100] {logging_mixin.py:188} INFO - [2025-08-24T17:37:07.173+0100] {dag.py:3947} INFO - Setting next_dagrun for example_short_circuit_operator to 2025-08-23 00:00:00+00:00, run_after=2025-08-24 00:00:00+00:00
[2025-08-24T17:37:07.178+0100] {processor.py:183} INFO - Processing /Users/homeaccount/miniconda3/envs/churn_pipeline/lib/python3.10/site-packages/airflow/example_dags/example_short_circuit_operator.py took 0.073 seconds
[2025-08-24T17:39:01.513+0100] {processor.py:161} INFO - Started process (PID=25560) to work on /Users/homeaccount/miniconda3/envs/churn_pipeline/lib/python3.10/site-packages/airflow/example_dags/example_short_circuit_operator.py
[2025-08-24T17:39:01.514+0100] {processor.py:830} INFO - Processing file /Users/homeaccount/miniconda3/envs/churn_pipeline/lib/python3.10/site-packages/airflow/example_dags/example_short_circuit_operator.py for tasks to queue
[2025-08-24T17:39:01.514+0100] {logging_mixin.py:188} INFO - [2025-08-24T17:39:01.514+0100] {dagbag.py:545} INFO - Filling up the DagBag from /Users/homeaccount/miniconda3/envs/churn_pipeline/lib/python3.10/site-packages/airflow/example_dags/example_short_circuit_operator.py
[2025-08-24T17:39:01.543+0100] {processor.py:840} INFO - DAG(s) 'example_short_circuit_operator' retrieved from /Users/homeaccount/miniconda3/envs/churn_pipeline/lib/python3.10/site-packages/airflow/example_dags/example_short_circuit_operator.py
[2025-08-24T17:39:01.575+0100] {logging_mixin.py:188} INFO - [2025-08-24T17:39:01.575+0100] {dag.py:3089} INFO - Sync 1 DAGs
[2025-08-24T17:39:01.580+0100] {logging_mixin.py:188} INFO - [2025-08-24T17:39:01.580+0100] {dag.py:3947} INFO - Setting next_dagrun for example_short_circuit_operator to 2025-08-23 00:00:00+00:00, run_after=2025-08-24 00:00:00+00:00
[2025-08-24T17:39:01.586+0100] {processor.py:183} INFO - Processing /Users/homeaccount/miniconda3/envs/churn_pipeline/lib/python3.10/site-packages/airflow/example_dags/example_short_circuit_operator.py took 0.074 seconds
