[2025-08-24T17:36:27.642+0100] {processor.py:161} INFO - Started process (PID=25433) to work on /Users/homeaccount/miniconda3/envs/churn_pipeline/lib/python3.10/site-packages/airflow/example_dags/example_branch_day_of_week_operator.py
[2025-08-24T17:36:27.642+0100] {processor.py:830} INFO - Processing file /Users/homeaccount/miniconda3/envs/churn_pipeline/lib/python3.10/site-packages/airflow/example_dags/example_branch_day_of_week_operator.py for tasks to queue
[2025-08-24T17:36:27.642+0100] {logging_mixin.py:188} INFO - [2025-08-24T17:36:27.642+0100] {dagbag.py:545} INFO - Filling up the DagBag from /Users/homeaccount/miniconda3/envs/churn_pipeline/lib/python3.10/site-packages/airflow/example_dags/example_branch_day_of_week_operator.py
[2025-08-24T17:36:27.646+0100] {processor.py:840} INFO - DAG(s) 'example_weekday_branch_operator' retrieved from /Users/homeaccount/miniconda3/envs/churn_pipeline/lib/python3.10/site-packages/airflow/example_dags/example_branch_day_of_week_operator.py
[2025-08-24T17:36:27.724+0100] {logging_mixin.py:188} INFO - [2025-08-24T17:36:27.724+0100] {dag.py:3089} INFO - Sync 1 DAGs
[2025-08-24T17:36:27.729+0100] {logging_mixin.py:188} INFO - [2025-08-24T17:36:27.729+0100] {dag.py:3947} INFO - Setting next_dagrun for example_weekday_branch_operator to 2025-08-23 00:00:00+00:00, run_after=2025-08-24 00:00:00+00:00
[2025-08-24T17:36:27.736+0100] {processor.py:183} INFO - Processing /Users/homeaccount/miniconda3/envs/churn_pipeline/lib/python3.10/site-packages/airflow/example_dags/example_branch_day_of_week_operator.py took 0.095 seconds
[2025-08-24T17:38:15.998+0100] {processor.py:161} INFO - Started process (PID=25513) to work on /Users/homeaccount/miniconda3/envs/churn_pipeline/lib/python3.10/site-packages/airflow/example_dags/example_branch_day_of_week_operator.py
[2025-08-24T17:38:15.999+0100] {processor.py:830} INFO - Processing file /Users/homeaccount/miniconda3/envs/churn_pipeline/lib/python3.10/site-packages/airflow/example_dags/example_branch_day_of_week_operator.py for tasks to queue
[2025-08-24T17:38:15.999+0100] {logging_mixin.py:188} INFO - [2025-08-24T17:38:15.999+0100] {dagbag.py:545} INFO - Filling up the DagBag from /Users/homeaccount/miniconda3/envs/churn_pipeline/lib/python3.10/site-packages/airflow/example_dags/example_branch_day_of_week_operator.py
[2025-08-24T17:38:16.003+0100] {processor.py:840} INFO - DAG(s) 'example_weekday_branch_operator' retrieved from /Users/homeaccount/miniconda3/envs/churn_pipeline/lib/python3.10/site-packages/airflow/example_dags/example_branch_day_of_week_operator.py
[2025-08-24T17:38:16.058+0100] {logging_mixin.py:188} INFO - [2025-08-24T17:38:16.058+0100] {dag.py:3089} INFO - Sync 1 DAGs
[2025-08-24T17:38:16.064+0100] {logging_mixin.py:188} INFO - [2025-08-24T17:38:16.064+0100] {dag.py:3947} INFO - Setting next_dagrun for example_weekday_branch_operator to 2025-08-23 00:00:00+00:00, run_after=2025-08-24 00:00:00+00:00
[2025-08-24T17:38:16.070+0100] {processor.py:183} INFO - Processing /Users/homeaccount/miniconda3/envs/churn_pipeline/lib/python3.10/site-packages/airflow/example_dags/example_branch_day_of_week_operator.py took 0.073 seconds
[2025-08-24T17:40:09.513+0100] {processor.py:161} INFO - Started process (PID=25610) to work on /Users/homeaccount/miniconda3/envs/churn_pipeline/lib/python3.10/site-packages/airflow/example_dags/example_branch_day_of_week_operator.py
[2025-08-24T17:40:09.514+0100] {processor.py:830} INFO - Processing file /Users/homeaccount/miniconda3/envs/churn_pipeline/lib/python3.10/site-packages/airflow/example_dags/example_branch_day_of_week_operator.py for tasks to queue
[2025-08-24T17:40:09.515+0100] {logging_mixin.py:188} INFO - [2025-08-24T17:40:09.515+0100] {dagbag.py:545} INFO - Filling up the DagBag from /Users/homeaccount/miniconda3/envs/churn_pipeline/lib/python3.10/site-packages/airflow/example_dags/example_branch_day_of_week_operator.py
[2025-08-24T17:40:09.518+0100] {processor.py:840} INFO - DAG(s) 'example_weekday_branch_operator' retrieved from /Users/homeaccount/miniconda3/envs/churn_pipeline/lib/python3.10/site-packages/airflow/example_dags/example_branch_day_of_week_operator.py
[2025-08-24T17:40:09.568+0100] {logging_mixin.py:188} INFO - [2025-08-24T17:40:09.568+0100] {dag.py:3089} INFO - Sync 1 DAGs
[2025-08-24T17:40:09.574+0100] {logging_mixin.py:188} INFO - [2025-08-24T17:40:09.574+0100] {dag.py:3947} INFO - Setting next_dagrun for example_weekday_branch_operator to 2025-08-23 00:00:00+00:00, run_after=2025-08-24 00:00:00+00:00
[2025-08-24T17:40:09.580+0100] {processor.py:183} INFO - Processing /Users/homeaccount/miniconda3/envs/churn_pipeline/lib/python3.10/site-packages/airflow/example_dags/example_branch_day_of_week_operator.py took 0.067 seconds
