[2025-08-24T17:35:18.434+0100] {processor.py:161} INFO - Started process (PID=25379) to work on /Users/homeaccount/miniconda3/envs/churn_pipeline/lib/python3.10/site-packages/airflow/example_dags/tutorial_taskflow_api.py
[2025-08-24T17:35:18.434+0100] {processor.py:830} INFO - Processing file /Users/homeaccount/miniconda3/envs/churn_pipeline/lib/python3.10/site-packages/airflow/example_dags/tutorial_taskflow_api.py for tasks to queue
[2025-08-24T17:35:18.435+0100] {logging_mixin.py:188} INFO - [2025-08-24T17:35:18.435+0100] {dagbag.py:545} INFO - Filling up the DagBag from /Users/homeaccount/miniconda3/envs/churn_pipeline/lib/python3.10/site-packages/airflow/example_dags/tutorial_taskflow_api.py
[2025-08-24T17:35:18.468+0100] {processor.py:840} INFO - DAG(s) 'tutorial_taskflow_api' retrieved from /Users/homeaccount/miniconda3/envs/churn_pipeline/lib/python3.10/site-packages/airflow/example_dags/tutorial_taskflow_api.py
[2025-08-24T17:35:18.545+0100] {logging_mixin.py:188} INFO - [2025-08-24T17:35:18.545+0100] {dag.py:3089} INFO - Sync 1 DAGs
[2025-08-24T17:35:18.549+0100] {logging_mixin.py:188} INFO - [2025-08-24T17:35:18.549+0100] {dag.py:3947} INFO - Setting next_dagrun for tutorial_taskflow_api to None, run_after=None
[2025-08-24T17:35:18.556+0100] {processor.py:183} INFO - Processing /Users/homeaccount/miniconda3/envs/churn_pipeline/lib/python3.10/site-packages/airflow/example_dags/tutorial_taskflow_api.py took 0.123 seconds
[2025-08-24T17:36:45.875+0100] {processor.py:161} INFO - Started process (PID=25447) to work on /Users/homeaccount/miniconda3/envs/churn_pipeline/lib/python3.10/site-packages/airflow/example_dags/tutorial_taskflow_api.py
[2025-08-24T17:36:45.876+0100] {processor.py:830} INFO - Processing file /Users/homeaccount/miniconda3/envs/churn_pipeline/lib/python3.10/site-packages/airflow/example_dags/tutorial_taskflow_api.py for tasks to queue
[2025-08-24T17:36:45.876+0100] {logging_mixin.py:188} INFO - [2025-08-24T17:36:45.876+0100] {dagbag.py:545} INFO - Filling up the DagBag from /Users/homeaccount/miniconda3/envs/churn_pipeline/lib/python3.10/site-packages/airflow/example_dags/tutorial_taskflow_api.py
[2025-08-24T17:36:45.908+0100] {processor.py:840} INFO - DAG(s) 'tutorial_taskflow_api' retrieved from /Users/homeaccount/miniconda3/envs/churn_pipeline/lib/python3.10/site-packages/airflow/example_dags/tutorial_taskflow_api.py
[2025-08-24T17:36:45.939+0100] {logging_mixin.py:188} INFO - [2025-08-24T17:36:45.939+0100] {dag.py:3089} INFO - Sync 1 DAGs
[2025-08-24T17:36:45.942+0100] {logging_mixin.py:188} INFO - [2025-08-24T17:36:45.942+0100] {dag.py:3947} INFO - Setting next_dagrun for tutorial_taskflow_api to None, run_after=None
[2025-08-24T17:36:45.948+0100] {processor.py:183} INFO - Processing /Users/homeaccount/miniconda3/envs/churn_pipeline/lib/python3.10/site-packages/airflow/example_dags/tutorial_taskflow_api.py took 0.074 seconds
[2025-08-24T17:37:40.904+0100] {processor.py:161} INFO - Started process (PID=25490) to work on /Users/homeaccount/miniconda3/envs/churn_pipeline/lib/python3.10/site-packages/airflow/example_dags/tutorial_taskflow_api.py
[2025-08-24T17:37:40.905+0100] {processor.py:830} INFO - Processing file /Users/homeaccount/miniconda3/envs/churn_pipeline/lib/python3.10/site-packages/airflow/example_dags/tutorial_taskflow_api.py for tasks to queue
[2025-08-24T17:37:40.905+0100] {logging_mixin.py:188} INFO - [2025-08-24T17:37:40.905+0100] {dagbag.py:545} INFO - Filling up the DagBag from /Users/homeaccount/miniconda3/envs/churn_pipeline/lib/python3.10/site-packages/airflow/example_dags/tutorial_taskflow_api.py
[2025-08-24T17:37:40.937+0100] {processor.py:840} INFO - DAG(s) 'tutorial_taskflow_api' retrieved from /Users/homeaccount/miniconda3/envs/churn_pipeline/lib/python3.10/site-packages/airflow/example_dags/tutorial_taskflow_api.py
[2025-08-24T17:37:40.969+0100] {logging_mixin.py:188} INFO - [2025-08-24T17:37:40.968+0100] {dag.py:3089} INFO - Sync 1 DAGs
[2025-08-24T17:37:40.972+0100] {logging_mixin.py:188} INFO - [2025-08-24T17:37:40.972+0100] {dag.py:3947} INFO - Setting next_dagrun for tutorial_taskflow_api to None, run_after=None
[2025-08-24T17:37:40.977+0100] {processor.py:183} INFO - Processing /Users/homeaccount/miniconda3/envs/churn_pipeline/lib/python3.10/site-packages/airflow/example_dags/tutorial_taskflow_api.py took 0.074 seconds
[2025-08-24T17:38:37.210+0100] {processor.py:161} INFO - Started process (PID=25532) to work on /Users/homeaccount/miniconda3/envs/churn_pipeline/lib/python3.10/site-packages/airflow/example_dags/tutorial_taskflow_api.py
[2025-08-24T17:38:37.211+0100] {processor.py:830} INFO - Processing file /Users/homeaccount/miniconda3/envs/churn_pipeline/lib/python3.10/site-packages/airflow/example_dags/tutorial_taskflow_api.py for tasks to queue
[2025-08-24T17:38:37.211+0100] {logging_mixin.py:188} INFO - [2025-08-24T17:38:37.211+0100] {dagbag.py:545} INFO - Filling up the DagBag from /Users/homeaccount/miniconda3/envs/churn_pipeline/lib/python3.10/site-packages/airflow/example_dags/tutorial_taskflow_api.py
[2025-08-24T17:38:37.244+0100] {processor.py:840} INFO - DAG(s) 'tutorial_taskflow_api' retrieved from /Users/homeaccount/miniconda3/envs/churn_pipeline/lib/python3.10/site-packages/airflow/example_dags/tutorial_taskflow_api.py
[2025-08-24T17:38:37.276+0100] {logging_mixin.py:188} INFO - [2025-08-24T17:38:37.275+0100] {dag.py:3089} INFO - Sync 1 DAGs
[2025-08-24T17:38:37.278+0100] {logging_mixin.py:188} INFO - [2025-08-24T17:38:37.278+0100] {dag.py:3947} INFO - Setting next_dagrun for tutorial_taskflow_api to None, run_after=None
[2025-08-24T17:38:37.284+0100] {processor.py:183} INFO - Processing /Users/homeaccount/miniconda3/envs/churn_pipeline/lib/python3.10/site-packages/airflow/example_dags/tutorial_taskflow_api.py took 0.076 seconds
[2025-08-24T17:39:32.979+0100] {processor.py:161} INFO - Started process (PID=25584) to work on /Users/homeaccount/miniconda3/envs/churn_pipeline/lib/python3.10/site-packages/airflow/example_dags/tutorial_taskflow_api.py
[2025-08-24T17:39:32.980+0100] {processor.py:830} INFO - Processing file /Users/homeaccount/miniconda3/envs/churn_pipeline/lib/python3.10/site-packages/airflow/example_dags/tutorial_taskflow_api.py for tasks to queue
[2025-08-24T17:39:32.980+0100] {logging_mixin.py:188} INFO - [2025-08-24T17:39:32.980+0100] {dagbag.py:545} INFO - Filling up the DagBag from /Users/homeaccount/miniconda3/envs/churn_pipeline/lib/python3.10/site-packages/airflow/example_dags/tutorial_taskflow_api.py
[2025-08-24T17:39:33.015+0100] {processor.py:840} INFO - DAG(s) 'tutorial_taskflow_api' retrieved from /Users/homeaccount/miniconda3/envs/churn_pipeline/lib/python3.10/site-packages/airflow/example_dags/tutorial_taskflow_api.py
[2025-08-24T17:39:33.047+0100] {logging_mixin.py:188} INFO - [2025-08-24T17:39:33.047+0100] {dag.py:3089} INFO - Sync 1 DAGs
[2025-08-24T17:39:33.050+0100] {logging_mixin.py:188} INFO - [2025-08-24T17:39:33.050+0100] {dag.py:3947} INFO - Setting next_dagrun for tutorial_taskflow_api to None, run_after=None
[2025-08-24T17:39:33.056+0100] {processor.py:183} INFO - Processing /Users/homeaccount/miniconda3/envs/churn_pipeline/lib/python3.10/site-packages/airflow/example_dags/tutorial_taskflow_api.py took 0.078 seconds
[2025-08-24T17:40:29.750+0100] {processor.py:161} INFO - Started process (PID=25622) to work on /Users/homeaccount/miniconda3/envs/churn_pipeline/lib/python3.10/site-packages/airflow/example_dags/tutorial_taskflow_api.py
[2025-08-24T17:40:29.751+0100] {processor.py:830} INFO - Processing file /Users/homeaccount/miniconda3/envs/churn_pipeline/lib/python3.10/site-packages/airflow/example_dags/tutorial_taskflow_api.py for tasks to queue
[2025-08-24T17:40:29.751+0100] {logging_mixin.py:188} INFO - [2025-08-24T17:40:29.751+0100] {dagbag.py:545} INFO - Filling up the DagBag from /Users/homeaccount/miniconda3/envs/churn_pipeline/lib/python3.10/site-packages/airflow/example_dags/tutorial_taskflow_api.py
[2025-08-24T17:40:29.783+0100] {processor.py:840} INFO - DAG(s) 'tutorial_taskflow_api' retrieved from /Users/homeaccount/miniconda3/envs/churn_pipeline/lib/python3.10/site-packages/airflow/example_dags/tutorial_taskflow_api.py
[2025-08-24T17:40:29.814+0100] {logging_mixin.py:188} INFO - [2025-08-24T17:40:29.814+0100] {dag.py:3089} INFO - Sync 1 DAGs
[2025-08-24T17:40:29.817+0100] {logging_mixin.py:188} INFO - [2025-08-24T17:40:29.817+0100] {dag.py:3947} INFO - Setting next_dagrun for tutorial_taskflow_api to None, run_after=None
[2025-08-24T17:40:29.823+0100] {processor.py:183} INFO - Processing /Users/homeaccount/miniconda3/envs/churn_pipeline/lib/python3.10/site-packages/airflow/example_dags/tutorial_taskflow_api.py took 0.073 seconds
