[2025-08-24T17:35:22.086+0100] {processor.py:161} INFO - Started process (PID=25387) to work on /Users/homeaccount/miniconda3/envs/churn_pipeline/lib/python3.10/site-packages/airflow/example_dags/tutorial_dag.py
[2025-08-24T17:35:22.086+0100] {processor.py:830} INFO - Processing file /Users/homeaccount/miniconda3/envs/churn_pipeline/lib/python3.10/site-packages/airflow/example_dags/tutorial_dag.py for tasks to queue
[2025-08-24T17:35:22.086+0100] {logging_mixin.py:188} INFO - [2025-08-24T17:35:22.086+0100] {dagbag.py:545} INFO - Filling up the DagBag from /Users/homeaccount/miniconda3/envs/churn_pipeline/lib/python3.10/site-packages/airflow/example_dags/tutorial_dag.py
[2025-08-24T17:35:22.115+0100] {processor.py:840} INFO - DAG(s) 'tutorial_dag' retrieved from /Users/homeaccount/miniconda3/envs/churn_pipeline/lib/python3.10/site-packages/airflow/example_dags/tutorial_dag.py
[2025-08-24T17:35:22.174+0100] {logging_mixin.py:188} INFO - [2025-08-24T17:35:22.173+0100] {dag.py:3089} INFO - Sync 1 DAGs
[2025-08-24T17:35:22.177+0100] {logging_mixin.py:188} INFO - [2025-08-24T17:35:22.177+0100] {dag.py:3947} INFO - Setting next_dagrun for tutorial_dag to None, run_after=None
[2025-08-24T17:35:22.184+0100] {processor.py:183} INFO - Processing /Users/homeaccount/miniconda3/envs/churn_pipeline/lib/python3.10/site-packages/airflow/example_dags/tutorial_dag.py took 0.099 seconds
[2025-08-24T17:36:49.369+0100] {processor.py:161} INFO - Started process (PID=25453) to work on /Users/homeaccount/miniconda3/envs/churn_pipeline/lib/python3.10/site-packages/airflow/example_dags/tutorial_dag.py
[2025-08-24T17:36:49.370+0100] {processor.py:830} INFO - Processing file /Users/homeaccount/miniconda3/envs/churn_pipeline/lib/python3.10/site-packages/airflow/example_dags/tutorial_dag.py for tasks to queue
[2025-08-24T17:36:49.370+0100] {logging_mixin.py:188} INFO - [2025-08-24T17:36:49.370+0100] {dagbag.py:545} INFO - Filling up the DagBag from /Users/homeaccount/miniconda3/envs/churn_pipeline/lib/python3.10/site-packages/airflow/example_dags/tutorial_dag.py
[2025-08-24T17:36:49.407+0100] {processor.py:840} INFO - DAG(s) 'tutorial_dag' retrieved from /Users/homeaccount/miniconda3/envs/churn_pipeline/lib/python3.10/site-packages/airflow/example_dags/tutorial_dag.py
[2025-08-24T17:36:49.440+0100] {logging_mixin.py:188} INFO - [2025-08-24T17:36:49.439+0100] {dag.py:3089} INFO - Sync 1 DAGs
[2025-08-24T17:36:49.443+0100] {logging_mixin.py:188} INFO - [2025-08-24T17:36:49.443+0100] {dag.py:3947} INFO - Setting next_dagrun for tutorial_dag to None, run_after=None
[2025-08-24T17:36:49.449+0100] {processor.py:183} INFO - Processing /Users/homeaccount/miniconda3/envs/churn_pipeline/lib/python3.10/site-packages/airflow/example_dags/tutorial_dag.py took 0.081 seconds
[2025-08-24T17:37:44.154+0100] {processor.py:161} INFO - Started process (PID=25492) to work on /Users/homeaccount/miniconda3/envs/churn_pipeline/lib/python3.10/site-packages/airflow/example_dags/tutorial_dag.py
[2025-08-24T17:37:44.155+0100] {processor.py:830} INFO - Processing file /Users/homeaccount/miniconda3/envs/churn_pipeline/lib/python3.10/site-packages/airflow/example_dags/tutorial_dag.py for tasks to queue
[2025-08-24T17:37:44.155+0100] {logging_mixin.py:188} INFO - [2025-08-24T17:37:44.155+0100] {dagbag.py:545} INFO - Filling up the DagBag from /Users/homeaccount/miniconda3/envs/churn_pipeline/lib/python3.10/site-packages/airflow/example_dags/tutorial_dag.py
[2025-08-24T17:37:44.183+0100] {processor.py:840} INFO - DAG(s) 'tutorial_dag' retrieved from /Users/homeaccount/miniconda3/envs/churn_pipeline/lib/python3.10/site-packages/airflow/example_dags/tutorial_dag.py
[2025-08-24T17:37:44.215+0100] {logging_mixin.py:188} INFO - [2025-08-24T17:37:44.214+0100] {dag.py:3089} INFO - Sync 1 DAGs
[2025-08-24T17:37:44.218+0100] {logging_mixin.py:188} INFO - [2025-08-24T17:37:44.217+0100] {dag.py:3947} INFO - Setting next_dagrun for tutorial_dag to None, run_after=None
[2025-08-24T17:37:44.223+0100] {processor.py:183} INFO - Processing /Users/homeaccount/miniconda3/envs/churn_pipeline/lib/python3.10/site-packages/airflow/example_dags/tutorial_dag.py took 0.070 seconds
[2025-08-24T17:38:40.656+0100] {processor.py:161} INFO - Started process (PID=25535) to work on /Users/homeaccount/miniconda3/envs/churn_pipeline/lib/python3.10/site-packages/airflow/example_dags/tutorial_dag.py
[2025-08-24T17:38:40.657+0100] {processor.py:830} INFO - Processing file /Users/homeaccount/miniconda3/envs/churn_pipeline/lib/python3.10/site-packages/airflow/example_dags/tutorial_dag.py for tasks to queue
[2025-08-24T17:38:40.657+0100] {logging_mixin.py:188} INFO - [2025-08-24T17:38:40.657+0100] {dagbag.py:545} INFO - Filling up the DagBag from /Users/homeaccount/miniconda3/envs/churn_pipeline/lib/python3.10/site-packages/airflow/example_dags/tutorial_dag.py
[2025-08-24T17:38:40.685+0100] {processor.py:840} INFO - DAG(s) 'tutorial_dag' retrieved from /Users/homeaccount/miniconda3/envs/churn_pipeline/lib/python3.10/site-packages/airflow/example_dags/tutorial_dag.py
[2025-08-24T17:38:40.717+0100] {logging_mixin.py:188} INFO - [2025-08-24T17:38:40.716+0100] {dag.py:3089} INFO - Sync 1 DAGs
[2025-08-24T17:38:40.719+0100] {logging_mixin.py:188} INFO - [2025-08-24T17:38:40.719+0100] {dag.py:3947} INFO - Setting next_dagrun for tutorial_dag to None, run_after=None
[2025-08-24T17:38:40.725+0100] {processor.py:183} INFO - Processing /Users/homeaccount/miniconda3/envs/churn_pipeline/lib/python3.10/site-packages/airflow/example_dags/tutorial_dag.py took 0.070 seconds
[2025-08-24T17:39:36.047+0100] {processor.py:161} INFO - Started process (PID=25586) to work on /Users/homeaccount/miniconda3/envs/churn_pipeline/lib/python3.10/site-packages/airflow/example_dags/tutorial_dag.py
[2025-08-24T17:39:36.048+0100] {processor.py:830} INFO - Processing file /Users/homeaccount/miniconda3/envs/churn_pipeline/lib/python3.10/site-packages/airflow/example_dags/tutorial_dag.py for tasks to queue
[2025-08-24T17:39:36.048+0100] {logging_mixin.py:188} INFO - [2025-08-24T17:39:36.048+0100] {dagbag.py:545} INFO - Filling up the DagBag from /Users/homeaccount/miniconda3/envs/churn_pipeline/lib/python3.10/site-packages/airflow/example_dags/tutorial_dag.py
[2025-08-24T17:39:36.076+0100] {processor.py:840} INFO - DAG(s) 'tutorial_dag' retrieved from /Users/homeaccount/miniconda3/envs/churn_pipeline/lib/python3.10/site-packages/airflow/example_dags/tutorial_dag.py
[2025-08-24T17:39:36.108+0100] {logging_mixin.py:188} INFO - [2025-08-24T17:39:36.108+0100] {dag.py:3089} INFO - Sync 1 DAGs
[2025-08-24T17:39:36.111+0100] {logging_mixin.py:188} INFO - [2025-08-24T17:39:36.111+0100] {dag.py:3947} INFO - Setting next_dagrun for tutorial_dag to None, run_after=None
[2025-08-24T17:39:36.117+0100] {processor.py:183} INFO - Processing /Users/homeaccount/miniconda3/envs/churn_pipeline/lib/python3.10/site-packages/airflow/example_dags/tutorial_dag.py took 0.071 seconds
[2025-08-24T17:40:33.199+0100] {processor.py:161} INFO - Started process (PID=25624) to work on /Users/homeaccount/miniconda3/envs/churn_pipeline/lib/python3.10/site-packages/airflow/example_dags/tutorial_dag.py
[2025-08-24T17:40:33.200+0100] {processor.py:830} INFO - Processing file /Users/homeaccount/miniconda3/envs/churn_pipeline/lib/python3.10/site-packages/airflow/example_dags/tutorial_dag.py for tasks to queue
[2025-08-24T17:40:33.200+0100] {logging_mixin.py:188} INFO - [2025-08-24T17:40:33.200+0100] {dagbag.py:545} INFO - Filling up the DagBag from /Users/homeaccount/miniconda3/envs/churn_pipeline/lib/python3.10/site-packages/airflow/example_dags/tutorial_dag.py
[2025-08-24T17:40:33.229+0100] {processor.py:840} INFO - DAG(s) 'tutorial_dag' retrieved from /Users/homeaccount/miniconda3/envs/churn_pipeline/lib/python3.10/site-packages/airflow/example_dags/tutorial_dag.py
[2025-08-24T17:40:33.260+0100] {logging_mixin.py:188} INFO - [2025-08-24T17:40:33.260+0100] {dag.py:3089} INFO - Sync 1 DAGs
[2025-08-24T17:40:33.263+0100] {logging_mixin.py:188} INFO - [2025-08-24T17:40:33.263+0100] {dag.py:3947} INFO - Setting next_dagrun for tutorial_dag to None, run_after=None
[2025-08-24T17:40:33.268+0100] {processor.py:183} INFO - Processing /Users/homeaccount/miniconda3/envs/churn_pipeline/lib/python3.10/site-packages/airflow/example_dags/tutorial_dag.py took 0.071 seconds
