[2025-08-24T17:35:23.833+0100] {processor.py:161} INFO - Started process (PID=25388) to work on /Users/homeaccount/miniconda3/envs/churn_pipeline/lib/python3.10/site-packages/airflow/example_dags/tutorial.py
[2025-08-24T17:35:23.834+0100] {processor.py:830} INFO - Processing file /Users/homeaccount/miniconda3/envs/churn_pipeline/lib/python3.10/site-packages/airflow/example_dags/tutorial.py for tasks to queue
[2025-08-24T17:35:23.834+0100] {logging_mixin.py:188} INFO - [2025-08-24T17:35:23.834+0100] {dagbag.py:545} INFO - Filling up the DagBag from /Users/homeaccount/miniconda3/envs/churn_pipeline/lib/python3.10/site-packages/airflow/example_dags/tutorial.py
[2025-08-24T17:35:23.838+0100] {processor.py:840} INFO - DAG(s) 'tutorial' retrieved from /Users/homeaccount/miniconda3/envs/churn_pipeline/lib/python3.10/site-packages/airflow/example_dags/tutorial.py
[2025-08-24T17:35:23.917+0100] {logging_mixin.py:188} INFO - [2025-08-24T17:35:23.917+0100] {dag.py:3089} INFO - Sync 1 DAGs
[2025-08-24T17:35:23.922+0100] {logging_mixin.py:188} INFO - [2025-08-24T17:35:23.922+0100] {dag.py:3947} INFO - Setting next_dagrun for tutorial to 2025-08-23 00:00:00+00:00, run_after=2025-08-24 00:00:00+00:00
[2025-08-24T17:35:23.929+0100] {processor.py:183} INFO - Processing /Users/homeaccount/miniconda3/envs/churn_pipeline/lib/python3.10/site-packages/airflow/example_dags/tutorial.py took 0.097 seconds
[2025-08-24T17:36:51.123+0100] {processor.py:161} INFO - Started process (PID=25454) to work on /Users/homeaccount/miniconda3/envs/churn_pipeline/lib/python3.10/site-packages/airflow/example_dags/tutorial.py
[2025-08-24T17:36:51.124+0100] {processor.py:830} INFO - Processing file /Users/homeaccount/miniconda3/envs/churn_pipeline/lib/python3.10/site-packages/airflow/example_dags/tutorial.py for tasks to queue
[2025-08-24T17:36:51.125+0100] {logging_mixin.py:188} INFO - [2025-08-24T17:36:51.125+0100] {dagbag.py:545} INFO - Filling up the DagBag from /Users/homeaccount/miniconda3/envs/churn_pipeline/lib/python3.10/site-packages/airflow/example_dags/tutorial.py
[2025-08-24T17:36:51.128+0100] {processor.py:840} INFO - DAG(s) 'tutorial' retrieved from /Users/homeaccount/miniconda3/envs/churn_pipeline/lib/python3.10/site-packages/airflow/example_dags/tutorial.py
[2025-08-24T17:36:51.183+0100] {logging_mixin.py:188} INFO - [2025-08-24T17:36:51.183+0100] {dag.py:3089} INFO - Sync 1 DAGs
[2025-08-24T17:36:51.190+0100] {logging_mixin.py:188} INFO - [2025-08-24T17:36:51.189+0100] {dag.py:3947} INFO - Setting next_dagrun for tutorial to 2025-08-23 00:00:00+00:00, run_after=2025-08-24 00:00:00+00:00
[2025-08-24T17:36:51.196+0100] {processor.py:183} INFO - Processing /Users/homeaccount/miniconda3/envs/churn_pipeline/lib/python3.10/site-packages/airflow/example_dags/tutorial.py took 0.074 seconds
[2025-08-24T17:37:45.904+0100] {processor.py:161} INFO - Started process (PID=25493) to work on /Users/homeaccount/miniconda3/envs/churn_pipeline/lib/python3.10/site-packages/airflow/example_dags/tutorial.py
[2025-08-24T17:37:45.905+0100] {processor.py:830} INFO - Processing file /Users/homeaccount/miniconda3/envs/churn_pipeline/lib/python3.10/site-packages/airflow/example_dags/tutorial.py for tasks to queue
[2025-08-24T17:37:45.905+0100] {logging_mixin.py:188} INFO - [2025-08-24T17:37:45.905+0100] {dagbag.py:545} INFO - Filling up the DagBag from /Users/homeaccount/miniconda3/envs/churn_pipeline/lib/python3.10/site-packages/airflow/example_dags/tutorial.py
[2025-08-24T17:37:45.908+0100] {processor.py:840} INFO - DAG(s) 'tutorial' retrieved from /Users/homeaccount/miniconda3/envs/churn_pipeline/lib/python3.10/site-packages/airflow/example_dags/tutorial.py
[2025-08-24T17:37:45.959+0100] {logging_mixin.py:188} INFO - [2025-08-24T17:37:45.959+0100] {dag.py:3089} INFO - Sync 1 DAGs
[2025-08-24T17:37:45.966+0100] {logging_mixin.py:188} INFO - [2025-08-24T17:37:45.965+0100] {dag.py:3947} INFO - Setting next_dagrun for tutorial to 2025-08-23 00:00:00+00:00, run_after=2025-08-24 00:00:00+00:00
[2025-08-24T17:37:45.971+0100] {processor.py:183} INFO - Processing /Users/homeaccount/miniconda3/envs/churn_pipeline/lib/python3.10/site-packages/airflow/example_dags/tutorial.py took 0.068 seconds
[2025-08-24T17:38:42.373+0100] {processor.py:161} INFO - Started process (PID=25536) to work on /Users/homeaccount/miniconda3/envs/churn_pipeline/lib/python3.10/site-packages/airflow/example_dags/tutorial.py
[2025-08-24T17:38:42.374+0100] {processor.py:830} INFO - Processing file /Users/homeaccount/miniconda3/envs/churn_pipeline/lib/python3.10/site-packages/airflow/example_dags/tutorial.py for tasks to queue
[2025-08-24T17:38:42.374+0100] {logging_mixin.py:188} INFO - [2025-08-24T17:38:42.374+0100] {dagbag.py:545} INFO - Filling up the DagBag from /Users/homeaccount/miniconda3/envs/churn_pipeline/lib/python3.10/site-packages/airflow/example_dags/tutorial.py
[2025-08-24T17:38:42.377+0100] {processor.py:840} INFO - DAG(s) 'tutorial' retrieved from /Users/homeaccount/miniconda3/envs/churn_pipeline/lib/python3.10/site-packages/airflow/example_dags/tutorial.py
[2025-08-24T17:38:42.427+0100] {logging_mixin.py:188} INFO - [2025-08-24T17:38:42.426+0100] {dag.py:3089} INFO - Sync 1 DAGs
[2025-08-24T17:38:42.433+0100] {logging_mixin.py:188} INFO - [2025-08-24T17:38:42.433+0100] {dag.py:3947} INFO - Setting next_dagrun for tutorial to 2025-08-23 00:00:00+00:00, run_after=2025-08-24 00:00:00+00:00
[2025-08-24T17:38:42.438+0100] {processor.py:183} INFO - Processing /Users/homeaccount/miniconda3/envs/churn_pipeline/lib/python3.10/site-packages/airflow/example_dags/tutorial.py took 0.066 seconds
[2025-08-24T17:39:37.754+0100] {processor.py:161} INFO - Started process (PID=25587) to work on /Users/homeaccount/miniconda3/envs/churn_pipeline/lib/python3.10/site-packages/airflow/example_dags/tutorial.py
[2025-08-24T17:39:37.755+0100] {processor.py:830} INFO - Processing file /Users/homeaccount/miniconda3/envs/churn_pipeline/lib/python3.10/site-packages/airflow/example_dags/tutorial.py for tasks to queue
[2025-08-24T17:39:37.755+0100] {logging_mixin.py:188} INFO - [2025-08-24T17:39:37.755+0100] {dagbag.py:545} INFO - Filling up the DagBag from /Users/homeaccount/miniconda3/envs/churn_pipeline/lib/python3.10/site-packages/airflow/example_dags/tutorial.py
[2025-08-24T17:39:37.757+0100] {processor.py:840} INFO - DAG(s) 'tutorial' retrieved from /Users/homeaccount/miniconda3/envs/churn_pipeline/lib/python3.10/site-packages/airflow/example_dags/tutorial.py
[2025-08-24T17:39:37.807+0100] {logging_mixin.py:188} INFO - [2025-08-24T17:39:37.807+0100] {dag.py:3089} INFO - Sync 1 DAGs
[2025-08-24T17:39:37.813+0100] {logging_mixin.py:188} INFO - [2025-08-24T17:39:37.813+0100] {dag.py:3947} INFO - Setting next_dagrun for tutorial to 2025-08-23 00:00:00+00:00, run_after=2025-08-24 00:00:00+00:00
[2025-08-24T17:39:37.819+0100] {processor.py:183} INFO - Processing /Users/homeaccount/miniconda3/envs/churn_pipeline/lib/python3.10/site-packages/airflow/example_dags/tutorial.py took 0.066 seconds
[2025-08-24T17:40:34.915+0100] {processor.py:161} INFO - Started process (PID=25625) to work on /Users/homeaccount/miniconda3/envs/churn_pipeline/lib/python3.10/site-packages/airflow/example_dags/tutorial.py
[2025-08-24T17:40:34.916+0100] {processor.py:830} INFO - Processing file /Users/homeaccount/miniconda3/envs/churn_pipeline/lib/python3.10/site-packages/airflow/example_dags/tutorial.py for tasks to queue
[2025-08-24T17:40:34.916+0100] {logging_mixin.py:188} INFO - [2025-08-24T17:40:34.916+0100] {dagbag.py:545} INFO - Filling up the DagBag from /Users/homeaccount/miniconda3/envs/churn_pipeline/lib/python3.10/site-packages/airflow/example_dags/tutorial.py
[2025-08-24T17:40:34.918+0100] {processor.py:840} INFO - DAG(s) 'tutorial' retrieved from /Users/homeaccount/miniconda3/envs/churn_pipeline/lib/python3.10/site-packages/airflow/example_dags/tutorial.py
[2025-08-24T17:40:34.969+0100] {logging_mixin.py:188} INFO - [2025-08-24T17:40:34.969+0100] {dag.py:3089} INFO - Sync 1 DAGs
[2025-08-24T17:40:34.975+0100] {logging_mixin.py:188} INFO - [2025-08-24T17:40:34.975+0100] {dag.py:3947} INFO - Setting next_dagrun for tutorial to 2025-08-23 00:00:00+00:00, run_after=2025-08-24 00:00:00+00:00
[2025-08-24T17:40:34.981+0100] {processor.py:183} INFO - Processing /Users/homeaccount/miniconda3/envs/churn_pipeline/lib/python3.10/site-packages/airflow/example_dags/tutorial.py took 0.067 seconds
