[2025-08-24T17:35:20.265+0100] {processor.py:161} INFO - Started process (PID=25382) to work on /Users/homeaccount/miniconda3/envs/churn_pipeline/lib/python3.10/site-packages/airflow/example_dags/tutorial_objectstorage.py
[2025-08-24T17:35:20.265+0100] {processor.py:830} INFO - Processing file /Users/homeaccount/miniconda3/envs/churn_pipeline/lib/python3.10/site-packages/airflow/example_dags/tutorial_objectstorage.py for tasks to queue
[2025-08-24T17:35:20.266+0100] {logging_mixin.py:188} INFO - [2025-08-24T17:35:20.266+0100] {dagbag.py:545} INFO - Filling up the DagBag from /Users/homeaccount/miniconda3/envs/churn_pipeline/lib/python3.10/site-packages/airflow/example_dags/tutorial_objectstorage.py
[2025-08-24T17:35:20.316+0100] {processor.py:840} INFO - DAG(s) 'tutorial_objectstorage' retrieved from /Users/homeaccount/miniconda3/envs/churn_pipeline/lib/python3.10/site-packages/airflow/example_dags/tutorial_objectstorage.py
[2025-08-24T17:35:20.379+0100] {logging_mixin.py:188} INFO - [2025-08-24T17:35:20.378+0100] {dag.py:3089} INFO - Sync 1 DAGs
[2025-08-24T17:35:20.382+0100] {logging_mixin.py:188} INFO - [2025-08-24T17:35:20.382+0100] {dag.py:3947} INFO - Setting next_dagrun for tutorial_objectstorage to None, run_after=None
[2025-08-24T17:35:20.389+0100] {processor.py:183} INFO - Processing /Users/homeaccount/miniconda3/envs/churn_pipeline/lib/python3.10/site-packages/airflow/example_dags/tutorial_objectstorage.py took 0.125 seconds
[2025-08-24T17:36:47.608+0100] {processor.py:161} INFO - Started process (PID=25448) to work on /Users/homeaccount/miniconda3/envs/churn_pipeline/lib/python3.10/site-packages/airflow/example_dags/tutorial_objectstorage.py
[2025-08-24T17:36:47.609+0100] {processor.py:830} INFO - Processing file /Users/homeaccount/miniconda3/envs/churn_pipeline/lib/python3.10/site-packages/airflow/example_dags/tutorial_objectstorage.py for tasks to queue
[2025-08-24T17:36:47.609+0100] {logging_mixin.py:188} INFO - [2025-08-24T17:36:47.609+0100] {dagbag.py:545} INFO - Filling up the DagBag from /Users/homeaccount/miniconda3/envs/churn_pipeline/lib/python3.10/site-packages/airflow/example_dags/tutorial_objectstorage.py
[2025-08-24T17:36:47.662+0100] {processor.py:840} INFO - DAG(s) 'tutorial_objectstorage' retrieved from /Users/homeaccount/miniconda3/envs/churn_pipeline/lib/python3.10/site-packages/airflow/example_dags/tutorial_objectstorage.py
[2025-08-24T17:36:47.693+0100] {logging_mixin.py:188} INFO - [2025-08-24T17:36:47.693+0100] {dag.py:3089} INFO - Sync 1 DAGs
[2025-08-24T17:36:47.697+0100] {logging_mixin.py:188} INFO - [2025-08-24T17:36:47.697+0100] {dag.py:3947} INFO - Setting next_dagrun for tutorial_objectstorage to None, run_after=None
[2025-08-24T17:36:47.702+0100] {processor.py:183} INFO - Processing /Users/homeaccount/miniconda3/envs/churn_pipeline/lib/python3.10/site-packages/airflow/example_dags/tutorial_objectstorage.py took 0.095 seconds
[2025-08-24T17:37:42.398+0100] {processor.py:161} INFO - Started process (PID=25491) to work on /Users/homeaccount/miniconda3/envs/churn_pipeline/lib/python3.10/site-packages/airflow/example_dags/tutorial_objectstorage.py
[2025-08-24T17:37:42.399+0100] {processor.py:830} INFO - Processing file /Users/homeaccount/miniconda3/envs/churn_pipeline/lib/python3.10/site-packages/airflow/example_dags/tutorial_objectstorage.py for tasks to queue
[2025-08-24T17:37:42.399+0100] {logging_mixin.py:188} INFO - [2025-08-24T17:37:42.399+0100] {dagbag.py:545} INFO - Filling up the DagBag from /Users/homeaccount/miniconda3/envs/churn_pipeline/lib/python3.10/site-packages/airflow/example_dags/tutorial_objectstorage.py
[2025-08-24T17:37:42.452+0100] {processor.py:840} INFO - DAG(s) 'tutorial_objectstorage' retrieved from /Users/homeaccount/miniconda3/envs/churn_pipeline/lib/python3.10/site-packages/airflow/example_dags/tutorial_objectstorage.py
[2025-08-24T17:37:42.483+0100] {logging_mixin.py:188} INFO - [2025-08-24T17:37:42.483+0100] {dag.py:3089} INFO - Sync 1 DAGs
[2025-08-24T17:37:42.487+0100] {logging_mixin.py:188} INFO - [2025-08-24T17:37:42.487+0100] {dag.py:3947} INFO - Setting next_dagrun for tutorial_objectstorage to None, run_after=None
[2025-08-24T17:37:42.492+0100] {processor.py:183} INFO - Processing /Users/homeaccount/miniconda3/envs/churn_pipeline/lib/python3.10/site-packages/airflow/example_dags/tutorial_objectstorage.py took 0.096 seconds
[2025-08-24T17:38:38.917+0100] {processor.py:161} INFO - Started process (PID=25533) to work on /Users/homeaccount/miniconda3/envs/churn_pipeline/lib/python3.10/site-packages/airflow/example_dags/tutorial_objectstorage.py
[2025-08-24T17:38:38.918+0100] {processor.py:830} INFO - Processing file /Users/homeaccount/miniconda3/envs/churn_pipeline/lib/python3.10/site-packages/airflow/example_dags/tutorial_objectstorage.py for tasks to queue
[2025-08-24T17:38:38.918+0100] {logging_mixin.py:188} INFO - [2025-08-24T17:38:38.918+0100] {dagbag.py:545} INFO - Filling up the DagBag from /Users/homeaccount/miniconda3/envs/churn_pipeline/lib/python3.10/site-packages/airflow/example_dags/tutorial_objectstorage.py
[2025-08-24T17:38:38.970+0100] {processor.py:840} INFO - DAG(s) 'tutorial_objectstorage' retrieved from /Users/homeaccount/miniconda3/envs/churn_pipeline/lib/python3.10/site-packages/airflow/example_dags/tutorial_objectstorage.py
[2025-08-24T17:38:39.000+0100] {logging_mixin.py:188} INFO - [2025-08-24T17:38:39.000+0100] {dag.py:3089} INFO - Sync 1 DAGs
[2025-08-24T17:38:39.004+0100] {logging_mixin.py:188} INFO - [2025-08-24T17:38:39.004+0100] {dag.py:3947} INFO - Setting next_dagrun for tutorial_objectstorage to None, run_after=None
[2025-08-24T17:38:39.011+0100] {processor.py:183} INFO - Processing /Users/homeaccount/miniconda3/envs/churn_pipeline/lib/python3.10/site-packages/airflow/example_dags/tutorial_objectstorage.py took 0.095 seconds
[2025-08-24T17:39:34.271+0100] {processor.py:161} INFO - Started process (PID=25585) to work on /Users/homeaccount/miniconda3/envs/churn_pipeline/lib/python3.10/site-packages/airflow/example_dags/tutorial_objectstorage.py
[2025-08-24T17:39:34.272+0100] {processor.py:830} INFO - Processing file /Users/homeaccount/miniconda3/envs/churn_pipeline/lib/python3.10/site-packages/airflow/example_dags/tutorial_objectstorage.py for tasks to queue
[2025-08-24T17:39:34.272+0100] {logging_mixin.py:188} INFO - [2025-08-24T17:39:34.272+0100] {dagbag.py:545} INFO - Filling up the DagBag from /Users/homeaccount/miniconda3/envs/churn_pipeline/lib/python3.10/site-packages/airflow/example_dags/tutorial_objectstorage.py
[2025-08-24T17:39:34.332+0100] {processor.py:840} INFO - DAG(s) 'tutorial_objectstorage' retrieved from /Users/homeaccount/miniconda3/envs/churn_pipeline/lib/python3.10/site-packages/airflow/example_dags/tutorial_objectstorage.py
[2025-08-24T17:39:34.368+0100] {logging_mixin.py:188} INFO - [2025-08-24T17:39:34.367+0100] {dag.py:3089} INFO - Sync 1 DAGs
[2025-08-24T17:39:34.371+0100] {logging_mixin.py:188} INFO - [2025-08-24T17:39:34.371+0100] {dag.py:3947} INFO - Setting next_dagrun for tutorial_objectstorage to None, run_after=None
[2025-08-24T17:39:34.378+0100] {processor.py:183} INFO - Processing /Users/homeaccount/miniconda3/envs/churn_pipeline/lib/python3.10/site-packages/airflow/example_dags/tutorial_objectstorage.py took 0.109 seconds
[2025-08-24T17:40:31.470+0100] {processor.py:161} INFO - Started process (PID=25623) to work on /Users/homeaccount/miniconda3/envs/churn_pipeline/lib/python3.10/site-packages/airflow/example_dags/tutorial_objectstorage.py
[2025-08-24T17:40:31.471+0100] {processor.py:830} INFO - Processing file /Users/homeaccount/miniconda3/envs/churn_pipeline/lib/python3.10/site-packages/airflow/example_dags/tutorial_objectstorage.py for tasks to queue
[2025-08-24T17:40:31.471+0100] {logging_mixin.py:188} INFO - [2025-08-24T17:40:31.471+0100] {dagbag.py:545} INFO - Filling up the DagBag from /Users/homeaccount/miniconda3/envs/churn_pipeline/lib/python3.10/site-packages/airflow/example_dags/tutorial_objectstorage.py
[2025-08-24T17:40:31.524+0100] {processor.py:840} INFO - DAG(s) 'tutorial_objectstorage' retrieved from /Users/homeaccount/miniconda3/envs/churn_pipeline/lib/python3.10/site-packages/airflow/example_dags/tutorial_objectstorage.py
[2025-08-24T17:40:31.556+0100] {logging_mixin.py:188} INFO - [2025-08-24T17:40:31.556+0100] {dag.py:3089} INFO - Sync 1 DAGs
[2025-08-24T17:40:31.559+0100] {logging_mixin.py:188} INFO - [2025-08-24T17:40:31.559+0100] {dag.py:3947} INFO - Setting next_dagrun for tutorial_objectstorage to None, run_after=None
[2025-08-24T17:40:31.565+0100] {processor.py:183} INFO - Processing /Users/homeaccount/miniconda3/envs/churn_pipeline/lib/python3.10/site-packages/airflow/example_dags/tutorial_objectstorage.py took 0.096 seconds
