[2025-08-24T17:35:13.383+0100] {processor.py:161} INFO - Started process (PID=25376) to work on /Users/homeaccount/miniconda3/envs/churn_pipeline/lib/python3.10/site-packages/airflow/example_dags/plugins/event_listener.py
[2025-08-24T17:35:13.384+0100] {processor.py:830} INFO - Processing file /Users/homeaccount/miniconda3/envs/churn_pipeline/lib/python3.10/site-packages/airflow/example_dags/plugins/event_listener.py for tasks to queue
[2025-08-24T17:35:13.384+0100] {logging_mixin.py:188} INFO - [2025-08-24T17:35:13.384+0100] {dagbag.py:545} INFO - Filling up the DagBag from /Users/homeaccount/miniconda3/envs/churn_pipeline/lib/python3.10/site-packages/airflow/example_dags/plugins/event_listener.py
[2025-08-24T17:35:13.384+0100] {processor.py:842} WARNING - No viable dags retrieved from /Users/homeaccount/miniconda3/envs/churn_pipeline/lib/python3.10/site-packages/airflow/example_dags/plugins/event_listener.py
[2025-08-24T17:35:13.429+0100] {processor.py:183} INFO - Processing /Users/homeaccount/miniconda3/envs/churn_pipeline/lib/python3.10/site-packages/airflow/example_dags/plugins/event_listener.py took 0.047 seconds
[2025-08-24T17:36:41.634+0100] {processor.py:161} INFO - Started process (PID=25444) to work on /Users/homeaccount/miniconda3/envs/churn_pipeline/lib/python3.10/site-packages/airflow/example_dags/plugins/event_listener.py
[2025-08-24T17:36:41.635+0100] {processor.py:830} INFO - Processing file /Users/homeaccount/miniconda3/envs/churn_pipeline/lib/python3.10/site-packages/airflow/example_dags/plugins/event_listener.py for tasks to queue
[2025-08-24T17:36:41.635+0100] {logging_mixin.py:188} INFO - [2025-08-24T17:36:41.635+0100] {dagbag.py:545} INFO - Filling up the DagBag from /Users/homeaccount/miniconda3/envs/churn_pipeline/lib/python3.10/site-packages/airflow/example_dags/plugins/event_listener.py
[2025-08-24T17:36:41.635+0100] {processor.py:842} WARNING - No viable dags retrieved from /Users/homeaccount/miniconda3/envs/churn_pipeline/lib/python3.10/site-packages/airflow/example_dags/plugins/event_listener.py
[2025-08-24T17:36:41.680+0100] {processor.py:183} INFO - Processing /Users/homeaccount/miniconda3/envs/churn_pipeline/lib/python3.10/site-packages/airflow/example_dags/plugins/event_listener.py took 0.047 seconds
[2025-08-24T17:37:35.855+0100] {processor.py:161} INFO - Started process (PID=25485) to work on /Users/homeaccount/miniconda3/envs/churn_pipeline/lib/python3.10/site-packages/airflow/example_dags/plugins/event_listener.py
[2025-08-24T17:37:35.856+0100] {processor.py:830} INFO - Processing file /Users/homeaccount/miniconda3/envs/churn_pipeline/lib/python3.10/site-packages/airflow/example_dags/plugins/event_listener.py for tasks to queue
[2025-08-24T17:37:35.856+0100] {logging_mixin.py:188} INFO - [2025-08-24T17:37:35.856+0100] {dagbag.py:545} INFO - Filling up the DagBag from /Users/homeaccount/miniconda3/envs/churn_pipeline/lib/python3.10/site-packages/airflow/example_dags/plugins/event_listener.py
[2025-08-24T17:37:35.857+0100] {processor.py:842} WARNING - No viable dags retrieved from /Users/homeaccount/miniconda3/envs/churn_pipeline/lib/python3.10/site-packages/airflow/example_dags/plugins/event_listener.py
[2025-08-24T17:37:35.901+0100] {processor.py:183} INFO - Processing /Users/homeaccount/miniconda3/envs/churn_pipeline/lib/python3.10/site-packages/airflow/example_dags/plugins/event_listener.py took 0.047 seconds
[2025-08-24T17:38:32.165+0100] {processor.py:161} INFO - Started process (PID=25529) to work on /Users/homeaccount/miniconda3/envs/churn_pipeline/lib/python3.10/site-packages/airflow/example_dags/plugins/event_listener.py
[2025-08-24T17:38:32.166+0100] {processor.py:830} INFO - Processing file /Users/homeaccount/miniconda3/envs/churn_pipeline/lib/python3.10/site-packages/airflow/example_dags/plugins/event_listener.py for tasks to queue
[2025-08-24T17:38:32.166+0100] {logging_mixin.py:188} INFO - [2025-08-24T17:38:32.166+0100] {dagbag.py:545} INFO - Filling up the DagBag from /Users/homeaccount/miniconda3/envs/churn_pipeline/lib/python3.10/site-packages/airflow/example_dags/plugins/event_listener.py
[2025-08-24T17:38:32.167+0100] {processor.py:842} WARNING - No viable dags retrieved from /Users/homeaccount/miniconda3/envs/churn_pipeline/lib/python3.10/site-packages/airflow/example_dags/plugins/event_listener.py
[2025-08-24T17:38:32.212+0100] {processor.py:183} INFO - Processing /Users/homeaccount/miniconda3/envs/churn_pipeline/lib/python3.10/site-packages/airflow/example_dags/plugins/event_listener.py took 0.048 seconds
[2025-08-24T17:39:28.570+0100] {processor.py:161} INFO - Started process (PID=25581) to work on /Users/homeaccount/miniconda3/envs/churn_pipeline/lib/python3.10/site-packages/airflow/example_dags/plugins/event_listener.py
[2025-08-24T17:39:28.571+0100] {processor.py:830} INFO - Processing file /Users/homeaccount/miniconda3/envs/churn_pipeline/lib/python3.10/site-packages/airflow/example_dags/plugins/event_listener.py for tasks to queue
[2025-08-24T17:39:28.572+0100] {logging_mixin.py:188} INFO - [2025-08-24T17:39:28.572+0100] {dagbag.py:545} INFO - Filling up the DagBag from /Users/homeaccount/miniconda3/envs/churn_pipeline/lib/python3.10/site-packages/airflow/example_dags/plugins/event_listener.py
[2025-08-24T17:39:28.572+0100] {processor.py:842} WARNING - No viable dags retrieved from /Users/homeaccount/miniconda3/envs/churn_pipeline/lib/python3.10/site-packages/airflow/example_dags/plugins/event_listener.py
[2025-08-24T17:39:28.619+0100] {processor.py:183} INFO - Processing /Users/homeaccount/miniconda3/envs/churn_pipeline/lib/python3.10/site-packages/airflow/example_dags/plugins/event_listener.py took 0.050 seconds
[2025-08-24T17:40:24.698+0100] {processor.py:161} INFO - Started process (PID=25619) to work on /Users/homeaccount/miniconda3/envs/churn_pipeline/lib/python3.10/site-packages/airflow/example_dags/plugins/event_listener.py
[2025-08-24T17:40:24.699+0100] {processor.py:830} INFO - Processing file /Users/homeaccount/miniconda3/envs/churn_pipeline/lib/python3.10/site-packages/airflow/example_dags/plugins/event_listener.py for tasks to queue
[2025-08-24T17:40:24.699+0100] {logging_mixin.py:188} INFO - [2025-08-24T17:40:24.699+0100] {dagbag.py:545} INFO - Filling up the DagBag from /Users/homeaccount/miniconda3/envs/churn_pipeline/lib/python3.10/site-packages/airflow/example_dags/plugins/event_listener.py
[2025-08-24T17:40:24.699+0100] {processor.py:842} WARNING - No viable dags retrieved from /Users/homeaccount/miniconda3/envs/churn_pipeline/lib/python3.10/site-packages/airflow/example_dags/plugins/event_listener.py
[2025-08-24T17:40:24.744+0100] {processor.py:183} INFO - Processing /Users/homeaccount/miniconda3/envs/churn_pipeline/lib/python3.10/site-packages/airflow/example_dags/plugins/event_listener.py took 0.047 seconds
