[2025-08-24T17:35:11.709+0100] {processor.py:161} INFO - Started process (PID=25373) to work on /Users/homeaccount/miniconda3/envs/churn_pipeline/lib/python3.10/site-packages/airflow/example_dags/plugins/listener_plugin.py
[2025-08-24T17:35:11.710+0100] {processor.py:830} INFO - Processing file /Users/homeaccount/miniconda3/envs/churn_pipeline/lib/python3.10/site-packages/airflow/example_dags/plugins/listener_plugin.py for tasks to queue
[2025-08-24T17:35:11.710+0100] {logging_mixin.py:188} INFO - [2025-08-24T17:35:11.710+0100] {dagbag.py:545} INFO - Filling up the DagBag from /Users/homeaccount/miniconda3/envs/churn_pipeline/lib/python3.10/site-packages/airflow/example_dags/plugins/listener_plugin.py
[2025-08-24T17:35:11.711+0100] {processor.py:842} WARNING - No viable dags retrieved from /Users/homeaccount/miniconda3/envs/churn_pipeline/lib/python3.10/site-packages/airflow/example_dags/plugins/listener_plugin.py
[2025-08-24T17:35:11.756+0100] {processor.py:183} INFO - Processing /Users/homeaccount/miniconda3/envs/churn_pipeline/lib/python3.10/site-packages/airflow/example_dags/plugins/listener_plugin.py took 0.048 seconds
[2025-08-24T17:36:40.200+0100] {processor.py:161} INFO - Started process (PID=25443) to work on /Users/homeaccount/miniconda3/envs/churn_pipeline/lib/python3.10/site-packages/airflow/example_dags/plugins/listener_plugin.py
[2025-08-24T17:36:40.200+0100] {processor.py:830} INFO - Processing file /Users/homeaccount/miniconda3/envs/churn_pipeline/lib/python3.10/site-packages/airflow/example_dags/plugins/listener_plugin.py for tasks to queue
[2025-08-24T17:36:40.201+0100] {logging_mixin.py:188} INFO - [2025-08-24T17:36:40.200+0100] {dagbag.py:545} INFO - Filling up the DagBag from /Users/homeaccount/miniconda3/envs/churn_pipeline/lib/python3.10/site-packages/airflow/example_dags/plugins/listener_plugin.py
[2025-08-24T17:36:40.202+0100] {processor.py:842} WARNING - No viable dags retrieved from /Users/homeaccount/miniconda3/envs/churn_pipeline/lib/python3.10/site-packages/airflow/example_dags/plugins/listener_plugin.py
[2025-08-24T17:36:40.246+0100] {processor.py:183} INFO - Processing /Users/homeaccount/miniconda3/envs/churn_pipeline/lib/python3.10/site-packages/airflow/example_dags/plugins/listener_plugin.py took 0.048 seconds
[2025-08-24T17:37:33.949+0100] {processor.py:161} INFO - Started process (PID=25482) to work on /Users/homeaccount/miniconda3/envs/churn_pipeline/lib/python3.10/site-packages/airflow/example_dags/plugins/listener_plugin.py
[2025-08-24T17:37:33.950+0100] {processor.py:830} INFO - Processing file /Users/homeaccount/miniconda3/envs/churn_pipeline/lib/python3.10/site-packages/airflow/example_dags/plugins/listener_plugin.py for tasks to queue
[2025-08-24T17:37:33.950+0100] {logging_mixin.py:188} INFO - [2025-08-24T17:37:33.950+0100] {dagbag.py:545} INFO - Filling up the DagBag from /Users/homeaccount/miniconda3/envs/churn_pipeline/lib/python3.10/site-packages/airflow/example_dags/plugins/listener_plugin.py
[2025-08-24T17:37:33.951+0100] {processor.py:842} WARNING - No viable dags retrieved from /Users/homeaccount/miniconda3/envs/churn_pipeline/lib/python3.10/site-packages/airflow/example_dags/plugins/listener_plugin.py
[2025-08-24T17:37:34.046+0100] {processor.py:183} INFO - Processing /Users/homeaccount/miniconda3/envs/churn_pipeline/lib/python3.10/site-packages/airflow/example_dags/plugins/listener_plugin.py took 0.097 seconds
[2025-08-24T17:38:30.470+0100] {processor.py:161} INFO - Started process (PID=25528) to work on /Users/homeaccount/miniconda3/envs/churn_pipeline/lib/python3.10/site-packages/airflow/example_dags/plugins/listener_plugin.py
[2025-08-24T17:38:30.471+0100] {processor.py:830} INFO - Processing file /Users/homeaccount/miniconda3/envs/churn_pipeline/lib/python3.10/site-packages/airflow/example_dags/plugins/listener_plugin.py for tasks to queue
[2025-08-24T17:38:30.471+0100] {logging_mixin.py:188} INFO - [2025-08-24T17:38:30.471+0100] {dagbag.py:545} INFO - Filling up the DagBag from /Users/homeaccount/miniconda3/envs/churn_pipeline/lib/python3.10/site-packages/airflow/example_dags/plugins/listener_plugin.py
[2025-08-24T17:38:30.472+0100] {processor.py:842} WARNING - No viable dags retrieved from /Users/homeaccount/miniconda3/envs/churn_pipeline/lib/python3.10/site-packages/airflow/example_dags/plugins/listener_plugin.py
[2025-08-24T17:38:30.517+0100] {processor.py:183} INFO - Processing /Users/homeaccount/miniconda3/envs/churn_pipeline/lib/python3.10/site-packages/airflow/example_dags/plugins/listener_plugin.py took 0.048 seconds
[2025-08-24T17:39:26.864+0100] {processor.py:161} INFO - Started process (PID=25580) to work on /Users/homeaccount/miniconda3/envs/churn_pipeline/lib/python3.10/site-packages/airflow/example_dags/plugins/listener_plugin.py
[2025-08-24T17:39:26.865+0100] {processor.py:830} INFO - Processing file /Users/homeaccount/miniconda3/envs/churn_pipeline/lib/python3.10/site-packages/airflow/example_dags/plugins/listener_plugin.py for tasks to queue
[2025-08-24T17:39:26.865+0100] {logging_mixin.py:188} INFO - [2025-08-24T17:39:26.865+0100] {dagbag.py:545} INFO - Filling up the DagBag from /Users/homeaccount/miniconda3/envs/churn_pipeline/lib/python3.10/site-packages/airflow/example_dags/plugins/listener_plugin.py
[2025-08-24T17:39:26.866+0100] {processor.py:842} WARNING - No viable dags retrieved from /Users/homeaccount/miniconda3/envs/churn_pipeline/lib/python3.10/site-packages/airflow/example_dags/plugins/listener_plugin.py
[2025-08-24T17:39:26.911+0100] {processor.py:183} INFO - Processing /Users/homeaccount/miniconda3/envs/churn_pipeline/lib/python3.10/site-packages/airflow/example_dags/plugins/listener_plugin.py took 0.048 seconds
[2025-08-24T17:40:23.013+0100] {processor.py:161} INFO - Started process (PID=25618) to work on /Users/homeaccount/miniconda3/envs/churn_pipeline/lib/python3.10/site-packages/airflow/example_dags/plugins/listener_plugin.py
[2025-08-24T17:40:23.013+0100] {processor.py:830} INFO - Processing file /Users/homeaccount/miniconda3/envs/churn_pipeline/lib/python3.10/site-packages/airflow/example_dags/plugins/listener_plugin.py for tasks to queue
[2025-08-24T17:40:23.013+0100] {logging_mixin.py:188} INFO - [2025-08-24T17:40:23.013+0100] {dagbag.py:545} INFO - Filling up the DagBag from /Users/homeaccount/miniconda3/envs/churn_pipeline/lib/python3.10/site-packages/airflow/example_dags/plugins/listener_plugin.py
[2025-08-24T17:40:23.014+0100] {processor.py:842} WARNING - No viable dags retrieved from /Users/homeaccount/miniconda3/envs/churn_pipeline/lib/python3.10/site-packages/airflow/example_dags/plugins/listener_plugin.py
[2025-08-24T17:40:23.059+0100] {processor.py:183} INFO - Processing /Users/homeaccount/miniconda3/envs/churn_pipeline/lib/python3.10/site-packages/airflow/example_dags/plugins/listener_plugin.py took 0.047 seconds
