[2025-08-24T17:35:09.532+0100] {processor.py:161} INFO - Started process (PID=25372) to work on /Users/homeaccount/miniconda3/envs/churn_pipeline/lib/python3.10/site-packages/airflow/example_dags/plugins/workday.py
[2025-08-24T17:35:09.533+0100] {processor.py:830} INFO - Processing file /Users/homeaccount/miniconda3/envs/churn_pipeline/lib/python3.10/site-packages/airflow/example_dags/plugins/workday.py for tasks to queue
[2025-08-24T17:35:09.533+0100] {logging_mixin.py:188} INFO - [2025-08-24T17:35:09.533+0100] {dagbag.py:545} INFO - Filling up the DagBag from /Users/homeaccount/miniconda3/envs/churn_pipeline/lib/python3.10/site-packages/airflow/example_dags/plugins/workday.py
[2025-08-24T17:35:10.008+0100] {processor.py:842} WARNING - No viable dags retrieved from /Users/homeaccount/miniconda3/envs/churn_pipeline/lib/python3.10/site-packages/airflow/example_dags/plugins/workday.py
[2025-08-24T17:35:10.034+0100] {processor.py:183} INFO - Processing /Users/homeaccount/miniconda3/envs/churn_pipeline/lib/python3.10/site-packages/airflow/example_dags/plugins/workday.py took 0.503 seconds
[2025-08-24T17:36:38.543+0100] {processor.py:161} INFO - Started process (PID=25441) to work on /Users/homeaccount/miniconda3/envs/churn_pipeline/lib/python3.10/site-packages/airflow/example_dags/plugins/workday.py
[2025-08-24T17:36:38.544+0100] {processor.py:830} INFO - Processing file /Users/homeaccount/miniconda3/envs/churn_pipeline/lib/python3.10/site-packages/airflow/example_dags/plugins/workday.py for tasks to queue
[2025-08-24T17:36:38.544+0100] {logging_mixin.py:188} INFO - [2025-08-24T17:36:38.544+0100] {dagbag.py:545} INFO - Filling up the DagBag from /Users/homeaccount/miniconda3/envs/churn_pipeline/lib/python3.10/site-packages/airflow/example_dags/plugins/workday.py
[2025-08-24T17:36:39.005+0100] {processor.py:842} WARNING - No viable dags retrieved from /Users/homeaccount/miniconda3/envs/churn_pipeline/lib/python3.10/site-packages/airflow/example_dags/plugins/workday.py
[2025-08-24T17:36:39.032+0100] {processor.py:183} INFO - Processing /Users/homeaccount/miniconda3/envs/churn_pipeline/lib/python3.10/site-packages/airflow/example_dags/plugins/workday.py took 0.490 seconds
[2025-08-24T17:37:31.857+0100] {processor.py:161} INFO - Started process (PID=25481) to work on /Users/homeaccount/miniconda3/envs/churn_pipeline/lib/python3.10/site-packages/airflow/example_dags/plugins/workday.py
[2025-08-24T17:37:31.858+0100] {processor.py:830} INFO - Processing file /Users/homeaccount/miniconda3/envs/churn_pipeline/lib/python3.10/site-packages/airflow/example_dags/plugins/workday.py for tasks to queue
[2025-08-24T17:37:31.858+0100] {logging_mixin.py:188} INFO - [2025-08-24T17:37:31.858+0100] {dagbag.py:545} INFO - Filling up the DagBag from /Users/homeaccount/miniconda3/envs/churn_pipeline/lib/python3.10/site-packages/airflow/example_dags/plugins/workday.py
[2025-08-24T17:37:32.279+0100] {processor.py:842} WARNING - No viable dags retrieved from /Users/homeaccount/miniconda3/envs/churn_pipeline/lib/python3.10/site-packages/airflow/example_dags/plugins/workday.py
[2025-08-24T17:37:32.305+0100] {processor.py:183} INFO - Processing /Users/homeaccount/miniconda3/envs/churn_pipeline/lib/python3.10/site-packages/airflow/example_dags/plugins/workday.py took 0.450 seconds
[2025-08-24T17:38:28.260+0100] {processor.py:161} INFO - Started process (PID=25527) to work on /Users/homeaccount/miniconda3/envs/churn_pipeline/lib/python3.10/site-packages/airflow/example_dags/plugins/workday.py
[2025-08-24T17:38:28.261+0100] {processor.py:830} INFO - Processing file /Users/homeaccount/miniconda3/envs/churn_pipeline/lib/python3.10/site-packages/airflow/example_dags/plugins/workday.py for tasks to queue
[2025-08-24T17:38:28.261+0100] {logging_mixin.py:188} INFO - [2025-08-24T17:38:28.261+0100] {dagbag.py:545} INFO - Filling up the DagBag from /Users/homeaccount/miniconda3/envs/churn_pipeline/lib/python3.10/site-packages/airflow/example_dags/plugins/workday.py
[2025-08-24T17:38:28.775+0100] {processor.py:842} WARNING - No viable dags retrieved from /Users/homeaccount/miniconda3/envs/churn_pipeline/lib/python3.10/site-packages/airflow/example_dags/plugins/workday.py
[2025-08-24T17:38:28.802+0100] {processor.py:183} INFO - Processing /Users/homeaccount/miniconda3/envs/churn_pipeline/lib/python3.10/site-packages/airflow/example_dags/plugins/workday.py took 0.543 seconds
[2025-08-24T17:39:24.687+0100] {processor.py:161} INFO - Started process (PID=25578) to work on /Users/homeaccount/miniconda3/envs/churn_pipeline/lib/python3.10/site-packages/airflow/example_dags/plugins/workday.py
[2025-08-24T17:39:24.688+0100] {processor.py:830} INFO - Processing file /Users/homeaccount/miniconda3/envs/churn_pipeline/lib/python3.10/site-packages/airflow/example_dags/plugins/workday.py for tasks to queue
[2025-08-24T17:39:24.688+0100] {logging_mixin.py:188} INFO - [2025-08-24T17:39:24.688+0100] {dagbag.py:545} INFO - Filling up the DagBag from /Users/homeaccount/miniconda3/envs/churn_pipeline/lib/python3.10/site-packages/airflow/example_dags/plugins/workday.py
[2025-08-24T17:39:25.175+0100] {processor.py:842} WARNING - No viable dags retrieved from /Users/homeaccount/miniconda3/envs/churn_pipeline/lib/python3.10/site-packages/airflow/example_dags/plugins/workday.py
[2025-08-24T17:39:25.202+0100] {processor.py:183} INFO - Processing /Users/homeaccount/miniconda3/envs/churn_pipeline/lib/python3.10/site-packages/airflow/example_dags/plugins/workday.py took 0.516 seconds
[2025-08-24T17:40:20.898+0100] {processor.py:161} INFO - Started process (PID=25617) to work on /Users/homeaccount/miniconda3/envs/churn_pipeline/lib/python3.10/site-packages/airflow/example_dags/plugins/workday.py
[2025-08-24T17:40:20.899+0100] {processor.py:830} INFO - Processing file /Users/homeaccount/miniconda3/envs/churn_pipeline/lib/python3.10/site-packages/airflow/example_dags/plugins/workday.py for tasks to queue
[2025-08-24T17:40:20.899+0100] {logging_mixin.py:188} INFO - [2025-08-24T17:40:20.899+0100] {dagbag.py:545} INFO - Filling up the DagBag from /Users/homeaccount/miniconda3/envs/churn_pipeline/lib/python3.10/site-packages/airflow/example_dags/plugins/workday.py
[2025-08-24T17:40:21.305+0100] {processor.py:842} WARNING - No viable dags retrieved from /Users/homeaccount/miniconda3/envs/churn_pipeline/lib/python3.10/site-packages/airflow/example_dags/plugins/workday.py
[2025-08-24T17:40:21.331+0100] {processor.py:183} INFO - Processing /Users/homeaccount/miniconda3/envs/churn_pipeline/lib/python3.10/site-packages/airflow/example_dags/plugins/workday.py took 0.435 seconds
