[2025-08-24T17:36:33.334+0100] {processor.py:161} INFO - Started process (PID=25438) to work on /Users/homeaccount/PycharmProjects/dmml/churn_prediction_pipeline/airflow_home/dags/airflow_dag.py
[2025-08-24T17:36:33.334+0100] {processor.py:830} INFO - Processing file /Users/homeaccount/PycharmProjects/dmml/churn_prediction_pipeline/airflow_home/dags/airflow_dag.py for tasks to queue
[2025-08-24T17:36:33.334+0100] {logging_mixin.py:188} INFO - [2025-08-24T17:36:33.334+0100] {dagbag.py:545} INFO - Filling up the DagBag from /Users/homeaccount/PycharmProjects/dmml/churn_prediction_pipeline/airflow_home/dags/airflow_dag.py
[2025-08-24T17:36:33.367+0100] {processor.py:840} INFO - DAG(s) 'churn_pipeline_taskflow' retrieved from /Users/homeaccount/PycharmProjects/dmml/churn_prediction_pipeline/airflow_home/dags/airflow_dag.py
[2025-08-24T17:36:33.424+0100] {logging_mixin.py:188} INFO - [2025-08-24T17:36:33.424+0100] {dag.py:3089} INFO - Sync 1 DAGs
[2025-08-24T17:36:33.429+0100] {logging_mixin.py:188} INFO - [2025-08-24T17:36:33.429+0100] {dag.py:3947} INFO - Setting next_dagrun for churn_pipeline_taskflow to 2025-08-23 00:00:00+00:00, run_after=2025-08-24 00:00:00+00:00
[2025-08-24T17:36:33.435+0100] {processor.py:183} INFO - Processing /Users/homeaccount/PycharmProjects/dmml/churn_prediction_pipeline/airflow_home/dags/airflow_dag.py took 0.103 seconds
[2025-08-24T17:38:23.116+0100] {processor.py:161} INFO - Started process (PID=25517) to work on /Users/homeaccount/PycharmProjects/dmml/churn_prediction_pipeline/airflow_home/dags/airflow_dag.py
[2025-08-24T17:38:23.117+0100] {processor.py:830} INFO - Processing file /Users/homeaccount/PycharmProjects/dmml/churn_prediction_pipeline/airflow_home/dags/airflow_dag.py for tasks to queue
[2025-08-24T17:38:23.117+0100] {logging_mixin.py:188} INFO - [2025-08-24T17:38:23.117+0100] {dagbag.py:545} INFO - Filling up the DagBag from /Users/homeaccount/PycharmProjects/dmml/churn_prediction_pipeline/airflow_home/dags/airflow_dag.py
[2025-08-24T17:38:23.149+0100] {processor.py:840} INFO - DAG(s) 'churn_pipeline_taskflow' retrieved from /Users/homeaccount/PycharmProjects/dmml/churn_prediction_pipeline/airflow_home/dags/airflow_dag.py
[2025-08-24T17:38:23.180+0100] {logging_mixin.py:188} INFO - [2025-08-24T17:38:23.180+0100] {dag.py:3089} INFO - Sync 1 DAGs
[2025-08-24T17:38:23.185+0100] {logging_mixin.py:188} INFO - [2025-08-24T17:38:23.185+0100] {dag.py:3947} INFO - Setting next_dagrun for churn_pipeline_taskflow to 2025-08-23 00:00:00+00:00, run_after=2025-08-24 00:00:00+00:00
[2025-08-24T17:38:23.191+0100] {processor.py:183} INFO - Processing /Users/homeaccount/PycharmProjects/dmml/churn_prediction_pipeline/airflow_home/dags/airflow_dag.py took 0.076 seconds
[2025-08-24T17:40:15.976+0100] {processor.py:161} INFO - Started process (PID=25614) to work on /Users/homeaccount/PycharmProjects/dmml/churn_prediction_pipeline/airflow_home/dags/airflow_dag.py
[2025-08-24T17:40:15.977+0100] {processor.py:830} INFO - Processing file /Users/homeaccount/PycharmProjects/dmml/churn_prediction_pipeline/airflow_home/dags/airflow_dag.py for tasks to queue
[2025-08-24T17:40:15.977+0100] {logging_mixin.py:188} INFO - [2025-08-24T17:40:15.977+0100] {dagbag.py:545} INFO - Filling up the DagBag from /Users/homeaccount/PycharmProjects/dmml/churn_prediction_pipeline/airflow_home/dags/airflow_dag.py
[2025-08-24T17:40:16.009+0100] {processor.py:840} INFO - DAG(s) 'churn_pipeline_taskflow' retrieved from /Users/homeaccount/PycharmProjects/dmml/churn_prediction_pipeline/airflow_home/dags/airflow_dag.py
[2025-08-24T17:40:16.040+0100] {logging_mixin.py:188} INFO - [2025-08-24T17:40:16.040+0100] {dag.py:3089} INFO - Sync 1 DAGs
[2025-08-24T17:40:16.045+0100] {logging_mixin.py:188} INFO - [2025-08-24T17:40:16.045+0100] {dag.py:3947} INFO - Setting next_dagrun for churn_pipeline_taskflow to 2025-08-23 00:00:00+00:00, run_after=2025-08-24 00:00:00+00:00
[2025-08-24T17:40:16.051+0100] {processor.py:183} INFO - Processing /Users/homeaccount/PycharmProjects/dmml/churn_prediction_pipeline/airflow_home/dags/airflow_dag.py took 0.077 seconds
[2025-08-24T17:41:24.980+0100] {processor.py:161} INFO - Started process (PID=25697) to work on /Users/homeaccount/PycharmProjects/dmml/churn_prediction_pipeline/airflow_home/dags/airflow_dag.py
[2025-08-24T17:41:24.980+0100] {processor.py:830} INFO - Processing file /Users/homeaccount/PycharmProjects/dmml/churn_prediction_pipeline/airflow_home/dags/airflow_dag.py for tasks to queue
[2025-08-24T17:41:24.981+0100] {logging_mixin.py:188} INFO - [2025-08-24T17:41:24.981+0100] {dagbag.py:545} INFO - Filling up the DagBag from /Users/homeaccount/PycharmProjects/dmml/churn_prediction_pipeline/airflow_home/dags/airflow_dag.py
[2025-08-24T17:41:25.013+0100] {processor.py:840} INFO - DAG(s) 'churn_pipeline_taskflow' retrieved from /Users/homeaccount/PycharmProjects/dmml/churn_prediction_pipeline/airflow_home/dags/airflow_dag.py
[2025-08-24T17:41:25.073+0100] {logging_mixin.py:188} INFO - [2025-08-24T17:41:25.073+0100] {dag.py:3089} INFO - Sync 1 DAGs
[2025-08-24T17:41:25.079+0100] {logging_mixin.py:188} INFO - [2025-08-24T17:41:25.079+0100] {dag.py:3947} INFO - Setting next_dagrun for churn_pipeline_taskflow to 2025-08-22 23:00:00+00:00, run_after=2025-08-23 23:00:00+00:00
[2025-08-24T17:41:25.085+0100] {processor.py:183} INFO - Processing /Users/homeaccount/PycharmProjects/dmml/churn_prediction_pipeline/airflow_home/dags/airflow_dag.py took 0.106 seconds
[2025-08-24T17:41:55.779+0100] {processor.py:161} INFO - Started process (PID=25706) to work on /Users/homeaccount/PycharmProjects/dmml/churn_prediction_pipeline/airflow_home/dags/airflow_dag.py
[2025-08-24T17:41:55.780+0100] {processor.py:830} INFO - Processing file /Users/homeaccount/PycharmProjects/dmml/churn_prediction_pipeline/airflow_home/dags/airflow_dag.py for tasks to queue
[2025-08-24T17:41:55.780+0100] {logging_mixin.py:188} INFO - [2025-08-24T17:41:55.780+0100] {dagbag.py:545} INFO - Filling up the DagBag from /Users/homeaccount/PycharmProjects/dmml/churn_prediction_pipeline/airflow_home/dags/airflow_dag.py
[2025-08-24T17:41:55.812+0100] {processor.py:840} INFO - DAG(s) 'churn_pipeline_taskflow' retrieved from /Users/homeaccount/PycharmProjects/dmml/churn_prediction_pipeline/airflow_home/dags/airflow_dag.py
[2025-08-24T17:41:55.846+0100] {logging_mixin.py:188} INFO - [2025-08-24T17:41:55.846+0100] {dag.py:3089} INFO - Sync 1 DAGs
[2025-08-24T17:41:55.852+0100] {logging_mixin.py:188} INFO - [2025-08-24T17:41:55.852+0100] {dag.py:3947} INFO - Setting next_dagrun for churn_pipeline_taskflow to 2025-08-23 23:00:00+00:00, run_after=2025-08-24 23:00:00+00:00
[2025-08-24T17:41:55.857+0100] {processor.py:183} INFO - Processing /Users/homeaccount/PycharmProjects/dmml/churn_prediction_pipeline/airflow_home/dags/airflow_dag.py took 0.079 seconds
[2025-08-24T17:42:27.330+0100] {processor.py:161} INFO - Started process (PID=25708) to work on /Users/homeaccount/PycharmProjects/dmml/churn_prediction_pipeline/airflow_home/dags/airflow_dag.py
[2025-08-24T17:42:27.330+0100] {processor.py:830} INFO - Processing file /Users/homeaccount/PycharmProjects/dmml/churn_prediction_pipeline/airflow_home/dags/airflow_dag.py for tasks to queue
[2025-08-24T17:42:27.330+0100] {logging_mixin.py:188} INFO - [2025-08-24T17:42:27.330+0100] {dagbag.py:545} INFO - Filling up the DagBag from /Users/homeaccount/PycharmProjects/dmml/churn_prediction_pipeline/airflow_home/dags/airflow_dag.py
[2025-08-24T17:42:27.363+0100] {processor.py:840} INFO - DAG(s) 'churn_pipeline_taskflow' retrieved from /Users/homeaccount/PycharmProjects/dmml/churn_prediction_pipeline/airflow_home/dags/airflow_dag.py
[2025-08-24T17:42:27.394+0100] {logging_mixin.py:188} INFO - [2025-08-24T17:42:27.394+0100] {dag.py:3089} INFO - Sync 1 DAGs
[2025-08-24T17:42:27.400+0100] {logging_mixin.py:188} INFO - [2025-08-24T17:42:27.400+0100] {dag.py:3947} INFO - Setting next_dagrun for churn_pipeline_taskflow to 2025-08-23 23:00:00+00:00, run_after=2025-08-24 23:00:00+00:00
[2025-08-24T17:42:27.405+0100] {processor.py:183} INFO - Processing /Users/homeaccount/PycharmProjects/dmml/churn_prediction_pipeline/airflow_home/dags/airflow_dag.py took 0.076 seconds
[2025-08-24T17:42:50.395+0100] {processor.py:161} INFO - Started process (PID=25711) to work on /Users/homeaccount/PycharmProjects/dmml/churn_prediction_pipeline/airflow_home/dags/airflow_dag.py
[2025-08-24T17:42:50.396+0100] {processor.py:830} INFO - Processing file /Users/homeaccount/PycharmProjects/dmml/churn_prediction_pipeline/airflow_home/dags/airflow_dag.py for tasks to queue
[2025-08-24T17:42:50.396+0100] {logging_mixin.py:188} INFO - [2025-08-24T17:42:50.396+0100] {dagbag.py:545} INFO - Filling up the DagBag from /Users/homeaccount/PycharmProjects/dmml/churn_prediction_pipeline/airflow_home/dags/airflow_dag.py
[2025-08-24T17:42:50.429+0100] {processor.py:840} INFO - DAG(s) 'churn_pipeline_taskflow' retrieved from /Users/homeaccount/PycharmProjects/dmml/churn_prediction_pipeline/airflow_home/dags/airflow_dag.py
[2025-08-24T17:42:50.499+0100] {logging_mixin.py:188} INFO - [2025-08-24T17:42:50.499+0100] {dag.py:3089} INFO - Sync 1 DAGs
[2025-08-24T17:42:50.505+0100] {logging_mixin.py:188} INFO - [2025-08-24T17:42:50.505+0100] {dag.py:3947} INFO - Setting next_dagrun for churn_pipeline_taskflow to 2025-08-23 23:00:00+00:00, run_after=2025-08-24 23:00:00+00:00
[2025-08-24T17:42:50.511+0100] {processor.py:183} INFO - Processing /Users/homeaccount/PycharmProjects/dmml/churn_prediction_pipeline/airflow_home/dags/airflow_dag.py took 0.117 seconds
[2025-08-24T17:43:01.589+0100] {processor.py:161} INFO - Started process (PID=25719) to work on /Users/homeaccount/PycharmProjects/dmml/churn_prediction_pipeline/airflow_home/dags/airflow_dag.py
[2025-08-24T17:43:01.589+0100] {processor.py:830} INFO - Processing file /Users/homeaccount/PycharmProjects/dmml/churn_prediction_pipeline/airflow_home/dags/airflow_dag.py for tasks to queue
[2025-08-24T17:43:01.589+0100] {logging_mixin.py:188} INFO - [2025-08-24T17:43:01.589+0100] {dagbag.py:545} INFO - Filling up the DagBag from /Users/homeaccount/PycharmProjects/dmml/churn_prediction_pipeline/airflow_home/dags/airflow_dag.py
[2025-08-24T17:43:01.622+0100] {processor.py:840} INFO - DAG(s) 'churn_pipeline_taskflow' retrieved from /Users/homeaccount/PycharmProjects/dmml/churn_prediction_pipeline/airflow_home/dags/airflow_dag.py
[2025-08-24T17:43:01.626+0100] {logging_mixin.py:188} INFO - [2025-08-24T17:43:01.626+0100] {dag.py:3089} INFO - Sync 1 DAGs
[2025-08-24T17:43:01.655+0100] {logging_mixin.py:188} INFO - [2025-08-24T17:43:01.655+0100] {dag.py:3947} INFO - Setting next_dagrun for churn_pipeline_taskflow to 2025-08-23 23:00:00+00:00, run_after=2025-08-24 23:00:00+00:00
[2025-08-24T17:43:01.661+0100] {processor.py:183} INFO - Processing /Users/homeaccount/PycharmProjects/dmml/churn_prediction_pipeline/airflow_home/dags/airflow_dag.py took 0.074 seconds
[2025-08-24T17:43:33.042+0100] {processor.py:161} INFO - Started process (PID=25722) to work on /Users/homeaccount/PycharmProjects/dmml/churn_prediction_pipeline/airflow_home/dags/airflow_dag.py
[2025-08-24T17:43:33.043+0100] {processor.py:830} INFO - Processing file /Users/homeaccount/PycharmProjects/dmml/churn_prediction_pipeline/airflow_home/dags/airflow_dag.py for tasks to queue
[2025-08-24T17:43:33.043+0100] {logging_mixin.py:188} INFO - [2025-08-24T17:43:33.043+0100] {dagbag.py:545} INFO - Filling up the DagBag from /Users/homeaccount/PycharmProjects/dmml/churn_prediction_pipeline/airflow_home/dags/airflow_dag.py
[2025-08-24T17:43:33.078+0100] {processor.py:840} INFO - DAG(s) 'churn_pipeline_taskflow' retrieved from /Users/homeaccount/PycharmProjects/dmml/churn_prediction_pipeline/airflow_home/dags/airflow_dag.py
[2025-08-24T17:43:33.135+0100] {logging_mixin.py:188} INFO - [2025-08-24T17:43:33.135+0100] {dag.py:3089} INFO - Sync 1 DAGs
[2025-08-24T17:43:33.139+0100] {logging_mixin.py:188} INFO - [2025-08-24T17:43:33.138+0100] {dag.py:3111} INFO - Creating ORM DAG for churn_pipeline_taskflow
[2025-08-24T17:43:33.141+0100] {logging_mixin.py:188} INFO - [2025-08-24T17:43:33.141+0100] {dag.py:3947} INFO - Setting next_dagrun for churn_pipeline_taskflow to 2025-08-22 23:00:00+00:00, run_after=2025-08-23 23:00:00+00:00
[2025-08-24T17:43:33.147+0100] {processor.py:183} INFO - Processing /Users/homeaccount/PycharmProjects/dmml/churn_prediction_pipeline/airflow_home/dags/airflow_dag.py took 0.106 seconds
[2025-08-24T17:44:03.970+0100] {processor.py:161} INFO - Started process (PID=25731) to work on /Users/homeaccount/PycharmProjects/dmml/churn_prediction_pipeline/airflow_home/dags/airflow_dag.py
[2025-08-24T17:44:03.971+0100] {processor.py:830} INFO - Processing file /Users/homeaccount/PycharmProjects/dmml/churn_prediction_pipeline/airflow_home/dags/airflow_dag.py for tasks to queue
[2025-08-24T17:44:03.971+0100] {logging_mixin.py:188} INFO - [2025-08-24T17:44:03.971+0100] {dagbag.py:545} INFO - Filling up the DagBag from /Users/homeaccount/PycharmProjects/dmml/churn_prediction_pipeline/airflow_home/dags/airflow_dag.py
[2025-08-24T17:44:04.003+0100] {processor.py:840} INFO - DAG(s) 'churn_pipeline_taskflow' retrieved from /Users/homeaccount/PycharmProjects/dmml/churn_prediction_pipeline/airflow_home/dags/airflow_dag.py
[2025-08-24T17:44:04.038+0100] {logging_mixin.py:188} INFO - [2025-08-24T17:44:04.038+0100] {dag.py:3089} INFO - Sync 1 DAGs
[2025-08-24T17:44:04.043+0100] {logging_mixin.py:188} INFO - [2025-08-24T17:44:04.043+0100] {dag.py:3947} INFO - Setting next_dagrun for churn_pipeline_taskflow to 2025-08-23 23:00:00+00:00, run_after=2025-08-24 23:00:00+00:00
[2025-08-24T17:44:04.048+0100] {processor.py:183} INFO - Processing /Users/homeaccount/PycharmProjects/dmml/churn_prediction_pipeline/airflow_home/dags/airflow_dag.py took 0.080 seconds
[2025-08-24T17:44:35.605+0100] {processor.py:161} INFO - Started process (PID=25763) to work on /Users/homeaccount/PycharmProjects/dmml/churn_prediction_pipeline/airflow_home/dags/airflow_dag.py
[2025-08-24T17:44:35.606+0100] {processor.py:830} INFO - Processing file /Users/homeaccount/PycharmProjects/dmml/churn_prediction_pipeline/airflow_home/dags/airflow_dag.py for tasks to queue
[2025-08-24T17:44:35.606+0100] {logging_mixin.py:188} INFO - [2025-08-24T17:44:35.606+0100] {dagbag.py:545} INFO - Filling up the DagBag from /Users/homeaccount/PycharmProjects/dmml/churn_prediction_pipeline/airflow_home/dags/airflow_dag.py
[2025-08-24T17:44:35.639+0100] {processor.py:840} INFO - DAG(s) 'churn_pipeline_taskflow' retrieved from /Users/homeaccount/PycharmProjects/dmml/churn_prediction_pipeline/airflow_home/dags/airflow_dag.py
[2025-08-24T17:44:35.673+0100] {logging_mixin.py:188} INFO - [2025-08-24T17:44:35.673+0100] {dag.py:3089} INFO - Sync 1 DAGs
[2025-08-24T17:44:35.679+0100] {logging_mixin.py:188} INFO - [2025-08-24T17:44:35.679+0100] {dag.py:3947} INFO - Setting next_dagrun for churn_pipeline_taskflow to 2025-08-23 23:00:00+00:00, run_after=2025-08-24 23:00:00+00:00
[2025-08-24T17:44:35.684+0100] {processor.py:183} INFO - Processing /Users/homeaccount/PycharmProjects/dmml/churn_prediction_pipeline/airflow_home/dags/airflow_dag.py took 0.081 seconds
[2025-08-24T17:45:06.619+0100] {processor.py:161} INFO - Started process (PID=25769) to work on /Users/homeaccount/PycharmProjects/dmml/churn_prediction_pipeline/airflow_home/dags/airflow_dag.py
[2025-08-24T17:45:06.620+0100] {processor.py:830} INFO - Processing file /Users/homeaccount/PycharmProjects/dmml/churn_prediction_pipeline/airflow_home/dags/airflow_dag.py for tasks to queue
[2025-08-24T17:45:06.621+0100] {logging_mixin.py:188} INFO - [2025-08-24T17:45:06.621+0100] {dagbag.py:545} INFO - Filling up the DagBag from /Users/homeaccount/PycharmProjects/dmml/churn_prediction_pipeline/airflow_home/dags/airflow_dag.py
[2025-08-24T17:45:06.658+0100] {processor.py:840} INFO - DAG(s) 'churn_pipeline_taskflow' retrieved from /Users/homeaccount/PycharmProjects/dmml/churn_prediction_pipeline/airflow_home/dags/airflow_dag.py
[2025-08-24T17:45:06.694+0100] {logging_mixin.py:188} INFO - [2025-08-24T17:45:06.694+0100] {dag.py:3089} INFO - Sync 1 DAGs
[2025-08-24T17:45:06.699+0100] {logging_mixin.py:188} INFO - [2025-08-24T17:45:06.699+0100] {dag.py:3947} INFO - Setting next_dagrun for churn_pipeline_taskflow to 2025-08-23 23:00:00+00:00, run_after=2025-08-24 23:00:00+00:00
[2025-08-24T17:45:06.705+0100] {processor.py:183} INFO - Processing /Users/homeaccount/PycharmProjects/dmml/churn_prediction_pipeline/airflow_home/dags/airflow_dag.py took 0.086 seconds
[2025-08-24T17:45:38.158+0100] {processor.py:161} INFO - Started process (PID=25772) to work on /Users/homeaccount/PycharmProjects/dmml/churn_prediction_pipeline/airflow_home/dags/airflow_dag.py
[2025-08-24T17:45:38.159+0100] {processor.py:830} INFO - Processing file /Users/homeaccount/PycharmProjects/dmml/churn_prediction_pipeline/airflow_home/dags/airflow_dag.py for tasks to queue
[2025-08-24T17:45:38.159+0100] {logging_mixin.py:188} INFO - [2025-08-24T17:45:38.159+0100] {dagbag.py:545} INFO - Filling up the DagBag from /Users/homeaccount/PycharmProjects/dmml/churn_prediction_pipeline/airflow_home/dags/airflow_dag.py
[2025-08-24T17:45:38.209+0100] {processor.py:840} INFO - DAG(s) 'churn_pipeline_taskflow' retrieved from /Users/homeaccount/PycharmProjects/dmml/churn_prediction_pipeline/airflow_home/dags/airflow_dag.py
[2025-08-24T17:45:38.248+0100] {logging_mixin.py:188} INFO - [2025-08-24T17:45:38.248+0100] {dag.py:3089} INFO - Sync 1 DAGs
[2025-08-24T17:45:38.255+0100] {logging_mixin.py:188} INFO - [2025-08-24T17:45:38.254+0100] {dag.py:3947} INFO - Setting next_dagrun for churn_pipeline_taskflow to 2025-08-23 23:00:00+00:00, run_after=2025-08-24 23:00:00+00:00
[2025-08-24T17:45:38.261+0100] {processor.py:183} INFO - Processing /Users/homeaccount/PycharmProjects/dmml/churn_prediction_pipeline/airflow_home/dags/airflow_dag.py took 0.104 seconds
[2025-08-24T17:46:09.233+0100] {processor.py:161} INFO - Started process (PID=25775) to work on /Users/homeaccount/PycharmProjects/dmml/churn_prediction_pipeline/airflow_home/dags/airflow_dag.py
[2025-08-24T17:46:09.234+0100] {processor.py:830} INFO - Processing file /Users/homeaccount/PycharmProjects/dmml/churn_prediction_pipeline/airflow_home/dags/airflow_dag.py for tasks to queue
[2025-08-24T17:46:09.235+0100] {logging_mixin.py:188} INFO - [2025-08-24T17:46:09.235+0100] {dagbag.py:545} INFO - Filling up the DagBag from /Users/homeaccount/PycharmProjects/dmml/churn_prediction_pipeline/airflow_home/dags/airflow_dag.py
[2025-08-24T17:46:09.272+0100] {processor.py:840} INFO - DAG(s) 'churn_pipeline_taskflow' retrieved from /Users/homeaccount/PycharmProjects/dmml/churn_prediction_pipeline/airflow_home/dags/airflow_dag.py
[2025-08-24T17:46:09.307+0100] {logging_mixin.py:188} INFO - [2025-08-24T17:46:09.307+0100] {dag.py:3089} INFO - Sync 1 DAGs
[2025-08-24T17:46:09.313+0100] {logging_mixin.py:188} INFO - [2025-08-24T17:46:09.313+0100] {dag.py:3947} INFO - Setting next_dagrun for churn_pipeline_taskflow to 2025-08-23 23:00:00+00:00, run_after=2025-08-24 23:00:00+00:00
[2025-08-24T17:46:09.318+0100] {processor.py:183} INFO - Processing /Users/homeaccount/PycharmProjects/dmml/churn_prediction_pipeline/airflow_home/dags/airflow_dag.py took 0.086 seconds
[2025-08-24T17:46:40.240+0100] {processor.py:161} INFO - Started process (PID=25789) to work on /Users/homeaccount/PycharmProjects/dmml/churn_prediction_pipeline/airflow_home/dags/airflow_dag.py
[2025-08-24T17:46:40.242+0100] {processor.py:830} INFO - Processing file /Users/homeaccount/PycharmProjects/dmml/churn_prediction_pipeline/airflow_home/dags/airflow_dag.py for tasks to queue
[2025-08-24T17:46:40.242+0100] {logging_mixin.py:188} INFO - [2025-08-24T17:46:40.242+0100] {dagbag.py:545} INFO - Filling up the DagBag from /Users/homeaccount/PycharmProjects/dmml/churn_prediction_pipeline/airflow_home/dags/airflow_dag.py
[2025-08-24T17:46:40.281+0100] {processor.py:840} INFO - DAG(s) 'churn_pipeline_taskflow' retrieved from /Users/homeaccount/PycharmProjects/dmml/churn_prediction_pipeline/airflow_home/dags/airflow_dag.py
[2025-08-24T17:46:40.287+0100] {logging_mixin.py:188} INFO - [2025-08-24T17:46:40.287+0100] {dag.py:3089} INFO - Sync 1 DAGs
[2025-08-24T17:46:40.316+0100] {logging_mixin.py:188} INFO - [2025-08-24T17:46:40.316+0100] {dag.py:3947} INFO - Setting next_dagrun for churn_pipeline_taskflow to 2025-08-23 23:00:00+00:00, run_after=2025-08-24 23:00:00+00:00
[2025-08-24T17:46:40.321+0100] {processor.py:183} INFO - Processing /Users/homeaccount/PycharmProjects/dmml/churn_prediction_pipeline/airflow_home/dags/airflow_dag.py took 0.083 seconds
[2025-08-24T17:47:11.279+0100] {processor.py:161} INFO - Started process (PID=25799) to work on /Users/homeaccount/PycharmProjects/dmml/churn_prediction_pipeline/airflow_home/dags/airflow_dag.py
[2025-08-24T17:47:11.280+0100] {processor.py:830} INFO - Processing file /Users/homeaccount/PycharmProjects/dmml/churn_prediction_pipeline/airflow_home/dags/airflow_dag.py for tasks to queue
[2025-08-24T17:47:11.281+0100] {logging_mixin.py:188} INFO - [2025-08-24T17:47:11.281+0100] {dagbag.py:545} INFO - Filling up the DagBag from /Users/homeaccount/PycharmProjects/dmml/churn_prediction_pipeline/airflow_home/dags/airflow_dag.py
[2025-08-24T17:47:11.319+0100] {processor.py:840} INFO - DAG(s) 'churn_pipeline_taskflow' retrieved from /Users/homeaccount/PycharmProjects/dmml/churn_prediction_pipeline/airflow_home/dags/airflow_dag.py
[2025-08-24T17:47:11.392+0100] {logging_mixin.py:188} INFO - [2025-08-24T17:47:11.392+0100] {dag.py:3089} INFO - Sync 1 DAGs
[2025-08-24T17:47:11.398+0100] {logging_mixin.py:188} INFO - [2025-08-24T17:47:11.398+0100] {dag.py:3947} INFO - Setting next_dagrun for churn_pipeline_taskflow to 2025-08-23 23:00:00+00:00, run_after=2025-08-24 23:00:00+00:00
[2025-08-24T17:47:11.404+0100] {processor.py:183} INFO - Processing /Users/homeaccount/PycharmProjects/dmml/churn_prediction_pipeline/airflow_home/dags/airflow_dag.py took 0.125 seconds
[2025-08-24T17:47:42.155+0100] {processor.py:161} INFO - Started process (PID=25802) to work on /Users/homeaccount/PycharmProjects/dmml/churn_prediction_pipeline/airflow_home/dags/airflow_dag.py
[2025-08-24T17:47:42.155+0100] {processor.py:830} INFO - Processing file /Users/homeaccount/PycharmProjects/dmml/churn_prediction_pipeline/airflow_home/dags/airflow_dag.py for tasks to queue
[2025-08-24T17:47:42.155+0100] {logging_mixin.py:188} INFO - [2025-08-24T17:47:42.155+0100] {dagbag.py:545} INFO - Filling up the DagBag from /Users/homeaccount/PycharmProjects/dmml/churn_prediction_pipeline/airflow_home/dags/airflow_dag.py
[2025-08-24T17:47:42.188+0100] {processor.py:840} INFO - DAG(s) 'churn_pipeline_taskflow' retrieved from /Users/homeaccount/PycharmProjects/dmml/churn_prediction_pipeline/airflow_home/dags/airflow_dag.py
[2025-08-24T17:47:42.220+0100] {logging_mixin.py:188} INFO - [2025-08-24T17:47:42.220+0100] {dag.py:3089} INFO - Sync 1 DAGs
[2025-08-24T17:47:42.225+0100] {logging_mixin.py:188} INFO - [2025-08-24T17:47:42.225+0100] {dag.py:3947} INFO - Setting next_dagrun for churn_pipeline_taskflow to 2025-08-23 23:00:00+00:00, run_after=2025-08-24 23:00:00+00:00
[2025-08-24T17:47:42.231+0100] {processor.py:183} INFO - Processing /Users/homeaccount/PycharmProjects/dmml/churn_prediction_pipeline/airflow_home/dags/airflow_dag.py took 0.077 seconds
[2025-08-24T17:48:12.979+0100] {processor.py:161} INFO - Started process (PID=25804) to work on /Users/homeaccount/PycharmProjects/dmml/churn_prediction_pipeline/airflow_home/dags/airflow_dag.py
[2025-08-24T17:48:12.979+0100] {processor.py:830} INFO - Processing file /Users/homeaccount/PycharmProjects/dmml/churn_prediction_pipeline/airflow_home/dags/airflow_dag.py for tasks to queue
[2025-08-24T17:48:12.979+0100] {logging_mixin.py:188} INFO - [2025-08-24T17:48:12.979+0100] {dagbag.py:545} INFO - Filling up the DagBag from /Users/homeaccount/PycharmProjects/dmml/churn_prediction_pipeline/airflow_home/dags/airflow_dag.py
[2025-08-24T17:48:13.012+0100] {processor.py:840} INFO - DAG(s) 'churn_pipeline_taskflow' retrieved from /Users/homeaccount/PycharmProjects/dmml/churn_prediction_pipeline/airflow_home/dags/airflow_dag.py
[2025-08-24T17:48:13.016+0100] {logging_mixin.py:188} INFO - [2025-08-24T17:48:13.016+0100] {dag.py:3089} INFO - Sync 1 DAGs
[2025-08-24T17:48:13.045+0100] {logging_mixin.py:188} INFO - [2025-08-24T17:48:13.045+0100] {dag.py:3947} INFO - Setting next_dagrun for churn_pipeline_taskflow to 2025-08-23 23:00:00+00:00, run_after=2025-08-24 23:00:00+00:00
[2025-08-24T17:48:13.050+0100] {processor.py:183} INFO - Processing /Users/homeaccount/PycharmProjects/dmml/churn_prediction_pipeline/airflow_home/dags/airflow_dag.py took 0.073 seconds
[2025-08-24T17:48:43.942+0100] {processor.py:161} INFO - Started process (PID=25807) to work on /Users/homeaccount/PycharmProjects/dmml/churn_prediction_pipeline/airflow_home/dags/airflow_dag.py
[2025-08-24T17:48:43.943+0100] {processor.py:830} INFO - Processing file /Users/homeaccount/PycharmProjects/dmml/churn_prediction_pipeline/airflow_home/dags/airflow_dag.py for tasks to queue
[2025-08-24T17:48:43.943+0100] {logging_mixin.py:188} INFO - [2025-08-24T17:48:43.943+0100] {dagbag.py:545} INFO - Filling up the DagBag from /Users/homeaccount/PycharmProjects/dmml/churn_prediction_pipeline/airflow_home/dags/airflow_dag.py
[2025-08-24T17:48:43.982+0100] {processor.py:840} INFO - DAG(s) 'churn_pipeline_taskflow' retrieved from /Users/homeaccount/PycharmProjects/dmml/churn_prediction_pipeline/airflow_home/dags/airflow_dag.py
[2025-08-24T17:48:44.055+0100] {logging_mixin.py:188} INFO - [2025-08-24T17:48:44.055+0100] {dag.py:3089} INFO - Sync 1 DAGs
[2025-08-24T17:48:44.061+0100] {logging_mixin.py:188} INFO - [2025-08-24T17:48:44.061+0100] {dag.py:3947} INFO - Setting next_dagrun for churn_pipeline_taskflow to 2025-08-23 23:00:00+00:00, run_after=2025-08-24 23:00:00+00:00
[2025-08-24T17:48:44.067+0100] {processor.py:183} INFO - Processing /Users/homeaccount/PycharmProjects/dmml/churn_prediction_pipeline/airflow_home/dags/airflow_dag.py took 0.126 seconds
[2025-08-24T17:49:14.778+0100] {processor.py:161} INFO - Started process (PID=25810) to work on /Users/homeaccount/PycharmProjects/dmml/churn_prediction_pipeline/airflow_home/dags/airflow_dag.py
[2025-08-24T17:49:14.779+0100] {processor.py:830} INFO - Processing file /Users/homeaccount/PycharmProjects/dmml/churn_prediction_pipeline/airflow_home/dags/airflow_dag.py for tasks to queue
[2025-08-24T17:49:14.779+0100] {logging_mixin.py:188} INFO - [2025-08-24T17:49:14.779+0100] {dagbag.py:545} INFO - Filling up the DagBag from /Users/homeaccount/PycharmProjects/dmml/churn_prediction_pipeline/airflow_home/dags/airflow_dag.py
[2025-08-24T17:49:14.812+0100] {processor.py:840} INFO - DAG(s) 'churn_pipeline_taskflow' retrieved from /Users/homeaccount/PycharmProjects/dmml/churn_prediction_pipeline/airflow_home/dags/airflow_dag.py
[2025-08-24T17:49:14.846+0100] {logging_mixin.py:188} INFO - [2025-08-24T17:49:14.846+0100] {dag.py:3089} INFO - Sync 1 DAGs
[2025-08-24T17:49:14.851+0100] {logging_mixin.py:188} INFO - [2025-08-24T17:49:14.851+0100] {dag.py:3947} INFO - Setting next_dagrun for churn_pipeline_taskflow to 2025-08-23 23:00:00+00:00, run_after=2025-08-24 23:00:00+00:00
[2025-08-24T17:49:14.857+0100] {processor.py:183} INFO - Processing /Users/homeaccount/PycharmProjects/dmml/churn_prediction_pipeline/airflow_home/dags/airflow_dag.py took 0.080 seconds
[2025-08-24T17:49:45.787+0100] {processor.py:161} INFO - Started process (PID=25814) to work on /Users/homeaccount/PycharmProjects/dmml/churn_prediction_pipeline/airflow_home/dags/airflow_dag.py
[2025-08-24T17:49:45.788+0100] {processor.py:830} INFO - Processing file /Users/homeaccount/PycharmProjects/dmml/churn_prediction_pipeline/airflow_home/dags/airflow_dag.py for tasks to queue
[2025-08-24T17:49:45.788+0100] {logging_mixin.py:188} INFO - [2025-08-24T17:49:45.788+0100] {dagbag.py:545} INFO - Filling up the DagBag from /Users/homeaccount/PycharmProjects/dmml/churn_prediction_pipeline/airflow_home/dags/airflow_dag.py
[2025-08-24T17:49:45.826+0100] {processor.py:840} INFO - DAG(s) 'churn_pipeline_taskflow' retrieved from /Users/homeaccount/PycharmProjects/dmml/churn_prediction_pipeline/airflow_home/dags/airflow_dag.py
[2025-08-24T17:49:45.831+0100] {logging_mixin.py:188} INFO - [2025-08-24T17:49:45.831+0100] {dag.py:3089} INFO - Sync 1 DAGs
[2025-08-24T17:49:45.861+0100] {logging_mixin.py:188} INFO - [2025-08-24T17:49:45.861+0100] {dag.py:3947} INFO - Setting next_dagrun for churn_pipeline_taskflow to 2025-08-23 23:00:00+00:00, run_after=2025-08-24 23:00:00+00:00
[2025-08-24T17:49:45.866+0100] {processor.py:183} INFO - Processing /Users/homeaccount/PycharmProjects/dmml/churn_prediction_pipeline/airflow_home/dags/airflow_dag.py took 0.081 seconds
[2025-08-24T17:50:16.587+0100] {processor.py:161} INFO - Started process (PID=25816) to work on /Users/homeaccount/PycharmProjects/dmml/churn_prediction_pipeline/airflow_home/dags/airflow_dag.py
[2025-08-24T17:50:16.588+0100] {processor.py:830} INFO - Processing file /Users/homeaccount/PycharmProjects/dmml/churn_prediction_pipeline/airflow_home/dags/airflow_dag.py for tasks to queue
[2025-08-24T17:50:16.589+0100] {logging_mixin.py:188} INFO - [2025-08-24T17:50:16.589+0100] {dagbag.py:545} INFO - Filling up the DagBag from /Users/homeaccount/PycharmProjects/dmml/churn_prediction_pipeline/airflow_home/dags/airflow_dag.py
[2025-08-24T17:50:16.622+0100] {processor.py:840} INFO - DAG(s) 'churn_pipeline_taskflow' retrieved from /Users/homeaccount/PycharmProjects/dmml/churn_prediction_pipeline/airflow_home/dags/airflow_dag.py
[2025-08-24T17:50:16.692+0100] {logging_mixin.py:188} INFO - [2025-08-24T17:50:16.692+0100] {dag.py:3089} INFO - Sync 1 DAGs
[2025-08-24T17:50:16.698+0100] {logging_mixin.py:188} INFO - [2025-08-24T17:50:16.698+0100] {dag.py:3947} INFO - Setting next_dagrun for churn_pipeline_taskflow to 2025-08-23 23:00:00+00:00, run_after=2025-08-24 23:00:00+00:00
[2025-08-24T17:50:16.704+0100] {processor.py:183} INFO - Processing /Users/homeaccount/PycharmProjects/dmml/churn_prediction_pipeline/airflow_home/dags/airflow_dag.py took 0.118 seconds
[2025-08-24T17:50:47.412+0100] {processor.py:161} INFO - Started process (PID=25822) to work on /Users/homeaccount/PycharmProjects/dmml/churn_prediction_pipeline/airflow_home/dags/airflow_dag.py
[2025-08-24T17:50:47.414+0100] {processor.py:830} INFO - Processing file /Users/homeaccount/PycharmProjects/dmml/churn_prediction_pipeline/airflow_home/dags/airflow_dag.py for tasks to queue
[2025-08-24T17:50:47.414+0100] {logging_mixin.py:188} INFO - [2025-08-24T17:50:47.414+0100] {dagbag.py:545} INFO - Filling up the DagBag from /Users/homeaccount/PycharmProjects/dmml/churn_prediction_pipeline/airflow_home/dags/airflow_dag.py
[2025-08-24T17:50:47.450+0100] {processor.py:840} INFO - DAG(s) 'churn_pipeline_taskflow' retrieved from /Users/homeaccount/PycharmProjects/dmml/churn_prediction_pipeline/airflow_home/dags/airflow_dag.py
[2025-08-24T17:50:47.485+0100] {logging_mixin.py:188} INFO - [2025-08-24T17:50:47.485+0100] {dag.py:3089} INFO - Sync 1 DAGs
[2025-08-24T17:50:47.490+0100] {logging_mixin.py:188} INFO - [2025-08-24T17:50:47.490+0100] {dag.py:3947} INFO - Setting next_dagrun for churn_pipeline_taskflow to 2025-08-23 23:00:00+00:00, run_after=2025-08-24 23:00:00+00:00
[2025-08-24T17:50:47.496+0100] {processor.py:183} INFO - Processing /Users/homeaccount/PycharmProjects/dmml/churn_prediction_pipeline/airflow_home/dags/airflow_dag.py took 0.085 seconds
[2025-08-24T17:51:18.211+0100] {processor.py:161} INFO - Started process (PID=25824) to work on /Users/homeaccount/PycharmProjects/dmml/churn_prediction_pipeline/airflow_home/dags/airflow_dag.py
[2025-08-24T17:51:18.213+0100] {processor.py:830} INFO - Processing file /Users/homeaccount/PycharmProjects/dmml/churn_prediction_pipeline/airflow_home/dags/airflow_dag.py for tasks to queue
[2025-08-24T17:51:18.213+0100] {logging_mixin.py:188} INFO - [2025-08-24T17:51:18.213+0100] {dagbag.py:545} INFO - Filling up the DagBag from /Users/homeaccount/PycharmProjects/dmml/churn_prediction_pipeline/airflow_home/dags/airflow_dag.py
[2025-08-24T17:51:18.246+0100] {processor.py:840} INFO - DAG(s) 'churn_pipeline_taskflow' retrieved from /Users/homeaccount/PycharmProjects/dmml/churn_prediction_pipeline/airflow_home/dags/airflow_dag.py
[2025-08-24T17:51:18.250+0100] {logging_mixin.py:188} INFO - [2025-08-24T17:51:18.250+0100] {dag.py:3089} INFO - Sync 1 DAGs
[2025-08-24T17:51:18.279+0100] {logging_mixin.py:188} INFO - [2025-08-24T17:51:18.279+0100] {dag.py:3947} INFO - Setting next_dagrun for churn_pipeline_taskflow to 2025-08-23 23:00:00+00:00, run_after=2025-08-24 23:00:00+00:00
[2025-08-24T17:51:18.285+0100] {processor.py:183} INFO - Processing /Users/homeaccount/PycharmProjects/dmml/churn_prediction_pipeline/airflow_home/dags/airflow_dag.py took 0.075 seconds
[2025-08-24T17:51:49.243+0100] {processor.py:161} INFO - Started process (PID=25835) to work on /Users/homeaccount/PycharmProjects/dmml/churn_prediction_pipeline/airflow_home/dags/airflow_dag.py
[2025-08-24T17:51:49.244+0100] {processor.py:830} INFO - Processing file /Users/homeaccount/PycharmProjects/dmml/churn_prediction_pipeline/airflow_home/dags/airflow_dag.py for tasks to queue
[2025-08-24T17:51:49.245+0100] {logging_mixin.py:188} INFO - [2025-08-24T17:51:49.245+0100] {dagbag.py:545} INFO - Filling up the DagBag from /Users/homeaccount/PycharmProjects/dmml/churn_prediction_pipeline/airflow_home/dags/airflow_dag.py
[2025-08-24T17:51:49.283+0100] {processor.py:840} INFO - DAG(s) 'churn_pipeline_taskflow' retrieved from /Users/homeaccount/PycharmProjects/dmml/churn_prediction_pipeline/airflow_home/dags/airflow_dag.py
[2025-08-24T17:51:49.359+0100] {logging_mixin.py:188} INFO - [2025-08-24T17:51:49.359+0100] {dag.py:3089} INFO - Sync 1 DAGs
[2025-08-24T17:51:49.365+0100] {logging_mixin.py:188} INFO - [2025-08-24T17:51:49.365+0100] {dag.py:3947} INFO - Setting next_dagrun for churn_pipeline_taskflow to 2025-08-23 23:00:00+00:00, run_after=2025-08-24 23:00:00+00:00
[2025-08-24T17:51:49.371+0100] {processor.py:183} INFO - Processing /Users/homeaccount/PycharmProjects/dmml/churn_prediction_pipeline/airflow_home/dags/airflow_dag.py took 0.129 seconds
[2025-08-24T17:52:20.104+0100] {processor.py:161} INFO - Started process (PID=25837) to work on /Users/homeaccount/PycharmProjects/dmml/churn_prediction_pipeline/airflow_home/dags/airflow_dag.py
[2025-08-24T17:52:20.105+0100] {processor.py:830} INFO - Processing file /Users/homeaccount/PycharmProjects/dmml/churn_prediction_pipeline/airflow_home/dags/airflow_dag.py for tasks to queue
[2025-08-24T17:52:20.106+0100] {logging_mixin.py:188} INFO - [2025-08-24T17:52:20.106+0100] {dagbag.py:545} INFO - Filling up the DagBag from /Users/homeaccount/PycharmProjects/dmml/churn_prediction_pipeline/airflow_home/dags/airflow_dag.py
[2025-08-24T17:52:20.144+0100] {processor.py:840} INFO - DAG(s) 'churn_pipeline_taskflow' retrieved from /Users/homeaccount/PycharmProjects/dmml/churn_prediction_pipeline/airflow_home/dags/airflow_dag.py
[2025-08-24T17:52:20.180+0100] {logging_mixin.py:188} INFO - [2025-08-24T17:52:20.180+0100] {dag.py:3089} INFO - Sync 1 DAGs
[2025-08-24T17:52:20.186+0100] {logging_mixin.py:188} INFO - [2025-08-24T17:52:20.186+0100] {dag.py:3947} INFO - Setting next_dagrun for churn_pipeline_taskflow to 2025-08-23 23:00:00+00:00, run_after=2025-08-24 23:00:00+00:00
[2025-08-24T17:52:20.191+0100] {processor.py:183} INFO - Processing /Users/homeaccount/PycharmProjects/dmml/churn_prediction_pipeline/airflow_home/dags/airflow_dag.py took 0.088 seconds
[2025-08-24T17:52:51.101+0100] {processor.py:161} INFO - Started process (PID=25845) to work on /Users/homeaccount/PycharmProjects/dmml/churn_prediction_pipeline/airflow_home/dags/airflow_dag.py
[2025-08-24T17:52:51.101+0100] {processor.py:830} INFO - Processing file /Users/homeaccount/PycharmProjects/dmml/churn_prediction_pipeline/airflow_home/dags/airflow_dag.py for tasks to queue
[2025-08-24T17:52:51.102+0100] {logging_mixin.py:188} INFO - [2025-08-24T17:52:51.102+0100] {dagbag.py:545} INFO - Filling up the DagBag from /Users/homeaccount/PycharmProjects/dmml/churn_prediction_pipeline/airflow_home/dags/airflow_dag.py
[2025-08-24T17:52:51.145+0100] {processor.py:840} INFO - DAG(s) 'churn_pipeline_taskflow' retrieved from /Users/homeaccount/PycharmProjects/dmml/churn_prediction_pipeline/airflow_home/dags/airflow_dag.py
[2025-08-24T17:52:51.151+0100] {logging_mixin.py:188} INFO - [2025-08-24T17:52:51.151+0100] {dag.py:3089} INFO - Sync 1 DAGs
[2025-08-24T17:52:51.184+0100] {logging_mixin.py:188} INFO - [2025-08-24T17:52:51.184+0100] {dag.py:3947} INFO - Setting next_dagrun for churn_pipeline_taskflow to 2025-08-23 23:00:00+00:00, run_after=2025-08-24 23:00:00+00:00
[2025-08-24T17:52:51.190+0100] {processor.py:183} INFO - Processing /Users/homeaccount/PycharmProjects/dmml/churn_prediction_pipeline/airflow_home/dags/airflow_dag.py took 0.090 seconds
[2025-08-24T17:53:22.084+0100] {processor.py:161} INFO - Started process (PID=25853) to work on /Users/homeaccount/PycharmProjects/dmml/churn_prediction_pipeline/airflow_home/dags/airflow_dag.py
[2025-08-24T17:53:22.085+0100] {processor.py:830} INFO - Processing file /Users/homeaccount/PycharmProjects/dmml/churn_prediction_pipeline/airflow_home/dags/airflow_dag.py for tasks to queue
[2025-08-24T17:53:22.085+0100] {logging_mixin.py:188} INFO - [2025-08-24T17:53:22.085+0100] {dagbag.py:545} INFO - Filling up the DagBag from /Users/homeaccount/PycharmProjects/dmml/churn_prediction_pipeline/airflow_home/dags/airflow_dag.py
[2025-08-24T17:53:22.123+0100] {processor.py:840} INFO - DAG(s) 'churn_pipeline_taskflow' retrieved from /Users/homeaccount/PycharmProjects/dmml/churn_prediction_pipeline/airflow_home/dags/airflow_dag.py
[2025-08-24T17:53:22.200+0100] {logging_mixin.py:188} INFO - [2025-08-24T17:53:22.199+0100] {dag.py:3089} INFO - Sync 1 DAGs
[2025-08-24T17:53:22.206+0100] {logging_mixin.py:188} INFO - [2025-08-24T17:53:22.205+0100] {dag.py:3947} INFO - Setting next_dagrun for churn_pipeline_taskflow to 2025-08-23 23:00:00+00:00, run_after=2025-08-24 23:00:00+00:00
[2025-08-24T17:53:22.211+0100] {processor.py:183} INFO - Processing /Users/homeaccount/PycharmProjects/dmml/churn_prediction_pipeline/airflow_home/dags/airflow_dag.py took 0.129 seconds
[2025-08-24T17:53:53.149+0100] {processor.py:161} INFO - Started process (PID=25880) to work on /Users/homeaccount/PycharmProjects/dmml/churn_prediction_pipeline/airflow_home/dags/airflow_dag.py
[2025-08-24T17:53:53.150+0100] {processor.py:830} INFO - Processing file /Users/homeaccount/PycharmProjects/dmml/churn_prediction_pipeline/airflow_home/dags/airflow_dag.py for tasks to queue
[2025-08-24T17:53:53.150+0100] {logging_mixin.py:188} INFO - [2025-08-24T17:53:53.150+0100] {dagbag.py:545} INFO - Filling up the DagBag from /Users/homeaccount/PycharmProjects/dmml/churn_prediction_pipeline/airflow_home/dags/airflow_dag.py
[2025-08-24T17:53:53.188+0100] {processor.py:840} INFO - DAG(s) 'churn_pipeline_taskflow' retrieved from /Users/homeaccount/PycharmProjects/dmml/churn_prediction_pipeline/airflow_home/dags/airflow_dag.py
[2025-08-24T17:53:53.226+0100] {logging_mixin.py:188} INFO - [2025-08-24T17:53:53.226+0100] {dag.py:3089} INFO - Sync 1 DAGs
[2025-08-24T17:53:53.232+0100] {logging_mixin.py:188} INFO - [2025-08-24T17:53:53.231+0100] {dag.py:3947} INFO - Setting next_dagrun for churn_pipeline_taskflow to 2025-08-23 23:00:00+00:00, run_after=2025-08-24 23:00:00+00:00
[2025-08-24T17:53:53.237+0100] {processor.py:183} INFO - Processing /Users/homeaccount/PycharmProjects/dmml/churn_prediction_pipeline/airflow_home/dags/airflow_dag.py took 0.090 seconds
[2025-08-24T17:54:23.991+0100] {processor.py:161} INFO - Started process (PID=25883) to work on /Users/homeaccount/PycharmProjects/dmml/churn_prediction_pipeline/airflow_home/dags/airflow_dag.py
[2025-08-24T17:54:23.991+0100] {processor.py:830} INFO - Processing file /Users/homeaccount/PycharmProjects/dmml/churn_prediction_pipeline/airflow_home/dags/airflow_dag.py for tasks to queue
[2025-08-24T17:54:23.991+0100] {logging_mixin.py:188} INFO - [2025-08-24T17:54:23.991+0100] {dagbag.py:545} INFO - Filling up the DagBag from /Users/homeaccount/PycharmProjects/dmml/churn_prediction_pipeline/airflow_home/dags/airflow_dag.py
[2025-08-24T17:54:24.025+0100] {processor.py:840} INFO - DAG(s) 'churn_pipeline_taskflow' retrieved from /Users/homeaccount/PycharmProjects/dmml/churn_prediction_pipeline/airflow_home/dags/airflow_dag.py
[2025-08-24T17:54:24.029+0100] {logging_mixin.py:188} INFO - [2025-08-24T17:54:24.029+0100] {dag.py:3089} INFO - Sync 1 DAGs
[2025-08-24T17:54:24.057+0100] {logging_mixin.py:188} INFO - [2025-08-24T17:54:24.057+0100] {dag.py:3947} INFO - Setting next_dagrun for churn_pipeline_taskflow to 2025-08-23 23:00:00+00:00, run_after=2025-08-24 23:00:00+00:00
[2025-08-24T17:54:24.063+0100] {processor.py:183} INFO - Processing /Users/homeaccount/PycharmProjects/dmml/churn_prediction_pipeline/airflow_home/dags/airflow_dag.py took 0.074 seconds
[2025-08-24T17:54:54.737+0100] {processor.py:161} INFO - Started process (PID=25887) to work on /Users/homeaccount/PycharmProjects/dmml/churn_prediction_pipeline/airflow_home/dags/airflow_dag.py
[2025-08-24T17:54:54.737+0100] {processor.py:830} INFO - Processing file /Users/homeaccount/PycharmProjects/dmml/churn_prediction_pipeline/airflow_home/dags/airflow_dag.py for tasks to queue
[2025-08-24T17:54:54.738+0100] {logging_mixin.py:188} INFO - [2025-08-24T17:54:54.737+0100] {dagbag.py:545} INFO - Filling up the DagBag from /Users/homeaccount/PycharmProjects/dmml/churn_prediction_pipeline/airflow_home/dags/airflow_dag.py
[2025-08-24T17:54:54.771+0100] {processor.py:840} INFO - DAG(s) 'churn_pipeline_taskflow' retrieved from /Users/homeaccount/PycharmProjects/dmml/churn_prediction_pipeline/airflow_home/dags/airflow_dag.py
[2025-08-24T17:54:54.841+0100] {logging_mixin.py:188} INFO - [2025-08-24T17:54:54.841+0100] {dag.py:3089} INFO - Sync 1 DAGs
[2025-08-24T17:54:54.847+0100] {logging_mixin.py:188} INFO - [2025-08-24T17:54:54.847+0100] {dag.py:3947} INFO - Setting next_dagrun for churn_pipeline_taskflow to 2025-08-23 23:00:00+00:00, run_after=2025-08-24 23:00:00+00:00
[2025-08-24T17:54:54.852+0100] {processor.py:183} INFO - Processing /Users/homeaccount/PycharmProjects/dmml/churn_prediction_pipeline/airflow_home/dags/airflow_dag.py took 0.117 seconds
[2025-08-24T17:55:25.927+0100] {processor.py:161} INFO - Started process (PID=25893) to work on /Users/homeaccount/PycharmProjects/dmml/churn_prediction_pipeline/airflow_home/dags/airflow_dag.py
[2025-08-24T17:55:25.928+0100] {processor.py:830} INFO - Processing file /Users/homeaccount/PycharmProjects/dmml/churn_prediction_pipeline/airflow_home/dags/airflow_dag.py for tasks to queue
[2025-08-24T17:55:25.929+0100] {logging_mixin.py:188} INFO - [2025-08-24T17:55:25.929+0100] {dagbag.py:545} INFO - Filling up the DagBag from /Users/homeaccount/PycharmProjects/dmml/churn_prediction_pipeline/airflow_home/dags/airflow_dag.py
[2025-08-24T17:55:25.968+0100] {processor.py:840} INFO - DAG(s) 'churn_pipeline_taskflow' retrieved from /Users/homeaccount/PycharmProjects/dmml/churn_prediction_pipeline/airflow_home/dags/airflow_dag.py
[2025-08-24T17:55:26.003+0100] {logging_mixin.py:188} INFO - [2025-08-24T17:55:26.003+0100] {dag.py:3089} INFO - Sync 1 DAGs
[2025-08-24T17:55:26.009+0100] {logging_mixin.py:188} INFO - [2025-08-24T17:55:26.009+0100] {dag.py:3947} INFO - Setting next_dagrun for churn_pipeline_taskflow to 2025-08-23 23:00:00+00:00, run_after=2025-08-24 23:00:00+00:00
[2025-08-24T17:55:26.015+0100] {processor.py:183} INFO - Processing /Users/homeaccount/PycharmProjects/dmml/churn_prediction_pipeline/airflow_home/dags/airflow_dag.py took 0.089 seconds
[2025-08-24T17:55:56.960+0100] {processor.py:161} INFO - Started process (PID=25912) to work on /Users/homeaccount/PycharmProjects/dmml/churn_prediction_pipeline/airflow_home/dags/airflow_dag.py
[2025-08-24T17:55:56.961+0100] {processor.py:830} INFO - Processing file /Users/homeaccount/PycharmProjects/dmml/churn_prediction_pipeline/airflow_home/dags/airflow_dag.py for tasks to queue
[2025-08-24T17:55:56.962+0100] {logging_mixin.py:188} INFO - [2025-08-24T17:55:56.962+0100] {dagbag.py:545} INFO - Filling up the DagBag from /Users/homeaccount/PycharmProjects/dmml/churn_prediction_pipeline/airflow_home/dags/airflow_dag.py
[2025-08-24T17:55:57.000+0100] {processor.py:840} INFO - DAG(s) 'churn_pipeline_taskflow' retrieved from /Users/homeaccount/PycharmProjects/dmml/churn_prediction_pipeline/airflow_home/dags/airflow_dag.py
[2025-08-24T17:55:57.006+0100] {logging_mixin.py:188} INFO - [2025-08-24T17:55:57.006+0100] {dag.py:3089} INFO - Sync 1 DAGs
[2025-08-24T17:55:57.035+0100] {logging_mixin.py:188} INFO - [2025-08-24T17:55:57.035+0100] {dag.py:3947} INFO - Setting next_dagrun for churn_pipeline_taskflow to 2025-08-23 23:00:00+00:00, run_after=2025-08-24 23:00:00+00:00
[2025-08-24T17:55:57.041+0100] {processor.py:183} INFO - Processing /Users/homeaccount/PycharmProjects/dmml/churn_prediction_pipeline/airflow_home/dags/airflow_dag.py took 0.082 seconds
[2025-08-24T17:56:27.978+0100] {processor.py:161} INFO - Started process (PID=25922) to work on /Users/homeaccount/PycharmProjects/dmml/churn_prediction_pipeline/airflow_home/dags/airflow_dag.py
[2025-08-24T17:56:27.979+0100] {processor.py:830} INFO - Processing file /Users/homeaccount/PycharmProjects/dmml/churn_prediction_pipeline/airflow_home/dags/airflow_dag.py for tasks to queue
[2025-08-24T17:56:27.979+0100] {logging_mixin.py:188} INFO - [2025-08-24T17:56:27.979+0100] {dagbag.py:545} INFO - Filling up the DagBag from /Users/homeaccount/PycharmProjects/dmml/churn_prediction_pipeline/airflow_home/dags/airflow_dag.py
[2025-08-24T17:56:28.018+0100] {processor.py:840} INFO - DAG(s) 'churn_pipeline_taskflow' retrieved from /Users/homeaccount/PycharmProjects/dmml/churn_prediction_pipeline/airflow_home/dags/airflow_dag.py
[2025-08-24T17:56:28.096+0100] {logging_mixin.py:188} INFO - [2025-08-24T17:56:28.096+0100] {dag.py:3089} INFO - Sync 1 DAGs
[2025-08-24T17:56:28.102+0100] {logging_mixin.py:188} INFO - [2025-08-24T17:56:28.102+0100] {dag.py:3947} INFO - Setting next_dagrun for churn_pipeline_taskflow to 2025-08-23 23:00:00+00:00, run_after=2025-08-24 23:00:00+00:00
[2025-08-24T17:56:28.108+0100] {processor.py:183} INFO - Processing /Users/homeaccount/PycharmProjects/dmml/churn_prediction_pipeline/airflow_home/dags/airflow_dag.py took 0.132 seconds
[2025-08-24T17:56:59.097+0100] {processor.py:161} INFO - Started process (PID=25959) to work on /Users/homeaccount/PycharmProjects/dmml/churn_prediction_pipeline/airflow_home/dags/airflow_dag.py
[2025-08-24T17:56:59.098+0100] {processor.py:830} INFO - Processing file /Users/homeaccount/PycharmProjects/dmml/churn_prediction_pipeline/airflow_home/dags/airflow_dag.py for tasks to queue
[2025-08-24T17:56:59.098+0100] {logging_mixin.py:188} INFO - [2025-08-24T17:56:59.098+0100] {dagbag.py:545} INFO - Filling up the DagBag from /Users/homeaccount/PycharmProjects/dmml/churn_prediction_pipeline/airflow_home/dags/airflow_dag.py
[2025-08-24T17:56:59.141+0100] {processor.py:840} INFO - DAG(s) 'churn_pipeline_taskflow' retrieved from /Users/homeaccount/PycharmProjects/dmml/churn_prediction_pipeline/airflow_home/dags/airflow_dag.py
[2025-08-24T17:56:59.177+0100] {logging_mixin.py:188} INFO - [2025-08-24T17:56:59.177+0100] {dag.py:3089} INFO - Sync 1 DAGs
[2025-08-24T17:56:59.183+0100] {logging_mixin.py:188} INFO - [2025-08-24T17:56:59.183+0100] {dag.py:3947} INFO - Setting next_dagrun for churn_pipeline_taskflow to 2025-08-23 23:00:00+00:00, run_after=2025-08-24 23:00:00+00:00
[2025-08-24T17:56:59.188+0100] {processor.py:183} INFO - Processing /Users/homeaccount/PycharmProjects/dmml/churn_prediction_pipeline/airflow_home/dags/airflow_dag.py took 0.092 seconds
[2025-08-24T17:57:29.979+0100] {processor.py:161} INFO - Started process (PID=25966) to work on /Users/homeaccount/PycharmProjects/dmml/churn_prediction_pipeline/airflow_home/dags/airflow_dag.py
[2025-08-24T17:57:29.980+0100] {processor.py:830} INFO - Processing file /Users/homeaccount/PycharmProjects/dmml/churn_prediction_pipeline/airflow_home/dags/airflow_dag.py for tasks to queue
[2025-08-24T17:57:29.981+0100] {logging_mixin.py:188} INFO - [2025-08-24T17:57:29.981+0100] {dagbag.py:545} INFO - Filling up the DagBag from /Users/homeaccount/PycharmProjects/dmml/churn_prediction_pipeline/airflow_home/dags/airflow_dag.py
[2025-08-24T17:57:30.014+0100] {processor.py:840} INFO - DAG(s) 'churn_pipeline_taskflow' retrieved from /Users/homeaccount/PycharmProjects/dmml/churn_prediction_pipeline/airflow_home/dags/airflow_dag.py
[2025-08-24T17:57:30.019+0100] {logging_mixin.py:188} INFO - [2025-08-24T17:57:30.019+0100] {dag.py:3089} INFO - Sync 1 DAGs
[2025-08-24T17:57:30.048+0100] {logging_mixin.py:188} INFO - [2025-08-24T17:57:30.048+0100] {dag.py:3947} INFO - Setting next_dagrun for churn_pipeline_taskflow to 2025-08-23 23:00:00+00:00, run_after=2025-08-24 23:00:00+00:00
[2025-08-24T17:57:30.053+0100] {processor.py:183} INFO - Processing /Users/homeaccount/PycharmProjects/dmml/churn_prediction_pipeline/airflow_home/dags/airflow_dag.py took 0.075 seconds
[2025-08-24T17:58:00.813+0100] {processor.py:161} INFO - Started process (PID=25970) to work on /Users/homeaccount/PycharmProjects/dmml/churn_prediction_pipeline/airflow_home/dags/airflow_dag.py
[2025-08-24T17:58:00.814+0100] {processor.py:830} INFO - Processing file /Users/homeaccount/PycharmProjects/dmml/churn_prediction_pipeline/airflow_home/dags/airflow_dag.py for tasks to queue
[2025-08-24T17:58:00.814+0100] {logging_mixin.py:188} INFO - [2025-08-24T17:58:00.814+0100] {dagbag.py:545} INFO - Filling up the DagBag from /Users/homeaccount/PycharmProjects/dmml/churn_prediction_pipeline/airflow_home/dags/airflow_dag.py
[2025-08-24T17:58:00.848+0100] {processor.py:840} INFO - DAG(s) 'churn_pipeline_taskflow' retrieved from /Users/homeaccount/PycharmProjects/dmml/churn_prediction_pipeline/airflow_home/dags/airflow_dag.py
[2025-08-24T17:58:00.920+0100] {logging_mixin.py:188} INFO - [2025-08-24T17:58:00.920+0100] {dag.py:3089} INFO - Sync 1 DAGs
[2025-08-24T17:58:00.926+0100] {logging_mixin.py:188} INFO - [2025-08-24T17:58:00.926+0100] {dag.py:3947} INFO - Setting next_dagrun for churn_pipeline_taskflow to 2025-08-23 23:00:00+00:00, run_after=2025-08-24 23:00:00+00:00
[2025-08-24T17:58:00.932+0100] {processor.py:183} INFO - Processing /Users/homeaccount/PycharmProjects/dmml/churn_prediction_pipeline/airflow_home/dags/airflow_dag.py took 0.120 seconds
[2025-08-24T17:58:31.835+0100] {processor.py:161} INFO - Started process (PID=25978) to work on /Users/homeaccount/PycharmProjects/dmml/churn_prediction_pipeline/airflow_home/dags/airflow_dag.py
[2025-08-24T17:58:31.836+0100] {processor.py:830} INFO - Processing file /Users/homeaccount/PycharmProjects/dmml/churn_prediction_pipeline/airflow_home/dags/airflow_dag.py for tasks to queue
[2025-08-24T17:58:31.836+0100] {logging_mixin.py:188} INFO - [2025-08-24T17:58:31.836+0100] {dagbag.py:545} INFO - Filling up the DagBag from /Users/homeaccount/PycharmProjects/dmml/churn_prediction_pipeline/airflow_home/dags/airflow_dag.py
[2025-08-24T17:58:31.875+0100] {processor.py:840} INFO - DAG(s) 'churn_pipeline_taskflow' retrieved from /Users/homeaccount/PycharmProjects/dmml/churn_prediction_pipeline/airflow_home/dags/airflow_dag.py
[2025-08-24T17:58:31.910+0100] {logging_mixin.py:188} INFO - [2025-08-24T17:58:31.910+0100] {dag.py:3089} INFO - Sync 1 DAGs
[2025-08-24T17:58:31.916+0100] {logging_mixin.py:188} INFO - [2025-08-24T17:58:31.916+0100] {dag.py:3947} INFO - Setting next_dagrun for churn_pipeline_taskflow to 2025-08-23 23:00:00+00:00, run_after=2025-08-24 23:00:00+00:00
[2025-08-24T17:58:31.921+0100] {processor.py:183} INFO - Processing /Users/homeaccount/PycharmProjects/dmml/churn_prediction_pipeline/airflow_home/dags/airflow_dag.py took 0.087 seconds
[2025-08-24T17:59:02.641+0100] {processor.py:161} INFO - Started process (PID=25981) to work on /Users/homeaccount/PycharmProjects/dmml/churn_prediction_pipeline/airflow_home/dags/airflow_dag.py
[2025-08-24T17:59:02.641+0100] {processor.py:830} INFO - Processing file /Users/homeaccount/PycharmProjects/dmml/churn_prediction_pipeline/airflow_home/dags/airflow_dag.py for tasks to queue
[2025-08-24T17:59:02.641+0100] {logging_mixin.py:188} INFO - [2025-08-24T17:59:02.641+0100] {dagbag.py:545} INFO - Filling up the DagBag from /Users/homeaccount/PycharmProjects/dmml/churn_prediction_pipeline/airflow_home/dags/airflow_dag.py
[2025-08-24T17:59:02.674+0100] {processor.py:840} INFO - DAG(s) 'churn_pipeline_taskflow' retrieved from /Users/homeaccount/PycharmProjects/dmml/churn_prediction_pipeline/airflow_home/dags/airflow_dag.py
[2025-08-24T17:59:02.678+0100] {logging_mixin.py:188} INFO - [2025-08-24T17:59:02.678+0100] {dag.py:3089} INFO - Sync 1 DAGs
[2025-08-24T17:59:02.707+0100] {logging_mixin.py:188} INFO - [2025-08-24T17:59:02.707+0100] {dag.py:3947} INFO - Setting next_dagrun for churn_pipeline_taskflow to 2025-08-23 23:00:00+00:00, run_after=2025-08-24 23:00:00+00:00
[2025-08-24T17:59:02.713+0100] {processor.py:183} INFO - Processing /Users/homeaccount/PycharmProjects/dmml/churn_prediction_pipeline/airflow_home/dags/airflow_dag.py took 0.074 seconds
[2025-08-24T17:59:33.389+0100] {processor.py:161} INFO - Started process (PID=25985) to work on /Users/homeaccount/PycharmProjects/dmml/churn_prediction_pipeline/airflow_home/dags/airflow_dag.py
[2025-08-24T17:59:33.389+0100] {processor.py:830} INFO - Processing file /Users/homeaccount/PycharmProjects/dmml/churn_prediction_pipeline/airflow_home/dags/airflow_dag.py for tasks to queue
[2025-08-24T17:59:33.389+0100] {logging_mixin.py:188} INFO - [2025-08-24T17:59:33.389+0100] {dagbag.py:545} INFO - Filling up the DagBag from /Users/homeaccount/PycharmProjects/dmml/churn_prediction_pipeline/airflow_home/dags/airflow_dag.py
[2025-08-24T17:59:33.423+0100] {processor.py:840} INFO - DAG(s) 'churn_pipeline_taskflow' retrieved from /Users/homeaccount/PycharmProjects/dmml/churn_prediction_pipeline/airflow_home/dags/airflow_dag.py
[2025-08-24T17:59:33.485+0100] {logging_mixin.py:188} INFO - [2025-08-24T17:59:33.485+0100] {dag.py:3089} INFO - Sync 1 DAGs
[2025-08-24T17:59:33.491+0100] {logging_mixin.py:188} INFO - [2025-08-24T17:59:33.491+0100] {dag.py:3947} INFO - Setting next_dagrun for churn_pipeline_taskflow to 2025-08-23 23:00:00+00:00, run_after=2025-08-24 23:00:00+00:00
[2025-08-24T17:59:33.497+0100] {processor.py:183} INFO - Processing /Users/homeaccount/PycharmProjects/dmml/churn_prediction_pipeline/airflow_home/dags/airflow_dag.py took 0.109 seconds
[2025-08-24T18:00:04.333+0100] {processor.py:161} INFO - Started process (PID=25988) to work on /Users/homeaccount/PycharmProjects/dmml/churn_prediction_pipeline/airflow_home/dags/airflow_dag.py
[2025-08-24T18:00:04.334+0100] {processor.py:830} INFO - Processing file /Users/homeaccount/PycharmProjects/dmml/churn_prediction_pipeline/airflow_home/dags/airflow_dag.py for tasks to queue
[2025-08-24T18:00:04.334+0100] {logging_mixin.py:188} INFO - [2025-08-24T18:00:04.334+0100] {dagbag.py:545} INFO - Filling up the DagBag from /Users/homeaccount/PycharmProjects/dmml/churn_prediction_pipeline/airflow_home/dags/airflow_dag.py
[2025-08-24T18:00:04.372+0100] {processor.py:840} INFO - DAG(s) 'churn_pipeline_taskflow' retrieved from /Users/homeaccount/PycharmProjects/dmml/churn_prediction_pipeline/airflow_home/dags/airflow_dag.py
[2025-08-24T18:00:04.408+0100] {logging_mixin.py:188} INFO - [2025-08-24T18:00:04.408+0100] {dag.py:3089} INFO - Sync 1 DAGs
[2025-08-24T18:00:04.414+0100] {logging_mixin.py:188} INFO - [2025-08-24T18:00:04.414+0100] {dag.py:3947} INFO - Setting next_dagrun for churn_pipeline_taskflow to 2025-08-23 23:00:00+00:00, run_after=2025-08-24 23:00:00+00:00
[2025-08-24T18:00:04.419+0100] {processor.py:183} INFO - Processing /Users/homeaccount/PycharmProjects/dmml/churn_prediction_pipeline/airflow_home/dags/airflow_dag.py took 0.088 seconds
[2025-08-24T18:00:35.227+0100] {processor.py:161} INFO - Started process (PID=25992) to work on /Users/homeaccount/PycharmProjects/dmml/churn_prediction_pipeline/airflow_home/dags/airflow_dag.py
[2025-08-24T18:00:35.228+0100] {processor.py:830} INFO - Processing file /Users/homeaccount/PycharmProjects/dmml/churn_prediction_pipeline/airflow_home/dags/airflow_dag.py for tasks to queue
[2025-08-24T18:00:35.228+0100] {logging_mixin.py:188} INFO - [2025-08-24T18:00:35.228+0100] {dagbag.py:545} INFO - Filling up the DagBag from /Users/homeaccount/PycharmProjects/dmml/churn_prediction_pipeline/airflow_home/dags/airflow_dag.py
[2025-08-24T18:00:35.267+0100] {processor.py:840} INFO - DAG(s) 'churn_pipeline_taskflow' retrieved from /Users/homeaccount/PycharmProjects/dmml/churn_prediction_pipeline/airflow_home/dags/airflow_dag.py
[2025-08-24T18:00:35.273+0100] {logging_mixin.py:188} INFO - [2025-08-24T18:00:35.273+0100] {dag.py:3089} INFO - Sync 1 DAGs
[2025-08-24T18:00:35.303+0100] {logging_mixin.py:188} INFO - [2025-08-24T18:00:35.303+0100] {dag.py:3947} INFO - Setting next_dagrun for churn_pipeline_taskflow to 2025-08-23 23:00:00+00:00, run_after=2025-08-24 23:00:00+00:00
[2025-08-24T18:00:35.308+0100] {processor.py:183} INFO - Processing /Users/homeaccount/PycharmProjects/dmml/churn_prediction_pipeline/airflow_home/dags/airflow_dag.py took 0.082 seconds
[2025-08-24T18:01:06.258+0100] {processor.py:161} INFO - Started process (PID=25995) to work on /Users/homeaccount/PycharmProjects/dmml/churn_prediction_pipeline/airflow_home/dags/airflow_dag.py
[2025-08-24T18:01:06.259+0100] {processor.py:830} INFO - Processing file /Users/homeaccount/PycharmProjects/dmml/churn_prediction_pipeline/airflow_home/dags/airflow_dag.py for tasks to queue
[2025-08-24T18:01:06.259+0100] {logging_mixin.py:188} INFO - [2025-08-24T18:01:06.259+0100] {dagbag.py:545} INFO - Filling up the DagBag from /Users/homeaccount/PycharmProjects/dmml/churn_prediction_pipeline/airflow_home/dags/airflow_dag.py
[2025-08-24T18:01:06.298+0100] {processor.py:840} INFO - DAG(s) 'churn_pipeline_taskflow' retrieved from /Users/homeaccount/PycharmProjects/dmml/churn_prediction_pipeline/airflow_home/dags/airflow_dag.py
[2025-08-24T18:01:06.376+0100] {logging_mixin.py:188} INFO - [2025-08-24T18:01:06.376+0100] {dag.py:3089} INFO - Sync 1 DAGs
[2025-08-24T18:01:06.382+0100] {logging_mixin.py:188} INFO - [2025-08-24T18:01:06.382+0100] {dag.py:3947} INFO - Setting next_dagrun for churn_pipeline_taskflow to 2025-08-23 23:00:00+00:00, run_after=2025-08-24 23:00:00+00:00
[2025-08-24T18:01:06.388+0100] {processor.py:183} INFO - Processing /Users/homeaccount/PycharmProjects/dmml/churn_prediction_pipeline/airflow_home/dags/airflow_dag.py took 0.131 seconds
[2025-08-24T18:01:37.366+0100] {processor.py:161} INFO - Started process (PID=26004) to work on /Users/homeaccount/PycharmProjects/dmml/churn_prediction_pipeline/airflow_home/dags/airflow_dag.py
[2025-08-24T18:01:37.367+0100] {processor.py:830} INFO - Processing file /Users/homeaccount/PycharmProjects/dmml/churn_prediction_pipeline/airflow_home/dags/airflow_dag.py for tasks to queue
[2025-08-24T18:01:37.367+0100] {logging_mixin.py:188} INFO - [2025-08-24T18:01:37.367+0100] {dagbag.py:545} INFO - Filling up the DagBag from /Users/homeaccount/PycharmProjects/dmml/churn_prediction_pipeline/airflow_home/dags/airflow_dag.py
[2025-08-24T18:01:37.405+0100] {processor.py:840} INFO - DAG(s) 'churn_pipeline_taskflow' retrieved from /Users/homeaccount/PycharmProjects/dmml/churn_prediction_pipeline/airflow_home/dags/airflow_dag.py
[2025-08-24T18:01:37.441+0100] {logging_mixin.py:188} INFO - [2025-08-24T18:01:37.441+0100] {dag.py:3089} INFO - Sync 1 DAGs
[2025-08-24T18:01:37.447+0100] {logging_mixin.py:188} INFO - [2025-08-24T18:01:37.447+0100] {dag.py:3947} INFO - Setting next_dagrun for churn_pipeline_taskflow to 2025-08-23 23:00:00+00:00, run_after=2025-08-24 23:00:00+00:00
[2025-08-24T18:01:37.452+0100] {processor.py:183} INFO - Processing /Users/homeaccount/PycharmProjects/dmml/churn_prediction_pipeline/airflow_home/dags/airflow_dag.py took 0.088 seconds
[2025-08-24T18:02:08.422+0100] {processor.py:161} INFO - Started process (PID=26017) to work on /Users/homeaccount/PycharmProjects/dmml/churn_prediction_pipeline/airflow_home/dags/airflow_dag.py
[2025-08-24T18:02:08.423+0100] {processor.py:830} INFO - Processing file /Users/homeaccount/PycharmProjects/dmml/churn_prediction_pipeline/airflow_home/dags/airflow_dag.py for tasks to queue
[2025-08-24T18:02:08.423+0100] {logging_mixin.py:188} INFO - [2025-08-24T18:02:08.423+0100] {dagbag.py:545} INFO - Filling up the DagBag from /Users/homeaccount/PycharmProjects/dmml/churn_prediction_pipeline/airflow_home/dags/airflow_dag.py
[2025-08-24T18:02:08.462+0100] {processor.py:840} INFO - DAG(s) 'churn_pipeline_taskflow' retrieved from /Users/homeaccount/PycharmProjects/dmml/churn_prediction_pipeline/airflow_home/dags/airflow_dag.py
[2025-08-24T18:02:08.468+0100] {logging_mixin.py:188} INFO - [2025-08-24T18:02:08.468+0100] {dag.py:3089} INFO - Sync 1 DAGs
[2025-08-24T18:02:08.498+0100] {logging_mixin.py:188} INFO - [2025-08-24T18:02:08.498+0100] {dag.py:3947} INFO - Setting next_dagrun for churn_pipeline_taskflow to 2025-08-23 23:00:00+00:00, run_after=2025-08-24 23:00:00+00:00
[2025-08-24T18:02:08.504+0100] {processor.py:183} INFO - Processing /Users/homeaccount/PycharmProjects/dmml/churn_prediction_pipeline/airflow_home/dags/airflow_dag.py took 0.083 seconds
[2025-08-24T18:02:39.260+0100] {processor.py:161} INFO - Started process (PID=26020) to work on /Users/homeaccount/PycharmProjects/dmml/churn_prediction_pipeline/airflow_home/dags/airflow_dag.py
[2025-08-24T18:02:39.261+0100] {processor.py:830} INFO - Processing file /Users/homeaccount/PycharmProjects/dmml/churn_prediction_pipeline/airflow_home/dags/airflow_dag.py for tasks to queue
[2025-08-24T18:02:39.261+0100] {logging_mixin.py:188} INFO - [2025-08-24T18:02:39.261+0100] {dagbag.py:545} INFO - Filling up the DagBag from /Users/homeaccount/PycharmProjects/dmml/churn_prediction_pipeline/airflow_home/dags/airflow_dag.py
[2025-08-24T18:02:39.302+0100] {processor.py:840} INFO - DAG(s) 'churn_pipeline_taskflow' retrieved from /Users/homeaccount/PycharmProjects/dmml/churn_prediction_pipeline/airflow_home/dags/airflow_dag.py
[2025-08-24T18:02:39.376+0100] {logging_mixin.py:188} INFO - [2025-08-24T18:02:39.376+0100] {dag.py:3089} INFO - Sync 1 DAGs
[2025-08-24T18:02:39.382+0100] {logging_mixin.py:188} INFO - [2025-08-24T18:02:39.382+0100] {dag.py:3947} INFO - Setting next_dagrun for churn_pipeline_taskflow to 2025-08-23 23:00:00+00:00, run_after=2025-08-24 23:00:00+00:00
[2025-08-24T18:02:39.388+0100] {processor.py:183} INFO - Processing /Users/homeaccount/PycharmProjects/dmml/churn_prediction_pipeline/airflow_home/dags/airflow_dag.py took 0.129 seconds
[2025-08-24T18:02:55.329+0100] {processor.py:161} INFO - Started process (PID=26024) to work on /Users/homeaccount/PycharmProjects/dmml/churn_prediction_pipeline/airflow_home/dags/airflow_dag.py
[2025-08-24T18:02:55.330+0100] {processor.py:830} INFO - Processing file /Users/homeaccount/PycharmProjects/dmml/churn_prediction_pipeline/airflow_home/dags/airflow_dag.py for tasks to queue
[2025-08-24T18:02:55.331+0100] {logging_mixin.py:188} INFO - [2025-08-24T18:02:55.331+0100] {dagbag.py:545} INFO - Filling up the DagBag from /Users/homeaccount/PycharmProjects/dmml/churn_prediction_pipeline/airflow_home/dags/airflow_dag.py
[2025-08-24T18:02:55.370+0100] {processor.py:840} INFO - DAG(s) 'churn_pipeline_taskflow' retrieved from /Users/homeaccount/PycharmProjects/dmml/churn_prediction_pipeline/airflow_home/dags/airflow_dag.py
[2025-08-24T18:02:55.376+0100] {logging_mixin.py:188} INFO - [2025-08-24T18:02:55.376+0100] {dag.py:3089} INFO - Sync 1 DAGs
[2025-08-24T18:02:55.406+0100] {logging_mixin.py:188} INFO - [2025-08-24T18:02:55.406+0100] {dag.py:3947} INFO - Setting next_dagrun for churn_pipeline_taskflow to 2025-08-23 23:00:00+00:00, run_after=2025-08-24 23:00:00+00:00
[2025-08-24T18:02:55.412+0100] {processor.py:183} INFO - Processing /Users/homeaccount/PycharmProjects/dmml/churn_prediction_pipeline/airflow_home/dags/airflow_dag.py took 0.085 seconds
[2025-08-24T18:03:26.261+0100] {processor.py:161} INFO - Started process (PID=26035) to work on /Users/homeaccount/PycharmProjects/dmml/churn_prediction_pipeline/airflow_home/dags/airflow_dag.py
[2025-08-24T18:03:26.262+0100] {processor.py:830} INFO - Processing file /Users/homeaccount/PycharmProjects/dmml/churn_prediction_pipeline/airflow_home/dags/airflow_dag.py for tasks to queue
[2025-08-24T18:03:26.262+0100] {logging_mixin.py:188} INFO - [2025-08-24T18:03:26.262+0100] {dagbag.py:545} INFO - Filling up the DagBag from /Users/homeaccount/PycharmProjects/dmml/churn_prediction_pipeline/airflow_home/dags/airflow_dag.py
[2025-08-24T18:03:26.295+0100] {processor.py:840} INFO - DAG(s) 'churn_pipeline_taskflow' retrieved from /Users/homeaccount/PycharmProjects/dmml/churn_prediction_pipeline/airflow_home/dags/airflow_dag.py
[2025-08-24T18:03:26.330+0100] {logging_mixin.py:188} INFO - [2025-08-24T18:03:26.330+0100] {dag.py:3089} INFO - Sync 1 DAGs
[2025-08-24T18:03:26.336+0100] {logging_mixin.py:188} INFO - [2025-08-24T18:03:26.336+0100] {dag.py:3947} INFO - Setting next_dagrun for churn_pipeline_taskflow to 2025-08-23 23:00:00+00:00, run_after=2025-08-24 23:00:00+00:00
[2025-08-24T18:03:26.341+0100] {processor.py:183} INFO - Processing /Users/homeaccount/PycharmProjects/dmml/churn_prediction_pipeline/airflow_home/dags/airflow_dag.py took 0.082 seconds
[2025-08-24T18:03:57.051+0100] {processor.py:161} INFO - Started process (PID=26040) to work on /Users/homeaccount/PycharmProjects/dmml/churn_prediction_pipeline/airflow_home/dags/airflow_dag.py
[2025-08-24T18:03:57.051+0100] {processor.py:830} INFO - Processing file /Users/homeaccount/PycharmProjects/dmml/churn_prediction_pipeline/airflow_home/dags/airflow_dag.py for tasks to queue
[2025-08-24T18:03:57.051+0100] {logging_mixin.py:188} INFO - [2025-08-24T18:03:57.051+0100] {dagbag.py:545} INFO - Filling up the DagBag from /Users/homeaccount/PycharmProjects/dmml/churn_prediction_pipeline/airflow_home/dags/airflow_dag.py
[2025-08-24T18:03:57.085+0100] {processor.py:840} INFO - DAG(s) 'churn_pipeline_taskflow' retrieved from /Users/homeaccount/PycharmProjects/dmml/churn_prediction_pipeline/airflow_home/dags/airflow_dag.py
[2025-08-24T18:03:57.090+0100] {logging_mixin.py:188} INFO - [2025-08-24T18:03:57.090+0100] {dag.py:3089} INFO - Sync 1 DAGs
[2025-08-24T18:03:57.119+0100] {logging_mixin.py:188} INFO - [2025-08-24T18:03:57.119+0100] {dag.py:3947} INFO - Setting next_dagrun for churn_pipeline_taskflow to 2025-08-23 23:00:00+00:00, run_after=2025-08-24 23:00:00+00:00
[2025-08-24T18:03:57.124+0100] {processor.py:183} INFO - Processing /Users/homeaccount/PycharmProjects/dmml/churn_prediction_pipeline/airflow_home/dags/airflow_dag.py took 0.075 seconds
[2025-08-24T18:04:28.189+0100] {processor.py:161} INFO - Started process (PID=26054) to work on /Users/homeaccount/PycharmProjects/dmml/churn_prediction_pipeline/airflow_home/dags/airflow_dag.py
[2025-08-24T18:04:28.189+0100] {processor.py:830} INFO - Processing file /Users/homeaccount/PycharmProjects/dmml/churn_prediction_pipeline/airflow_home/dags/airflow_dag.py for tasks to queue
[2025-08-24T18:04:28.190+0100] {logging_mixin.py:188} INFO - [2025-08-24T18:04:28.190+0100] {dagbag.py:545} INFO - Filling up the DagBag from /Users/homeaccount/PycharmProjects/dmml/churn_prediction_pipeline/airflow_home/dags/airflow_dag.py
[2025-08-24T18:04:28.250+0100] {processor.py:840} INFO - DAG(s) 'churn_pipeline_taskflow' retrieved from /Users/homeaccount/PycharmProjects/dmml/churn_prediction_pipeline/airflow_home/dags/airflow_dag.py
[2025-08-24T18:04:28.346+0100] {logging_mixin.py:188} INFO - [2025-08-24T18:04:28.346+0100] {dag.py:3089} INFO - Sync 1 DAGs
[2025-08-24T18:04:28.352+0100] {logging_mixin.py:188} INFO - [2025-08-24T18:04:28.352+0100] {dag.py:3947} INFO - Setting next_dagrun for churn_pipeline_taskflow to 2025-08-23 23:00:00+00:00, run_after=2025-08-24 23:00:00+00:00
[2025-08-24T18:04:28.358+0100] {processor.py:183} INFO - Processing /Users/homeaccount/PycharmProjects/dmml/churn_prediction_pipeline/airflow_home/dags/airflow_dag.py took 0.171 seconds
[2025-08-24T18:05:13.110+0100] {processor.py:161} INFO - Started process (PID=26065) to work on /Users/homeaccount/PycharmProjects/dmml/churn_prediction_pipeline/airflow_home/dags/airflow_dag.py
[2025-08-24T18:05:13.111+0100] {processor.py:830} INFO - Processing file /Users/homeaccount/PycharmProjects/dmml/churn_prediction_pipeline/airflow_home/dags/airflow_dag.py for tasks to queue
[2025-08-24T18:05:13.111+0100] {logging_mixin.py:188} INFO - [2025-08-24T18:05:13.111+0100] {dagbag.py:545} INFO - Filling up the DagBag from /Users/homeaccount/PycharmProjects/dmml/churn_prediction_pipeline/airflow_home/dags/airflow_dag.py
[2025-08-24T18:05:13.222+0100] {logging_mixin.py:188} INFO - [2025-08-24T18:05:13.219+0100] {dagbag.py:355} ERROR - Failed to import: /Users/homeaccount/PycharmProjects/dmml/churn_prediction_pipeline/airflow_home/dags/airflow_dag.py
Traceback (most recent call last):
  File "/Users/homeaccount/miniconda3/envs/churn_pipeline/lib/python3.10/site-packages/airflow/models/dagbag.py", line 351, in parse
    loader.exec_module(new_module)
  File "<frozen importlib._bootstrap_external>", line 883, in exec_module
  File "<frozen importlib._bootstrap>", line 241, in _call_with_frames_removed
  File "/Users/homeaccount/PycharmProjects/dmml/churn_prediction_pipeline/airflow_home/dags/airflow_dag.py", line 9, in <module>
    subprocess.run(["python", str(BASE_DIR / "scripts/ingest.py")], check=True)
  File "/Users/homeaccount/miniconda3/envs/churn_pipeline/lib/python3.10/subprocess.py", line 526, in run
    raise CalledProcessError(retcode, process.args,
subprocess.CalledProcessError: Command '['python', '/Users/homeaccount/PycharmProjects/dmml/churn_prediction_pipeline/airflow_home/scripts/ingest.py']' returned non-zero exit status 2.
[2025-08-24T18:05:13.222+0100] {processor.py:842} WARNING - No viable dags retrieved from /Users/homeaccount/PycharmProjects/dmml/churn_prediction_pipeline/airflow_home/dags/airflow_dag.py
[2025-08-24T18:05:13.260+0100] {processor.py:183} INFO - Processing /Users/homeaccount/PycharmProjects/dmml/churn_prediction_pipeline/airflow_home/dags/airflow_dag.py took 0.151 seconds
[2025-08-24T18:05:45.143+0100] {processor.py:161} INFO - Started process (PID=26093) to work on /Users/homeaccount/PycharmProjects/dmml/churn_prediction_pipeline/airflow_home/dags/airflow_dag.py
[2025-08-24T18:05:45.144+0100] {processor.py:830} INFO - Processing file /Users/homeaccount/PycharmProjects/dmml/churn_prediction_pipeline/airflow_home/dags/airflow_dag.py for tasks to queue
[2025-08-24T18:05:45.144+0100] {logging_mixin.py:188} INFO - [2025-08-24T18:05:45.144+0100] {dagbag.py:545} INFO - Filling up the DagBag from /Users/homeaccount/PycharmProjects/dmml/churn_prediction_pipeline/airflow_home/dags/airflow_dag.py
[2025-08-24T18:05:45.204+0100] {logging_mixin.py:188} INFO - [2025-08-24T18:05:45.201+0100] {dagbag.py:355} ERROR - Failed to import: /Users/homeaccount/PycharmProjects/dmml/churn_prediction_pipeline/airflow_home/dags/airflow_dag.py
Traceback (most recent call last):
  File "/Users/homeaccount/miniconda3/envs/churn_pipeline/lib/python3.10/site-packages/airflow/models/dagbag.py", line 351, in parse
    loader.exec_module(new_module)
  File "<frozen importlib._bootstrap_external>", line 883, in exec_module
  File "<frozen importlib._bootstrap>", line 241, in _call_with_frames_removed
  File "/Users/homeaccount/PycharmProjects/dmml/churn_prediction_pipeline/airflow_home/dags/airflow_dag.py", line 9, in <module>
    subprocess.run(["python", str(BASE_DIR / "scripts/ingest.py")], check=True)
  File "/Users/homeaccount/miniconda3/envs/churn_pipeline/lib/python3.10/subprocess.py", line 526, in run
    raise CalledProcessError(retcode, process.args,
subprocess.CalledProcessError: Command '['python', '/Users/homeaccount/PycharmProjects/dmml/churn_prediction_pipeline/airflow_home/scripts/ingest.py']' returned non-zero exit status 2.
[2025-08-24T18:05:45.204+0100] {processor.py:842} WARNING - No viable dags retrieved from /Users/homeaccount/PycharmProjects/dmml/churn_prediction_pipeline/airflow_home/dags/airflow_dag.py
[2025-08-24T18:05:45.236+0100] {processor.py:183} INFO - Processing /Users/homeaccount/PycharmProjects/dmml/churn_prediction_pipeline/airflow_home/dags/airflow_dag.py took 0.094 seconds
[2025-08-24T18:06:16.540+0100] {processor.py:161} INFO - Started process (PID=26100) to work on /Users/homeaccount/PycharmProjects/dmml/churn_prediction_pipeline/airflow_home/dags/airflow_dag.py
[2025-08-24T18:06:16.541+0100] {processor.py:830} INFO - Processing file /Users/homeaccount/PycharmProjects/dmml/churn_prediction_pipeline/airflow_home/dags/airflow_dag.py for tasks to queue
[2025-08-24T18:06:16.541+0100] {logging_mixin.py:188} INFO - [2025-08-24T18:06:16.541+0100] {dagbag.py:545} INFO - Filling up the DagBag from /Users/homeaccount/PycharmProjects/dmml/churn_prediction_pipeline/airflow_home/dags/airflow_dag.py
[2025-08-24T18:06:16.594+0100] {logging_mixin.py:188} INFO - [2025-08-24T18:06:16.592+0100] {dagbag.py:355} ERROR - Failed to import: /Users/homeaccount/PycharmProjects/dmml/churn_prediction_pipeline/airflow_home/dags/airflow_dag.py
Traceback (most recent call last):
  File "/Users/homeaccount/miniconda3/envs/churn_pipeline/lib/python3.10/site-packages/airflow/models/dagbag.py", line 351, in parse
    loader.exec_module(new_module)
  File "<frozen importlib._bootstrap_external>", line 883, in exec_module
  File "<frozen importlib._bootstrap>", line 241, in _call_with_frames_removed
  File "/Users/homeaccount/PycharmProjects/dmml/churn_prediction_pipeline/airflow_home/dags/airflow_dag.py", line 9, in <module>
    subprocess.run(["python", str(BASE_DIR / "scripts/ingest.py")], check=True)
  File "/Users/homeaccount/miniconda3/envs/churn_pipeline/lib/python3.10/subprocess.py", line 526, in run
    raise CalledProcessError(retcode, process.args,
subprocess.CalledProcessError: Command '['python', '/Users/homeaccount/PycharmProjects/dmml/churn_prediction_pipeline/airflow_home/scripts/ingest.py']' returned non-zero exit status 2.
[2025-08-24T18:06:16.594+0100] {processor.py:842} WARNING - No viable dags retrieved from /Users/homeaccount/PycharmProjects/dmml/churn_prediction_pipeline/airflow_home/dags/airflow_dag.py
[2025-08-24T18:06:16.624+0100] {processor.py:183} INFO - Processing /Users/homeaccount/PycharmProjects/dmml/churn_prediction_pipeline/airflow_home/dags/airflow_dag.py took 0.084 seconds
