[2025-08-24T17:36:35.086+0100] {processor.py:161} INFO - Started process (PID=25439) to work on /Users/homeaccount/PycharmProjects/dmml/churn_prediction_pipeline/airflow_home/dags/churn_pipeline_dag.py
[2025-08-24T17:36:35.086+0100] {processor.py:830} INFO - Processing file /Users/homeaccount/PycharmProjects/dmml/churn_prediction_pipeline/airflow_home/dags/churn_pipeline_dag.py for tasks to queue
[2025-08-24T17:36:35.087+0100] {logging_mixin.py:188} INFO - [2025-08-24T17:36:35.087+0100] {dagbag.py:545} INFO - Filling up the DagBag from /Users/homeaccount/PycharmProjects/dmml/churn_prediction_pipeline/airflow_home/dags/churn_pipeline_dag.py
[2025-08-24T17:36:35.119+0100] {processor.py:840} INFO - DAG(s) 'end_to_end_churn_pipeline_automated_dvc' retrieved from /Users/homeaccount/PycharmProjects/dmml/churn_prediction_pipeline/airflow_home/dags/churn_pipeline_dag.py
[2025-08-24T17:36:35.177+0100] {logging_mixin.py:188} INFO - [2025-08-24T17:36:35.177+0100] {dag.py:3089} INFO - Sync 1 DAGs
[2025-08-24T17:36:35.183+0100] {logging_mixin.py:188} INFO - [2025-08-24T17:36:35.183+0100] {dag.py:3947} INFO - Setting next_dagrun for end_to_end_churn_pipeline_automated_dvc to 2025-08-23 00:00:00+00:00, run_after=2025-08-24 00:00:00+00:00
[2025-08-24T17:36:35.189+0100] {processor.py:183} INFO - Processing /Users/homeaccount/PycharmProjects/dmml/churn_prediction_pipeline/airflow_home/dags/churn_pipeline_dag.py took 0.104 seconds
[2025-08-24T17:38:24.839+0100] {processor.py:161} INFO - Started process (PID=25518) to work on /Users/homeaccount/PycharmProjects/dmml/churn_prediction_pipeline/airflow_home/dags/churn_pipeline_dag.py
[2025-08-24T17:38:24.840+0100] {processor.py:830} INFO - Processing file /Users/homeaccount/PycharmProjects/dmml/churn_prediction_pipeline/airflow_home/dags/churn_pipeline_dag.py for tasks to queue
[2025-08-24T17:38:24.840+0100] {logging_mixin.py:188} INFO - [2025-08-24T17:38:24.840+0100] {dagbag.py:545} INFO - Filling up the DagBag from /Users/homeaccount/PycharmProjects/dmml/churn_prediction_pipeline/airflow_home/dags/churn_pipeline_dag.py
[2025-08-24T17:38:24.872+0100] {processor.py:840} INFO - DAG(s) 'end_to_end_churn_pipeline_automated_dvc' retrieved from /Users/homeaccount/PycharmProjects/dmml/churn_prediction_pipeline/airflow_home/dags/churn_pipeline_dag.py
[2025-08-24T17:38:24.904+0100] {logging_mixin.py:188} INFO - [2025-08-24T17:38:24.904+0100] {dag.py:3089} INFO - Sync 1 DAGs
[2025-08-24T17:38:24.910+0100] {logging_mixin.py:188} INFO - [2025-08-24T17:38:24.909+0100] {dag.py:3947} INFO - Setting next_dagrun for end_to_end_churn_pipeline_automated_dvc to 2025-08-23 00:00:00+00:00, run_after=2025-08-24 00:00:00+00:00
[2025-08-24T17:38:24.915+0100] {processor.py:183} INFO - Processing /Users/homeaccount/PycharmProjects/dmml/churn_prediction_pipeline/airflow_home/dags/churn_pipeline_dag.py took 0.077 seconds
[2025-08-24T17:40:17.507+0100] {processor.py:161} INFO - Started process (PID=25615) to work on /Users/homeaccount/PycharmProjects/dmml/churn_prediction_pipeline/airflow_home/dags/churn_pipeline_dag.py
[2025-08-24T17:40:17.508+0100] {processor.py:830} INFO - Processing file /Users/homeaccount/PycharmProjects/dmml/churn_prediction_pipeline/airflow_home/dags/churn_pipeline_dag.py for tasks to queue
[2025-08-24T17:40:17.508+0100] {logging_mixin.py:188} INFO - [2025-08-24T17:40:17.508+0100] {dagbag.py:545} INFO - Filling up the DagBag from /Users/homeaccount/PycharmProjects/dmml/churn_prediction_pipeline/airflow_home/dags/churn_pipeline_dag.py
[2025-08-24T17:40:17.539+0100] {processor.py:840} INFO - DAG(s) 'end_to_end_churn_pipeline_automated_dvc' retrieved from /Users/homeaccount/PycharmProjects/dmml/churn_prediction_pipeline/airflow_home/dags/churn_pipeline_dag.py
[2025-08-24T17:40:17.570+0100] {logging_mixin.py:188} INFO - [2025-08-24T17:40:17.570+0100] {dag.py:3089} INFO - Sync 1 DAGs
[2025-08-24T17:40:17.576+0100] {logging_mixin.py:188} INFO - [2025-08-24T17:40:17.576+0100] {dag.py:3947} INFO - Setting next_dagrun for end_to_end_churn_pipeline_automated_dvc to 2025-08-23 00:00:00+00:00, run_after=2025-08-24 00:00:00+00:00
[2025-08-24T17:40:17.581+0100] {processor.py:183} INFO - Processing /Users/homeaccount/PycharmProjects/dmml/churn_prediction_pipeline/airflow_home/dags/churn_pipeline_dag.py took 0.076 seconds
[2025-08-24T17:41:26.737+0100] {processor.py:161} INFO - Started process (PID=25698) to work on /Users/homeaccount/PycharmProjects/dmml/churn_prediction_pipeline/airflow_home/dags/churn_pipeline_dag.py
[2025-08-24T17:41:26.738+0100] {processor.py:830} INFO - Processing file /Users/homeaccount/PycharmProjects/dmml/churn_prediction_pipeline/airflow_home/dags/churn_pipeline_dag.py for tasks to queue
[2025-08-24T17:41:26.738+0100] {logging_mixin.py:188} INFO - [2025-08-24T17:41:26.738+0100] {dagbag.py:545} INFO - Filling up the DagBag from /Users/homeaccount/PycharmProjects/dmml/churn_prediction_pipeline/airflow_home/dags/churn_pipeline_dag.py
[2025-08-24T17:41:26.770+0100] {processor.py:840} INFO - DAG(s) 'end_to_end_churn_pipeline_automated_dvc' retrieved from /Users/homeaccount/PycharmProjects/dmml/churn_prediction_pipeline/airflow_home/dags/churn_pipeline_dag.py
[2025-08-24T17:41:26.801+0100] {logging_mixin.py:188} INFO - [2025-08-24T17:41:26.801+0100] {dag.py:3089} INFO - Sync 1 DAGs
[2025-08-24T17:41:26.807+0100] {logging_mixin.py:188} INFO - [2025-08-24T17:41:26.807+0100] {dag.py:3947} INFO - Setting next_dagrun for end_to_end_churn_pipeline_automated_dvc to 2025-08-23 00:00:00+00:00, run_after=2025-08-24 00:00:00+00:00
[2025-08-24T17:41:26.812+0100] {processor.py:183} INFO - Processing /Users/homeaccount/PycharmProjects/dmml/churn_prediction_pipeline/airflow_home/dags/churn_pipeline_dag.py took 0.076 seconds
[2025-08-24T17:41:57.487+0100] {processor.py:161} INFO - Started process (PID=25707) to work on /Users/homeaccount/PycharmProjects/dmml/churn_prediction_pipeline/airflow_home/dags/churn_pipeline_dag.py
[2025-08-24T17:41:57.488+0100] {processor.py:830} INFO - Processing file /Users/homeaccount/PycharmProjects/dmml/churn_prediction_pipeline/airflow_home/dags/churn_pipeline_dag.py for tasks to queue
[2025-08-24T17:41:57.488+0100] {logging_mixin.py:188} INFO - [2025-08-24T17:41:57.488+0100] {dagbag.py:545} INFO - Filling up the DagBag from /Users/homeaccount/PycharmProjects/dmml/churn_prediction_pipeline/airflow_home/dags/churn_pipeline_dag.py
[2025-08-24T17:41:57.520+0100] {processor.py:840} INFO - DAG(s) 'end_to_end_churn_pipeline_automated_dvc' retrieved from /Users/homeaccount/PycharmProjects/dmml/churn_prediction_pipeline/airflow_home/dags/churn_pipeline_dag.py
[2025-08-24T17:41:57.551+0100] {logging_mixin.py:188} INFO - [2025-08-24T17:41:57.551+0100] {dag.py:3089} INFO - Sync 1 DAGs
[2025-08-24T17:41:57.557+0100] {logging_mixin.py:188} INFO - [2025-08-24T17:41:57.557+0100] {dag.py:3947} INFO - Setting next_dagrun for end_to_end_churn_pipeline_automated_dvc to 2025-08-23 00:00:00+00:00, run_after=2025-08-24 00:00:00+00:00
[2025-08-24T17:41:57.563+0100] {processor.py:183} INFO - Processing /Users/homeaccount/PycharmProjects/dmml/churn_prediction_pipeline/airflow_home/dags/churn_pipeline_dag.py took 0.077 seconds
[2025-08-24T17:42:29.045+0100] {processor.py:161} INFO - Started process (PID=25709) to work on /Users/homeaccount/PycharmProjects/dmml/churn_prediction_pipeline/airflow_home/dags/churn_pipeline_dag.py
[2025-08-24T17:42:29.045+0100] {processor.py:830} INFO - Processing file /Users/homeaccount/PycharmProjects/dmml/churn_prediction_pipeline/airflow_home/dags/churn_pipeline_dag.py for tasks to queue
[2025-08-24T17:42:29.046+0100] {logging_mixin.py:188} INFO - [2025-08-24T17:42:29.046+0100] {dagbag.py:545} INFO - Filling up the DagBag from /Users/homeaccount/PycharmProjects/dmml/churn_prediction_pipeline/airflow_home/dags/churn_pipeline_dag.py
[2025-08-24T17:42:29.078+0100] {processor.py:840} INFO - DAG(s) 'end_to_end_churn_pipeline_automated_dvc' retrieved from /Users/homeaccount/PycharmProjects/dmml/churn_prediction_pipeline/airflow_home/dags/churn_pipeline_dag.py
[2025-08-24T17:42:29.109+0100] {logging_mixin.py:188} INFO - [2025-08-24T17:42:29.109+0100] {dag.py:3089} INFO - Sync 1 DAGs
[2025-08-24T17:42:29.115+0100] {logging_mixin.py:188} INFO - [2025-08-24T17:42:29.115+0100] {dag.py:3947} INFO - Setting next_dagrun for end_to_end_churn_pipeline_automated_dvc to 2025-08-23 00:00:00+00:00, run_after=2025-08-24 00:00:00+00:00
[2025-08-24T17:42:29.121+0100] {processor.py:183} INFO - Processing /Users/homeaccount/PycharmProjects/dmml/churn_prediction_pipeline/airflow_home/dags/churn_pipeline_dag.py took 0.076 seconds
[2025-08-24T17:42:59.859+0100] {processor.py:161} INFO - Started process (PID=25718) to work on /Users/homeaccount/PycharmProjects/dmml/churn_prediction_pipeline/airflow_home/dags/churn_pipeline_dag.py
[2025-08-24T17:42:59.859+0100] {processor.py:830} INFO - Processing file /Users/homeaccount/PycharmProjects/dmml/churn_prediction_pipeline/airflow_home/dags/churn_pipeline_dag.py for tasks to queue
[2025-08-24T17:42:59.860+0100] {logging_mixin.py:188} INFO - [2025-08-24T17:42:59.860+0100] {dagbag.py:545} INFO - Filling up the DagBag from /Users/homeaccount/PycharmProjects/dmml/churn_prediction_pipeline/airflow_home/dags/churn_pipeline_dag.py
[2025-08-24T17:42:59.892+0100] {processor.py:840} INFO - DAG(s) 'end_to_end_churn_pipeline_automated_dvc' retrieved from /Users/homeaccount/PycharmProjects/dmml/churn_prediction_pipeline/airflow_home/dags/churn_pipeline_dag.py
[2025-08-24T17:42:59.924+0100] {logging_mixin.py:188} INFO - [2025-08-24T17:42:59.924+0100] {dag.py:3089} INFO - Sync 1 DAGs
[2025-08-24T17:42:59.930+0100] {logging_mixin.py:188} INFO - [2025-08-24T17:42:59.930+0100] {dag.py:3947} INFO - Setting next_dagrun for end_to_end_churn_pipeline_automated_dvc to 2025-08-23 00:00:00+00:00, run_after=2025-08-24 00:00:00+00:00
[2025-08-24T17:42:59.935+0100] {processor.py:183} INFO - Processing /Users/homeaccount/PycharmProjects/dmml/churn_prediction_pipeline/airflow_home/dags/churn_pipeline_dag.py took 0.078 seconds
[2025-08-24T17:43:31.270+0100] {processor.py:161} INFO - Started process (PID=25721) to work on /Users/homeaccount/PycharmProjects/dmml/churn_prediction_pipeline/airflow_home/dags/churn_pipeline_dag.py
[2025-08-24T17:43:31.271+0100] {processor.py:830} INFO - Processing file /Users/homeaccount/PycharmProjects/dmml/churn_prediction_pipeline/airflow_home/dags/churn_pipeline_dag.py for tasks to queue
[2025-08-24T17:43:31.271+0100] {logging_mixin.py:188} INFO - [2025-08-24T17:43:31.271+0100] {dagbag.py:545} INFO - Filling up the DagBag from /Users/homeaccount/PycharmProjects/dmml/churn_prediction_pipeline/airflow_home/dags/churn_pipeline_dag.py
[2025-08-24T17:43:31.308+0100] {processor.py:840} INFO - DAG(s) 'end_to_end_churn_pipeline_automated_dvc' retrieved from /Users/homeaccount/PycharmProjects/dmml/churn_prediction_pipeline/airflow_home/dags/churn_pipeline_dag.py
[2025-08-24T17:43:31.381+0100] {logging_mixin.py:188} INFO - [2025-08-24T17:43:31.381+0100] {dag.py:3089} INFO - Sync 1 DAGs
[2025-08-24T17:43:31.384+0100] {logging_mixin.py:188} INFO - [2025-08-24T17:43:31.384+0100] {dag.py:3111} INFO - Creating ORM DAG for end_to_end_churn_pipeline_automated_dvc
[2025-08-24T17:43:31.387+0100] {logging_mixin.py:188} INFO - [2025-08-24T17:43:31.387+0100] {dag.py:3947} INFO - Setting next_dagrun for end_to_end_churn_pipeline_automated_dvc to 2025-08-23 00:00:00+00:00, run_after=2025-08-24 00:00:00+00:00
[2025-08-24T17:43:31.393+0100] {processor.py:183} INFO - Processing /Users/homeaccount/PycharmProjects/dmml/churn_prediction_pipeline/airflow_home/dags/churn_pipeline_dag.py took 0.124 seconds
